1     0000              MODULE game_c
2     0000              LINE 0, "game.c"
0     0000              
1     0000              ;--------------------------------------------------------
2     0000              ; File Created by SDCC : free open source ANSI-C Compiler
3     0000              ; Version 3.6.9 #9958 (Mac OS X i386)
4     0000              ;--------------------------------------------------------
5     0000              ; Processed by Z88DK
6     0000              ;--------------------------------------------------------
7     0000              
8     0000              	EXTERN __divschar
9     0000              	EXTERN __divschar_callee
10    0000              	EXTERN __divsint
11    0000              	EXTERN __divsint_callee
12    0000              	EXTERN __divslong
13    0000              	EXTERN __divslong_callee
14    0000              	EXTERN __divslonglong
15    0000              	EXTERN __divslonglong_callee
16    0000              	EXTERN __divsuchar
17    0000              	EXTERN __divsuchar_callee
18    0000              	EXTERN __divuchar
19    0000              	EXTERN __divuchar_callee
20    0000              	EXTERN __divuint
21    0000              	EXTERN __divuint_callee
22    0000              	EXTERN __divulong
23    0000              	EXTERN __divulong_callee
24    0000              	EXTERN __divulonglong
25    0000              	EXTERN __divulonglong_callee
26    0000              	EXTERN __divuschar
27    0000              	EXTERN __divuschar_callee
28    0000              	EXTERN __modschar
29    0000              	EXTERN __modschar_callee
30    0000              	EXTERN __modsint
31    0000              	EXTERN __modsint_callee
32    0000              	EXTERN __modslong
33    0000              	EXTERN __modslong_callee
34    0000              	EXTERN __modslonglong
35    0000              	EXTERN __modslonglong_callee
36    0000              	EXTERN __modsuchar
37    0000              	EXTERN __modsuchar_callee
38    0000              	EXTERN __moduchar
39    0000              	EXTERN __moduchar_callee
40    0000              	EXTERN __moduint
41    0000              	EXTERN __moduint_callee
42    0000              	EXTERN __modulong
43    0000              	EXTERN __modulong_callee
44    0000              	EXTERN __modulonglong
45    0000              	EXTERN __modulonglong_callee
46    0000              	EXTERN __moduschar
47    0000              	EXTERN __moduschar_callee
48    0000              	EXTERN __mulint
49    0000              	EXTERN __mulint_callee
50    0000              	EXTERN __mullong
51    0000              	EXTERN __mullong_callee
52    0000              	EXTERN __mullonglong
53    0000              	EXTERN __mullonglong_callee
54    0000              	EXTERN __mulschar
55    0000              	EXTERN __mulschar_callee
56    0000              	EXTERN __mulsuchar
57    0000              	EXTERN __mulsuchar_callee
58    0000              	EXTERN __muluschar
59    0000              	EXTERN __muluschar_callee
60    0000              	EXTERN __rlslonglong
61    0000              	EXTERN __rlslonglong_callee
62    0000              	EXTERN __rlulonglong
63    0000              	EXTERN __rlulonglong_callee
64    0000              	EXTERN __rrslonglong
65    0000              	EXTERN __rrslonglong_callee
66    0000              	EXTERN __rrulonglong
67    0000              	EXTERN __rrulonglong_callee
68    0000              	EXTERN ___sdcc_call_hl
69    0000              	EXTERN ___sdcc_call_iy
70    0000              	EXTERN ___sdcc_enter_ix
71    0000              	EXTERN _banked_call
72    0000              	EXTERN _banked_ret
73    0000              	EXTERN ___fs2schar
74    0000              	EXTERN ___fs2schar_callee
75    0000              	EXTERN ___fs2sint
76    0000              	EXTERN ___fs2sint_callee
77    0000              	EXTERN ___fs2slong
78    0000              	EXTERN ___fs2slong_callee
79    0000              	EXTERN ___fs2slonglong
80    0000              	EXTERN ___fs2slonglong_callee
81    0000              	EXTERN ___fs2uchar
82    0000              	EXTERN ___fs2uchar_callee
83    0000              	EXTERN ___fs2uint
84    0000              	EXTERN ___fs2uint_callee
85    0000              	EXTERN ___fs2ulong
86    0000              	EXTERN ___fs2ulong_callee
87    0000              	EXTERN ___fs2ulonglong
88    0000              	EXTERN ___fs2ulonglong_callee
89    0000              	EXTERN ___fsadd
90    0000              	EXTERN ___fsadd_callee
91    0000              	EXTERN ___fsdiv
92    0000              	EXTERN ___fsdiv_callee
93    0000              	EXTERN ___fseq
94    0000              	EXTERN ___fseq_callee
95    0000              	EXTERN ___fsgt
96    0000              	EXTERN ___fsgt_callee
97    0000              	EXTERN ___fslt
98    0000              	EXTERN ___fslt_callee
99    0000              	EXTERN ___fsmul
100   0000              	EXTERN ___fsmul_callee
101   0000              	EXTERN ___fsneq
102   0000              	EXTERN ___fsneq_callee
103   0000              	EXTERN ___fssub
104   0000              	EXTERN ___fssub_callee
105   0000              	EXTERN ___schar2fs
106   0000              	EXTERN ___schar2fs_callee
107   0000              	EXTERN ___sint2fs
108   0000              	EXTERN ___sint2fs_callee
109   0000              	EXTERN ___slong2fs
110   0000              	EXTERN ___slong2fs_callee
111   0000              	EXTERN ___slonglong2fs
112   0000              	EXTERN ___slonglong2fs_callee
113   0000              	EXTERN ___uchar2fs
114   0000              	EXTERN ___uchar2fs_callee
115   0000              	EXTERN ___uint2fs
116   0000              	EXTERN ___uint2fs_callee
117   0000              	EXTERN ___ulong2fs
118   0000              	EXTERN ___ulong2fs_callee
119   0000              	EXTERN ___ulonglong2fs
120   0000              	EXTERN ___ulonglong2fs_callee
121   0000              	EXTERN ____sdcc_2_copy_src_mhl_dst_deix
122   0000              	EXTERN ____sdcc_2_copy_src_mhl_dst_bcix
123   0000              	EXTERN ____sdcc_4_copy_src_mhl_dst_deix
124   0000              	EXTERN ____sdcc_4_copy_src_mhl_dst_bcix
125   0000              	EXTERN ____sdcc_4_copy_src_mhl_dst_mbc
126   0000              	EXTERN ____sdcc_4_ldi_nosave_bc
127   0000              	EXTERN ____sdcc_4_ldi_save_bc
128   0000              	EXTERN ____sdcc_4_push_hlix
129   0000              	EXTERN ____sdcc_4_push_mhl
130   0000              	EXTERN ____sdcc_lib_setmem_hl
131   0000              	EXTERN ____sdcc_ll_add_de_bc_hl
132   0000              	EXTERN ____sdcc_ll_add_de_bc_hlix
133   0000              	EXTERN ____sdcc_ll_add_de_hlix_bc
134   0000              	EXTERN ____sdcc_ll_add_de_hlix_bcix
135   0000              	EXTERN ____sdcc_ll_add_deix_bc_hl
136   0000              	EXTERN ____sdcc_ll_add_deix_hlix
137   0000              	EXTERN ____sdcc_ll_add_hlix_bc_deix
138   0000              	EXTERN ____sdcc_ll_add_hlix_deix_bc
139   0000              	EXTERN ____sdcc_ll_add_hlix_deix_bcix
140   0000              	EXTERN ____sdcc_ll_asr_hlix_a
141   0000              	EXTERN ____sdcc_ll_asr_mbc_a
142   0000              	EXTERN ____sdcc_ll_copy_src_de_dst_hlix
143   0000              	EXTERN ____sdcc_ll_copy_src_de_dst_hlsp
144   0000              	EXTERN ____sdcc_ll_copy_src_deix_dst_hl
145   0000              	EXTERN ____sdcc_ll_copy_src_deix_dst_hlix
146   0000              	EXTERN ____sdcc_ll_copy_src_deixm_dst_hlsp
147   0000              	EXTERN ____sdcc_ll_copy_src_desp_dst_hlsp
148   0000              	EXTERN ____sdcc_ll_copy_src_hl_dst_de
149   0000              	EXTERN ____sdcc_ll_copy_src_hlsp_dst_de
150   0000              	EXTERN ____sdcc_ll_copy_src_hlsp_dst_deixm
151   0000              	EXTERN ____sdcc_ll_lsl_hlix_a
152   0000              	EXTERN ____sdcc_ll_lsl_mbc_a
153   0000              	EXTERN ____sdcc_ll_lsr_hlix_a
154   0000              	EXTERN ____sdcc_ll_lsr_mbc_a
155   0000              	EXTERN ____sdcc_ll_push_hlix
156   0000              	EXTERN ____sdcc_ll_push_mhl
157   0000              	EXTERN ____sdcc_ll_sub_de_bc_hl
158   0000              	EXTERN ____sdcc_ll_sub_de_bc_hlix
159   0000              	EXTERN ____sdcc_ll_sub_de_hlix_bc
160   0000              	EXTERN ____sdcc_ll_sub_de_hlix_bcix
161   0000              	EXTERN ____sdcc_ll_sub_deix_bc_hl
162   0000              	EXTERN ____sdcc_ll_sub_deix_hlix
163   0000              	EXTERN ____sdcc_ll_sub_hlix_bc_deix
164   0000              	EXTERN ____sdcc_ll_sub_hlix_deix_bc
165   0000              	EXTERN ____sdcc_ll_sub_hlix_deix_bcix
166   0000              	EXTERN ____sdcc_load_debc_deix
167   0000              	EXTERN ____sdcc_load_dehl_deix
168   0000              	EXTERN ____sdcc_load_debc_mhl
169   0000              	EXTERN ____sdcc_load_hlde_mhl
170   0000              	EXTERN ____sdcc_store_dehl_bcix
171   0000              	EXTERN ____sdcc_store_debc_hlix
172   0000              	EXTERN ____sdcc_store_debc_mhl
173   0000              	EXTERN ____sdcc_cpu_pop_ei
174   0000              	EXTERN ____sdcc_cpu_pop_ei_jp
175   0000              	EXTERN ____sdcc_cpu_push_di
176   0000              	EXTERN ____sdcc_outi
177   0000              	EXTERN ____sdcc_outi_128
178   0000              	EXTERN ____sdcc_outi_256
179   0000              	EXTERN ____sdcc_ldi
180   0000              	EXTERN ____sdcc_ldi_128
181   0000              	EXTERN ____sdcc_ldi_256
182   0000              	EXTERN ____sdcc_4_copy_srcd_hlix_dst_deix
183   0000              	EXTERN ____sdcc_4_and_src_mbc_mhl_dst_deix
184   0000              	EXTERN ____sdcc_4_or_src_mbc_mhl_dst_deix
185   0000              	EXTERN ____sdcc_4_xor_src_mbc_mhl_dst_deix
186   0000              	EXTERN ____sdcc_4_or_src_dehl_dst_bcix
187   0000              	EXTERN ____sdcc_4_xor_src_dehl_dst_bcix
188   0000              	EXTERN ____sdcc_4_and_src_dehl_dst_bcix
189   0000              	EXTERN ____sdcc_4_xor_src_mbc_mhl_dst_debc
190   0000              	EXTERN ____sdcc_4_or_src_mbc_mhl_dst_debc
191   0000              	EXTERN ____sdcc_4_and_src_mbc_mhl_dst_debc
192   0000              	EXTERN ____sdcc_4_cpl_src_mhl_dst_debc
193   0000              	EXTERN ____sdcc_4_xor_src_debc_mhl_dst_debc
194   0000              	EXTERN ____sdcc_4_or_src_debc_mhl_dst_debc
195   0000              	EXTERN ____sdcc_4_and_src_debc_mhl_dst_debc
196   0000              	EXTERN ____sdcc_4_and_src_debc_hlix_dst_debc
197   0000              	EXTERN ____sdcc_4_or_src_debc_hlix_dst_debc
198   0000              	EXTERN ____sdcc_4_xor_src_debc_hlix_dst_debc
199   0000              
200   0000              ;--------------------------------------------------------
201   0000              ; Public variables in this module
202   0000              ;--------------------------------------------------------
203   0000              	GLOBAL _main
204   0000              	GLOBAL _test_proc
205   0000              	GLOBAL _test_func
206   0000              	GLOBAL _game_sprite_draw8
207   0000              ;--------------------------------------------------------
208   0000              ; Externals used
209   0000              ;--------------------------------------------------------
210   0000              	GLOBAL _ulltoa_callee
211   0000              	GLOBAL _ulltoa
212   0000              	GLOBAL _strtoull_callee
213   0000              	GLOBAL _strtoull
214   0000              	GLOBAL _strtoll_callee
215   0000              	GLOBAL _strtoll
216   0000              	GLOBAL _lltoa_callee
217   0000              	GLOBAL _lltoa
218   0000              	GLOBAL _llabs_callee
219   0000              	GLOBAL _llabs
220   0000              	GLOBAL __lldivu__callee
221   0000              	GLOBAL __lldivu_
222   0000              	GLOBAL __lldiv__callee
223   0000              	GLOBAL __lldiv_
224   0000              	GLOBAL _atoll_callee
225   0000              	GLOBAL _atoll
226   0000              	GLOBAL _realloc_unlocked_callee
227   0000              	GLOBAL _realloc_unlocked
228   0000              	GLOBAL _malloc_unlocked_fastcall
229   0000              	GLOBAL _malloc_unlocked
230   0000              	GLOBAL _free_unlocked_fastcall
231   0000              	GLOBAL _free_unlocked
232   0000              	GLOBAL _calloc_unlocked_callee
233   0000              	GLOBAL _calloc_unlocked
234   0000              	GLOBAL _aligned_alloc_unlocked_callee
235   0000              	GLOBAL _aligned_alloc_unlocked
236   0000              	GLOBAL _realloc_callee
237   0000              	GLOBAL _realloc
238   0000              	GLOBAL _malloc_fastcall
239   0000              	GLOBAL _malloc
240   0000              	GLOBAL _free_fastcall
241   0000              	GLOBAL _free
242   0000              	GLOBAL _calloc_callee
243   0000              	GLOBAL _calloc
244   0000              	GLOBAL _aligned_alloc_callee
245   0000              	GLOBAL _aligned_alloc
246   0000              	GLOBAL _utoa_callee
247   0000              	GLOBAL _utoa
248   0000              	GLOBAL _ultoa_callee
249   0000              	GLOBAL _ultoa
250   0000              	GLOBAL _system_fastcall
251   0000              	GLOBAL _system
252   0000              	GLOBAL _strtoul_callee
253   0000              	GLOBAL _strtoul
254   0000              	GLOBAL _strtol_callee
255   0000              	GLOBAL _strtol
256   0000              	GLOBAL _strtof_callee
257   0000              	GLOBAL _strtof
258   0000              	GLOBAL _strtod_callee
259   0000              	GLOBAL _strtod
260   0000              	GLOBAL _srand_fastcall
261   0000              	GLOBAL _srand
262   0000              	GLOBAL _rand
263   0000              	GLOBAL _quick_exit_fastcall
264   0000              	GLOBAL _quick_exit
265   0000              	GLOBAL _qsort_callee
266   0000              	GLOBAL _qsort
267   0000              	GLOBAL _ltoa_callee
268   0000              	GLOBAL _ltoa
269   0000              	GLOBAL _labs_fastcall
270   0000              	GLOBAL _labs
271   0000              	GLOBAL _itoa_callee
272   0000              	GLOBAL _itoa
273   0000              	GLOBAL _ftoh_callee
274   0000              	GLOBAL _ftoh
275   0000              	GLOBAL _ftog_callee
276   0000              	GLOBAL _ftog
277   0000              	GLOBAL _ftoe_callee
278   0000              	GLOBAL _ftoe
279   0000              	GLOBAL _ftoa_callee
280   0000              	GLOBAL _ftoa
281   0000              	GLOBAL _exit_fastcall
282   0000              	GLOBAL _exit
283   0000              	GLOBAL _dtoh_callee
284   0000              	GLOBAL _dtoh
285   0000              	GLOBAL _dtog_callee
286   0000              	GLOBAL _dtog
287   0000              	GLOBAL _dtoe_callee
288   0000              	GLOBAL _dtoe
289   0000              	GLOBAL _dtoa_callee
290   0000              	GLOBAL _dtoa
291   0000              	GLOBAL _bsearch_callee
292   0000              	GLOBAL _bsearch
293   0000              	GLOBAL _atol_fastcall
294   0000              	GLOBAL _atol
295   0000              	GLOBAL _atoi_fastcall
296   0000              	GLOBAL _atoi
297   0000              	GLOBAL _atof_fastcall
298   0000              	GLOBAL _atof
299   0000              	GLOBAL _atexit_fastcall
300   0000              	GLOBAL _atexit
301   0000              	GLOBAL _at_quick_exit_fastcall
302   0000              	GLOBAL _at_quick_exit
303   0000              	GLOBAL _abs_fastcall
304   0000              	GLOBAL _abs
305   0000              	GLOBAL _abort
306   0000              	GLOBAL __strtou__callee
307   0000              	GLOBAL __strtou_
308   0000              	GLOBAL __strtoi__callee
309   0000              	GLOBAL __strtoi_
310   0000              	GLOBAL __random_uniform_xor_8__fastcall
311   0000              	GLOBAL __random_uniform_xor_8_
312   0000              	GLOBAL __random_uniform_xor_32__fastcall
313   0000              	GLOBAL __random_uniform_xor_32_
314   0000              	GLOBAL __random_uniform_cmwc_8__fastcall
315   0000              	GLOBAL __random_uniform_cmwc_8_
316   0000              	GLOBAL __shellsort__callee
317   0000              	GLOBAL __shellsort_
318   0000              	GLOBAL __quicksort__callee
319   0000              	GLOBAL __quicksort_
320   0000              	GLOBAL __insertion_sort__callee
321   0000              	GLOBAL __insertion_sort_
322   0000              	GLOBAL __ldivu__callee
323   0000              	GLOBAL __ldivu_
324   0000              	GLOBAL __ldiv__callee
325   0000              	GLOBAL __ldiv_
326   0000              	GLOBAL __divu__callee
327   0000              	GLOBAL __divu_
328   0000              	GLOBAL __div__callee
329   0000              	GLOBAL __div_
330   0000              	GLOBAL _NIRVANAP_drawTW_raw_callee
331   0000              	GLOBAL _NIRVANAP_drawTW_raw
332   0000              	GLOBAL _NIRVANAP_drawTW_callee
333   0000              	GLOBAL _NIRVANAP_drawTW
334   0000              	GLOBAL _NIRVANAP_drawW_raw_callee
335   0000              	GLOBAL _NIRVANAP_drawW_raw
336   0000              	GLOBAL _NIRVANAP_drawW_callee
337   0000              	GLOBAL _NIRVANAP_drawW
338   0000              	GLOBAL _NIRVANAP_spriteT_callee
339   0000              	GLOBAL _NIRVANAP_spriteT
340   0000              	GLOBAL _NIRVANAP_fillC_callee
341   0000              	GLOBAL _NIRVANAP_fillC
342   0000              	GLOBAL _NIRVANAP_readC_callee
343   0000              	GLOBAL _NIRVANAP_readC
344   0000              	GLOBAL _NIRVANAP_paintC_callee
345   0000              	GLOBAL _NIRVANAP_paintC
346   0000              	GLOBAL _NIRVANAP_printC_callee
347   0000              	GLOBAL _NIRVANAP_printC
348   0000              	GLOBAL _NIRVANAP_fillT_raw_callee
349   0000              	GLOBAL _NIRVANAP_fillT_raw
350   0000              	GLOBAL _NIRVANAP_fillT_callee
351   0000              	GLOBAL _NIRVANAP_fillT
352   0000              	GLOBAL _NIRVANAP_drawT_raw_callee
353   0000              	GLOBAL _NIRVANAP_drawT_raw
354   0000              	GLOBAL _NIRVANAP_drawT_callee
355   0000              	GLOBAL _NIRVANAP_drawT
356   0000              	GLOBAL _NIRVANAP_stop
357   0000              	GLOBAL _NIRVANAP_start
358   0000              	GLOBAL _zx_print_str
359   0000              	GLOBAL _zx_print_int
360   0000              	GLOBAL _zx_print_chr
361   0000              	GLOBAL _zx_print_bonus_time
362   0000              	GLOBAL _zx_isr
363   0000              	GLOBAL _z80_otdr_callee
364   0000              	GLOBAL _z80_otdr
365   0000              	GLOBAL _z80_otir_callee
366   0000              	GLOBAL _z80_otir
367   0000              	GLOBAL _z80_outp_callee
368   0000              	GLOBAL _z80_outp
369   0000              	GLOBAL _z80_indr_callee
370   0000              	GLOBAL _z80_indr
371   0000              	GLOBAL _z80_inir_callee
372   0000              	GLOBAL _z80_inir
373   0000              	GLOBAL _z80_inp_fastcall
374   0000              	GLOBAL _z80_inp
375   0000              	GLOBAL _z80_set_int_state_fastcall
376   0000              	GLOBAL _z80_set_int_state
377   0000              	GLOBAL _z80_get_int_state
378   0000              	GLOBAL _z80_delay_tstate_fastcall
379   0000              	GLOBAL _z80_delay_tstate
380   0000              	GLOBAL _z80_delay_ms_fastcall
381   0000              	GLOBAL _z80_delay_ms
382   0000              	GLOBAL _im2_remove_generic_callback_callee
383   0000              	GLOBAL _im2_remove_generic_callback
384   0000              	GLOBAL _im2_prepend_generic_callback_callee
385   0000              	GLOBAL _im2_prepend_generic_callback
386   0000              	GLOBAL _im2_append_generic_callback_callee
387   0000              	GLOBAL _im2_append_generic_callback
388   0000              	GLOBAL _im2_create_generic_isr_8080_callee
389   0000              	GLOBAL _im2_create_generic_isr_8080
390   0000              	GLOBAL _im2_create_generic_isr_callee
391   0000              	GLOBAL _im2_create_generic_isr
392   0000              	GLOBAL _im2_install_isr_callee
393   0000              	GLOBAL _im2_install_isr
394   0000              	GLOBAL _im2_init_fastcall
395   0000              	GLOBAL _im2_init
396   0000              	GLOBAL _intrinsic_swap_word_32_fastcall
397   0000              	GLOBAL _intrinsic_swap_word_32
398   0000              	GLOBAL _intrinsic_swap_endian_32_fastcall
399   0000              	GLOBAL _intrinsic_swap_endian_32
400   0000              	GLOBAL _intrinsic_swap_endian_16_fastcall
401   0000              	GLOBAL _intrinsic_swap_endian_16
402   0000              	GLOBAL _intrinsic_return_de
403   0000              	GLOBAL _intrinsic_return_bc
404   0000              	GLOBAL _intrinsic_exx
405   0000              	GLOBAL _intrinsic_ex_de_hl
406   0000              	GLOBAL _intrinsic_nop
407   0000              	GLOBAL _intrinsic_im_2
408   0000              	GLOBAL _intrinsic_im_1
409   0000              	GLOBAL _intrinsic_im_0
410   0000              	GLOBAL _intrinsic_retn
411   0000              	GLOBAL _intrinsic_reti
412   0000              	GLOBAL _intrinsic_halt
413   0000              	GLOBAL _intrinsic_ei
414   0000              	GLOBAL _intrinsic_di
415   0000              	GLOBAL _intrinsic_stub
416   0000              	GLOBAL _intrinsic_ini
417   0000              	GLOBAL _intrinsic_outi
418   0000              	GLOBAL _intrinsic_ldi
419   0000              	GLOBAL _zx_pattern_fill_callee
420   0000              	GLOBAL _zx_pattern_fill
421   0000              	GLOBAL _zx_saddrpup_fastcall
422   0000              	GLOBAL _zx_saddrpup
423   0000              	GLOBAL _zx_saddrpright_callee
424   0000              	GLOBAL _zx_saddrpright
425   0000              	GLOBAL _zx_saddrpleft_callee
426   0000              	GLOBAL _zx_saddrpleft
427   0000              	GLOBAL _zx_saddrpdown_fastcall
428   0000              	GLOBAL _zx_saddrpdown
429   0000              	GLOBAL _zx_saddrcup_fastcall
430   0000              	GLOBAL _zx_saddrcup
431   0000              	GLOBAL _zx_saddrcright_fastcall
432   0000              	GLOBAL _zx_saddrcright
433   0000              	GLOBAL _zx_saddrcleft_fastcall
434   0000              	GLOBAL _zx_saddrcleft
435   0000              	GLOBAL _zx_saddrcdown_fastcall
436   0000              	GLOBAL _zx_saddrcdown
437   0000              	GLOBAL _zx_saddr2py_fastcall
438   0000              	GLOBAL _zx_saddr2py
439   0000              	GLOBAL _zx_saddr2px_fastcall
440   0000              	GLOBAL _zx_saddr2px
441   0000              	GLOBAL _zx_saddr2cy_fastcall
442   0000              	GLOBAL _zx_saddr2cy
443   0000              	GLOBAL _zx_saddr2cx_fastcall
444   0000              	GLOBAL _zx_saddr2cx
445   0000              	GLOBAL _zx_saddr2aaddr_fastcall
446   0000              	GLOBAL _zx_saddr2aaddr
447   0000              	GLOBAL _zx_py2saddr_fastcall
448   0000              	GLOBAL _zx_py2saddr
449   0000              	GLOBAL _zx_py2aaddr_fastcall
450   0000              	GLOBAL _zx_py2aaddr
451   0000              	GLOBAL _zx_pxy2saddr_callee
452   0000              	GLOBAL _zx_pxy2saddr
453   0000              	GLOBAL _zx_pxy2aaddr_callee
454   0000              	GLOBAL _zx_pxy2aaddr
455   0000              	GLOBAL _zx_px2bitmask_fastcall
456   0000              	GLOBAL _zx_px2bitmask
457   0000              	GLOBAL _zx_cy2saddr_fastcall
458   0000              	GLOBAL _zx_cy2saddr
459   0000              	GLOBAL _zx_cy2aaddr_fastcall
460   0000              	GLOBAL _zx_cy2aaddr
461   0000              	GLOBAL _zx_cxy2saddr_callee
462   0000              	GLOBAL _zx_cxy2saddr
463   0000              	GLOBAL _zx_cxy2aaddr_callee
464   0000              	GLOBAL _zx_cxy2aaddr
465   0000              	GLOBAL _zx_bitmask2px_fastcall
466   0000              	GLOBAL _zx_bitmask2px
467   0000              	GLOBAL _zx_aaddrcup_fastcall
468   0000              	GLOBAL _zx_aaddrcup
469   0000              	GLOBAL _zx_aaddrcright_fastcall
470   0000              	GLOBAL _zx_aaddrcright
471   0000              	GLOBAL _zx_aaddrcleft_fastcall
472   0000              	GLOBAL _zx_aaddrcleft
473   0000              	GLOBAL _zx_aaddrcdown_fastcall
474   0000              	GLOBAL _zx_aaddrcdown
475   0000              	GLOBAL _zx_aaddr2saddr_fastcall
476   0000              	GLOBAL _zx_aaddr2saddr
477   0000              	GLOBAL _zx_aaddr2py_fastcall
478   0000              	GLOBAL _zx_aaddr2py
479   0000              	GLOBAL _zx_aaddr2px_fastcall
480   0000              	GLOBAL _zx_aaddr2px
481   0000              	GLOBAL _zx_aaddr2cy_fastcall
482   0000              	GLOBAL _zx_aaddr2cy
483   0000              	GLOBAL _zx_aaddr2cx_fastcall
484   0000              	GLOBAL _zx_aaddr2cx
485   0000              	GLOBAL _zx_visit_wc_pix_callee
486   0000              	GLOBAL _zx_visit_wc_pix
487   0000              	GLOBAL _zx_visit_wc_attr_callee
488   0000              	GLOBAL _zx_visit_wc_attr
489   0000              	GLOBAL _zx_scroll_wc_up_pix_callee
490   0000              	GLOBAL _zx_scroll_wc_up_pix
491   0000              	GLOBAL _zx_scroll_wc_up_attr_callee
492   0000              	GLOBAL _zx_scroll_wc_up_attr
493   0000              	GLOBAL _zx_scroll_wc_up_callee
494   0000              	GLOBAL _zx_scroll_wc_up
495   0000              	GLOBAL _zx_scroll_up_pix_callee
496   0000              	GLOBAL _zx_scroll_up_pix
497   0000              	GLOBAL _zx_scroll_up_attr_callee
498   0000              	GLOBAL _zx_scroll_up_attr
499   0000              	GLOBAL _zx_scroll_up_callee
500   0000              	GLOBAL _zx_scroll_up
501   0000              	GLOBAL _zx_cls_wc_pix_callee
502   0000              	GLOBAL _zx_cls_wc_pix
503   0000              	GLOBAL _zx_cls_wc_attr_callee
504   0000              	GLOBAL _zx_cls_wc_attr
505   0000              	GLOBAL _zx_cls_wc_callee
506   0000              	GLOBAL _zx_cls_wc
507   0000              	GLOBAL _zx_cls_pix_fastcall
508   0000              	GLOBAL _zx_cls_pix
509   0000              	GLOBAL _zx_cls_attr_fastcall
510   0000              	GLOBAL _zx_cls_attr
511   0000              	GLOBAL _zx_cls_fastcall
512   0000              	GLOBAL _zx_cls
513   0000              	GLOBAL _zx_border_fastcall
514   0000              	GLOBAL _zx_border
515   0000              	GLOBAL _zx_tape_verify_block_callee
516   0000              	GLOBAL _zx_tape_verify_block
517   0000              	GLOBAL _zx_tape_save_block_callee
518   0000              	GLOBAL _zx_tape_save_block
519   0000              	GLOBAL _zx_tape_load_block_callee
520   0000              	GLOBAL _zx_tape_load_block
521   0000              	GLOBAL _spr_destroy
522   0000              	GLOBAL _spr_unflattenP1
523   0000              	GLOBAL _spr_flatten
524   0000              	GLOBAL _spr_btile_paint_back
525   0000              	GLOBAL _spr_init_effects
526   0000              	GLOBAL _spr_turn_horizontal
527   0000              	GLOBAL _spr_play_anim
528   0000              	GLOBAL _spr_add_anim
529   0000              	GLOBAL _spr_clear_scr
530   0000              	GLOBAL _spr_back_repaint
531   0000              	GLOBAL _spr_tile_dir
532   0000              	GLOBAL _spr_tile
533   0000              	GLOBAL _spr_paint_player
534   0000              	GLOBAL _spr_paint
535   0000              	GLOBAL _spr_move_left
536   0000              	GLOBAL _spr_move_right
537   0000              	GLOBAL _spr_move_left_f
538   0000              	GLOBAL _spr_move_right_f
539   0000              	GLOBAL _spr_move_horizontal
540   0000              	GLOBAL _spr_move_down
541   0000              	GLOBAL _spr_move_up
542   0000              	GLOBAL _spr_set_right
543   0000              	GLOBAL _spr_set_left
544   0000              	GLOBAL _spr_set_down
545   0000              	GLOBAL _spr_set_up
546   0000              	GLOBAL _spr_calc_index
547   0000              	GLOBAL _spr_chktime
548   0000              	GLOBAL _player_lost_life
549   0000              	GLOBAL _player_move_jump
550   0000              	GLOBAL _player_tile
551   0000              	GLOBAL _player_pick_deadly
552   0000              	GLOBAL _player_pick_item
553   0000              	GLOBAL _player_check_ceil
554   0000              	GLOBAL _player_check_floor_walk
555   0000              	GLOBAL _player_check_floor_jump
556   0000              	GLOBAL _player_score_add
557   0000              	GLOBAL _player_move_walk
558   0000              	GLOBAL _player_turn
559   0000              	GLOBAL _player_move
560   0000              	GLOBAL _player_check_input
561   0000              	GLOBAL _player_init
562   0000              	GLOBAL _menu_define_key
563   0000              	GLOBAL _menu_redefine
564   0000              	GLOBAL _menu_main_print
565   0000              	GLOBAL _menu_main
566   0000              	GLOBAL _game_page_map
567   0000              	GLOBAL _game_attribs
568   0000              	GLOBAL _game_add_enemy
569   0000              	GLOBAL _game_print_header
570   0000              	GLOBAL _game_check_time
571   0000              	GLOBAL _game_rotate_attrib_osd
572   0000              	GLOBAL _game_rotate_attrib
573   0000              	GLOBAL _game_colour_message
574   0000              	GLOBAL _game_paint_attrib
575   0000              	GLOBAL _game_print_score
576   0000              	GLOBAL _game_cell_paint_index
577   0000              	GLOBAL _game_cell_paint
578   0000              	GLOBAL _game_check_cell
579   0000              	GLOBAL _game_check_map
580   0000              	GLOBAL _game_loop
581   0000              	GLOBAL _game_round_init
582   0000              	GLOBAL _game_start_timer
583   0000              	GLOBAL _game_update_stats
584   0000              	GLOBAL _game_print_footer
585   0000              	GLOBAL _game_fill_row
586   0000              	GLOBAL _game_cls
587   0000              	GLOBAL _game_fps
588   0000              	GLOBAL _game_draw_map
589   0000              	GLOBAL _enemy_avoid_dead
590   0000              	GLOBAL _enemy_avoid_fall
591   0000              	GLOBAL _enemy_kill
592   0000              	GLOBAL _enemy_init
593   0000              	GLOBAL _enemy_move
594   0000              	GLOBAL _enemy_turn
595   0000              	GLOBAL _enemy_static
596   0000              	GLOBAL _enemy_walk
597   0000              	GLOBAL _enemy_horizontal
598   0000              	GLOBAL _enemy_vertical
599   0000              	GLOBAL _ay_reset
600   0000              	GLOBAL _ay_song_stop
601   0000              	GLOBAL _ay_song_play
602   0000              	GLOBAL _ay_fx_stop
603   0000              	GLOBAL _ay_fx_play
604   0000              	GLOBAL _ay_is_playing
605   0000              	GLOBAL _audio_levelup
606   0000              	GLOBAL _audio_menu
607   0000              	GLOBAL _audio_game_end
608   0000              	GLOBAL _audio_level_complete
609   0000              	GLOBAL _audio_level_start
610   0000              	GLOBAL _audio_lotr_lose_a_life
611   0000              	GLOBAL _audio_puerta
612   0000              	GLOBAL _audio_sin_mana
613   0000              	GLOBAL _audio_magic1
614   0000              	GLOBAL _audio_coin
615   0000              	GLOBAL _audio_golpe
616   0000              	GLOBAL _audio_salto
617   0000              	GLOBAL _audio_efecto
618   0000              	GLOBAL _audio_disparo_fire
619   0000              	GLOBAL _audio_disparo_axe
620   0000              	GLOBAL _audio_disparo2
621   0000              	GLOBAL _audio_disparo1
622   0000              	GLOBAL _audio_explosion1
623   0000              	GLOBAL _audio_explosion
624   0000              	GLOBAL _audio_ingame
625   0000              	GLOBAL _in_mouse_kempston_wheel_delta
626   0000              	GLOBAL _in_mouse_kempston_wheel
627   0000              	GLOBAL _in_mouse_kempston_callee
628   0000              	GLOBAL _in_mouse_kempston
629   0000              	GLOBAL _in_mouse_kempston_setpos_callee
630   0000              	GLOBAL _in_mouse_kempston_setpos
631   0000              	GLOBAL _in_mouse_kempston_reset
632   0000              	GLOBAL _in_mouse_kempston_init
633   0000              	GLOBAL _in_mouse_amx_wheel_delta
634   0000              	GLOBAL _in_mouse_amx_wheel
635   0000              	GLOBAL _in_mouse_amx_callee
636   0000              	GLOBAL _in_mouse_amx
637   0000              	GLOBAL _in_mouse_amx_setpos_callee
638   0000              	GLOBAL _in_mouse_amx_setpos
639   0000              	GLOBAL _in_mouse_amx_reset
640   0000              	GLOBAL _in_mouse_amx_init_callee
641   0000              	GLOBAL _in_mouse_amx_init
642   0000              	GLOBAL _in_stick_sinclair2
643   0000              	GLOBAL _in_stick_sinclair1
644   0000              	GLOBAL _in_stick_kempston
645   0000              	GLOBAL _in_stick_fuller
646   0000              	GLOBAL _in_stick_cursor
647   0000              	GLOBAL _in_stick_keyboard_fastcall
648   0000              	GLOBAL _in_stick_keyboard
649   0000              	GLOBAL _in_wait_nokey
650   0000              	GLOBAL _in_wait_key
651   0000              	GLOBAL _in_test_key
652   0000              	GLOBAL _in_pause_fastcall
653   0000              	GLOBAL _in_pause
654   0000              	GLOBAL _in_key_scancode_fastcall
655   0000              	GLOBAL _in_key_scancode
656   0000              	GLOBAL _in_key_pressed_fastcall
657   0000              	GLOBAL _in_key_pressed
658   0000              	GLOBAL _in_inkey
659   0000              	GLOBAL _NIRVANAP_CHAR_TABLE
660   0000              	GLOBAL _NIRVANAP_WIDE_IMAGES
661   0000              	GLOBAL _NIRVANAP_TILE_IMAGES
662   0000              	GLOBAL _NIRVANAP_HOLE
663   0000              	GLOBAL _NIRVANAP_ISR_HOOK
664   0000              	GLOBAL _scan_map
665   0000              	GLOBAL _key_map
666   0000              	GLOBAL _map_paper_last_a
667   0000              	GLOBAL _map_paper_last
668   0000              	GLOBAL _map_paper_clr
669   0000              	GLOBAL _map_paper
670   0000              	GLOBAL _anim_count
671   0000              	GLOBAL _anim_respanwn
672   0000              	GLOBAL _anim_loop
673   0000              	GLOBAL _anim_end
674   0000              	GLOBAL _anim_int
675   0000              	GLOBAL _anim_tile
676   0000              	GLOBAL _anim_col
677   0000              	GLOBAL _anim_lin
678   0000              	GLOBAL _map_heigth
679   0000              	GLOBAL _map_width
680   0000              	GLOBAL _scr_curr
681   0000              	GLOBAL _sprite_kind
682   0000              	GLOBAL _scr_map
683   0000              	GLOBAL _spr_init
684   0000              	GLOBAL _spr_map_tile
685   0000              	GLOBAL _sprite_frames
686   0000              	GLOBAL _sprite_base_speed
687   0000              	GLOBAL _sprite_speed
688   0000              	GLOBAL _screen_ink
689   0000              	GLOBAL _screen_paper
690   0000              	GLOBAL _game_start_scr
691   0000              	GLOBAL _game_score_top
692   0000              	GLOBAL _player_coins
693   0000              	GLOBAL _player_lives
694   0000              	GLOBAL _game_over
695   0000              	GLOBAL _game_sound
696   0000              	GLOBAL _game_inf_lives
697   0000              	GLOBAL _game_inmune
698   0000              	GLOBAL _sprite_curr_index
699   0000              	GLOBAL _spr_count
700   0000              	GLOBAL _last_rotated
701   0000              	GLOBAL _anim_time
702   0000              	GLOBAL _frame_time
703   0000              	GLOBAL _curr_time
704   0000              	GLOBAL _game_conveyor_flag
705   0000              	GLOBAL _conv3
706   0000              	GLOBAL _conv2
707   0000              	GLOBAL _conv1
708   0000              	GLOBAL _conv0
709   0000              	GLOBAL _p_state_a
710   0000              	GLOBAL _p_state
711   0000              	GLOBAL _attrib8
712   0000              	GLOBAL _attrib7
713   0000              	GLOBAL _attrib6
714   0000              	GLOBAL _attrib5
715   0000              	GLOBAL _attrib4
716   0000              	GLOBAL _attrib3
717   0000              	GLOBAL _attrib2
718   0000              	GLOBAL _attrib1
719   0000              	GLOBAL _attrib0
720   0000              	GLOBAL _attrib_red
721   0000              	GLOBAL _game_attrib_osd
722   0000              	GLOBAL _attrib_osd
723   0000              	GLOBAL _attrib_hl
724   0000              	GLOBAL _attrib
725   0000              	GLOBAL _zx_val_asm
726   0000              	GLOBAL _enemies
727   0000              	GLOBAL _tmp_ui
728   0000              	GLOBAL _tmp_sc
729   0000              	GLOBAL _tmp_uc
730   0000              	GLOBAL _tmp1
731   0000              	GLOBAL _tmp0
732   0000              	GLOBAL _tmp
733   0000              	GLOBAL _index1
734   0000              	GLOBAL _index0
735   0000              	GLOBAL _loop_count
736   0000              	GLOBAL _s_class
737   0000              	GLOBAL _s_row1
738   0000              	GLOBAL _s_col1
739   0000              	GLOBAL _s_col0
740   0000              	GLOBAL _s_lin1
741   0000              	GLOBAL _s_lin0
742   0000              	GLOBAL _s_tile1
743   0000              	GLOBAL _s_tile0
744   0000              	GLOBAL _player_kill_index
745   0000              	GLOBAL _player_killed
746   0000              	GLOBAL _player_jump_top
747   0000              	GLOBAL _player_hit_count
748   0000              	GLOBAL _game_fps_show
749   0000              	GLOBAL _game_debug
750   0000              	GLOBAL _sprite
751   0000              	GLOBAL _fps
752   0000              	GLOBAL _menu_curr_sel
753   0000              	GLOBAL _game_control_mode
754   0000              	GLOBAL _game_round_up
755   0000              	GLOBAL _game_conveyor_col1
756   0000              	GLOBAL _game_conveyor_col0
757   0000              	GLOBAL _game_conveyor_lin
758   0000              	GLOBAL _game_conveyor_dir
759   0000              	GLOBAL _game_song_play_start
760   0000              	GLOBAL _game_song_play
761   0000              	GLOBAL _game_world
762   0000              	GLOBAL _game_gravity
763   0000              	GLOBAL _player_jumpcount
764   0000              	GLOBAL _player_hit
765   0000              	GLOBAL _player_hit_time
766   0000              	GLOBAL _player_lin_scr
767   0000              	GLOBAL _player_col_scr
768   0000              	GLOBAL _player_max_vita
769   0000              	GLOBAL _player_max_mana
770   0000              	GLOBAL _player_keys
771   0000              	GLOBAL _player_vel_inc
772   0000              	GLOBAL _player_vel_y0
773   0000              	GLOBAL _player_vel_y
774   0000              	GLOBAL _player_score
775   0000              	GLOBAL _last_time
776   0000              	GLOBAL _obj_count
777   0000              	GLOBAL _obj_col
778   0000              	GLOBAL _obj_lin
779   0000              	GLOBAL _spr_timer
780   0000              	GLOBAL _jump_lin
781   0000              	GLOBAL _colint
782   0000              	GLOBAL _col
783   0000              	GLOBAL _tbuffer
784   0000              	GLOBAL _lin
785   0000              	GLOBAL _tile
786   0000              	GLOBAL _value_b
787   0000              	GLOBAL _value_a
788   0000              	GLOBAL _state_a
789   0000              	GLOBAL _state
790   0000              	GLOBAL _class
791   0000              	GLOBAL _dirs
792   0000              	GLOBAL _k2
793   0000              	GLOBAL _k1
794   0000              	GLOBAL _joyfunc2
795   0000              	GLOBAL _joyfunc1
796   0000              	GLOBAL _btiles
797   0000              	GLOBAL _v3
798   0000              	GLOBAL _v2
799   0000              	GLOBAL _v1
800   0000              	GLOBAL _v0
801   0000              	GLOBAL _i
802   0000              	GLOBAL _spec128
803   0000              	GLOBAL _GLOBAL_ZX_PORT_7FFD
804   0000              	GLOBAL _GLOBAL_ZX_PORT_1FFD
805   0000              	GLOBAL _GLOBAL_ZX_PORT_FE
806   0000              	GLOBAL _ay_fx_06_disparo_fire
807   0000              	GLOBAL _ay_fx_06_disparo_axe
808   0000              	GLOBAL _ay_fx_06_explosion1
809   0000              	GLOBAL _ay_fx_06_efecto
810   0000              	GLOBAL _ay_fx_06_disparo2
811   0000              	GLOBAL _ay_fx_06_disparo1
812   0000              	GLOBAL _ay_fx_06_levelup
813   0000              	GLOBAL _ay_fx_06_magic
814   0000              	GLOBAL _ay_fx_06_sin_mana
815   0000              	GLOBAL _ay_fx_06_salto
816   0000              	GLOBAL _ay_fx_06_puerta
817   0000              	GLOBAL _ay_fx_06_magic1
818   0000              	GLOBAL _ay_fx_06_golpe
819   0000              	GLOBAL _ay_fx_06_explosion
820   0000              	GLOBAL _ay_fx_06_dano_por_toque
821   0000              	GLOBAL _ay_fx_06_coin
822   0000              	GLOBAL _ay_song_06_lotr_level_start
823   0000              	GLOBAL _ay_song_06_lotr_level_complete
824   0000              	GLOBAL _ay_song_06_lotr_lose_a_life
825   0000              	GLOBAL _ay_song_04_ingame0
826   0000              	GLOBAL _ay_song_04_ingame
827   0000              	GLOBAL _lenght0
828   0000              	GLOBAL _world0
829   0000              ;--------------------------------------------------------
830   0000              ; special function registers
831   0000              ;--------------------------------------------------------
832   0000              defc _IO_FE	=	0x00fe
833   0000              defc _IO_1FFD	=	0x1ffd
834   0000              defc _IO_7FFD	=	0x7ffd
835   0000              ;--------------------------------------------------------
836   0000              ; ram data
837   0000              ;--------------------------------------------------------
838   0000              	SECTION bss_compiler
839   0000              ;--------------------------------------------------------
840   0000              ; ram data
841   0000              ;--------------------------------------------------------
842   0000              
843   0000              IF 0
844   0000              
845   0000              ; .area _INITIALIZED removed by z88dk
846   0000              
847   0000              
848   0000              ENDIF
849   0000              
850   0000              ;--------------------------------------------------------
851   0000              ; absolute external ram data
852   0000              ;--------------------------------------------------------
853   0000              	SECTION IGNORE
854   0000              ;--------------------------------------------------------
855   0000              ; global & static initialisations
856   0000              ;--------------------------------------------------------
857   0000              	SECTION code_crt_init
858   0000              ;--------------------------------------------------------
859   0000              ; Home
860   0000              ;--------------------------------------------------------
861   0000              	SECTION IGNORE
862   0000              ;--------------------------------------------------------
863   0000              ; code
864   0000              ;--------------------------------------------------------
865   0000              	SECTION code_compiler
866   0000              ;	---------------------------------
867   0000              ; Function main
868   0000              ; ---------------------------------
869   0000              _main:
870   0000  2E 00       	ld	l,0x00
871   0002  CD 00 00    	call	_zx_border_fastcall
872   0005  21 9A 02    	ld	hl,0x029a
873   0008  CD 00 00    	call	_z80_delay_ms_fastcall
874   000B  21 00 00    	ld	hl,_game_inmune
875   000E  36 00       	ld	(hl),0x00
876   0010  21 00 00    	ld	hl,_game_inf_lives
877   0013  36 00       	ld	(hl),0x00
878   0015  21 00 00    	ld	hl,_game_debug
879   0018  36 01       	ld	(hl),0x01
880   001A  21 00 00    	ld	hl,_game_fps_show
881   001D  36 01       	ld	(hl),0x01
882   001F  21 00 00    	ld	hl,_game_world
883   0022  36 00       	ld	(hl),0x00
884   0024  21 00 00    	ld	hl,_scr_curr
885   0027  36 00       	ld	(hl),0x00
886   0029  21 00 00    	ld	hl,_game_song_play
887   002C  36 01       	ld	(hl),0x01
888   002E  CD 00 00    	call	_ay_reset
889   0031  3A 00 00    	ld	a,(_spec128)
890   0034  B7          	or	a, a
891   0035  28 04       	jr	Z,l_main_00117
892   0037  0E 0C       	ld	c,0x0c
893   0039  18 02       	jr	l_main_00118
894   003B              l_main_00117:
895   003B  0E 03       	ld	c,0x03
896   003D              l_main_00118:
897   003D  21 00 00    	ld	hl,_game_sound
898   0040  71          	ld	(hl), c
899   0041  21 62 00    	ld	hl,0x0062
900   0044  22 00 00    	ld	(_game_gravity),hl
901   0047  21 4E FD    	ld	hl,0xfd4e
902   004A  22 00 00    	ld	(_player_vel_y0),hl
903   004D  21 7F 04    	ld	hl,0x047f
904   0050  22 00 00    	ld	(_k1), hl
905   0053  21 DF 02    	ld	hl,0x02df
906   0056  22 04 00    	ld	(_k1 + 0x0004),hl
907   0059  26 01       	ld	h,0x01
908   005B  22 02 00    	ld	(_k1 + 0x0002),hl
909   005E  2E FB       	ld	l,0xfb
910   0060  22 08 00    	ld	(_k1 + 0x0008),hl
911   0063  2E FD       	ld	l,0xfd
912   0065  22 06 00    	ld	(_k1 + 0x0006),hl
913   0068  21 FF FF    	ld	hl,0xffff
914   006B  22 04 00    	ld	(_k2 + 0x0004),hl
915   006E  2E FF       	ld	l,0xff
916   0070  22 02 00    	ld	(_k2 + 0x0002),hl
917   0073  22 08 00    	ld	(_k2 + 0x0008),hl
918   0076  22 06 00    	ld	(_k2 + 0x0006),hl
919   0079  21 7F 01    	ld	hl,0x017f
920   007C  22 00 00    	ld	(_k2), hl
921   007F  21 00 00    	ld	hl,_in_stick_sinclair1
922   0082  22 00 00    	ld	(_joyfunc1),hl
923   0085  21 00 00    	ld	hl,_in_stick_keyboard
924   0088  22 00 00    	ld	(_joyfunc2),hl
925   008B  3A 00 00    	ld	a,(_game_debug)
926   008E  B7          	or	a,a
927   008F  20 1A       	jr	NZ,l_main_00103
928   0091  CD 00 00    	call	_in_wait_nokey
929   0094  01 B8 7A    	ld	bc,0x7ab8
930   0097              l_main_00111:
931   0097  CD 00 00    	call	_in_test_key
932   009A  7C          	ld	a, h
933   009B  B5          	or	a,l
934   009C  20 08       	jr	NZ,l_main_00101
935   009E  21 4D 27    	ld	hl,0x274d
936   00A1  09          	add	hl,bc
937   00A2  4D          	ld	c, l
938   00A3  44          	ld	b, h
939   00A4  18 F1       	jr	l_main_00111
940   00A6              l_main_00101:
941   00A6  69          	ld	l, c
942   00A7  60          	ld	h, b
943   00A8  CD 00 00    	call	_srand_fastcall
944   00AB              l_main_00103:
945   00AB  2E 00       	ld	l,0x00
946   00AD  CD 00 00    	call	_zx_border_fastcall
947   00B0  CD 00 00    	call	_game_cls
948   00B3  CD 00 00    	call	_game_start_timer
949   00B6  21 00 00    	ld	hl,_btiles
950   00B9  22 00 00    	ld	(_NIRVANAP_TILE_IMAGES),hl
951   00BC  CD 00 00    	call	_game_attribs
952   00BF  21 00 00    	ld	hl,_game_over
953   00C2  36 01       	ld	(hl),0x01
954   00C4  21 00 00    	ld	hl,_screen_ink
955   00C7  36 07       	ld	(hl),0x07
956   00C9  2A 00 00    	ld	hl,(_curr_time)
957   00CC  22 00 00    	ld	(_frame_time),hl
958   00CF  21 00 00    	ld	hl,_menu_curr_sel
959   00D2  36 01       	ld	(hl),0x01
960   00D4  21 00 00    	ld	hl,_map_paper_last
961   00D7  36 08       	ld	(hl),0x08
962   00D9  21 00 00    	ld	hl,_game_control_mode
963   00DC  36 02       	ld	(hl),0x02
964   00DE  CD 00 00    	call	_game_attribs
965   00E1              l_main_00108:
966   00E1  3A 00 00    	ld	a,(_game_debug)
967   00E4  B7          	or	a, a
968   00E5  20 03       	jr	NZ,l_main_00105
969   00E7  CD 00 00    	call	_menu_main
970   00EA              l_main_00105:
971   00EA  CD 00 00    	call	_game_loop
972   00ED  21 00 00    	ld	hl,___str_0
973   00F0  E5          	push	hl
974   00F1  21 0B 0C    	ld	hl,0x0c0b
975   00F4  E5          	push	hl
976   00F5  CD 00 00    	call	_zx_print_str
977   00F8  21 FA 00    	ld	hl,0x00fa
978   00FB  CD 00 00    	call	_z80_delay_ms_fastcall
979   00FE  21 00 00    	ld	hl,_game_over
980   0101  36 00       	ld	(hl),0x00
981   0103  21 00 00    	ld	hl,_i
982   0106  36 00       	ld	(hl),0x00
983   0108              l_main_00113:
984   0108  21 00 00    	ld	hl,0x0000
985   010B  E5          	push	hl
986   010C  AF          	xor	a, a
987   010D  2A 00 00    	ld	hl,(_i)
988   0110  67          	ld	h,a
989   0111  E5          	push	hl
990   0112  CD 00 00    	call	_NIRVANAP_spriteT_callee
991   0115  21 00 00    	ld	hl,_i
992   0118  34          	inc	(hl)
993   0119  3E 07       	ld	a,0x07
994   011B  96          	sub	a, (hl)
995   011C  30 EA       	jr	NC,l_main_00113
996   011E  18 C1       	jr	l_main_00108
997   0120              	SECTION rodata_compiler
998   0000              ___str_0:
999   0000  44 45 4D 4F 20 4F 56 45 52 
                        	DEFM "DEMO OVER"
1000  0009  00          	DEFB 0x00
1001  000A              	SECTION code_compiler
1002  0120              ;	---------------------------------
1003  0120              ; Function test_proc is a stub
1004  0120              ; ---------------------------------
1005  0120              EXTERN l_ret
1006  0120              defc _test_proc = l_ret
1007  0120              	SECTION code_compiler
1008  0120              ;	---------------------------------
1009  0120              ; Function test_func
1010  0120              ; ---------------------------------
1011  0120              _test_func:
1012  0120  2E 00       	ld	l,0x00
1013  0122  C9          	ret
1014  0123              	SECTION code_compiler
1015  0123              ;	---------------------------------
1016  0123              ; Function game_sprite_draw8
1017  0123              ; ---------------------------------
1018  0123              _game_sprite_draw8:
1019  0123  CD 00 00    	call	___sdcc_enter_ix
1020  0126  DD 4E 04    	ld	c,(ix+4)
1021  0129  CB 39       	srl	c
1022  012B  CB 39       	srl	c
1023  012D  DD 7E 04    	ld	a,(ix+4)
1024  0130  E6 03       	and	a,0x03
1025  0132  DD 77 04    	ld	(ix+4),a
1026  0135  06 00       	ld	b,0x00
1027  0137  69          	ld	l, c
1028  0138  60          	ld	h, b
1029  0139  29          	add	hl, hl
1030  013A  09          	add	hl, bc
1031  013B  29          	add	hl, hl
1032  013C  29          	add	hl, hl
1033  013D  29          	add	hl, hl
1034  013E  29          	add	hl, hl
1035  013F  01 00 00    	ld	bc,_btiles
1036  0142  09          	add	hl,bc
1037  0143  DD 7E 04    	ld	a,(ix+4)
1038  0146  B7          	or	a,a
1039  0147  4D          	ld	c,l
1040  0148  44          	ld	b,h
1041  0149  20 07       	jr	NZ,l_game_sprite_draw8_00110
1042  014B  21 20 00    	ld	hl,0x0020
1043  014E  09          	add	hl,bc
1044  014F  EB          	ex	de,hl
1045  0150  18 34       	jr	l_game_sprite_draw8_00111
1046  0152              l_game_sprite_draw8_00110:
1047  0152  DD 7E 04    	ld	a,(ix+4)
1048  0155  3D          	dec	a
1049  0156  20 08       	jr	NZ,l_game_sprite_draw8_00107
1050  0158  21 28 00    	ld	hl,0x0028
1051  015B  09          	add	hl,bc
1052  015C  03          	inc	bc
1053  015D  EB          	ex	de,hl
1054  015E  18 26       	jr	l_game_sprite_draw8_00111
1055  0160              l_game_sprite_draw8_00107:
1056  0160  DD 7E 04    	ld	a,(ix+4)
1057  0163  D6 02       	sub	a,0x02
1058  0165  20 0D       	jr	NZ,l_game_sprite_draw8_00104
1059  0167  21 24 00    	ld	hl,0x0024
1060  016A  09          	add	hl,bc
1061  016B  EB          	ex	de,hl
1062  016C  21 10 00    	ld	hl,0x0010
1063  016F  09          	add	hl,bc
1064  0170  4D          	ld	c, l
1065  0171  44          	ld	b, h
1066  0172  18 12       	jr	l_game_sprite_draw8_00111
1067  0174              l_game_sprite_draw8_00104:
1068  0174  DD 7E 04    	ld	a,(ix+4)
1069  0177  D6 03       	sub	a,0x03
1070  0179  20 0B       	jr	NZ,l_game_sprite_draw8_00111
1071  017B  21 2C 00    	ld	hl,0x002c
1072  017E  09          	add	hl,bc
1073  017F  EB          	ex	de,hl
1074  0180  21 11 00    	ld	hl,0x0011
1075  0183  09          	add	hl,bc
1076  0184  4D          	ld	c, l
1077  0185  44          	ld	b, h
1078  0186              l_game_sprite_draw8_00111:
1079  0186  1A          	ld	a, (de)
1080  0187  32 00 00    	ld	(_attrib),a
1081  018A  13          	inc	de
1082  018B  1A          	ld	a, (de)
1083  018C  32 01 00    	ld	((_attrib + 0x0001)),a
1084  018F  13          	inc	de
1085  0190  1A          	ld	a, (de)
1086  0191  32 02 00    	ld	((_attrib + 0x0002)),a
1087  0194  13          	inc	de
1088  0195  1A          	ld	a, (de)
1089  0196  32 03 00    	ld	((_attrib + 0x0003)),a
1090  0199  DD 7E 05    	ld	a,(ix+5)
1091  019C  C6 08       	add	a,0x08
1092  019E  57          	ld	d, a
1093  019F  C5          	push	bc
1094  01A0  DD 7E 06    	ld	a,(ix+6)
1095  01A3  5A          	ld	e,d
1096  01A4  57          	ld	d,a
1097  01A5  D5          	push	de
1098  01A6  21 00 00    	ld	hl,_attrib
1099  01A9  E5          	push	hl
1100  01AA  CD 00 00    	call	_NIRVANAP_paintC_callee
1101  01AD  C1          	pop	bc
1102  01AE  DD 6E 05    	ld	l,(ix+5)
1103  01B1  CD 00 00    	call	_zx_py2saddr_fastcall
1104  01B4  EB          	ex	de,hl
1105  01B5  7B          	ld	a, e
1106  01B6  DD 86 06    	add	a,(ix+6)
1107  01B9  5F          	ld	e, a
1108  01BA  7A          	ld	a, d
1109  01BB  CE 00       	adc	a,0x00
1110  01BD  57          	ld	d, a
1111  01BE  0A          	ld	a, (bc)
1112  01BF  12          	ld	(de), a
1113  01C0  03          	inc	bc
1114  01C1  03          	inc	bc
1115  01C2  DD 34 05    	inc	(ix+5)
1116  01C5  DD 6E 05    	ld	l,(ix+5)
1117  01C8  CD 00 00    	call	_zx_py2saddr_fastcall
1118  01CB  EB          	ex	de,hl
1119  01CC  7B          	ld	a, e
1120  01CD  DD 86 06    	add	a,(ix+6)
1121  01D0  5F          	ld	e, a
1122  01D1  7A          	ld	a, d
1123  01D2  CE 00       	adc	a,0x00
1124  01D4  57          	ld	d, a
1125  01D5  0A          	ld	a, (bc)
1126  01D6  12          	ld	(de), a
1127  01D7  03          	inc	bc
1128  01D8  03          	inc	bc
1129  01D9  DD 34 05    	inc	(ix+5)
1130  01DC  DD 6E 05    	ld	l,(ix+5)
1131  01DF  CD 00 00    	call	_zx_py2saddr_fastcall
1132  01E2  EB          	ex	de,hl
1133  01E3  7B          	ld	a, e
1134  01E4  DD 86 06    	add	a,(ix+6)
1135  01E7  5F          	ld	e, a
1136  01E8  7A          	ld	a, d
1137  01E9  CE 00       	adc	a,0x00
1138  01EB  57          	ld	d, a
1139  01EC  0A          	ld	a, (bc)
1140  01ED  12          	ld	(de), a
1141  01EE  03          	inc	bc
1142  01EF  03          	inc	bc
1143  01F0  DD 34 05    	inc	(ix+5)
1144  01F3  DD 6E 05    	ld	l,(ix+5)
1145  01F6  CD 00 00    	call	_zx_py2saddr_fastcall
1146  01F9  EB          	ex	de,hl
1147  01FA  7B          	ld	a, e
1148  01FB  DD 86 06    	add	a,(ix+6)
1149  01FE  5F          	ld	e, a
1150  01FF  7A          	ld	a, d
1151  0200  CE 00       	adc	a,0x00
1152  0202  57          	ld	d, a
1153  0203  0A          	ld	a, (bc)
1154  0204  12          	ld	(de), a
1155  0205  03          	inc	bc
1156  0206  03          	inc	bc
1157  0207  DD 34 05    	inc	(ix+5)
1158  020A  DD 6E 05    	ld	l,(ix+5)
1159  020D  CD 00 00    	call	_zx_py2saddr_fastcall
1160  0210  EB          	ex	de,hl
1161  0211  7B          	ld	a, e
1162  0212  DD 86 06    	add	a,(ix+6)
1163  0215  5F          	ld	e, a
1164  0216  7A          	ld	a, d
1165  0217  CE 00       	adc	a,0x00
1166  0219  57          	ld	d, a
1167  021A  0A          	ld	a, (bc)
1168  021B  12          	ld	(de), a
1169  021C  03          	inc	bc
1170  021D  03          	inc	bc
1171  021E  DD 34 05    	inc	(ix+5)
1172  0221  DD 6E 05    	ld	l,(ix+5)
1173  0224  CD 00 00    	call	_zx_py2saddr_fastcall
1174  0227  EB          	ex	de,hl
1175  0228  7B          	ld	a, e
1176  0229  DD 86 06    	add	a,(ix+6)
1177  022C  5F          	ld	e, a
1178  022D  7A          	ld	a, d
1179  022E  CE 00       	adc	a,0x00
1180  0230  57          	ld	d, a
1181  0231  0A          	ld	a, (bc)
1182  0232  12          	ld	(de), a
1183  0233  03          	inc	bc
1184  0234  03          	inc	bc
1185  0235  DD 34 05    	inc	(ix+5)
1186  0238  DD 6E 05    	ld	l,(ix+5)
1187  023B  CD 00 00    	call	_zx_py2saddr_fastcall
1188  023E  EB          	ex	de,hl
1189  023F  7B          	ld	a, e
1190  0240  DD 86 06    	add	a,(ix+6)
1191  0243  5F          	ld	e, a
1192  0244  7A          	ld	a, d
1193  0245  CE 00       	adc	a,0x00
1194  0247  57          	ld	d, a
1195  0248  0A          	ld	a, (bc)
1196  0249  12          	ld	(de), a
1197  024A  03          	inc	bc
1198  024B  03          	inc	bc
1199  024C  DD 34 05    	inc	(ix+5)
1200  024F  DD 6E 05    	ld	l,(ix+5)
1201  0252  CD 00 00    	call	_zx_py2saddr_fastcall
1202  0255  EB          	ex	de,hl
1203  0256  7B          	ld	a, e
1204  0257  DD 86 06    	add	a,(ix+6)
1205  025A  5F          	ld	e, a
1206  025B  7A          	ld	a, d
1207  025C  CE 00       	adc	a,0x00
1208  025E  57          	ld	d, a
1209  025F  0A          	ld	a, (bc)
1210  0260  12          	ld	(de), a
1211  0261  DD E1       	pop	ix
1212  0263  C9          	ret
1213  0264              	SECTION IGNORE
1214  0000              
