1     0000              MODULE game_enemies_c
2     0000              LINE -1, "game_enemies.c"
-1    0000              
0     0000              
1     0000              ;--------------------------------------------------------
2     0000              ; File Created by SDCC : free open source ANSI-C Compiler
3     0000              ; Version 3.6.5 #9958 (Mac OS X i386)
4     0000              ;--------------------------------------------------------
5     0000              ; Processed by Z88DK
6     0000              ;--------------------------------------------------------
7     0000              
8     0000              	EXTERN __divschar
9     0000              	EXTERN __divschar_callee
10    0000              	EXTERN __divsint
11    0000              	EXTERN __divsint_callee
12    0000              	EXTERN __divslong
13    0000              	EXTERN __divslong_callee
14    0000              	EXTERN __divslonglong
15    0000              	EXTERN __divslonglong_callee
16    0000              	EXTERN __divsuchar
17    0000              	EXTERN __divsuchar_callee
18    0000              	EXTERN __divuchar
19    0000              	EXTERN __divuchar_callee
20    0000              	EXTERN __divuint
21    0000              	EXTERN __divuint_callee
22    0000              	EXTERN __divulong
23    0000              	EXTERN __divulong_callee
24    0000              	EXTERN __divulonglong
25    0000              	EXTERN __divulonglong_callee
26    0000              	EXTERN __divuschar
27    0000              	EXTERN __divuschar_callee
28    0000              	EXTERN __modschar
29    0000              	EXTERN __modschar_callee
30    0000              	EXTERN __modsint
31    0000              	EXTERN __modsint_callee
32    0000              	EXTERN __modslong
33    0000              	EXTERN __modslong_callee
34    0000              	EXTERN __modslonglong
35    0000              	EXTERN __modslonglong_callee
36    0000              	EXTERN __modsuchar
37    0000              	EXTERN __modsuchar_callee
38    0000              	EXTERN __moduchar
39    0000              	EXTERN __moduchar_callee
40    0000              	EXTERN __moduint
41    0000              	EXTERN __moduint_callee
42    0000              	EXTERN __modulong
43    0000              	EXTERN __modulong_callee
44    0000              	EXTERN __modulonglong
45    0000              	EXTERN __modulonglong_callee
46    0000              	EXTERN __moduschar
47    0000              	EXTERN __moduschar_callee
48    0000              	EXTERN __mulint
49    0000              	EXTERN __mulint_callee
50    0000              	EXTERN __mullong
51    0000              	EXTERN __mullong_callee
52    0000              	EXTERN __mullonglong
53    0000              	EXTERN __mullonglong_callee
54    0000              	EXTERN __mulschar
55    0000              	EXTERN __mulschar_callee
56    0000              	EXTERN __mulsuchar
57    0000              	EXTERN __mulsuchar_callee
58    0000              	EXTERN __muluschar
59    0000              	EXTERN __muluschar_callee
60    0000              	EXTERN __rlslonglong
61    0000              	EXTERN __rlslonglong_callee
62    0000              	EXTERN __rlulonglong
63    0000              	EXTERN __rlulonglong_callee
64    0000              	EXTERN __rrslonglong
65    0000              	EXTERN __rrslonglong_callee
66    0000              	EXTERN __rrulonglong
67    0000              	EXTERN __rrulonglong_callee
68    0000              	EXTERN ___sdcc_call_hl
69    0000              	EXTERN ___sdcc_call_iy
70    0000              	EXTERN ___sdcc_enter_ix
71    0000              	EXTERN _banked_call
72    0000              	EXTERN _banked_ret
73    0000              	EXTERN ___fs2schar
74    0000              	EXTERN ___fs2schar_callee
75    0000              	EXTERN ___fs2sint
76    0000              	EXTERN ___fs2sint_callee
77    0000              	EXTERN ___fs2slong
78    0000              	EXTERN ___fs2slong_callee
79    0000              	EXTERN ___fs2slonglong
80    0000              	EXTERN ___fs2slonglong_callee
81    0000              	EXTERN ___fs2uchar
82    0000              	EXTERN ___fs2uchar_callee
83    0000              	EXTERN ___fs2uint
84    0000              	EXTERN ___fs2uint_callee
85    0000              	EXTERN ___fs2ulong
86    0000              	EXTERN ___fs2ulong_callee
87    0000              	EXTERN ___fs2ulonglong
88    0000              	EXTERN ___fs2ulonglong_callee
89    0000              	EXTERN ___fsadd
90    0000              	EXTERN ___fsadd_callee
91    0000              	EXTERN ___fsdiv
92    0000              	EXTERN ___fsdiv_callee
93    0000              	EXTERN ___fseq
94    0000              	EXTERN ___fseq_callee
95    0000              	EXTERN ___fsgt
96    0000              	EXTERN ___fsgt_callee
97    0000              	EXTERN ___fslt
98    0000              	EXTERN ___fslt_callee
99    0000              	EXTERN ___fsmul
100   0000              	EXTERN ___fsmul_callee
101   0000              	EXTERN ___fsneq
102   0000              	EXTERN ___fsneq_callee
103   0000              	EXTERN ___fssub
104   0000              	EXTERN ___fssub_callee
105   0000              	EXTERN ___schar2fs
106   0000              	EXTERN ___schar2fs_callee
107   0000              	EXTERN ___sint2fs
108   0000              	EXTERN ___sint2fs_callee
109   0000              	EXTERN ___slong2fs
110   0000              	EXTERN ___slong2fs_callee
111   0000              	EXTERN ___slonglong2fs
112   0000              	EXTERN ___slonglong2fs_callee
113   0000              	EXTERN ___uchar2fs
114   0000              	EXTERN ___uchar2fs_callee
115   0000              	EXTERN ___uint2fs
116   0000              	EXTERN ___uint2fs_callee
117   0000              	EXTERN ___ulong2fs
118   0000              	EXTERN ___ulong2fs_callee
119   0000              	EXTERN ___ulonglong2fs
120   0000              	EXTERN ___ulonglong2fs_callee
121   0000              	EXTERN ____sdcc_2_copy_src_mhl_dst_deix
122   0000              	EXTERN ____sdcc_2_copy_src_mhl_dst_bcix
123   0000              	EXTERN ____sdcc_4_copy_src_mhl_dst_deix
124   0000              	EXTERN ____sdcc_4_copy_src_mhl_dst_bcix
125   0000              	EXTERN ____sdcc_4_copy_src_mhl_dst_mbc
126   0000              	EXTERN ____sdcc_4_ldi_nosave_bc
127   0000              	EXTERN ____sdcc_4_ldi_save_bc
128   0000              	EXTERN ____sdcc_4_push_hlix
129   0000              	EXTERN ____sdcc_4_push_mhl
130   0000              	EXTERN ____sdcc_lib_setmem_hl
131   0000              	EXTERN ____sdcc_ll_add_de_bc_hl
132   0000              	EXTERN ____sdcc_ll_add_de_bc_hlix
133   0000              	EXTERN ____sdcc_ll_add_de_hlix_bc
134   0000              	EXTERN ____sdcc_ll_add_de_hlix_bcix
135   0000              	EXTERN ____sdcc_ll_add_deix_bc_hl
136   0000              	EXTERN ____sdcc_ll_add_deix_hlix
137   0000              	EXTERN ____sdcc_ll_add_hlix_bc_deix
138   0000              	EXTERN ____sdcc_ll_add_hlix_deix_bc
139   0000              	EXTERN ____sdcc_ll_add_hlix_deix_bcix
140   0000              	EXTERN ____sdcc_ll_asr_hlix_a
141   0000              	EXTERN ____sdcc_ll_asr_mbc_a
142   0000              	EXTERN ____sdcc_ll_copy_src_de_dst_hlix
143   0000              	EXTERN ____sdcc_ll_copy_src_de_dst_hlsp
144   0000              	EXTERN ____sdcc_ll_copy_src_deix_dst_hl
145   0000              	EXTERN ____sdcc_ll_copy_src_deix_dst_hlix
146   0000              	EXTERN ____sdcc_ll_copy_src_deixm_dst_hlsp
147   0000              	EXTERN ____sdcc_ll_copy_src_desp_dst_hlsp
148   0000              	EXTERN ____sdcc_ll_copy_src_hl_dst_de
149   0000              	EXTERN ____sdcc_ll_copy_src_hlsp_dst_de
150   0000              	EXTERN ____sdcc_ll_copy_src_hlsp_dst_deixm
151   0000              	EXTERN ____sdcc_ll_lsl_hlix_a
152   0000              	EXTERN ____sdcc_ll_lsl_mbc_a
153   0000              	EXTERN ____sdcc_ll_lsr_hlix_a
154   0000              	EXTERN ____sdcc_ll_lsr_mbc_a
155   0000              	EXTERN ____sdcc_ll_push_hlix
156   0000              	EXTERN ____sdcc_ll_push_mhl
157   0000              	EXTERN ____sdcc_ll_sub_de_bc_hl
158   0000              	EXTERN ____sdcc_ll_sub_de_bc_hlix
159   0000              	EXTERN ____sdcc_ll_sub_de_hlix_bc
160   0000              	EXTERN ____sdcc_ll_sub_de_hlix_bcix
161   0000              	EXTERN ____sdcc_ll_sub_deix_bc_hl
162   0000              	EXTERN ____sdcc_ll_sub_deix_hlix
163   0000              	EXTERN ____sdcc_ll_sub_hlix_bc_deix
164   0000              	EXTERN ____sdcc_ll_sub_hlix_deix_bc
165   0000              	EXTERN ____sdcc_ll_sub_hlix_deix_bcix
166   0000              	EXTERN ____sdcc_load_debc_deix
167   0000              	EXTERN ____sdcc_load_dehl_deix
168   0000              	EXTERN ____sdcc_load_debc_mhl
169   0000              	EXTERN ____sdcc_load_hlde_mhl
170   0000              	EXTERN ____sdcc_store_dehl_bcix
171   0000              	EXTERN ____sdcc_store_debc_hlix
172   0000              	EXTERN ____sdcc_store_debc_mhl
173   0000              	EXTERN ____sdcc_cpu_pop_ei
174   0000              	EXTERN ____sdcc_cpu_pop_ei_jp
175   0000              	EXTERN ____sdcc_cpu_push_di
176   0000              	EXTERN ____sdcc_outi
177   0000              	EXTERN ____sdcc_outi_128
178   0000              	EXTERN ____sdcc_outi_256
179   0000              	EXTERN ____sdcc_ldi
180   0000              	EXTERN ____sdcc_ldi_128
181   0000              	EXTERN ____sdcc_ldi_256
182   0000              	EXTERN ____sdcc_4_copy_srcd_hlix_dst_deix
183   0000              	EXTERN ____sdcc_4_and_src_mbc_mhl_dst_deix
184   0000              	EXTERN ____sdcc_4_or_src_mbc_mhl_dst_deix
185   0000              	EXTERN ____sdcc_4_xor_src_mbc_mhl_dst_deix
186   0000              	EXTERN ____sdcc_4_or_src_dehl_dst_bcix
187   0000              	EXTERN ____sdcc_4_xor_src_dehl_dst_bcix
188   0000              	EXTERN ____sdcc_4_and_src_dehl_dst_bcix
189   0000              	EXTERN ____sdcc_4_xor_src_mbc_mhl_dst_debc
190   0000              	EXTERN ____sdcc_4_or_src_mbc_mhl_dst_debc
191   0000              	EXTERN ____sdcc_4_and_src_mbc_mhl_dst_debc
192   0000              	EXTERN ____sdcc_4_cpl_src_mhl_dst_debc
193   0000              	EXTERN ____sdcc_4_xor_src_debc_mhl_dst_debc
194   0000              	EXTERN ____sdcc_4_or_src_debc_mhl_dst_debc
195   0000              	EXTERN ____sdcc_4_and_src_debc_mhl_dst_debc
196   0000              	EXTERN ____sdcc_4_and_src_debc_hlix_dst_debc
197   0000              	EXTERN ____sdcc_4_or_src_debc_hlix_dst_debc
198   0000              	EXTERN ____sdcc_4_xor_src_debc_hlix_dst_debc
199   0000              
200   0000              ;--------------------------------------------------------
201   0000              ; Public variables in this module
202   0000              ;--------------------------------------------------------
203   0000              	GLOBAL _enemy_ghost
204   0000              	GLOBAL _enemy_gota
205   0000              	GLOBAL _enemy_turn
206   0000              	GLOBAL _enemy_move
207   0000              	GLOBAL _enemy_static
208   0000              	GLOBAL _enemy_horizontal
209   0000              	GLOBAL _enemy_vertical
210   0000              	GLOBAL _enemy_walk
211   0000              	GLOBAL _enemy_kill
212   0000              	GLOBAL _enemy_avoid_fall
213   0000              	GLOBAL _enemy_avoid_dead
214   0000              	GLOBAL _enemy_init
215   0000              ;--------------------------------------------------------
216   0000              ; Externals used
217   0000              ;--------------------------------------------------------
218   0000              	GLOBAL _ulltoa_callee
219   0000              	GLOBAL _ulltoa
220   0000              	GLOBAL _strtoull_callee
221   0000              	GLOBAL _strtoull
222   0000              	GLOBAL _strtoll_callee
223   0000              	GLOBAL _strtoll
224   0000              	GLOBAL _lltoa_callee
225   0000              	GLOBAL _lltoa
226   0000              	GLOBAL _llabs_callee
227   0000              	GLOBAL _llabs
228   0000              	GLOBAL __lldivu__callee
229   0000              	GLOBAL __lldivu_
230   0000              	GLOBAL __lldiv__callee
231   0000              	GLOBAL __lldiv_
232   0000              	GLOBAL _atoll_callee
233   0000              	GLOBAL _atoll
234   0000              	GLOBAL _realloc_unlocked_callee
235   0000              	GLOBAL _realloc_unlocked
236   0000              	GLOBAL _malloc_unlocked_fastcall
237   0000              	GLOBAL _malloc_unlocked
238   0000              	GLOBAL _free_unlocked_fastcall
239   0000              	GLOBAL _free_unlocked
240   0000              	GLOBAL _calloc_unlocked_callee
241   0000              	GLOBAL _calloc_unlocked
242   0000              	GLOBAL _aligned_alloc_unlocked_callee
243   0000              	GLOBAL _aligned_alloc_unlocked
244   0000              	GLOBAL _realloc_callee
245   0000              	GLOBAL _realloc
246   0000              	GLOBAL _malloc_fastcall
247   0000              	GLOBAL _malloc
248   0000              	GLOBAL _free_fastcall
249   0000              	GLOBAL _free
250   0000              	GLOBAL _calloc_callee
251   0000              	GLOBAL _calloc
252   0000              	GLOBAL _aligned_alloc_callee
253   0000              	GLOBAL _aligned_alloc
254   0000              	GLOBAL _utoa_callee
255   0000              	GLOBAL _utoa
256   0000              	GLOBAL _ultoa_callee
257   0000              	GLOBAL _ultoa
258   0000              	GLOBAL _system_fastcall
259   0000              	GLOBAL _system
260   0000              	GLOBAL _strtoul_callee
261   0000              	GLOBAL _strtoul
262   0000              	GLOBAL _strtol_callee
263   0000              	GLOBAL _strtol
264   0000              	GLOBAL _strtof_callee
265   0000              	GLOBAL _strtof
266   0000              	GLOBAL _strtod_callee
267   0000              	GLOBAL _strtod
268   0000              	GLOBAL _srand_fastcall
269   0000              	GLOBAL _srand
270   0000              	GLOBAL _rand
271   0000              	GLOBAL _quick_exit_fastcall
272   0000              	GLOBAL _quick_exit
273   0000              	GLOBAL _qsort_callee
274   0000              	GLOBAL _qsort
275   0000              	GLOBAL _ltoa_callee
276   0000              	GLOBAL _ltoa
277   0000              	GLOBAL _labs_fastcall
278   0000              	GLOBAL _labs
279   0000              	GLOBAL _itoa_callee
280   0000              	GLOBAL _itoa
281   0000              	GLOBAL _ftoh_callee
282   0000              	GLOBAL _ftoh
283   0000              	GLOBAL _ftog_callee
284   0000              	GLOBAL _ftog
285   0000              	GLOBAL _ftoe_callee
286   0000              	GLOBAL _ftoe
287   0000              	GLOBAL _ftoa_callee
288   0000              	GLOBAL _ftoa
289   0000              	GLOBAL _exit_fastcall
290   0000              	GLOBAL _exit
291   0000              	GLOBAL _dtoh_callee
292   0000              	GLOBAL _dtoh
293   0000              	GLOBAL _dtog_callee
294   0000              	GLOBAL _dtog
295   0000              	GLOBAL _dtoe_callee
296   0000              	GLOBAL _dtoe
297   0000              	GLOBAL _dtoa_callee
298   0000              	GLOBAL _dtoa
299   0000              	GLOBAL _bsearch_callee
300   0000              	GLOBAL _bsearch
301   0000              	GLOBAL _atol_fastcall
302   0000              	GLOBAL _atol
303   0000              	GLOBAL _atoi_fastcall
304   0000              	GLOBAL _atoi
305   0000              	GLOBAL _atof_fastcall
306   0000              	GLOBAL _atof
307   0000              	GLOBAL _atexit_fastcall
308   0000              	GLOBAL _atexit
309   0000              	GLOBAL _at_quick_exit_fastcall
310   0000              	GLOBAL _at_quick_exit
311   0000              	GLOBAL _abs_fastcall
312   0000              	GLOBAL _abs
313   0000              	GLOBAL _abort
314   0000              	GLOBAL __strtou__callee
315   0000              	GLOBAL __strtou_
316   0000              	GLOBAL __strtoi__callee
317   0000              	GLOBAL __strtoi_
318   0000              	GLOBAL __random_uniform_xor_8__fastcall
319   0000              	GLOBAL __random_uniform_xor_8_
320   0000              	GLOBAL __random_uniform_xor_32__fastcall
321   0000              	GLOBAL __random_uniform_xor_32_
322   0000              	GLOBAL __random_uniform_cmwc_8__fastcall
323   0000              	GLOBAL __random_uniform_cmwc_8_
324   0000              	GLOBAL __shellsort__callee
325   0000              	GLOBAL __shellsort_
326   0000              	GLOBAL __quicksort__callee
327   0000              	GLOBAL __quicksort_
328   0000              	GLOBAL __insertion_sort__callee
329   0000              	GLOBAL __insertion_sort_
330   0000              	GLOBAL __ldivu__callee
331   0000              	GLOBAL __ldivu_
332   0000              	GLOBAL __ldiv__callee
333   0000              	GLOBAL __ldiv_
334   0000              	GLOBAL __divu__callee
335   0000              	GLOBAL __divu_
336   0000              	GLOBAL __div__callee
337   0000              	GLOBAL __div_
338   0000              	GLOBAL _NIRVANAP_drawTW_raw_callee
339   0000              	GLOBAL _NIRVANAP_drawTW_raw
340   0000              	GLOBAL _NIRVANAP_drawTW_callee
341   0000              	GLOBAL _NIRVANAP_drawTW
342   0000              	GLOBAL _NIRVANAP_drawW_raw_callee
343   0000              	GLOBAL _NIRVANAP_drawW_raw
344   0000              	GLOBAL _NIRVANAP_drawW_callee
345   0000              	GLOBAL _NIRVANAP_drawW
346   0000              	GLOBAL _NIRVANAP_spriteT_callee
347   0000              	GLOBAL _NIRVANAP_spriteT
348   0000              	GLOBAL _NIRVANAP_fillC_callee
349   0000              	GLOBAL _NIRVANAP_fillC
350   0000              	GLOBAL _NIRVANAP_readC_callee
351   0000              	GLOBAL _NIRVANAP_readC
352   0000              	GLOBAL _NIRVANAP_paintC_callee
353   0000              	GLOBAL _NIRVANAP_paintC
354   0000              	GLOBAL _NIRVANAP_printC_callee
355   0000              	GLOBAL _NIRVANAP_printC
356   0000              	GLOBAL _NIRVANAP_fillT_raw_callee
357   0000              	GLOBAL _NIRVANAP_fillT_raw
358   0000              	GLOBAL _NIRVANAP_fillT_callee
359   0000              	GLOBAL _NIRVANAP_fillT
360   0000              	GLOBAL _NIRVANAP_drawT_raw_callee
361   0000              	GLOBAL _NIRVANAP_drawT_raw
362   0000              	GLOBAL _NIRVANAP_drawT_callee
363   0000              	GLOBAL _NIRVANAP_drawT
364   0000              	GLOBAL _NIRVANAP_stop
365   0000              	GLOBAL _NIRVANAP_start
366   0000              	GLOBAL _zx_print_str
367   0000              	GLOBAL _zx_print_int
368   0000              	GLOBAL _zx_print_chr
369   0000              	GLOBAL _zx_print_bonus_time
370   0000              	GLOBAL _zx_isr
371   0000              	GLOBAL _z80_otdr_callee
372   0000              	GLOBAL _z80_otdr
373   0000              	GLOBAL _z80_otir_callee
374   0000              	GLOBAL _z80_otir
375   0000              	GLOBAL _z80_outp_callee
376   0000              	GLOBAL _z80_outp
377   0000              	GLOBAL _z80_indr_callee
378   0000              	GLOBAL _z80_indr
379   0000              	GLOBAL _z80_inir_callee
380   0000              	GLOBAL _z80_inir
381   0000              	GLOBAL _z80_inp_fastcall
382   0000              	GLOBAL _z80_inp
383   0000              	GLOBAL _z80_set_int_state_fastcall
384   0000              	GLOBAL _z80_set_int_state
385   0000              	GLOBAL _z80_get_int_state
386   0000              	GLOBAL _z80_delay_tstate_fastcall
387   0000              	GLOBAL _z80_delay_tstate
388   0000              	GLOBAL _z80_delay_ms_fastcall
389   0000              	GLOBAL _z80_delay_ms
390   0000              	GLOBAL _im2_remove_generic_callback_callee
391   0000              	GLOBAL _im2_remove_generic_callback
392   0000              	GLOBAL _im2_prepend_generic_callback_callee
393   0000              	GLOBAL _im2_prepend_generic_callback
394   0000              	GLOBAL _im2_append_generic_callback_callee
395   0000              	GLOBAL _im2_append_generic_callback
396   0000              	GLOBAL _im2_create_generic_isr_8080_callee
397   0000              	GLOBAL _im2_create_generic_isr_8080
398   0000              	GLOBAL _im2_create_generic_isr_callee
399   0000              	GLOBAL _im2_create_generic_isr
400   0000              	GLOBAL _im2_install_isr_callee
401   0000              	GLOBAL _im2_install_isr
402   0000              	GLOBAL _im2_init_fastcall
403   0000              	GLOBAL _im2_init
404   0000              	GLOBAL _intrinsic_swap_word_32_fastcall
405   0000              	GLOBAL _intrinsic_swap_word_32
406   0000              	GLOBAL _intrinsic_swap_endian_32_fastcall
407   0000              	GLOBAL _intrinsic_swap_endian_32
408   0000              	GLOBAL _intrinsic_swap_endian_16_fastcall
409   0000              	GLOBAL _intrinsic_swap_endian_16
410   0000              	GLOBAL _intrinsic_return_de
411   0000              	GLOBAL _intrinsic_return_bc
412   0000              	GLOBAL _intrinsic_exx
413   0000              	GLOBAL _intrinsic_ex_de_hl
414   0000              	GLOBAL _intrinsic_nop
415   0000              	GLOBAL _intrinsic_im_2
416   0000              	GLOBAL _intrinsic_im_1
417   0000              	GLOBAL _intrinsic_im_0
418   0000              	GLOBAL _intrinsic_retn
419   0000              	GLOBAL _intrinsic_reti
420   0000              	GLOBAL _intrinsic_halt
421   0000              	GLOBAL _intrinsic_ei
422   0000              	GLOBAL _intrinsic_di
423   0000              	GLOBAL _intrinsic_stub
424   0000              	GLOBAL _intrinsic_outi
425   0000              	GLOBAL _intrinsic_ldi
426   0000              	GLOBAL _zx_pattern_fill_callee
427   0000              	GLOBAL _zx_pattern_fill
428   0000              	GLOBAL _zx_saddrpup_fastcall
429   0000              	GLOBAL _zx_saddrpup
430   0000              	GLOBAL _zx_saddrpright_callee
431   0000              	GLOBAL _zx_saddrpright
432   0000              	GLOBAL _zx_saddrpleft_callee
433   0000              	GLOBAL _zx_saddrpleft
434   0000              	GLOBAL _zx_saddrpdown_fastcall
435   0000              	GLOBAL _zx_saddrpdown
436   0000              	GLOBAL _zx_saddrcup_fastcall
437   0000              	GLOBAL _zx_saddrcup
438   0000              	GLOBAL _zx_saddrcright_fastcall
439   0000              	GLOBAL _zx_saddrcright
440   0000              	GLOBAL _zx_saddrcleft_fastcall
441   0000              	GLOBAL _zx_saddrcleft
442   0000              	GLOBAL _zx_saddrcdown_fastcall
443   0000              	GLOBAL _zx_saddrcdown
444   0000              	GLOBAL _zx_saddr2py_fastcall
445   0000              	GLOBAL _zx_saddr2py
446   0000              	GLOBAL _zx_saddr2px_fastcall
447   0000              	GLOBAL _zx_saddr2px
448   0000              	GLOBAL _zx_saddr2cy_fastcall
449   0000              	GLOBAL _zx_saddr2cy
450   0000              	GLOBAL _zx_saddr2cx_fastcall
451   0000              	GLOBAL _zx_saddr2cx
452   0000              	GLOBAL _zx_saddr2aaddr_fastcall
453   0000              	GLOBAL _zx_saddr2aaddr
454   0000              	GLOBAL _zx_py2saddr_fastcall
455   0000              	GLOBAL _zx_py2saddr
456   0000              	GLOBAL _zx_py2aaddr_fastcall
457   0000              	GLOBAL _zx_py2aaddr
458   0000              	GLOBAL _zx_pxy2saddr_callee
459   0000              	GLOBAL _zx_pxy2saddr
460   0000              	GLOBAL _zx_pxy2aaddr_callee
461   0000              	GLOBAL _zx_pxy2aaddr
462   0000              	GLOBAL _zx_px2bitmask_fastcall
463   0000              	GLOBAL _zx_px2bitmask
464   0000              	GLOBAL _zx_cy2saddr_fastcall
465   0000              	GLOBAL _zx_cy2saddr
466   0000              	GLOBAL _zx_cy2aaddr_fastcall
467   0000              	GLOBAL _zx_cy2aaddr
468   0000              	GLOBAL _zx_cxy2saddr_callee
469   0000              	GLOBAL _zx_cxy2saddr
470   0000              	GLOBAL _zx_cxy2aaddr_callee
471   0000              	GLOBAL _zx_cxy2aaddr
472   0000              	GLOBAL _zx_bitmask2px_fastcall
473   0000              	GLOBAL _zx_bitmask2px
474   0000              	GLOBAL _zx_aaddrcup_fastcall
475   0000              	GLOBAL _zx_aaddrcup
476   0000              	GLOBAL _zx_aaddrcright_fastcall
477   0000              	GLOBAL _zx_aaddrcright
478   0000              	GLOBAL _zx_aaddrcleft_fastcall
479   0000              	GLOBAL _zx_aaddrcleft
480   0000              	GLOBAL _zx_aaddrcdown_fastcall
481   0000              	GLOBAL _zx_aaddrcdown
482   0000              	GLOBAL _zx_aaddr2saddr_fastcall
483   0000              	GLOBAL _zx_aaddr2saddr
484   0000              	GLOBAL _zx_aaddr2py_fastcall
485   0000              	GLOBAL _zx_aaddr2py
486   0000              	GLOBAL _zx_aaddr2px_fastcall
487   0000              	GLOBAL _zx_aaddr2px
488   0000              	GLOBAL _zx_aaddr2cy_fastcall
489   0000              	GLOBAL _zx_aaddr2cy
490   0000              	GLOBAL _zx_aaddr2cx_fastcall
491   0000              	GLOBAL _zx_aaddr2cx
492   0000              	GLOBAL _zx_visit_wc_pix_callee
493   0000              	GLOBAL _zx_visit_wc_pix
494   0000              	GLOBAL _zx_visit_wc_attr_callee
495   0000              	GLOBAL _zx_visit_wc_attr
496   0000              	GLOBAL _zx_scroll_wc_up_pix_callee
497   0000              	GLOBAL _zx_scroll_wc_up_pix
498   0000              	GLOBAL _zx_scroll_wc_up_attr_callee
499   0000              	GLOBAL _zx_scroll_wc_up_attr
500   0000              	GLOBAL _zx_scroll_wc_up_callee
501   0000              	GLOBAL _zx_scroll_wc_up
502   0000              	GLOBAL _zx_scroll_up_pix_callee
503   0000              	GLOBAL _zx_scroll_up_pix
504   0000              	GLOBAL _zx_scroll_up_attr_callee
505   0000              	GLOBAL _zx_scroll_up_attr
506   0000              	GLOBAL _zx_scroll_up_callee
507   0000              	GLOBAL _zx_scroll_up
508   0000              	GLOBAL _zx_cls_wc_pix_callee
509   0000              	GLOBAL _zx_cls_wc_pix
510   0000              	GLOBAL _zx_cls_wc_attr_callee
511   0000              	GLOBAL _zx_cls_wc_attr
512   0000              	GLOBAL _zx_cls_wc_callee
513   0000              	GLOBAL _zx_cls_wc
514   0000              	GLOBAL _zx_cls_pix_fastcall
515   0000              	GLOBAL _zx_cls_pix
516   0000              	GLOBAL _zx_cls_attr_fastcall
517   0000              	GLOBAL _zx_cls_attr
518   0000              	GLOBAL _zx_cls_fastcall
519   0000              	GLOBAL _zx_cls
520   0000              	GLOBAL _zx_border_fastcall
521   0000              	GLOBAL _zx_border
522   0000              	GLOBAL _zx_tape_verify_block_callee
523   0000              	GLOBAL _zx_tape_verify_block
524   0000              	GLOBAL _zx_tape_save_block_callee
525   0000              	GLOBAL _zx_tape_save_block
526   0000              	GLOBAL _zx_tape_load_block_callee
527   0000              	GLOBAL _zx_tape_load_block
528   0000              	GLOBAL _spr_destroy
529   0000              	GLOBAL _spr_unflattenP1
530   0000              	GLOBAL _spr_flatten
531   0000              	GLOBAL _spr_btile_paint_back
532   0000              	GLOBAL _spr_init_effects
533   0000              	GLOBAL _spr_turn_horizontal
534   0000              	GLOBAL _spr_play_anim
535   0000              	GLOBAL _spr_add_anim
536   0000              	GLOBAL _spr_clear_scr
537   0000              	GLOBAL _spr_back_repaint
538   0000              	GLOBAL _spr_tile_dir
539   0000              	GLOBAL _spr_tile
540   0000              	GLOBAL _spr_paint_player
541   0000              	GLOBAL _spr_paint
542   0000              	GLOBAL _spr_move_left
543   0000              	GLOBAL _spr_move_right
544   0000              	GLOBAL _spr_move_left_f
545   0000              	GLOBAL _spr_move_right_f
546   0000              	GLOBAL _spr_move_horizontal
547   0000              	GLOBAL _spr_move_down
548   0000              	GLOBAL _spr_move_up
549   0000              	GLOBAL _spr_set_right
550   0000              	GLOBAL _spr_set_left
551   0000              	GLOBAL _spr_set_down
552   0000              	GLOBAL _spr_set_up
553   0000              	GLOBAL _spr_calc_index
554   0000              	GLOBAL _spr_chktime
555   0000              	GLOBAL _audio_levelup
556   0000              	GLOBAL _audio_menu
557   0000              	GLOBAL _audio_game_end
558   0000              	GLOBAL _audio_level_complete
559   0000              	GLOBAL _audio_level_start
560   0000              	GLOBAL _audio_lotr_lose_a_life
561   0000              	GLOBAL _audio_puerta
562   0000              	GLOBAL _audio_sin_mana
563   0000              	GLOBAL _audio_magic1
564   0000              	GLOBAL _audio_coin
565   0000              	GLOBAL _audio_golpe
566   0000              	GLOBAL _audio_salto
567   0000              	GLOBAL _audio_efecto
568   0000              	GLOBAL _audio_disparo_fire
569   0000              	GLOBAL _audio_disparo_axe
570   0000              	GLOBAL _audio_disparo2
571   0000              	GLOBAL _audio_disparo1
572   0000              	GLOBAL _audio_explosion1
573   0000              	GLOBAL _audio_explosion
574   0000              	GLOBAL _audio_ingame
575   0000              	GLOBAL _player_lost_life
576   0000              	GLOBAL _player_move_jump
577   0000              	GLOBAL _player_tile
578   0000              	GLOBAL _player_pick_deadly
579   0000              	GLOBAL _player_pick_item
580   0000              	GLOBAL _player_check_ceil
581   0000              	GLOBAL _player_check_floor1
582   0000              	GLOBAL _player_check_floor
583   0000              	GLOBAL _player_score_add
584   0000              	GLOBAL _player_move_walk
585   0000              	GLOBAL _player_turn
586   0000              	GLOBAL _player_move
587   0000              	GLOBAL _player_check_input
588   0000              	GLOBAL _player_init
589   0000              	GLOBAL _game_page_map
590   0000              	GLOBAL _game_attribs
591   0000              	GLOBAL _game_add_enemy
592   0000              	GLOBAL _game_print_header
593   0000              	GLOBAL _game_check_time
594   0000              	GLOBAL _game_rotate_attrib_osd
595   0000              	GLOBAL _game_rotate_attrib
596   0000              	GLOBAL _game_colour_message
597   0000              	GLOBAL _game_paint_attrib
598   0000              	GLOBAL _game_print_score
599   0000              	GLOBAL _game_cell_paint_index
600   0000              	GLOBAL _game_cell_paint
601   0000              	GLOBAL _game_check_cell
602   0000              	GLOBAL _game_check_map
603   0000              	GLOBAL _game_loop
604   0000              	GLOBAL _game_round_init
605   0000              	GLOBAL _game_start_timer
606   0000              	GLOBAL _game_update_stats
607   0000              	GLOBAL _game_print_footer
608   0000              	GLOBAL _game_fill_row
609   0000              	GLOBAL _game_cls
610   0000              	GLOBAL _game_fps
611   0000              	GLOBAL _game_draw_map
612   0000              	GLOBAL _ay_reset
613   0000              	GLOBAL _ay_song_stop
614   0000              	GLOBAL _ay_song_play
615   0000              	GLOBAL _ay_fx_stop
616   0000              	GLOBAL _ay_fx_play
617   0000              	GLOBAL _ay_is_playing
618   0000              	GLOBAL _test_func
619   0000              	GLOBAL _test_proc
620   0000              	GLOBAL _in_mouse_kempston_wheel_delta
621   0000              	GLOBAL _in_mouse_kempston_wheel
622   0000              	GLOBAL _in_mouse_kempston_callee
623   0000              	GLOBAL _in_mouse_kempston
624   0000              	GLOBAL _in_mouse_kempston_setpos_callee
625   0000              	GLOBAL _in_mouse_kempston_setpos
626   0000              	GLOBAL _in_mouse_kempston_reset
627   0000              	GLOBAL _in_mouse_kempston_init
628   0000              	GLOBAL _in_mouse_amx_wheel_delta
629   0000              	GLOBAL _in_mouse_amx_wheel
630   0000              	GLOBAL _in_mouse_amx_callee
631   0000              	GLOBAL _in_mouse_amx
632   0000              	GLOBAL _in_mouse_amx_setpos_callee
633   0000              	GLOBAL _in_mouse_amx_setpos
634   0000              	GLOBAL _in_mouse_amx_reset
635   0000              	GLOBAL _in_mouse_amx_init_callee
636   0000              	GLOBAL _in_mouse_amx_init
637   0000              	GLOBAL _in_stick_sinclair2
638   0000              	GLOBAL _in_stick_sinclair1
639   0000              	GLOBAL _in_stick_kempston
640   0000              	GLOBAL _in_stick_fuller
641   0000              	GLOBAL _in_stick_cursor
642   0000              	GLOBAL _in_stick_keyboard_fastcall
643   0000              	GLOBAL _in_stick_keyboard
644   0000              	GLOBAL _in_wait_nokey
645   0000              	GLOBAL _in_wait_key
646   0000              	GLOBAL _in_test_key
647   0000              	GLOBAL _in_pause_fastcall
648   0000              	GLOBAL _in_pause
649   0000              	GLOBAL _in_key_scancode_fastcall
650   0000              	GLOBAL _in_key_scancode
651   0000              	GLOBAL _in_key_pressed_fastcall
652   0000              	GLOBAL _in_key_pressed
653   0000              	GLOBAL _in_inkey
654   0000              	GLOBAL _NIRVANAP_CHAR_TABLE
655   0000              	GLOBAL _NIRVANAP_WIDE_IMAGES
656   0000              	GLOBAL _NIRVANAP_TILE_IMAGES
657   0000              	GLOBAL _NIRVANAP_HOLE
658   0000              	GLOBAL _NIRVANAP_ISR_HOOK
659   0000              	GLOBAL _scan_map
660   0000              	GLOBAL _key_map
661   0000              	GLOBAL _map_paper_last_a
662   0000              	GLOBAL _map_paper_last
663   0000              	GLOBAL _map_paper_clr
664   0000              	GLOBAL _map_paper
665   0000              	GLOBAL _anim_count
666   0000              	GLOBAL _anim_respanwn
667   0000              	GLOBAL _anim_loop
668   0000              	GLOBAL _anim_end
669   0000              	GLOBAL _anim_int
670   0000              	GLOBAL _anim_tile
671   0000              	GLOBAL _anim_col
672   0000              	GLOBAL _anim_lin
673   0000              	GLOBAL _map_heigth
674   0000              	GLOBAL _map_width
675   0000              	GLOBAL _scr_curr
676   0000              	GLOBAL _sprite_kind
677   0000              	GLOBAL _scr_map
678   0000              	GLOBAL _spr_init
679   0000              	GLOBAL _spr_map_tile
680   0000              	GLOBAL _sprite_frames
681   0000              	GLOBAL _sprite_base_speed
682   0000              	GLOBAL _sprite_speed
683   0000              	GLOBAL _screen_ink
684   0000              	GLOBAL _screen_paper
685   0000              	GLOBAL _game_start_scr
686   0000              	GLOBAL _game_score_top
687   0000              	GLOBAL _player_coins
688   0000              	GLOBAL _player_lives
689   0000              	GLOBAL _game_over
690   0000              	GLOBAL _game_sound
691   0000              	GLOBAL _game_inf_lives
692   0000              	GLOBAL _game_inmune
693   0000              	GLOBAL _sprite_curr_index
694   0000              	GLOBAL _spr_count
695   0000              	GLOBAL _anim_time
696   0000              	GLOBAL _frame_time
697   0000              	GLOBAL _curr_time
698   0000              	GLOBAL _game_conveyor_flag
699   0000              	GLOBAL _conv3
700   0000              	GLOBAL _conv2
701   0000              	GLOBAL _conv1
702   0000              	GLOBAL _conv0
703   0000              	GLOBAL _p_state_a
704   0000              	GLOBAL _p_state
705   0000              	GLOBAL _attrib8
706   0000              	GLOBAL _attrib7
707   0000              	GLOBAL _attrib6
708   0000              	GLOBAL _attrib5
709   0000              	GLOBAL _attrib4
710   0000              	GLOBAL _attrib3
711   0000              	GLOBAL _attrib2
712   0000              	GLOBAL _attrib1
713   0000              	GLOBAL _attrib0
714   0000              	GLOBAL _attrib_red
715   0000              	GLOBAL _game_attrib_osd
716   0000              	GLOBAL _attrib_osd
717   0000              	GLOBAL _attrib_hl
718   0000              	GLOBAL _attrib
719   0000              	GLOBAL _zx_val_asm
720   0000              	GLOBAL _enemies
721   0000              	GLOBAL _tmp_ui
722   0000              	GLOBAL _tmp_sc
723   0000              	GLOBAL _tmp_uc
724   0000              	GLOBAL _tmp1
725   0000              	GLOBAL _tmp0
726   0000              	GLOBAL _tmp
727   0000              	GLOBAL _index1
728   0000              	GLOBAL _index0
729   0000              	GLOBAL _loop_count
730   0000              	GLOBAL _s_class
731   0000              	GLOBAL _s_row1
732   0000              	GLOBAL _s_col1
733   0000              	GLOBAL _s_col0
734   0000              	GLOBAL _s_lin1
735   0000              	GLOBAL _s_lin0
736   0000              	GLOBAL _s_tile1
737   0000              	GLOBAL _s_tile0
738   0000              	GLOBAL _player_kill_index
739   0000              	GLOBAL _player_killed
740   0000              	GLOBAL _player_jump_top
741   0000              	GLOBAL _player_hit_count
742   0000              	GLOBAL _game_fps_show
743   0000              	GLOBAL _game_debug
744   0000              	GLOBAL _sprite
745   0000              	GLOBAL _fps
746   0000              	GLOBAL _menu_curr_sel
747   0000              	GLOBAL _game_control_mode
748   0000              	GLOBAL _game_round_up
749   0000              	GLOBAL _game_conveyor_col1
750   0000              	GLOBAL _game_conveyor_col0
751   0000              	GLOBAL _game_conveyor_lin
752   0000              	GLOBAL _game_conveyor_dir
753   0000              	GLOBAL _game_song_play_start
754   0000              	GLOBAL _game_song_play
755   0000              	GLOBAL _game_world
756   0000              	GLOBAL _game_gravity
757   0000              	GLOBAL _player_jumpcount
758   0000              	GLOBAL _player_hit
759   0000              	GLOBAL _player_hit_time
760   0000              	GLOBAL _player_lin_scr
761   0000              	GLOBAL _player_col_scr
762   0000              	GLOBAL _player_max_vita
763   0000              	GLOBAL _player_max_mana
764   0000              	GLOBAL _player_keys
765   0000              	GLOBAL _player_vel_inc
766   0000              	GLOBAL _player_vel_y0
767   0000              	GLOBAL _player_vel_y
768   0000              	GLOBAL _player_score
769   0000              	GLOBAL _last_time
770   0000              	GLOBAL _obj_count
771   0000              	GLOBAL _obj_col
772   0000              	GLOBAL _obj_lin
773   0000              	GLOBAL _spr_timer
774   0000              	GLOBAL _jump_lin
775   0000              	GLOBAL _colint
776   0000              	GLOBAL _col
777   0000              	GLOBAL _tbuffer
778   0000              	GLOBAL _lin
779   0000              	GLOBAL _tile
780   0000              	GLOBAL _value_b
781   0000              	GLOBAL _value_a
782   0000              	GLOBAL _state_a
783   0000              	GLOBAL _state
784   0000              	GLOBAL _class
785   0000              	GLOBAL _dirs
786   0000              	GLOBAL _k2
787   0000              	GLOBAL _k1
788   0000              	GLOBAL _joyfunc2
789   0000              	GLOBAL _joyfunc1
790   0000              	GLOBAL _btiles
791   0000              	GLOBAL _v3
792   0000              	GLOBAL _v2
793   0000              	GLOBAL _v1
794   0000              	GLOBAL _v0
795   0000              	GLOBAL _i
796   0000              	GLOBAL _spec128
797   0000              	GLOBAL _GLOBAL_ZX_PORT_7FFD
798   0000              	GLOBAL _GLOBAL_ZX_PORT_1FFD
799   0000              	GLOBAL _GLOBAL_ZX_PORT_FE
800   0000              	GLOBAL _ay_fx_06_disparo_fire
801   0000              	GLOBAL _ay_fx_06_disparo_axe
802   0000              	GLOBAL _ay_fx_06_explosion1
803   0000              	GLOBAL _ay_fx_06_efecto
804   0000              	GLOBAL _ay_fx_06_disparo2
805   0000              	GLOBAL _ay_fx_06_disparo1
806   0000              	GLOBAL _ay_fx_06_levelup
807   0000              	GLOBAL _ay_fx_06_magic
808   0000              	GLOBAL _ay_fx_06_sin_mana
809   0000              	GLOBAL _ay_fx_06_salto
810   0000              	GLOBAL _ay_fx_06_puerta
811   0000              	GLOBAL _ay_fx_06_magic1
812   0000              	GLOBAL _ay_fx_06_golpe
813   0000              	GLOBAL _ay_fx_06_explosion
814   0000              	GLOBAL _ay_fx_06_dano_por_toque
815   0000              	GLOBAL _ay_fx_06_coin
816   0000              	GLOBAL _ay_song_06_lotr_level_start
817   0000              	GLOBAL _ay_song_06_lotr_level_complete
818   0000              	GLOBAL _ay_song_06_lotr_lose_a_life
819   0000              	GLOBAL _ay_song_04_ingame0
820   0000              	GLOBAL _ay_song_04_ingame
821   0000              	GLOBAL _lenght0
822   0000              	GLOBAL _world0
823   0000              ;--------------------------------------------------------
824   0000              ; special function registers
825   0000              ;--------------------------------------------------------
826   0000              defc _IO_FE	=	0x00fe
827   0000              defc _IO_1FFD	=	0x1ffd
828   0000              defc _IO_7FFD	=	0x7ffd
829   0000              ;--------------------------------------------------------
830   0000              ; ram data
831   0000              ;--------------------------------------------------------
832   0000              	SECTION bss_compiler
833   0000              ;--------------------------------------------------------
834   0000              ; ram data
835   0000              ;--------------------------------------------------------
836   0000              
837   0000              IF 0
838   0000              
839   0000              ; .area _INITIALIZED removed by z88dk
840   0000              
841   0000              
842   0000              ENDIF
843   0000              
844   0000              ;--------------------------------------------------------
845   0000              ; absolute external ram data
846   0000              ;--------------------------------------------------------
847   0000              	SECTION IGNORE
848   0000              ;--------------------------------------------------------
849   0000              ; global & static initialisations
850   0000              ;--------------------------------------------------------
851   0000              	SECTION code_crt_init
852   0000              ;--------------------------------------------------------
853   0000              ; Home
854   0000              ;--------------------------------------------------------
855   0000              	SECTION IGNORE
856   0000              ;--------------------------------------------------------
857   0000              ; code
858   0000              ;--------------------------------------------------------
859   0000              	SECTION code_compiler
860   0000              ;	---------------------------------
861   0000              ; Function enemy_turn
862   0000              ; ---------------------------------
863   0000              _enemy_turn:
864   0000  21 00 00    	ld	hl,_sprite
865   0003  36 00       	ld	(hl),0x00
866   0005              l_enemy_turn_00104:
867   0005  21 00 00    	ld	hl,_sprite
868   0008  7E          	ld	a, (hl)
869   0009  D6 07       	sub	a,0x07
870   000B  30 67       	jr	NC,l_enemy_turn_00107
871   000D  4E          	ld	c,(hl)
872   000E  06 00       	ld	b,0x00
873   0010  21 00 00    	ld	hl,_class
874   0013  09          	add	hl,bc
875   0014  7E          	ld	a,(hl)
876   0015  32 00 00    	ld	(_s_class),a
877   0018  B7          	or	a, a
878   0019  28 53       	jr	Z,l_enemy_turn_00102
879   001B  21 00 00    	ld	hl,_sprite
880   001E  CD 00 00    	call	_spr_chktime
881   0021  7D          	ld	a, l
882   0022  B7          	or	a, a
883   0023  28 49       	jr	Z,l_enemy_turn_00102
884   0025  2A 00 00    	ld	hl,(_sprite)
885   0028  26 00       	ld	h,0x00
886   002A  01 00 00    	ld	bc,_lin
887   002D  09          	add	hl,bc
888   002E  7E          	ld	a,(hl)
889   002F  32 00 00    	ld	(_s_lin0),a
890   0032  2A 00 00    	ld	hl,(_sprite)
891   0035  26 00       	ld	h,0x00
892   0037  01 00 00    	ld	bc,_col
893   003A  09          	add	hl,bc
894   003B  7E          	ld	a,(hl)
895   003C  32 00 00    	ld	(_s_col0),a
896   003F  2A 00 00    	ld	hl,(_sprite)
897   0042  26 00       	ld	h,0x00
898   0044  01 00 00    	ld	bc,_state
899   0047  09          	add	hl,bc
900   0048  22 00 00    	ld	(_p_state),hl
901   004B  2A 00 00    	ld	hl,(_sprite)
902   004E  26 00       	ld	h,0x00
903   0050  01 00 00    	ld	bc,_state_a
904   0053  09          	add	hl,bc
905   0054  22 00 00    	ld	(_p_state_a),hl
906   0057  CD 75 00    	call	_enemy_move
907   005A  CD 00 00    	call	_spr_paint
908   005D  2A 00 00    	ld	hl,(_sprite)
909   0060  26 00       	ld	h,0x00
910   0062  29          	add	hl,hl
911   0063  01 00 00    	ld	bc,_last_time
912   0066  09          	add	hl,bc
913   0067  ED 5B 00 00 	ld	de,(_curr_time)
914   006B  73          	ld	(hl),e
915   006C  23          	inc	hl
916   006D  72          	ld	(hl),d
917   006E              l_enemy_turn_00102:
918   006E  21 00 00    	ld	hl,_sprite
919   0071  34          	inc	(hl)
920   0072  18 91       	jr	l_enemy_turn_00104
921   0074              l_enemy_turn_00107:
922   0074  C9          	ret
923   0075              	SECTION code_compiler
924   0075              ;	---------------------------------
925   0075              ; Function enemy_move
926   0075              ; ---------------------------------
927   0075              _enemy_move:
928   0075  2A 00 00    	ld	hl,(_s_class)
929   0078  26 00       	ld	h,0x00
930   007A  01 00 00    	ld	bc,_sprite_kind
931   007D  09          	add	hl,bc
932   007E  4E          	ld	c,(hl)
933   007F  3E 06       	ld	a,0x06
934   0081  91          	sub	a, c
935   0082  38 3A       	jr	C,l_enemy_move_00108
936   0084  06 00       	ld	b,0x00
937   0086  21 8D 00    	ld	hl,l_enemy_move_00114
938   0089  09          	add	hl, bc
939   008A  09          	add	hl, bc
940   008B  09          	add	hl, bc
941   008C  E9          	jp	(hl)
942   008D              l_enemy_move_00114:
943   008D  C3 BE 00    	jp	l_enemy_move_00108
944   0090  C3 A7 00    	jp	l_enemy_move_00102
945   0093  C3 B1 00    	jp	l_enemy_move_00104
946   0096  C3 AC 00    	jp	l_enemy_move_00103
947   0099  C3 A2 00    	jp	l_enemy_move_00101
948   009C  C3 B6 00    	jp	l_enemy_move_00105
949   009F  C3 BB 00    	jp	l_enemy_move_00106
950   00A2              l_enemy_move_00101:
951   00A2  CD E0 01    	call	_enemy_static
952   00A5  18 17       	jr	l_enemy_move_00108
953   00A7              l_enemy_move_00102:
954   00A7  CD 13 02    	call	_enemy_horizontal
955   00AA  18 12       	jr	l_enemy_move_00108
956   00AC              l_enemy_move_00103:
957   00AC  CD 13 02    	call	_enemy_horizontal
958   00AF  18 0D       	jr	l_enemy_move_00108
959   00B1              l_enemy_move_00104:
960   00B1  CD 00 00    	call	_enemy_vertical
961   00B4  18 08       	jr	l_enemy_move_00108
962   00B6              l_enemy_move_00105:
963   00B6  CD 0C 01    	call	_enemy_ghost
964   00B9  18 03       	jr	l_enemy_move_00108
965   00BB              l_enemy_move_00106:
966   00BB  CD BF 00    	call	_enemy_gota
967   00BE              l_enemy_move_00108:
968   00BE  C9          	ret
969   00BF              	SECTION code_compiler
970   00BF              ;	---------------------------------
971   00BF              ; Function enemy_gota
972   00BF              ; ---------------------------------
973   00BF              _enemy_gota:
974   00BF  CD 00 00    	call	___sdcc_enter_ix
975   00C2  3B          	dec	sp
976   00C3  2A 00 00    	ld	hl,(_sprite)
977   00C6  26 00       	ld	h,0x00
978   00C8  01 00 00    	ld	bc,_colint
979   00CB  09          	add	hl,bc
980   00CC  7E          	ld	a,(hl)
981   00CD  B7          	or	a,a
982   00CE  4D          	ld	c,l
983   00CF  44          	ld	b,h
984   00D0  20 14       	jr	NZ,l_enemy_gota_00106
985   00D2  CD 00 00    	call	_spr_move_down
986   00D5  7D          	ld	a, l
987   00D6  B7          	or	a, a
988   00D7  28 2F       	jr	Z,l_enemy_gota_00108
989   00D9  2A 00 00    	ld	hl,(_sprite)
990   00DC  26 00       	ld	h,0x00
991   00DE  01 00 00    	ld	bc,_colint
992   00E1  09          	add	hl,bc
993   00E2  36 01       	ld	(hl),0x01
994   00E4  18 22       	jr	l_enemy_gota_00108
995   00E6              l_enemy_gota_00106:
996   00E6  3C          	inc	a
997   00E7  02          	ld	(bc), a
998   00E8  2A 00 00    	ld	hl,(_sprite)
999   00EB  26 00       	ld	h,0x00
1000  00ED  01 00 00    	ld	bc,_colint
1001  00F0  09          	add	hl,bc
1002  00F1  7E          	ld	a,(hl)
1003  00F2  DD 77 FF    	ld	(ix-1),a
1004  00F5  4D          	ld	c,l
1005  00F6  44          	ld	b,h
1006  00F7  2A 00 00    	ld	hl,(_s_class)
1007  00FA  26 00       	ld	h,0x00
1008  00FC  11 00 00    	ld	de,_sprite_frames
1009  00FF  19          	add	hl,de
1010  0100  DD 7E FF    	ld	a,(ix-1)
1011  0103  96          	sub	a,(hl)
1012  0104  20 02       	jr	NZ,l_enemy_gota_00108
1013  0106  AF          	xor	a, a
1014  0107  02          	ld	(bc), a
1015  0108              l_enemy_gota_00108:
1016  0108  33          	inc	sp
1017  0109  DD E1       	pop	ix
1018  010B  C9          	ret
1019  010C              	SECTION code_compiler
1020  010C              ;	---------------------------------
1021  010C              ; Function enemy_ghost
1022  010C              ; ---------------------------------
1023  010C              _enemy_ghost:
1024  010C  CD 00 00    	call	___sdcc_enter_ix
1025  010F  3B          	dec	sp
1026  0110  0E 00       	ld	c,0x00
1027  0112  21 07 00    	ld	hl,+(_col + 0x0007)
1028  0115  46          	ld	b, (hl)
1029  0116  3A 00 00    	ld	a,(_s_col0)
1030  0119  90          	sub	a, b
1031  011A  30 1D       	jr	NC,l_enemy_ghost_00102
1032  011C  CD 00 00    	call	_spr_set_right
1033  011F  3A 00 00    	ld	a,(_sprite)
1034  0122  C6 00       	add	a,+((_tile) & 0xFF)
1035  0124  5F          	ld	e,a
1036  0125  3E 00       	ld	a,+((_tile) / 256)
1037  0127  CE 00       	adc	a,0x00
1038  0129  57          	ld	d,a
1039  012A  D5          	push	de
1040  012B  21 00 00    	ld	hl,_sprite
1041  012E  CD 00 00    	call	_spr_tile
1042  0131  D1          	pop	de
1043  0132  7D          	ld	a,l
1044  0133  12          	ld	(de), a
1045  0134  CD 00 00    	call	_spr_move_right
1046  0137  0E 01       	ld	c,0x01
1047  0139              l_enemy_ghost_00102:
1048  0139  3A 07 00    	ld	a,(_col + 0x0007)
1049  013C  21 00 00    	ld	hl,_s_col0
1050  013F  96          	sub	a, (hl)
1051  0140  30 1B       	jr	NC,l_enemy_ghost_00104
1052  0142  CD 00 00    	call	_spr_set_left
1053  0145  2A 00 00    	ld	hl,(_sprite)
1054  0148  26 00       	ld	h,0x00
1055  014A  01 00 00    	ld	bc,_tile
1056  014D  09          	add	hl,bc
1057  014E  E5          	push	hl
1058  014F  21 00 00    	ld	hl,_sprite
1059  0152  CD 00 00    	call	_spr_tile
1060  0155  C1          	pop	bc
1061  0156  7D          	ld	a,l
1062  0157  02          	ld	(bc), a
1063  0158  CD 00 00    	call	_spr_move_left
1064  015B  0E 01       	ld	c,0x01
1065  015D              l_enemy_ghost_00104:
1066  015D  2A 00 00    	ld	hl,(_sprite)
1067  0160  26 00       	ld	h,0x00
1068  0162  11 00 00    	ld	de,_col
1069  0165  19          	add	hl,de
1070  0166  46          	ld	b, (hl)
1071  0167  3A 00 00    	ld	a,(_s_col0)
1072  016A  90          	sub	a, b
1073  016B  20 5F       	jr	NZ,l_enemy_ghost_00115
1074  016D  3A 07 00    	ld	a,(_lin + 0x0007)
1075  0170  47          	ld	b,a
1076  0171  21 00 00    	ld	hl,_s_lin0
1077  0174  96          	sub	a, (hl)
1078  0175  30 05       	jr	NC,l_enemy_ghost_00106
1079  0177  C5          	push	bc
1080  0178  CD 00 00    	call	_spr_move_up
1081  017B  C1          	pop	bc
1082  017C              l_enemy_ghost_00106:
1083  017C  21 07 00    	ld	hl,+(_lin + 0x0007)
1084  017F  46          	ld	b, (hl)
1085  0180  3A 00 00    	ld	a,(_s_lin0)
1086  0183  90          	sub	a, b
1087  0184  30 05       	jr	NC,l_enemy_ghost_00108
1088  0186  C5          	push	bc
1089  0187  CD 00 00    	call	_spr_move_down
1090  018A  C1          	pop	bc
1091  018B              l_enemy_ghost_00108:
1092  018B  79          	ld	a, c
1093  018C  B7          	or	a, a
1094  018D  20 4D       	jr	NZ,l_enemy_ghost_00117
1095  018F  2A 00 00    	ld	hl,(_sprite)
1096  0192  26 00       	ld	h,0x00
1097  0194  01 00 00    	ld	bc,_lin
1098  0197  09          	add	hl,bc
1099  0198  4E          	ld	c,(hl)
1100  0199  3A 00 00    	ld	a,(_s_lin0)
1101  019C  91          	sub	a, c
1102  019D  28 3D       	jr	Z,l_enemy_ghost_00117
1103  019F  01 00 00    	ld	bc,_colint+0
1104  01A2  79          	ld	a, c
1105  01A3  21 00 00    	ld	hl,_sprite
1106  01A6  86          	add	a, (hl)
1107  01A7  5F          	ld	e, a
1108  01A8  78          	ld	a, b
1109  01A9  CE 00       	adc	a,0x00
1110  01AB  57          	ld	d, a
1111  01AC  1A          	ld	a, (de)
1112  01AD  3C          	inc	a
1113  01AE  12          	ld	(de), a
1114  01AF  6E          	ld	l,(hl)
1115  01B0  26 00       	ld	h,0x00
1116  01B2  09          	add	hl,bc
1117  01B3  7E          	ld	a,(hl)
1118  01B4  DD 77 FF    	ld	(ix-1),a
1119  01B7  4D          	ld	c,l
1120  01B8  44          	ld	b,h
1121  01B9  2A 00 00    	ld	hl,(_s_class)
1122  01BC  26 00       	ld	h,0x00
1123  01BE  11 00 00    	ld	de,_sprite_frames
1124  01C1  19          	add	hl,de
1125  01C2  DD 7E FF    	ld	a,(ix-1)
1126  01C5  96          	sub	a,(hl)
1127  01C6  20 14       	jr	NZ,l_enemy_ghost_00117
1128  01C8  AF          	xor	a, a
1129  01C9  02          	ld	(bc), a
1130  01CA  18 10       	jr	l_enemy_ghost_00117
1131  01CC              l_enemy_ghost_00115:
1132  01CC  CD 00 00    	call	_spr_back_repaint
1133  01CF  2A 00 00    	ld	hl,(_sprite)
1134  01D2  26 00       	ld	h,0x00
1135  01D4  01 00 00    	ld	bc,_col
1136  01D7  09          	add	hl,bc
1137  01D8  7E          	ld	a,(hl)
1138  01D9  32 00 00    	ld	(_s_col0),a
1139  01DC              l_enemy_ghost_00117:
1140  01DC  33          	inc	sp
1141  01DD  DD E1       	pop	ix
1142  01DF  C9          	ret
1143  01E0              	SECTION code_compiler
1144  01E0              ;	---------------------------------
1145  01E0              ; Function enemy_static
1146  01E0              ; ---------------------------------
1147  01E0              _enemy_static:
1148  01E0  CD 00 00    	call	___sdcc_enter_ix
1149  01E3  3B          	dec	sp
1150  01E4  01 00 00    	ld	bc,_colint+0
1151  01E7  79          	ld	a, c
1152  01E8  21 00 00    	ld	hl,_sprite
1153  01EB  86          	add	a, (hl)
1154  01EC  5F          	ld	e, a
1155  01ED  78          	ld	a, b
1156  01EE  CE 00       	adc	a,0x00
1157  01F0  57          	ld	d, a
1158  01F1  1A          	ld	a, (de)
1159  01F2  3C          	inc	a
1160  01F3  12          	ld	(de), a
1161  01F4  6E          	ld	l,(hl)
1162  01F5  26 00       	ld	h,0x00
1163  01F7  09          	add	hl,bc
1164  01F8  7E          	ld	a,(hl)
1165  01F9  DD 77 FF    	ld	(ix-1),a
1166  01FC  4D          	ld	c,l
1167  01FD  44          	ld	b,h
1168  01FE  2A 00 00    	ld	hl,(_s_class)
1169  0201  26 00       	ld	h,0x00
1170  0203  11 00 00    	ld	de,_sprite_frames
1171  0206  19          	add	hl,de
1172  0207  DD 7E FF    	ld	a,(ix-1)
1173  020A  96          	sub	a,(hl)
1174  020B  20 02       	jr	NZ,l_enemy_static_00103
1175  020D  AF          	xor	a, a
1176  020E  02          	ld	(bc), a
1177  020F              l_enemy_static_00103:
1178  020F  33          	inc	sp
1179  0210  DD E1       	pop	ix
1180  0212  C9          	ret
1181  0213              	SECTION code_compiler
1182  0213              ;	---------------------------------
1183  0213              ; Function enemy_horizontal
1184  0213              ; ---------------------------------
1185  0213              _enemy_horizontal:
1186  0213  2A 00 00    	ld	hl,(_p_state)
1187  0216  CB 56       	bit	2,(hl)
1188  0218  28 51       	jr	Z,l_enemy_horizontal_00108
1189  021A  CD 00 00    	call	_spr_move_right_f
1190  021D  2A 00 00    	ld	hl,(_sprite)
1191  0220  26 00       	ld	h,0x00
1192  0222  01 00 00    	ld	bc,_col
1193  0225  09          	add	hl,bc
1194  0226  4E          	ld	c, (hl)
1195  0227  2A 00 00    	ld	hl,(_sprite)
1196  022A  26 00       	ld	h,0x00
1197  022C  11 00 00    	ld	de,_value_b
1198  022F  19          	add	hl,de
1199  0230  7E          	ld	a,(hl)
1200  0231  91          	sub	a,c
1201  0232  C2 B6 02    	jp	NZ,l_enemy_horizontal_00110
1202  0235  2A 00 00    	ld	hl,(_sprite)
1203  0238  26 00       	ld	h,0x00
1204  023A  01 00 00    	ld	bc,_colint
1205  023D  09          	add	hl,bc
1206  023E  7E          	ld	a,(hl)
1207  023F  D6 03       	sub	a,0x03
1208  0241  20 73       	jr	NZ,l_enemy_horizontal_00110
1209  0243  CD 00 00    	call	_spr_set_left
1210  0246  2A 00 00    	ld	hl,(_sprite)
1211  0249  26 00       	ld	h,0x00
1212  024B  01 00 00    	ld	bc,_state
1213  024E  09          	add	hl,bc
1214  024F  4D          	ld	c,l
1215  0250  44          	ld	b,h
1216  0251  2A 00 00    	ld	hl,(_p_state)
1217  0254  7E          	ld	a,(hl)
1218  0255  02          	ld	(bc),a
1219  0256  2A 00 00    	ld	hl,(_sprite)
1220  0259  26 00       	ld	h,0x00
1221  025B  01 00 00    	ld	bc,_tile
1222  025E  09          	add	hl,bc
1223  025F  E5          	push	hl
1224  0260  21 00 00    	ld	hl,_sprite
1225  0263  CD 00 00    	call	_spr_tile
1226  0266  C1          	pop	bc
1227  0267  7D          	ld	a,l
1228  0268  02          	ld	(bc), a
1229  0269  18 4B       	jr	l_enemy_horizontal_00110
1230  026B              l_enemy_horizontal_00108:
1231  026B  CD 00 00    	call	_spr_move_left_f
1232  026E  2A 00 00    	ld	hl,(_sprite)
1233  0271  26 00       	ld	h,0x00
1234  0273  01 00 00    	ld	bc,_col
1235  0276  09          	add	hl,bc
1236  0277  4E          	ld	c, (hl)
1237  0278  2A 00 00    	ld	hl,(_sprite)
1238  027B  26 00       	ld	h,0x00
1239  027D  11 00 00    	ld	de,_value_a
1240  0280  19          	add	hl,de
1241  0281  7E          	ld	a,(hl)
1242  0282  91          	sub	a,c
1243  0283  C0          	ret	NZ
1244  0284  2A 00 00    	ld	hl,(_sprite)
1245  0287  26 00       	ld	h,0x00
1246  0289  01 00 00    	ld	bc,_colint
1247  028C  09          	add	hl,bc
1248  028D  7E          	ld	a,(hl)
1249  028E  B7          	or	a, a
1250  028F  C0          	ret	NZ
1251  0290  CD 00 00    	call	_spr_set_right
1252  0293  2A 00 00    	ld	hl,(_sprite)
1253  0296  26 00       	ld	h,0x00
1254  0298  01 00 00    	ld	bc,_state
1255  029B  09          	add	hl,bc
1256  029C  4D          	ld	c,l
1257  029D  44          	ld	b,h
1258  029E  2A 00 00    	ld	hl,(_p_state)
1259  02A1  7E          	ld	a,(hl)
1260  02A2  02          	ld	(bc),a
1261  02A3  2A 00 00    	ld	hl,(_sprite)
1262  02A6  26 00       	ld	h,0x00
1263  02A8  01 00 00    	ld	bc,_tile
1264  02AB  09          	add	hl,bc
1265  02AC  E5          	push	hl
1266  02AD  21 00 00    	ld	hl,_sprite
1267  02B0  CD 00 00    	call	_spr_tile
1268  02B3  C1          	pop	bc
1269  02B4  7D          	ld	a,l
1270  02B5  02          	ld	(bc), a
1271  02B6              l_enemy_horizontal_00110:
1272  02B6  C9          	ret
1273  02B7              	SECTION code_compiler
1274  02B7              ;	---------------------------------
1275  02B7              ; Function enemy_vertical is a stub
1276  02B7              ; ---------------------------------
1277  02B7              EXTERN l_ret
1278  02B7              defc _enemy_vertical = l_ret
1279  02B7              	SECTION code_compiler
1280  02B7              ;	---------------------------------
1281  02B7              ; Function enemy_walk is a stub
1282  02B7              ; ---------------------------------
1283  02B7              EXTERN l_ret
1284  02B7              defc _enemy_walk = l_ret
1285  02B7              	SECTION code_compiler
1286  02B7              ;	---------------------------------
1287  02B7              ; Function enemy_kill
1288  02B7              ; ---------------------------------
1289  02B7              _enemy_kill:
1290  02B7  4D          	ld	c,l
1291  02B8  11 00 00    	ld	de,_lin+0
1292  02BB  26 00       	ld	h,0x00
1293  02BD  19          	add	hl, de
1294  02BE  7E          	ld	a, (hl)
1295  02BF  32 00 00    	ld	(_s_lin0),a
1296  02C2  11 00 00    	ld	de,_col+0
1297  02C5  69          	ld	l,c
1298  02C6  26 00       	ld	h,0x00
1299  02C8  19          	add	hl, de
1300  02C9  7E          	ld	a, (hl)
1301  02CA  32 00 00    	ld	(_s_col0),a
1302  02CD  69          	ld	l, c
1303  02CE  C3 00 00    	jp  _spr_destroy
1304  02D1              	SECTION code_compiler
1305  02D1              ;	---------------------------------
1306  02D1              ; Function enemy_avoid_fall
1307  02D1              ; ---------------------------------
1308  02D1              _enemy_avoid_fall:
1309  02D1  2A 00 00    	ld	hl,(_p_state)
1310  02D4  CB 56       	bit	2,(hl)
1311  02D6  28 24       	jr	Z,l_enemy_avoid_fall_00102
1312  02D8  2A 00 00    	ld	hl,(_sprite)
1313  02DB  26 00       	ld	h,0x00
1314  02DD  01 00 00    	ld	bc,_col
1315  02E0  09          	add	hl,bc
1316  02E1  7E          	ld	a,(hl)
1317  02E2  C6 02       	add	a,0x02
1318  02E4  57          	ld	d,a
1319  02E5  2A 00 00    	ld	hl,(_sprite)
1320  02E8  26 00       	ld	h,0x00
1321  02EA  01 00 00    	ld	bc,_lin
1322  02ED  09          	add	hl,bc
1323  02EE  7E          	ld	a,(hl)
1324  02EF  C6 10       	add	a,0x10
1325  02F1  5F          	ld	e, a
1326  02F2  D5          	push	de
1327  02F3  CD 00 00    	call	_spr_calc_index
1328  02F6  F1          	pop	af
1329  02F7  22 00 00    	ld	(_index1),hl
1330  02FA  18 23       	jr	l_enemy_avoid_fall_00103
1331  02FC              l_enemy_avoid_fall_00102:
1332  02FC  2A 00 00    	ld	hl,(_sprite)
1333  02FF  26 00       	ld	h,0x00
1334  0301  01 00 00    	ld	bc,_col
1335  0304  09          	add	hl,bc
1336  0305  7E          	ld	a,(hl)
1337  0306  C6 FE       	add	a,-0x02
1338  0308  47          	ld	b,a
1339  0309  3A 00 00    	ld	a,(_sprite)
1340  030C  5F          	ld	e,a
1341  030D  16 00       	ld	d,0x00
1342  030F  21 00 00    	ld	hl,_lin
1343  0312  19          	add	hl,de
1344  0313  7E          	ld	a,(hl)
1345  0314  C6 10       	add	a,0x10
1346  0316  4F          	ld	c,a
1347  0317  C5          	push	bc
1348  0318  CD 00 00    	call	_spr_calc_index
1349  031B  F1          	pop	af
1350  031C  22 00 00    	ld	(_index1),hl
1351  031F              l_enemy_avoid_fall_00103:
1352  031F  01 00 00    	ld	bc,_scr_map
1353  0322  2A 00 00    	ld	hl,(_index1)
1354  0325  09          	add	hl,bc
1355  0326  7E          	ld	a,(hl)
1356  0327  D6 01       	sub	a,0x01
1357  0329  D0          	ret	NC
1358  032A  C3 00 00    	jp  _spr_turn_horizontal
1359  032D              	SECTION code_compiler
1360  032D              ;	---------------------------------
1361  032D              ; Function enemy_avoid_dead
1362  032D              ; ---------------------------------
1363  032D              _enemy_avoid_dead:
1364  032D  2A 00 00    	ld	hl,(_sprite)
1365  0330  26 00       	ld	h,0x00
1366  0332  01 00 00    	ld	bc,_col
1367  0335  09          	add	hl,bc
1368  0336  56          	ld	d, (hl)
1369  0337  2A 00 00    	ld	hl,(_sprite)
1370  033A  26 00       	ld	h,0x00
1371  033C  01 00 00    	ld	bc,_lin
1372  033F  09          	add	hl,bc
1373  0340  5E          	ld	e, (hl)
1374  0341  D5          	push	de
1375  0342  CD 00 00    	call	_spr_calc_index
1376  0345  F1          	pop	af
1377  0346  22 00 00    	ld	(_index1),hl
1378  0349  2A 00 00    	ld	hl,(_p_state)
1379  034C  CB 56       	bit	2,(hl)
1380  034E  28 0A       	jr	Z,l_enemy_avoid_dead_00102
1381  0350  21 00 00    	ld	hl,_index1
1382  0353  34          	inc	(hl)
1383  0354  20 0B       	jr	NZ,l_enemy_avoid_dead_00103
1384  0356  23          	inc	hl
1385  0357  34          	inc	(hl)
1386  0358  18 07       	jr	l_enemy_avoid_dead_00103
1387  035A              l_enemy_avoid_dead_00102:
1388  035A  2A 00 00    	ld	hl,(_index1)
1389  035D  2B          	dec	hl
1390  035E  22 00 00    	ld	(_index1),hl
1391  0361              l_enemy_avoid_dead_00103:
1392  0361  01 00 00    	ld	bc,_scr_map+0
1393  0364  2A 00 00    	ld	hl,(_index1)
1394  0367  09          	add	hl,bc
1395  0368  7E          	ld	a,(hl)
1396  0369  21 00 00    	ld	hl,_tmp0
1397  036C  77          	ld	(hl), a
1398  036D  3E 2F       	ld	a,0x2f
1399  036F  96          	sub	a, (hl)
1400  0370  30 0C       	jr	NC,l_enemy_avoid_dead_00105
1401  0372  7E          	ld	a, (hl)
1402  0373  D6 01       	sub	a,0x01
1403  0375  30 07       	jr	NC,l_enemy_avoid_dead_00105
1404  0377  CD 00 00    	call	_spr_turn_horizontal
1405  037A  2E 01       	ld	l,0x01
1406  037C  18 23       	jr	l_enemy_avoid_dead_00110
1407  037E              l_enemy_avoid_dead_00105:
1408  037E  2A 00 00    	ld	hl,(_index1)
1409  0381  11 10 00    	ld	de,0x0010
1410  0384  19          	add	hl,de
1411  0385  22 00 00    	ld	(_index1),hl
1412  0388  09          	add	hl,bc
1413  0389  7E          	ld	a,(hl)
1414  038A  21 00 00    	ld	hl,_tmp0
1415  038D  77          	ld	(hl), a
1416  038E  3E 2F       	ld	a,0x2f
1417  0390  96          	sub	a, (hl)
1418  0391  30 0C       	jr	NC,l_enemy_avoid_dead_00108
1419  0393  7E          	ld	a, (hl)
1420  0394  D6 01       	sub	a,0x01
1421  0396  30 07       	jr	NC,l_enemy_avoid_dead_00108
1422  0398  CD 00 00    	call	_spr_turn_horizontal
1423  039B  2E 01       	ld	l,0x01
1424  039D  18 02       	jr	l_enemy_avoid_dead_00110
1425  039F              l_enemy_avoid_dead_00108:
1426  039F  2E 00       	ld	l,0x00
1427  03A1              l_enemy_avoid_dead_00110:
1428  03A1  C9          	ret
1429  03A2              	SECTION code_compiler
1430  03A2              ;	---------------------------------
1431  03A2              ; Function enemy_init
1432  03A2              ; ---------------------------------
1433  03A2              _enemy_init:
1434  03A2  CD 00 00    	call	___sdcc_enter_ix
1435  03A5  F5          	push	af
1436  03A6  3E 00       	ld	a,0x00
1437  03A8  F5          	push	af
1438  03A9  33          	inc	sp
1439  03AA  1E 00       	ld	e,0x00
1440  03AC              l_enemy_init_00104:
1441  03AC  7B          	ld	a, e
1442  03AD  D6 07       	sub	a,0x07
1443  03AF  3E 00       	ld	a,0x00
1444  03B1  17          	rla
1445  03B2  4F          	ld	c, a
1446  03B3  3E 00       	ld	a, +((_class) & 0xFF)
1447  03B5  83          	add	a, e
1448  03B6  DD 77 FE    	ld	(ix-2),a
1449  03B9  3E 00       	ld	a, +((_class) / 256)
1450  03BB  CE 00       	adc	a,0x00
1451  03BD  DD 77 FF    	ld	(ix-1),a
1452  03C0  79          	ld	a, c
1453  03C1  B7          	or	a, a
1454  03C2  28 10       	jr	Z,l_enemy_init_00121
1455  03C4  DD 6E FE    	ld	l,(ix-2)
1456  03C7  DD 66 FF    	ld	h,(ix-1)
1457  03CA  7E          	ld	a, (hl)
1458  03CB  B7          	or	a, a
1459  03CC  28 06       	jr	Z,l_enemy_init_00121
1460  03CE  1C          	inc	e
1461  03CF  DD 73 FD    	ld	(ix-3),e
1462  03D2  18 D8       	jr	l_enemy_init_00104
1463  03D4              l_enemy_init_00121:
1464  03D4  DD 73 FD    	ld	(ix-3),e
1465  03D7  21 00 00    	ld	hl,_sprite
1466  03DA  36 FF       	ld	(hl),0xff
1467  03DC  79          	ld	a, c
1468  03DD  B7          	or	a, a
1469  03DE  CA B0 04    	jp	Z, l_enemy_init_00113
1470  03E1  73          	ld	(hl), e
1471  03E2  DD 6E FE    	ld	l,(ix-2)
1472  03E5  DD 66 FF    	ld	h,(ix-1)
1473  03E8  DD 7E 06    	ld	a,(ix+6)
1474  03EB  77          	ld	(hl), a
1475  03EC  3E 00       	ld	a, +((_sprite_speed) & 0xFF)
1476  03EE  83          	add	a, e
1477  03EF  4F          	ld	c, a
1478  03F0  3E 00       	ld	a, +((_sprite_speed) / 256)
1479  03F2  CE 00       	adc	a,0x00
1480  03F4  47          	ld	b, a
1481  03F5  3E 00       	ld	a, +((_sprite_base_speed) & 0xFF)
1482  03F7  DD 86 06    	add	a,(ix+6)
1483  03FA  DD 77 FE    	ld	(ix-2),a
1484  03FD  6F          	ld	l,a
1485  03FE  3E 00       	ld	a,+((_sprite_base_speed) / 256)
1486  0400  CE 00       	adc	a,0x00
1487  0402  DD 77 FF    	ld	(ix-1),a
1488  0405  67          	ld	h,a
1489  0406  7E          	ld	a, (hl)
1490  0407  02          	ld	(bc), a
1491  0408  3E 00       	ld	a, +((_lin) & 0xFF)
1492  040A  83          	add	a, e
1493  040B  4F          	ld	c, a
1494  040C  3E 00       	ld	a, +((_lin) / 256)
1495  040E  CE 00       	adc	a,0x00
1496  0410  47          	ld	b, a
1497  0411  DD 7E 04    	ld	a,(ix+4)
1498  0414  02          	ld	(bc), a
1499  0415  3E 00       	ld	a, +((_col) & 0xFF)
1500  0417  83          	add	a, e
1501  0418  4F          	ld	c, a
1502  0419  3E 00       	ld	a, +((_col) / 256)
1503  041B  CE 00       	adc	a,0x00
1504  041D  47          	ld	b, a
1505  041E  DD 7E 05    	ld	a,(ix+5)
1506  0421  02          	ld	(bc), a
1507  0422  3E 00       	ld	a, +((_state) & 0xFF)
1508  0424  83          	add	a, e
1509  0425  4F          	ld	c, a
1510  0426  3E 00       	ld	a, +((_state) / 256)
1511  0428  CE 00       	adc	a,0x00
1512  042A  47          	ld	b, a
1513  042B  AF          	xor	a, a
1514  042C  02          	ld	(bc), a
1515  042D  16 00       	ld	d,0x00
1516  042F  21 00 00    	ld	hl,_state_a
1517  0432  19          	add	hl, de
1518  0433  16 00       	ld	d,0x00
1519  0435  72          	ld	(hl),d
1520  0436  21 00 00    	ld	hl,_jump_lin
1521  0439  19          	add	hl, de
1522  043A  36 00       	ld	(hl),0x00
1523  043C  3E 00       	ld	a, +((_colint) & 0xFF)
1524  043E  83          	add	a, e
1525  043F  DD 77 FE    	ld	(ix-2),a
1526  0442  6F          	ld	l,a
1527  0443  3E 00       	ld	a,+((_colint) / 256)
1528  0445  CE 00       	adc	a,0x00
1529  0447  DD 77 FF    	ld	(ix-1),a
1530  044A  67          	ld	h,a
1531  044B  36 00       	ld	(hl),0x00
1532  044D  DD 7E 07    	ld	a,(ix+7)
1533  0450  3D          	dec	a
1534  0451  20 04       	jr	NZ,l_enemy_init_00108
1535  0453  0A          	ld	a, (bc)
1536  0454  F6 04       	or	a,0x04
1537  0456  02          	ld	(bc), a
1538  0457              l_enemy_init_00108:
1539  0457  DD 7E 07    	ld	a,(ix+7)
1540  045A  3C          	inc	a
1541  045B  20 19       	jr	NZ,l_enemy_init_00110
1542  045D  0A          	ld	a, (bc)
1543  045E  F6 08       	or	a,0x08
1544  0460  02          	ld	(bc), a
1545  0461  3E 00       	ld	a, +((_sprite_frames) & 0xFF)
1546  0463  DD 86 06    	add	a,(ix+6)
1547  0466  4F          	ld	c, a
1548  0467  3E 00       	ld	a, +((_sprite_frames) / 256)
1549  0469  CE 00       	adc	a,0x00
1550  046B  47          	ld	b, a
1551  046C  0A          	ld	a, (bc)
1552  046D  4F          	ld	c, a
1553  046E  0D          	dec	c
1554  046F  DD 6E FE    	ld	l,(ix-2)
1555  0472  DD 66 FF    	ld	h,(ix-1)
1556  0475  71          	ld	(hl), c
1557  0476              l_enemy_init_00110:
1558  0476  3E 00       	ld	a, +((_tile) & 0xFF)
1559  0478  83          	add	a, e
1560  0479  4F          	ld	c, a
1561  047A  3E 00       	ld	a, +((_tile) / 256)
1562  047C  CE 00       	adc	a,0x00
1563  047E  47          	ld	b, a
1564  047F  21 00 00    	ld	hl,0x0000
1565  0482  39          	add	hl, sp
1566  0483  5D          	ld	e, l
1567  0484  54          	ld	d, h
1568  0485  C5          	push	bc
1569  0486  EB          	ex	de,hl
1570  0487  CD 00 00    	call	_spr_tile
1571  048A  C1          	pop	bc
1572  048B  7D          	ld	a,l
1573  048C  02          	ld	(bc), a
1574  048D  01 00 00    	ld	bc,_spr_timer+0
1575  0490  DD 6E FD    	ld	l,(ix-3)
1576  0493  26 00       	ld	h,0x00
1577  0495  29          	add	hl, hl
1578  0496  09          	add	hl,bc
1579  0497  ED 5B 00 00 	ld	de,(_curr_time)
1580  049B  73          	ld	(hl),e
1581  049C  23          	inc	hl
1582  049D  72          	ld	(hl),d
1583  049E  DD 6E FD    	ld	l,(ix-3)
1584  04A1  26 00       	ld	h,0x00
1585  04A3  29          	add	hl, hl
1586  04A4  11 00 00    	ld	de,_last_time
1587  04A7  19          	add	hl, de
1588  04A8  AF          	xor	a, a
1589  04A9  77          	ld	(hl), a
1590  04AA  23          	inc	hl
1591  04AB  77          	ld	(hl), a
1592  04AC  21 00 00    	ld	hl,_spr_count
1593  04AF  34          	inc	(hl)
1594  04B0              l_enemy_init_00113:
1595  04B0  DD F9       	ld	sp, ix
1596  04B2  DD E1       	pop	ix
1597  04B4  C9          	ret
1598  04B5              	SECTION IGNORE
1599  0000              
