1     0000              MODULE game_audio_c
2     0000              LINE -1, "game_audio.c"
-1    0000              
0     0000              
1     0000              ;--------------------------------------------------------
2     0000              ; File Created by SDCC : free open source ANSI-C Compiler
3     0000              ; Version 3.6.5 #9958 (Mac OS X i386)
4     0000              ;--------------------------------------------------------
5     0000              ; Processed by Z88DK
6     0000              ;--------------------------------------------------------
7     0000              
8     0000              	EXTERN __divschar
9     0000              	EXTERN __divschar_callee
10    0000              	EXTERN __divsint
11    0000              	EXTERN __divsint_callee
12    0000              	EXTERN __divslong
13    0000              	EXTERN __divslong_callee
14    0000              	EXTERN __divslonglong
15    0000              	EXTERN __divslonglong_callee
16    0000              	EXTERN __divsuchar
17    0000              	EXTERN __divsuchar_callee
18    0000              	EXTERN __divuchar
19    0000              	EXTERN __divuchar_callee
20    0000              	EXTERN __divuint
21    0000              	EXTERN __divuint_callee
22    0000              	EXTERN __divulong
23    0000              	EXTERN __divulong_callee
24    0000              	EXTERN __divulonglong
25    0000              	EXTERN __divulonglong_callee
26    0000              	EXTERN __divuschar
27    0000              	EXTERN __divuschar_callee
28    0000              	EXTERN __modschar
29    0000              	EXTERN __modschar_callee
30    0000              	EXTERN __modsint
31    0000              	EXTERN __modsint_callee
32    0000              	EXTERN __modslong
33    0000              	EXTERN __modslong_callee
34    0000              	EXTERN __modslonglong
35    0000              	EXTERN __modslonglong_callee
36    0000              	EXTERN __modsuchar
37    0000              	EXTERN __modsuchar_callee
38    0000              	EXTERN __moduchar
39    0000              	EXTERN __moduchar_callee
40    0000              	EXTERN __moduint
41    0000              	EXTERN __moduint_callee
42    0000              	EXTERN __modulong
43    0000              	EXTERN __modulong_callee
44    0000              	EXTERN __modulonglong
45    0000              	EXTERN __modulonglong_callee
46    0000              	EXTERN __moduschar
47    0000              	EXTERN __moduschar_callee
48    0000              	EXTERN __mulint
49    0000              	EXTERN __mulint_callee
50    0000              	EXTERN __mullong
51    0000              	EXTERN __mullong_callee
52    0000              	EXTERN __mullonglong
53    0000              	EXTERN __mullonglong_callee
54    0000              	EXTERN __mulschar
55    0000              	EXTERN __mulschar_callee
56    0000              	EXTERN __mulsuchar
57    0000              	EXTERN __mulsuchar_callee
58    0000              	EXTERN __muluschar
59    0000              	EXTERN __muluschar_callee
60    0000              	EXTERN __rlslonglong
61    0000              	EXTERN __rlslonglong_callee
62    0000              	EXTERN __rlulonglong
63    0000              	EXTERN __rlulonglong_callee
64    0000              	EXTERN __rrslonglong
65    0000              	EXTERN __rrslonglong_callee
66    0000              	EXTERN __rrulonglong
67    0000              	EXTERN __rrulonglong_callee
68    0000              	EXTERN ___sdcc_call_hl
69    0000              	EXTERN ___sdcc_call_iy
70    0000              	EXTERN ___sdcc_enter_ix
71    0000              	EXTERN _banked_call
72    0000              	EXTERN _banked_ret
73    0000              	EXTERN ___fs2schar
74    0000              	EXTERN ___fs2schar_callee
75    0000              	EXTERN ___fs2sint
76    0000              	EXTERN ___fs2sint_callee
77    0000              	EXTERN ___fs2slong
78    0000              	EXTERN ___fs2slong_callee
79    0000              	EXTERN ___fs2slonglong
80    0000              	EXTERN ___fs2slonglong_callee
81    0000              	EXTERN ___fs2uchar
82    0000              	EXTERN ___fs2uchar_callee
83    0000              	EXTERN ___fs2uint
84    0000              	EXTERN ___fs2uint_callee
85    0000              	EXTERN ___fs2ulong
86    0000              	EXTERN ___fs2ulong_callee
87    0000              	EXTERN ___fs2ulonglong
88    0000              	EXTERN ___fs2ulonglong_callee
89    0000              	EXTERN ___fsadd
90    0000              	EXTERN ___fsadd_callee
91    0000              	EXTERN ___fsdiv
92    0000              	EXTERN ___fsdiv_callee
93    0000              	EXTERN ___fseq
94    0000              	EXTERN ___fseq_callee
95    0000              	EXTERN ___fsgt
96    0000              	EXTERN ___fsgt_callee
97    0000              	EXTERN ___fslt
98    0000              	EXTERN ___fslt_callee
99    0000              	EXTERN ___fsmul
100   0000              	EXTERN ___fsmul_callee
101   0000              	EXTERN ___fsneq
102   0000              	EXTERN ___fsneq_callee
103   0000              	EXTERN ___fssub
104   0000              	EXTERN ___fssub_callee
105   0000              	EXTERN ___schar2fs
106   0000              	EXTERN ___schar2fs_callee
107   0000              	EXTERN ___sint2fs
108   0000              	EXTERN ___sint2fs_callee
109   0000              	EXTERN ___slong2fs
110   0000              	EXTERN ___slong2fs_callee
111   0000              	EXTERN ___slonglong2fs
112   0000              	EXTERN ___slonglong2fs_callee
113   0000              	EXTERN ___uchar2fs
114   0000              	EXTERN ___uchar2fs_callee
115   0000              	EXTERN ___uint2fs
116   0000              	EXTERN ___uint2fs_callee
117   0000              	EXTERN ___ulong2fs
118   0000              	EXTERN ___ulong2fs_callee
119   0000              	EXTERN ___ulonglong2fs
120   0000              	EXTERN ___ulonglong2fs_callee
121   0000              	EXTERN ____sdcc_2_copy_src_mhl_dst_deix
122   0000              	EXTERN ____sdcc_2_copy_src_mhl_dst_bcix
123   0000              	EXTERN ____sdcc_4_copy_src_mhl_dst_deix
124   0000              	EXTERN ____sdcc_4_copy_src_mhl_dst_bcix
125   0000              	EXTERN ____sdcc_4_copy_src_mhl_dst_mbc
126   0000              	EXTERN ____sdcc_4_ldi_nosave_bc
127   0000              	EXTERN ____sdcc_4_ldi_save_bc
128   0000              	EXTERN ____sdcc_4_push_hlix
129   0000              	EXTERN ____sdcc_4_push_mhl
130   0000              	EXTERN ____sdcc_lib_setmem_hl
131   0000              	EXTERN ____sdcc_ll_add_de_bc_hl
132   0000              	EXTERN ____sdcc_ll_add_de_bc_hlix
133   0000              	EXTERN ____sdcc_ll_add_de_hlix_bc
134   0000              	EXTERN ____sdcc_ll_add_de_hlix_bcix
135   0000              	EXTERN ____sdcc_ll_add_deix_bc_hl
136   0000              	EXTERN ____sdcc_ll_add_deix_hlix
137   0000              	EXTERN ____sdcc_ll_add_hlix_bc_deix
138   0000              	EXTERN ____sdcc_ll_add_hlix_deix_bc
139   0000              	EXTERN ____sdcc_ll_add_hlix_deix_bcix
140   0000              	EXTERN ____sdcc_ll_asr_hlix_a
141   0000              	EXTERN ____sdcc_ll_asr_mbc_a
142   0000              	EXTERN ____sdcc_ll_copy_src_de_dst_hlix
143   0000              	EXTERN ____sdcc_ll_copy_src_de_dst_hlsp
144   0000              	EXTERN ____sdcc_ll_copy_src_deix_dst_hl
145   0000              	EXTERN ____sdcc_ll_copy_src_deix_dst_hlix
146   0000              	EXTERN ____sdcc_ll_copy_src_deixm_dst_hlsp
147   0000              	EXTERN ____sdcc_ll_copy_src_desp_dst_hlsp
148   0000              	EXTERN ____sdcc_ll_copy_src_hl_dst_de
149   0000              	EXTERN ____sdcc_ll_copy_src_hlsp_dst_de
150   0000              	EXTERN ____sdcc_ll_copy_src_hlsp_dst_deixm
151   0000              	EXTERN ____sdcc_ll_lsl_hlix_a
152   0000              	EXTERN ____sdcc_ll_lsl_mbc_a
153   0000              	EXTERN ____sdcc_ll_lsr_hlix_a
154   0000              	EXTERN ____sdcc_ll_lsr_mbc_a
155   0000              	EXTERN ____sdcc_ll_push_hlix
156   0000              	EXTERN ____sdcc_ll_push_mhl
157   0000              	EXTERN ____sdcc_ll_sub_de_bc_hl
158   0000              	EXTERN ____sdcc_ll_sub_de_bc_hlix
159   0000              	EXTERN ____sdcc_ll_sub_de_hlix_bc
160   0000              	EXTERN ____sdcc_ll_sub_de_hlix_bcix
161   0000              	EXTERN ____sdcc_ll_sub_deix_bc_hl
162   0000              	EXTERN ____sdcc_ll_sub_deix_hlix
163   0000              	EXTERN ____sdcc_ll_sub_hlix_bc_deix
164   0000              	EXTERN ____sdcc_ll_sub_hlix_deix_bc
165   0000              	EXTERN ____sdcc_ll_sub_hlix_deix_bcix
166   0000              	EXTERN ____sdcc_load_debc_deix
167   0000              	EXTERN ____sdcc_load_dehl_deix
168   0000              	EXTERN ____sdcc_load_debc_mhl
169   0000              	EXTERN ____sdcc_load_hlde_mhl
170   0000              	EXTERN ____sdcc_store_dehl_bcix
171   0000              	EXTERN ____sdcc_store_debc_hlix
172   0000              	EXTERN ____sdcc_store_debc_mhl
173   0000              	EXTERN ____sdcc_cpu_pop_ei
174   0000              	EXTERN ____sdcc_cpu_pop_ei_jp
175   0000              	EXTERN ____sdcc_cpu_push_di
176   0000              	EXTERN ____sdcc_outi
177   0000              	EXTERN ____sdcc_outi_128
178   0000              	EXTERN ____sdcc_outi_256
179   0000              	EXTERN ____sdcc_ldi
180   0000              	EXTERN ____sdcc_ldi_128
181   0000              	EXTERN ____sdcc_ldi_256
182   0000              	EXTERN ____sdcc_4_copy_srcd_hlix_dst_deix
183   0000              	EXTERN ____sdcc_4_and_src_mbc_mhl_dst_deix
184   0000              	EXTERN ____sdcc_4_or_src_mbc_mhl_dst_deix
185   0000              	EXTERN ____sdcc_4_xor_src_mbc_mhl_dst_deix
186   0000              	EXTERN ____sdcc_4_or_src_dehl_dst_bcix
187   0000              	EXTERN ____sdcc_4_xor_src_dehl_dst_bcix
188   0000              	EXTERN ____sdcc_4_and_src_dehl_dst_bcix
189   0000              	EXTERN ____sdcc_4_xor_src_mbc_mhl_dst_debc
190   0000              	EXTERN ____sdcc_4_or_src_mbc_mhl_dst_debc
191   0000              	EXTERN ____sdcc_4_and_src_mbc_mhl_dst_debc
192   0000              	EXTERN ____sdcc_4_cpl_src_mhl_dst_debc
193   0000              	EXTERN ____sdcc_4_xor_src_debc_mhl_dst_debc
194   0000              	EXTERN ____sdcc_4_or_src_debc_mhl_dst_debc
195   0000              	EXTERN ____sdcc_4_and_src_debc_mhl_dst_debc
196   0000              	EXTERN ____sdcc_4_and_src_debc_hlix_dst_debc
197   0000              	EXTERN ____sdcc_4_or_src_debc_hlix_dst_debc
198   0000              	EXTERN ____sdcc_4_xor_src_debc_hlix_dst_debc
199   0000              
200   0000              ;--------------------------------------------------------
201   0000              ; Public variables in this module
202   0000              ;--------------------------------------------------------
203   0000              	GLOBAL _audio_levelup
204   0000              	GLOBAL _audio_checkpoint
205   0000              	GLOBAL _audio_menu
206   0000              	GLOBAL _audio_game_end
207   0000              	GLOBAL _audio_level_complete
208   0000              	GLOBAL _audio_level_start
209   0000              	GLOBAL _audio_lotr_lose_a_life
210   0000              	GLOBAL _audio_puerta
211   0000              	GLOBAL _audio_sin_mana
212   0000              	GLOBAL _audio_magic1
213   0000              	GLOBAL _audio_coin
214   0000              	GLOBAL _audio_golpe
215   0000              	GLOBAL _audio_salto
216   0000              	GLOBAL _audio_efecto
217   0000              	GLOBAL _audio_disparo_fire
218   0000              	GLOBAL _audio_disparo_axe
219   0000              	GLOBAL _audio_disparo2
220   0000              	GLOBAL _audio_disparo1
221   0000              	GLOBAL _audio_explosion1
222   0000              	GLOBAL _audio_explosion
223   0000              	GLOBAL _audio_ingame
224   0000              ;--------------------------------------------------------
225   0000              ; Externals used
226   0000              ;--------------------------------------------------------
227   0000              	GLOBAL _ffsll_callee
228   0000              	GLOBAL _ffsll
229   0000              	GLOBAL _strxfrm_callee
230   0000              	GLOBAL _strxfrm
231   0000              	GLOBAL _strupr_fastcall
232   0000              	GLOBAL _strupr
233   0000              	GLOBAL _strtok_r_callee
234   0000              	GLOBAL _strtok_r
235   0000              	GLOBAL _strtok_callee
236   0000              	GLOBAL _strtok
237   0000              	GLOBAL _strstrip_fastcall
238   0000              	GLOBAL _strstrip
239   0000              	GLOBAL _strstr_callee
240   0000              	GLOBAL _strstr
241   0000              	GLOBAL _strspn_callee
242   0000              	GLOBAL _strspn
243   0000              	GLOBAL _strsep_callee
244   0000              	GLOBAL _strsep
245   0000              	GLOBAL _strrstrip_fastcall
246   0000              	GLOBAL _strrstrip
247   0000              	GLOBAL _strrstr_callee
248   0000              	GLOBAL _strrstr
249   0000              	GLOBAL _strrspn_callee
250   0000              	GLOBAL _strrspn
251   0000              	GLOBAL _strrev_fastcall
252   0000              	GLOBAL _strrev
253   0000              	GLOBAL _strrcspn_callee
254   0000              	GLOBAL _strrcspn
255   0000              	GLOBAL _strrchr_callee
256   0000              	GLOBAL _strrchr
257   0000              	GLOBAL _strpbrk_callee
258   0000              	GLOBAL _strpbrk
259   0000              	GLOBAL _strnlen_callee
260   0000              	GLOBAL _strnlen
261   0000              	GLOBAL _strnicmp_callee
262   0000              	GLOBAL _strnicmp
263   0000              	GLOBAL _strndup_callee
264   0000              	GLOBAL _strndup
265   0000              	GLOBAL _strncpy_callee
266   0000              	GLOBAL _strncpy
267   0000              	GLOBAL _strncmp_callee
268   0000              	GLOBAL _strncmp
269   0000              	GLOBAL _strnchr_callee
270   0000              	GLOBAL _strnchr
271   0000              	GLOBAL _strncat_callee
272   0000              	GLOBAL _strncat
273   0000              	GLOBAL _strncasecmp_callee
274   0000              	GLOBAL _strncasecmp
275   0000              	GLOBAL _strlwr_fastcall
276   0000              	GLOBAL _strlwr
277   0000              	GLOBAL _strlen_fastcall
278   0000              	GLOBAL _strlen
279   0000              	GLOBAL _strlcpy_callee
280   0000              	GLOBAL _strlcpy
281   0000              	GLOBAL _strlcat_callee
282   0000              	GLOBAL _strlcat
283   0000              	GLOBAL _stricmp_callee
284   0000              	GLOBAL _stricmp
285   0000              	GLOBAL _strerror_fastcall
286   0000              	GLOBAL _strerror
287   0000              	GLOBAL _strdup_fastcall
288   0000              	GLOBAL _strdup
289   0000              	GLOBAL _strcspn_callee
290   0000              	GLOBAL _strcspn
291   0000              	GLOBAL _strcpy_callee
292   0000              	GLOBAL _strcpy
293   0000              	GLOBAL _strcoll_callee
294   0000              	GLOBAL _strcoll
295   0000              	GLOBAL _strcmp_callee
296   0000              	GLOBAL _strcmp
297   0000              	GLOBAL _strchrnul_callee
298   0000              	GLOBAL _strchrnul
299   0000              	GLOBAL _strchr_callee
300   0000              	GLOBAL _strchr
301   0000              	GLOBAL _strcat_callee
302   0000              	GLOBAL _strcat
303   0000              	GLOBAL _strcasecmp_callee
304   0000              	GLOBAL _strcasecmp
305   0000              	GLOBAL _stpncpy_callee
306   0000              	GLOBAL _stpncpy
307   0000              	GLOBAL _stpcpy_callee
308   0000              	GLOBAL _stpcpy
309   0000              	GLOBAL _memswap_callee
310   0000              	GLOBAL _memswap
311   0000              	GLOBAL _memset_callee
312   0000              	GLOBAL _memset
313   0000              	GLOBAL _memrchr_callee
314   0000              	GLOBAL _memrchr
315   0000              	GLOBAL _memmove_callee
316   0000              	GLOBAL _memmove
317   0000              	GLOBAL _memmem_callee
318   0000              	GLOBAL _memmem
319   0000              	GLOBAL _memcpy_callee
320   0000              	GLOBAL _memcpy
321   0000              	GLOBAL _memcmp_callee
322   0000              	GLOBAL _memcmp
323   0000              	GLOBAL _memchr_callee
324   0000              	GLOBAL _memchr
325   0000              	GLOBAL _memccpy_callee
326   0000              	GLOBAL _memccpy
327   0000              	GLOBAL _ffsl_fastcall
328   0000              	GLOBAL _ffsl
329   0000              	GLOBAL _ffs_fastcall
330   0000              	GLOBAL _ffs
331   0000              	GLOBAL __strrstrip__fastcall
332   0000              	GLOBAL __strrstrip_
333   0000              	GLOBAL __memupr__callee
334   0000              	GLOBAL __memupr_
335   0000              	GLOBAL __memstrcpy__callee
336   0000              	GLOBAL __memstrcpy_
337   0000              	GLOBAL __memlwr__callee
338   0000              	GLOBAL __memlwr_
339   0000              	GLOBAL _rawmemchr_callee
340   0000              	GLOBAL _rawmemchr
341   0000              	GLOBAL _strnset_callee
342   0000              	GLOBAL _strnset
343   0000              	GLOBAL _strset_callee
344   0000              	GLOBAL _strset
345   0000              	GLOBAL _rindex_callee
346   0000              	GLOBAL _rindex
347   0000              	GLOBAL _index_callee
348   0000              	GLOBAL _index
349   0000              	GLOBAL _bzero_callee
350   0000              	GLOBAL _bzero
351   0000              	GLOBAL _bcopy_callee
352   0000              	GLOBAL _bcopy
353   0000              	GLOBAL _bcmp_callee
354   0000              	GLOBAL _bcmp
355   0000              	GLOBAL _ulltoa_callee
356   0000              	GLOBAL _ulltoa
357   0000              	GLOBAL _strtoull_callee
358   0000              	GLOBAL _strtoull
359   0000              	GLOBAL _strtoll_callee
360   0000              	GLOBAL _strtoll
361   0000              	GLOBAL _lltoa_callee
362   0000              	GLOBAL _lltoa
363   0000              	GLOBAL _llabs_callee
364   0000              	GLOBAL _llabs
365   0000              	GLOBAL __lldivu__callee
366   0000              	GLOBAL __lldivu_
367   0000              	GLOBAL __lldiv__callee
368   0000              	GLOBAL __lldiv_
369   0000              	GLOBAL _atoll_callee
370   0000              	GLOBAL _atoll
371   0000              	GLOBAL _realloc_unlocked_callee
372   0000              	GLOBAL _realloc_unlocked
373   0000              	GLOBAL _malloc_unlocked_fastcall
374   0000              	GLOBAL _malloc_unlocked
375   0000              	GLOBAL _free_unlocked_fastcall
376   0000              	GLOBAL _free_unlocked
377   0000              	GLOBAL _calloc_unlocked_callee
378   0000              	GLOBAL _calloc_unlocked
379   0000              	GLOBAL _aligned_alloc_unlocked_callee
380   0000              	GLOBAL _aligned_alloc_unlocked
381   0000              	GLOBAL _realloc_callee
382   0000              	GLOBAL _realloc
383   0000              	GLOBAL _malloc_fastcall
384   0000              	GLOBAL _malloc
385   0000              	GLOBAL _free_fastcall
386   0000              	GLOBAL _free
387   0000              	GLOBAL _calloc_callee
388   0000              	GLOBAL _calloc
389   0000              	GLOBAL _aligned_alloc_callee
390   0000              	GLOBAL _aligned_alloc
391   0000              	GLOBAL _utoa_callee
392   0000              	GLOBAL _utoa
393   0000              	GLOBAL _ultoa_callee
394   0000              	GLOBAL _ultoa
395   0000              	GLOBAL _system_fastcall
396   0000              	GLOBAL _system
397   0000              	GLOBAL _strtoul_callee
398   0000              	GLOBAL _strtoul
399   0000              	GLOBAL _strtol_callee
400   0000              	GLOBAL _strtol
401   0000              	GLOBAL _strtof_callee
402   0000              	GLOBAL _strtof
403   0000              	GLOBAL _strtod_callee
404   0000              	GLOBAL _strtod
405   0000              	GLOBAL _srand_fastcall
406   0000              	GLOBAL _srand
407   0000              	GLOBAL _rand
408   0000              	GLOBAL _quick_exit_fastcall
409   0000              	GLOBAL _quick_exit
410   0000              	GLOBAL _qsort_callee
411   0000              	GLOBAL _qsort
412   0000              	GLOBAL _ltoa_callee
413   0000              	GLOBAL _ltoa
414   0000              	GLOBAL _labs_fastcall
415   0000              	GLOBAL _labs
416   0000              	GLOBAL _itoa_callee
417   0000              	GLOBAL _itoa
418   0000              	GLOBAL _ftoh_callee
419   0000              	GLOBAL _ftoh
420   0000              	GLOBAL _ftog_callee
421   0000              	GLOBAL _ftog
422   0000              	GLOBAL _ftoe_callee
423   0000              	GLOBAL _ftoe
424   0000              	GLOBAL _ftoa_callee
425   0000              	GLOBAL _ftoa
426   0000              	GLOBAL _exit_fastcall
427   0000              	GLOBAL _exit
428   0000              	GLOBAL _dtoh_callee
429   0000              	GLOBAL _dtoh
430   0000              	GLOBAL _dtog_callee
431   0000              	GLOBAL _dtog
432   0000              	GLOBAL _dtoe_callee
433   0000              	GLOBAL _dtoe
434   0000              	GLOBAL _dtoa_callee
435   0000              	GLOBAL _dtoa
436   0000              	GLOBAL _bsearch_callee
437   0000              	GLOBAL _bsearch
438   0000              	GLOBAL _atol_fastcall
439   0000              	GLOBAL _atol
440   0000              	GLOBAL _atoi_fastcall
441   0000              	GLOBAL _atoi
442   0000              	GLOBAL _atof_fastcall
443   0000              	GLOBAL _atof
444   0000              	GLOBAL _atexit_fastcall
445   0000              	GLOBAL _atexit
446   0000              	GLOBAL _at_quick_exit_fastcall
447   0000              	GLOBAL _at_quick_exit
448   0000              	GLOBAL _abs_fastcall
449   0000              	GLOBAL _abs
450   0000              	GLOBAL _abort
451   0000              	GLOBAL __strtou__callee
452   0000              	GLOBAL __strtou_
453   0000              	GLOBAL __strtoi__callee
454   0000              	GLOBAL __strtoi_
455   0000              	GLOBAL __random_uniform_xor_8__fastcall
456   0000              	GLOBAL __random_uniform_xor_8_
457   0000              	GLOBAL __random_uniform_xor_32__fastcall
458   0000              	GLOBAL __random_uniform_xor_32_
459   0000              	GLOBAL __random_uniform_cmwc_8__fastcall
460   0000              	GLOBAL __random_uniform_cmwc_8_
461   0000              	GLOBAL __shellsort__callee
462   0000              	GLOBAL __shellsort_
463   0000              	GLOBAL __quicksort__callee
464   0000              	GLOBAL __quicksort_
465   0000              	GLOBAL __insertion_sort__callee
466   0000              	GLOBAL __insertion_sort_
467   0000              	GLOBAL __ldivu__callee
468   0000              	GLOBAL __ldivu_
469   0000              	GLOBAL __ldiv__callee
470   0000              	GLOBAL __ldiv_
471   0000              	GLOBAL __divu__callee
472   0000              	GLOBAL __divu_
473   0000              	GLOBAL __div__callee
474   0000              	GLOBAL __div_
475   0000              	GLOBAL _NIRVANAP_drawTW_raw_callee
476   0000              	GLOBAL _NIRVANAP_drawTW_raw
477   0000              	GLOBAL _NIRVANAP_drawTW_callee
478   0000              	GLOBAL _NIRVANAP_drawTW
479   0000              	GLOBAL _NIRVANAP_drawW_raw_callee
480   0000              	GLOBAL _NIRVANAP_drawW_raw
481   0000              	GLOBAL _NIRVANAP_drawW_callee
482   0000              	GLOBAL _NIRVANAP_drawW
483   0000              	GLOBAL _NIRVANAP_spriteT_callee
484   0000              	GLOBAL _NIRVANAP_spriteT
485   0000              	GLOBAL _NIRVANAP_fillC_callee
486   0000              	GLOBAL _NIRVANAP_fillC
487   0000              	GLOBAL _NIRVANAP_readC_callee
488   0000              	GLOBAL _NIRVANAP_readC
489   0000              	GLOBAL _NIRVANAP_paintC_callee
490   0000              	GLOBAL _NIRVANAP_paintC
491   0000              	GLOBAL _NIRVANAP_printC_callee
492   0000              	GLOBAL _NIRVANAP_printC
493   0000              	GLOBAL _NIRVANAP_fillT_raw_callee
494   0000              	GLOBAL _NIRVANAP_fillT_raw
495   0000              	GLOBAL _NIRVANAP_fillT_callee
496   0000              	GLOBAL _NIRVANAP_fillT
497   0000              	GLOBAL _NIRVANAP_drawT_raw_callee
498   0000              	GLOBAL _NIRVANAP_drawT_raw
499   0000              	GLOBAL _NIRVANAP_drawT_callee
500   0000              	GLOBAL _NIRVANAP_drawT
501   0000              	GLOBAL _NIRVANAP_stop
502   0000              	GLOBAL _NIRVANAP_start
503   0000              	GLOBAL _debug3
504   0000              	GLOBAL _debug2
505   0000              	GLOBAL _debug
506   0000              	GLOBAL _zx_print_str
507   0000              	GLOBAL _zx_print_int
508   0000              	GLOBAL _zx_print_chr
509   0000              	GLOBAL _zx_print_bonus_time
510   0000              	GLOBAL _zx_isr
511   0000              	GLOBAL _z80_otdr_callee
512   0000              	GLOBAL _z80_otdr
513   0000              	GLOBAL _z80_otir_callee
514   0000              	GLOBAL _z80_otir
515   0000              	GLOBAL _z80_outp_callee
516   0000              	GLOBAL _z80_outp
517   0000              	GLOBAL _z80_indr_callee
518   0000              	GLOBAL _z80_indr
519   0000              	GLOBAL _z80_inir_callee
520   0000              	GLOBAL _z80_inir
521   0000              	GLOBAL _z80_inp_fastcall
522   0000              	GLOBAL _z80_inp
523   0000              	GLOBAL _z80_set_int_state_fastcall
524   0000              	GLOBAL _z80_set_int_state
525   0000              	GLOBAL _z80_get_int_state
526   0000              	GLOBAL _z80_delay_tstate_fastcall
527   0000              	GLOBAL _z80_delay_tstate
528   0000              	GLOBAL _z80_delay_ms_fastcall
529   0000              	GLOBAL _z80_delay_ms
530   0000              	GLOBAL _im2_remove_generic_callback_callee
531   0000              	GLOBAL _im2_remove_generic_callback
532   0000              	GLOBAL _im2_prepend_generic_callback_callee
533   0000              	GLOBAL _im2_prepend_generic_callback
534   0000              	GLOBAL _im2_append_generic_callback_callee
535   0000              	GLOBAL _im2_append_generic_callback
536   0000              	GLOBAL _im2_create_generic_isr_8080_callee
537   0000              	GLOBAL _im2_create_generic_isr_8080
538   0000              	GLOBAL _im2_create_generic_isr_callee
539   0000              	GLOBAL _im2_create_generic_isr
540   0000              	GLOBAL _im2_install_isr_callee
541   0000              	GLOBAL _im2_install_isr
542   0000              	GLOBAL _im2_init_fastcall
543   0000              	GLOBAL _im2_init
544   0000              	GLOBAL _intrinsic_swap_word_32_fastcall
545   0000              	GLOBAL _intrinsic_swap_word_32
546   0000              	GLOBAL _intrinsic_swap_endian_32_fastcall
547   0000              	GLOBAL _intrinsic_swap_endian_32
548   0000              	GLOBAL _intrinsic_swap_endian_16_fastcall
549   0000              	GLOBAL _intrinsic_swap_endian_16
550   0000              	GLOBAL _intrinsic_return_de
551   0000              	GLOBAL _intrinsic_return_bc
552   0000              	GLOBAL _intrinsic_exx
553   0000              	GLOBAL _intrinsic_ex_de_hl
554   0000              	GLOBAL _intrinsic_nop
555   0000              	GLOBAL _intrinsic_im_2
556   0000              	GLOBAL _intrinsic_im_1
557   0000              	GLOBAL _intrinsic_im_0
558   0000              	GLOBAL _intrinsic_retn
559   0000              	GLOBAL _intrinsic_reti
560   0000              	GLOBAL _intrinsic_halt
561   0000              	GLOBAL _intrinsic_ei
562   0000              	GLOBAL _intrinsic_di
563   0000              	GLOBAL _intrinsic_stub
564   0000              	GLOBAL _intrinsic_outi
565   0000              	GLOBAL _intrinsic_ldi
566   0000              	GLOBAL _zx_pattern_fill_callee
567   0000              	GLOBAL _zx_pattern_fill
568   0000              	GLOBAL _zx_saddrpup_fastcall
569   0000              	GLOBAL _zx_saddrpup
570   0000              	GLOBAL _zx_saddrpright_callee
571   0000              	GLOBAL _zx_saddrpright
572   0000              	GLOBAL _zx_saddrpleft_callee
573   0000              	GLOBAL _zx_saddrpleft
574   0000              	GLOBAL _zx_saddrpdown_fastcall
575   0000              	GLOBAL _zx_saddrpdown
576   0000              	GLOBAL _zx_saddrcup_fastcall
577   0000              	GLOBAL _zx_saddrcup
578   0000              	GLOBAL _zx_saddrcright_fastcall
579   0000              	GLOBAL _zx_saddrcright
580   0000              	GLOBAL _zx_saddrcleft_fastcall
581   0000              	GLOBAL _zx_saddrcleft
582   0000              	GLOBAL _zx_saddrcdown_fastcall
583   0000              	GLOBAL _zx_saddrcdown
584   0000              	GLOBAL _zx_saddr2py_fastcall
585   0000              	GLOBAL _zx_saddr2py
586   0000              	GLOBAL _zx_saddr2px_fastcall
587   0000              	GLOBAL _zx_saddr2px
588   0000              	GLOBAL _zx_saddr2cy_fastcall
589   0000              	GLOBAL _zx_saddr2cy
590   0000              	GLOBAL _zx_saddr2cx_fastcall
591   0000              	GLOBAL _zx_saddr2cx
592   0000              	GLOBAL _zx_saddr2aaddr_fastcall
593   0000              	GLOBAL _zx_saddr2aaddr
594   0000              	GLOBAL _zx_py2saddr_fastcall
595   0000              	GLOBAL _zx_py2saddr
596   0000              	GLOBAL _zx_py2aaddr_fastcall
597   0000              	GLOBAL _zx_py2aaddr
598   0000              	GLOBAL _zx_pxy2saddr_callee
599   0000              	GLOBAL _zx_pxy2saddr
600   0000              	GLOBAL _zx_pxy2aaddr_callee
601   0000              	GLOBAL _zx_pxy2aaddr
602   0000              	GLOBAL _zx_px2bitmask_fastcall
603   0000              	GLOBAL _zx_px2bitmask
604   0000              	GLOBAL _zx_cy2saddr_fastcall
605   0000              	GLOBAL _zx_cy2saddr
606   0000              	GLOBAL _zx_cy2aaddr_fastcall
607   0000              	GLOBAL _zx_cy2aaddr
608   0000              	GLOBAL _zx_cxy2saddr_callee
609   0000              	GLOBAL _zx_cxy2saddr
610   0000              	GLOBAL _zx_cxy2aaddr_callee
611   0000              	GLOBAL _zx_cxy2aaddr
612   0000              	GLOBAL _zx_bitmask2px_fastcall
613   0000              	GLOBAL _zx_bitmask2px
614   0000              	GLOBAL _zx_aaddrcup_fastcall
615   0000              	GLOBAL _zx_aaddrcup
616   0000              	GLOBAL _zx_aaddrcright_fastcall
617   0000              	GLOBAL _zx_aaddrcright
618   0000              	GLOBAL _zx_aaddrcleft_fastcall
619   0000              	GLOBAL _zx_aaddrcleft
620   0000              	GLOBAL _zx_aaddrcdown_fastcall
621   0000              	GLOBAL _zx_aaddrcdown
622   0000              	GLOBAL _zx_aaddr2saddr_fastcall
623   0000              	GLOBAL _zx_aaddr2saddr
624   0000              	GLOBAL _zx_aaddr2py_fastcall
625   0000              	GLOBAL _zx_aaddr2py
626   0000              	GLOBAL _zx_aaddr2px_fastcall
627   0000              	GLOBAL _zx_aaddr2px
628   0000              	GLOBAL _zx_aaddr2cy_fastcall
629   0000              	GLOBAL _zx_aaddr2cy
630   0000              	GLOBAL _zx_aaddr2cx_fastcall
631   0000              	GLOBAL _zx_aaddr2cx
632   0000              	GLOBAL _zx_visit_wc_pix_callee
633   0000              	GLOBAL _zx_visit_wc_pix
634   0000              	GLOBAL _zx_visit_wc_attr_callee
635   0000              	GLOBAL _zx_visit_wc_attr
636   0000              	GLOBAL _zx_scroll_wc_up_pix_callee
637   0000              	GLOBAL _zx_scroll_wc_up_pix
638   0000              	GLOBAL _zx_scroll_wc_up_attr_callee
639   0000              	GLOBAL _zx_scroll_wc_up_attr
640   0000              	GLOBAL _zx_scroll_wc_up_callee
641   0000              	GLOBAL _zx_scroll_wc_up
642   0000              	GLOBAL _zx_scroll_up_pix_callee
643   0000              	GLOBAL _zx_scroll_up_pix
644   0000              	GLOBAL _zx_scroll_up_attr_callee
645   0000              	GLOBAL _zx_scroll_up_attr
646   0000              	GLOBAL _zx_scroll_up_callee
647   0000              	GLOBAL _zx_scroll_up
648   0000              	GLOBAL _zx_cls_wc_pix_callee
649   0000              	GLOBAL _zx_cls_wc_pix
650   0000              	GLOBAL _zx_cls_wc_attr_callee
651   0000              	GLOBAL _zx_cls_wc_attr
652   0000              	GLOBAL _zx_cls_wc_callee
653   0000              	GLOBAL _zx_cls_wc
654   0000              	GLOBAL _zx_cls_pix_fastcall
655   0000              	GLOBAL _zx_cls_pix
656   0000              	GLOBAL _zx_cls_attr_fastcall
657   0000              	GLOBAL _zx_cls_attr
658   0000              	GLOBAL _zx_cls_fastcall
659   0000              	GLOBAL _zx_cls
660   0000              	GLOBAL _zx_border_fastcall
661   0000              	GLOBAL _zx_border
662   0000              	GLOBAL _zx_tape_verify_block_callee
663   0000              	GLOBAL _zx_tape_verify_block
664   0000              	GLOBAL _zx_tape_save_block_callee
665   0000              	GLOBAL _zx_tape_save_block
666   0000              	GLOBAL _zx_tape_load_block_callee
667   0000              	GLOBAL _zx_tape_load_block
668   0000              	GLOBAL _spr_destroy
669   0000              	GLOBAL _spr_colision_boss
670   0000              	GLOBAL _spr_unflattenP1
671   0000              	GLOBAL _spr_flatten
672   0000              	GLOBAL _spr_btile_paint_back
673   0000              	GLOBAL _spr_init_effects
674   0000              	GLOBAL _spr_turn_horizontal
675   0000              	GLOBAL _spr_play_anim
676   0000              	GLOBAL _spr_add_anim
677   0000              	GLOBAL _spr_clear_scr
678   0000              	GLOBAL _spr_page_map
679   0000              	GLOBAL _spr_back_repaint
680   0000              	GLOBAL _spr_tile_dir
681   0000              	GLOBAL _spr_tile
682   0000              	GLOBAL _spr_paint_player
683   0000              	GLOBAL _spr_paint
684   0000              	GLOBAL _spr_move_left
685   0000              	GLOBAL _spr_move_right
686   0000              	GLOBAL _spr_move_horizontal
687   0000              	GLOBAL _spr_move_down
688   0000              	GLOBAL _spr_move_up
689   0000              	GLOBAL _spr_set_right
690   0000              	GLOBAL _spr_set_left
691   0000              	GLOBAL _spr_set_down
692   0000              	GLOBAL _spr_set_up
693   0000              	GLOBAL _spr_calc_index
694   0000              	GLOBAL _spr_chktime
695   0000              	GLOBAL _player_fix_walk_lin
696   0000              	GLOBAL _player_gasta_brick
697   0000              	GLOBAL _player_lost_life
698   0000              	GLOBAL _player_damage
699   0000              	GLOBAL _player_move_jump
700   0000              	GLOBAL _player_tile
701   0000              	GLOBAL _player_pick_item
702   0000              	GLOBAL _player_check_floor
703   0000              	GLOBAL _player_score_add
704   0000              	GLOBAL _player_move_input
705   0000              	GLOBAL _player_new_jump
706   0000              	GLOBAL _player_turn
707   0000              	GLOBAL _player_move
708   0000              	GLOBAL _player_action_jump
709   0000              	GLOBAL _player_check_input
710   0000              	GLOBAL _player_collision
711   0000              	GLOBAL _player_init
712   0000              	GLOBAL _game_match_back_strict
713   0000              	GLOBAL _game_match_back
714   0000              	GLOBAL _game_attribs
715   0000              	GLOBAL _game_boss_clear
716   0000              	GLOBAL _game_boss_kill
717   0000              	GLOBAL _game_add_enemy
718   0000              	GLOBAL _game_print_header
719   0000              	GLOBAL _game_check_time
720   0000              	GLOBAL _game_rotate_attrib_osd
721   0000              	GLOBAL _game_rotate_attrib
722   0000              	GLOBAL _game_colour_message
723   0000              	GLOBAL _game_paint_attrib
724   0000              	GLOBAL _game_print_score
725   0000              	GLOBAL _game_cell_paint
726   0000              	GLOBAL _game_check_cell
727   0000              	GLOBAL _game_check_map
728   0000              	GLOBAL _game_loop
729   0000              	GLOBAL _game_round_init
730   0000              	GLOBAL _game_set_checkpoint
731   0000              	GLOBAL _game_start_timer
732   0000              	GLOBAL _game_update_stats
733   0000              	GLOBAL _game_print_footer
734   0000              	GLOBAL _game_fill_row
735   0000              	GLOBAL _game_cls
736   0000              	GLOBAL _game_fps
737   0000              	GLOBAL _game_draw_screen
738   0000              	GLOBAL _boss_draw_frame
739   0000              	GLOBAL _boss_draw
740   0000              	GLOBAL _boss_turn
741   0000              	GLOBAL _enemy_avoid_dead
742   0000              	GLOBAL _enemy_avoid_fall
743   0000              	GLOBAL _enemy_kill
744   0000              	GLOBAL _enemy_init
745   0000              	GLOBAL _enemy_move
746   0000              	GLOBAL _enemy_turn
747   0000              	GLOBAL _enemy_static
748   0000              	GLOBAL _enemy_walk
749   0000              	GLOBAL _enemy_horizontal
750   0000              	GLOBAL _enemy_vertical
751   0000              	GLOBAL _ay_reset
752   0000              	GLOBAL _ay_song_stop
753   0000              	GLOBAL _ay_song_play
754   0000              	GLOBAL _ay_fx_stop
755   0000              	GLOBAL _ay_fx_play
756   0000              	GLOBAL _ay_is_playing
757   0000              	GLOBAL _test_func
758   0000              	GLOBAL _test_proc
759   0000              	GLOBAL _in_mouse_kempston_wheel_delta
760   0000              	GLOBAL _in_mouse_kempston_wheel
761   0000              	GLOBAL _in_mouse_kempston_callee
762   0000              	GLOBAL _in_mouse_kempston
763   0000              	GLOBAL _in_mouse_kempston_setpos_callee
764   0000              	GLOBAL _in_mouse_kempston_setpos
765   0000              	GLOBAL _in_mouse_kempston_reset
766   0000              	GLOBAL _in_mouse_kempston_init
767   0000              	GLOBAL _in_mouse_amx_wheel_delta
768   0000              	GLOBAL _in_mouse_amx_wheel
769   0000              	GLOBAL _in_mouse_amx_callee
770   0000              	GLOBAL _in_mouse_amx
771   0000              	GLOBAL _in_mouse_amx_setpos_callee
772   0000              	GLOBAL _in_mouse_amx_setpos
773   0000              	GLOBAL _in_mouse_amx_reset
774   0000              	GLOBAL _in_mouse_amx_init_callee
775   0000              	GLOBAL _in_mouse_amx_init
776   0000              	GLOBAL _in_stick_sinclair2
777   0000              	GLOBAL _in_stick_sinclair1
778   0000              	GLOBAL _in_stick_kempston
779   0000              	GLOBAL _in_stick_fuller
780   0000              	GLOBAL _in_stick_cursor
781   0000              	GLOBAL _in_stick_keyboard_fastcall
782   0000              	GLOBAL _in_stick_keyboard
783   0000              	GLOBAL _in_wait_nokey
784   0000              	GLOBAL _in_wait_key
785   0000              	GLOBAL _in_test_key
786   0000              	GLOBAL _in_pause_fastcall
787   0000              	GLOBAL _in_pause
788   0000              	GLOBAL _in_key_scancode_fastcall
789   0000              	GLOBAL _in_key_scancode
790   0000              	GLOBAL _in_key_pressed_fastcall
791   0000              	GLOBAL _in_key_pressed
792   0000              	GLOBAL _in_inkey
793   0000              	GLOBAL _NIRVANAP_CHAR_TABLE
794   0000              	GLOBAL _NIRVANAP_WIDE_IMAGES
795   0000              	GLOBAL _NIRVANAP_TILE_IMAGES
796   0000              	GLOBAL _NIRVANAP_HOLE
797   0000              	GLOBAL _NIRVANAP_ISR_HOOK
798   0000              	GLOBAL _scan_map
799   0000              	GLOBAL _key_map
800   0000              	GLOBAL _stp_row
801   0000              	GLOBAL _stp_col
802   0000              	GLOBAL _stp_tile
803   0000              	GLOBAL _map_paper_last_a
804   0000              	GLOBAL _map_paper_last
805   0000              	GLOBAL _map_paper_clr
806   0000              	GLOBAL _map_paper
807   0000              	GLOBAL _boss_stat
808   0000              	GLOBAL _boss_time_fire
809   0000              	GLOBAL _boss_time
810   0000              	GLOBAL _boss_tile
811   0000              	GLOBAL _boss_inc
812   0000              	GLOBAL _boss_col
813   0000              	GLOBAL _boss_lin
814   0000              	GLOBAL _anim_count
815   0000              	GLOBAL _anim_respanwn
816   0000              	GLOBAL _anim_loop
817   0000              	GLOBAL _anim_end
818   0000              	GLOBAL _anim_int
819   0000              	GLOBAL _anim_tile
820   0000              	GLOBAL _anim_col
821   0000              	GLOBAL _anim_lin
822   0000              	GLOBAL _map_heigth
823   0000              	GLOBAL _map_width
824   0000              	GLOBAL _scr_curr
825   0000              	GLOBAL _sprite_kind
826   0000              	GLOBAL _scr_map
827   0000              	GLOBAL _spr_init
828   0000              	GLOBAL _spr_map_tile
829   0000              	GLOBAL _sprite_frames
830   0000              	GLOBAL _sprite_base_speed
831   0000              	GLOBAL _sprite_speed
832   0000              	GLOBAL _screen_ink
833   0000              	GLOBAL _screen_paper
834   0000              	GLOBAL _game_start_scr
835   0000              	GLOBAL _game_score_top
836   0000              	GLOBAL _player_coins
837   0000              	GLOBAL _player_lives
838   0000              	GLOBAL _game_over
839   0000              	GLOBAL _game_sound
840   0000              	GLOBAL _game_inf_lives
841   0000              	GLOBAL _game_inmune
842   0000              	GLOBAL _sprite_curr_index
843   0000              	GLOBAL _spr_count
844   0000              	GLOBAL _anim_time
845   0000              	GLOBAL _frame_time
846   0000              	GLOBAL _curr_time
847   0000              	GLOBAL _s_state
848   0000              	GLOBAL _attrib_osd
849   0000              	GLOBAL _attrib_hl
850   0000              	GLOBAL _attrib
851   0000              	GLOBAL _zx_val_asm
852   0000              	GLOBAL _enemies
853   0000              	GLOBAL _tmp_ui
854   0000              	GLOBAL _tmp_sc
855   0000              	GLOBAL _tmp_uc
856   0000              	GLOBAL _tmp1
857   0000              	GLOBAL _tmp0
858   0000              	GLOBAL _tmp
859   0000              	GLOBAL _index1
860   0000              	GLOBAL _index0
861   0000              	GLOBAL _loop_count
862   0000              	GLOBAL _s_class
863   0000              	GLOBAL _s_row1
864   0000              	GLOBAL _s_col1
865   0000              	GLOBAL _s_col0
866   0000              	GLOBAL _s_lin1
867   0000              	GLOBAL _s_lin0
868   0000              	GLOBAL _s_tile1
869   0000              	GLOBAL _s_tile0
870   0000              	GLOBAL _player_brick_time
871   0000              	GLOBAL _player_hit_count
872   0000              	GLOBAL _game_debug
873   0000              	GLOBAL _sprite_on_air
874   0000              	GLOBAL _sprite
875   0000              	GLOBAL _fps
876   0000              	GLOBAL _menu_curr_sel
877   0000              	GLOBAL _game_control_jump_lock
878   0000              	GLOBAL _game_control_fire_lock
879   0000              	GLOBAL _game_control_mode
880   0000              	GLOBAL _game_round_up
881   0000              	GLOBAL _game_song_play_start
882   0000              	GLOBAL _game_song_play
883   0000              	GLOBAL _game_boss_fix
884   0000              	GLOBAL _game_boss_hit
885   0000              	GLOBAL _game_boss_alive
886   0000              	GLOBAL _game_boss
887   0000              	GLOBAL _game_world
888   0000              	GLOBAL _game_gravity
889   0000              	GLOBAL _player_onfire
890   0000              	GLOBAL _player_hit
891   0000              	GLOBAL _player_hit_time
892   0000              	GLOBAL _game_checkpoint_scr
893   0000              	GLOBAL _game_checkpoint_lin
894   0000              	GLOBAL _game_checkpoint_col
895   0000              	GLOBAL _player_lin_scr
896   0000              	GLOBAL _player_col_scr
897   0000              	GLOBAL _player_max_vita
898   0000              	GLOBAL _player_max_mana
899   0000              	GLOBAL _player_vita
900   0000              	GLOBAL _player_keys
901   0000              	GLOBAL _player_vel_inc
902   0000              	GLOBAL _player_vel_y1
903   0000              	GLOBAL _player_vel_y0
904   0000              	GLOBAL _player_vel_y
905   0000              	GLOBAL _player_vel_x
906   0000              	GLOBAL _player_score
907   0000              	GLOBAL _last_time
908   0000              	GLOBAL _spr_timer
909   0000              	GLOBAL _jump_lin
910   0000              	GLOBAL _player_hit_col
911   0000              	GLOBAL _player_hit_lin
912   0000              	GLOBAL _colint
913   0000              	GLOBAL _col
914   0000              	GLOBAL _tbuffer
915   0000              	GLOBAL _lin
916   0000              	GLOBAL _tile
917   0000              	GLOBAL _state_a
918   0000              	GLOBAL _state
919   0000              	GLOBAL _class
920   0000              	GLOBAL _dirs
921   0000              	GLOBAL _k2
922   0000              	GLOBAL _k1
923   0000              	GLOBAL _joyfunc2
924   0000              	GLOBAL _joyfunc1
925   0000              	GLOBAL _btiles
926   0000              	GLOBAL _spec128
927   0000              	GLOBAL _GLOBAL_ZX_PORT_7FFD
928   0000              	GLOBAL _GLOBAL_ZX_PORT_1FFD
929   0000              	GLOBAL _GLOBAL_ZX_PORT_FE
930   0000              	GLOBAL _ay_fx_06_disparo_fire
931   0000              	GLOBAL _ay_fx_06_disparo_axe
932   0000              	GLOBAL _ay_fx_06_explosion1
933   0000              	GLOBAL _ay_fx_06_efecto
934   0000              	GLOBAL _ay_fx_06_disparo2
935   0000              	GLOBAL _ay_fx_06_disparo1
936   0000              	GLOBAL _ay_fx_06_checkpoint
937   0000              	GLOBAL _ay_fx_06_levelup
938   0000              	GLOBAL _ay_fx_06_magic
939   0000              	GLOBAL _ay_fx_06_sin_mana
940   0000              	GLOBAL _ay_fx_06_salto
941   0000              	GLOBAL _ay_fx_06_puerta
942   0000              	GLOBAL _ay_fx_06_magic1
943   0000              	GLOBAL _ay_fx_06_golpe
944   0000              	GLOBAL _ay_fx_06_explosion
945   0000              	GLOBAL _ay_fx_06_dano_por_toque
946   0000              	GLOBAL _ay_fx_06_coin
947   0000              	GLOBAL _ay_song_06_lotr_level_start
948   0000              	GLOBAL _ay_song_06_lotr_level_complete
949   0000              	GLOBAL _ay_song_06_lotr_lose_a_life
950   0000              	GLOBAL _ay_song_04_doom
951   0000              	GLOBAL _ay_song_04_luna
952   0000              	GLOBAL _ay_song_04_ciel
953   0000              	GLOBAL _ay_song_04_hope
954   0000              	GLOBAL _ay_song_03_regis
955   0000              	GLOBAL _ay_song_03_sunflower
956   0000              	GLOBAL _ay_song_03_tdm_cs9
957   0000              	GLOBAL _world0_h
958   0000              	GLOBAL _world0_w
959   0000              	GLOBAL _world0
960   0000              	GLOBAL _paper0
961   0000              	GLOBAL _lenght0
962   0000              	GLOBAL _start_scr0
963   0000              ;--------------------------------------------------------
964   0000              ; special function registers
965   0000              ;--------------------------------------------------------
966   0000              defc _IO_FE	=	0x00fe
967   0000              defc _IO_1FFD	=	0x1ffd
968   0000              defc _IO_7FFD	=	0x7ffd
969   0000              ;--------------------------------------------------------
970   0000              ; ram data
971   0000              ;--------------------------------------------------------
972   0000              	SECTION bss_compiler
973   0000              ;--------------------------------------------------------
974   0000              ; ram data
975   0000              ;--------------------------------------------------------
976   0000              
977   0000              IF 0
978   0000              
979   0000              ; .area _INITIALIZED removed by z88dk
980   0000              
981   0000              
982   0000              ENDIF
983   0000              
984   0000              ;--------------------------------------------------------
985   0000              ; absolute external ram data
986   0000              ;--------------------------------------------------------
987   0000              	SECTION IGNORE
988   0000              ;--------------------------------------------------------
989   0000              ; global & static initialisations
990   0000              ;--------------------------------------------------------
991   0000              	SECTION code_crt_init
992   0000              ;--------------------------------------------------------
993   0000              ; Home
994   0000              ;--------------------------------------------------------
995   0000              	SECTION IGNORE
996   0000              ;--------------------------------------------------------
997   0000              ; code
998   0000              ;--------------------------------------------------------
999   0000              	SECTION code_compiler
1000  0000              ;	---------------------------------
1001  0000              ; Function audio_ingame is a stub
1002  0000              ; ---------------------------------
1003  0000              EXTERN l_ret
1004  0000              defc _audio_ingame = l_ret
1005  0000              	SECTION code_compiler
1006  0000              ;	---------------------------------
1007  0000              ; Function audio_explosion
1008  0000              ; ---------------------------------
1009  0000              _audio_explosion:
1010  0000  CD 00 00    	call	_ay_fx_stop
1011  0003  21 00 00    	ld	hl,_ay_fx_06_explosion
1012  0006  E5          	push	hl
1013  0007  3E 06       	ld	a,0x06
1014  0009  F5          	push	af
1015  000A  33          	inc	sp
1016  000B  CD 00 00    	call	_ay_fx_play
1017  000E  C9          	ret
1018  000F              	SECTION code_compiler
1019  000F              ;	---------------------------------
1020  000F              ; Function audio_explosion1
1021  000F              ; ---------------------------------
1022  000F              _audio_explosion1:
1023  000F  21 00 00    	ld	hl,_ay_fx_06_explosion
1024  0012  E5          	push	hl
1025  0013  3E 06       	ld	a,0x06
1026  0015  F5          	push	af
1027  0016  33          	inc	sp
1028  0017  CD 00 00    	call	_ay_fx_play
1029  001A  C9          	ret
1030  001B              	SECTION code_compiler
1031  001B              ;	---------------------------------
1032  001B              ; Function audio_disparo1
1033  001B              ; ---------------------------------
1034  001B              _audio_disparo1:
1035  001B  21 00 00    	ld	hl,_ay_fx_06_disparo1
1036  001E  E5          	push	hl
1037  001F  3E 06       	ld	a,0x06
1038  0021  F5          	push	af
1039  0022  33          	inc	sp
1040  0023  CD 00 00    	call	_ay_fx_play
1041  0026  C9          	ret
1042  0027              	SECTION code_compiler
1043  0027              ;	---------------------------------
1044  0027              ; Function audio_disparo2
1045  0027              ; ---------------------------------
1046  0027              _audio_disparo2:
1047  0027  21 00 00    	ld	hl,_ay_fx_06_disparo2
1048  002A  E5          	push	hl
1049  002B  3E 06       	ld	a,0x06
1050  002D  F5          	push	af
1051  002E  33          	inc	sp
1052  002F  CD 00 00    	call	_ay_fx_play
1053  0032  C9          	ret
1054  0033              	SECTION code_compiler
1055  0033              ;	---------------------------------
1056  0033              ; Function audio_disparo_axe
1057  0033              ; ---------------------------------
1058  0033              _audio_disparo_axe:
1059  0033  21 00 00    	ld	hl,_ay_fx_06_disparo_axe
1060  0036  E5          	push	hl
1061  0037  3E 06       	ld	a,0x06
1062  0039  F5          	push	af
1063  003A  33          	inc	sp
1064  003B  CD 00 00    	call	_ay_fx_play
1065  003E  C9          	ret
1066  003F              	SECTION code_compiler
1067  003F              ;	---------------------------------
1068  003F              ; Function audio_disparo_fire
1069  003F              ; ---------------------------------
1070  003F              _audio_disparo_fire:
1071  003F  21 00 00    	ld	hl,_ay_fx_06_disparo_fire
1072  0042  E5          	push	hl
1073  0043  3E 06       	ld	a,0x06
1074  0045  F5          	push	af
1075  0046  33          	inc	sp
1076  0047  CD 00 00    	call	_ay_fx_play
1077  004A  C9          	ret
1078  004B              	SECTION code_compiler
1079  004B              ;	---------------------------------
1080  004B              ; Function audio_efecto
1081  004B              ; ---------------------------------
1082  004B              _audio_efecto:
1083  004B  21 00 00    	ld	hl,_ay_fx_06_efecto
1084  004E  E5          	push	hl
1085  004F  3E 06       	ld	a,0x06
1086  0051  F5          	push	af
1087  0052  33          	inc	sp
1088  0053  CD 00 00    	call	_ay_fx_play
1089  0056  C9          	ret
1090  0057              	SECTION code_compiler
1091  0057              ;	---------------------------------
1092  0057              ; Function audio_salto
1093  0057              ; ---------------------------------
1094  0057              _audio_salto:
1095  0057  21 00 00    	ld	hl,_ay_fx_06_salto
1096  005A  E5          	push	hl
1097  005B  3E 06       	ld	a,0x06
1098  005D  F5          	push	af
1099  005E  33          	inc	sp
1100  005F  CD 00 00    	call	_ay_fx_play
1101  0062  C9          	ret
1102  0063              	SECTION code_compiler
1103  0063              ;	---------------------------------
1104  0063              ; Function audio_golpe
1105  0063              ; ---------------------------------
1106  0063              _audio_golpe:
1107  0063  21 00 00    	ld	hl,_ay_fx_06_golpe
1108  0066  E5          	push	hl
1109  0067  3E 06       	ld	a,0x06
1110  0069  F5          	push	af
1111  006A  33          	inc	sp
1112  006B  CD 00 00    	call	_ay_fx_play
1113  006E  C9          	ret
1114  006F              	SECTION code_compiler
1115  006F              ;	---------------------------------
1116  006F              ; Function audio_coin
1117  006F              ; ---------------------------------
1118  006F              _audio_coin:
1119  006F  21 00 00    	ld	hl,_ay_fx_06_coin
1120  0072  E5          	push	hl
1121  0073  3E 06       	ld	a,0x06
1122  0075  F5          	push	af
1123  0076  33          	inc	sp
1124  0077  CD 00 00    	call	_ay_fx_play
1125  007A  C9          	ret
1126  007B              	SECTION code_compiler
1127  007B              ;	---------------------------------
1128  007B              ; Function audio_magic1
1129  007B              ; ---------------------------------
1130  007B              _audio_magic1:
1131  007B  21 00 00    	ld	hl,_ay_fx_06_magic1
1132  007E  E5          	push	hl
1133  007F  3E 06       	ld	a,0x06
1134  0081  F5          	push	af
1135  0082  33          	inc	sp
1136  0083  CD 00 00    	call	_ay_fx_play
1137  0086  C9          	ret
1138  0087              	SECTION code_compiler
1139  0087              ;	---------------------------------
1140  0087              ; Function audio_sin_mana
1141  0087              ; ---------------------------------
1142  0087              _audio_sin_mana:
1143  0087  21 00 00    	ld	hl,_ay_fx_06_sin_mana
1144  008A  E5          	push	hl
1145  008B  3E 06       	ld	a,0x06
1146  008D  F5          	push	af
1147  008E  33          	inc	sp
1148  008F  CD 00 00    	call	_ay_fx_play
1149  0092  C9          	ret
1150  0093              	SECTION code_compiler
1151  0093              ;	---------------------------------
1152  0093              ; Function audio_puerta
1153  0093              ; ---------------------------------
1154  0093              _audio_puerta:
1155  0093  21 00 00    	ld	hl,_ay_fx_06_puerta
1156  0096  E5          	push	hl
1157  0097  3E 06       	ld	a,0x06
1158  0099  F5          	push	af
1159  009A  33          	inc	sp
1160  009B  CD 00 00    	call	_ay_fx_play
1161  009E  C9          	ret
1162  009F              	SECTION code_compiler
1163  009F              ;	---------------------------------
1164  009F              ; Function audio_lotr_lose_a_life
1165  009F              ; ---------------------------------
1166  009F              _audio_lotr_lose_a_life:
1167  009F  CD 00 00    	call	_ay_reset
1168  00A2  21 00 00    	ld	hl,_ay_song_06_lotr_lose_a_life
1169  00A5  E5          	push	hl
1170  00A6  21 01 06    	ld	hl,0x0601
1171  00A9  E5          	push	hl
1172  00AA  CD 00 00    	call	_ay_song_play
1173  00AD  C9          	ret
1174  00AE              	SECTION code_compiler
1175  00AE              ;	---------------------------------
1176  00AE              ; Function audio_level_start
1177  00AE              ; ---------------------------------
1178  00AE              _audio_level_start:
1179  00AE  CD 00 00    	call	_ay_reset
1180  00B1  21 00 00    	ld	hl,_ay_song_06_lotr_level_start
1181  00B4  E5          	push	hl
1182  00B5  21 01 06    	ld	hl,0x0601
1183  00B8  E5          	push	hl
1184  00B9  CD 00 00    	call	_ay_song_play
1185  00BC  C9          	ret
1186  00BD              	SECTION code_compiler
1187  00BD              ;	---------------------------------
1188  00BD              ; Function audio_level_complete
1189  00BD              ; ---------------------------------
1190  00BD              _audio_level_complete:
1191  00BD  CD 00 00    	call	_ay_reset
1192  00C0  21 00 00    	ld	hl,_ay_song_06_lotr_level_complete
1193  00C3  E5          	push	hl
1194  00C4  21 01 06    	ld	hl,0x0601
1195  00C7  E5          	push	hl
1196  00C8  CD 00 00    	call	_ay_song_play
1197  00CB  C9          	ret
1198  00CC              	SECTION code_compiler
1199  00CC              ;	---------------------------------
1200  00CC              ; Function audio_game_end
1201  00CC              ; ---------------------------------
1202  00CC              _audio_game_end:
1203  00CC  CD 00 00    	call	_ay_reset
1204  00CF  21 00 00    	ld	hl,_ay_song_03_sunflower
1205  00D2  E5          	push	hl
1206  00D3  21 01 03    	ld	hl,0x0301
1207  00D6  E5          	push	hl
1208  00D7  CD 00 00    	call	_ay_song_play
1209  00DA  C9          	ret
1210  00DB              	SECTION code_compiler
1211  00DB              ;	---------------------------------
1212  00DB              ; Function audio_menu
1213  00DB              ; ---------------------------------
1214  00DB              _audio_menu:
1215  00DB  CD 00 00    	call	_ay_reset
1216  00DE  21 00 00    	ld	hl,_ay_song_03_tdm_cs9
1217  00E1  E5          	push	hl
1218  00E2  21 00 03    	ld	hl,0x0300
1219  00E5  E5          	push	hl
1220  00E6  CD 00 00    	call	_ay_song_play
1221  00E9  C9          	ret
1222  00EA              	SECTION code_compiler
1223  00EA              ;	---------------------------------
1224  00EA              ; Function audio_checkpoint
1225  00EA              ; ---------------------------------
1226  00EA              _audio_checkpoint:
1227  00EA  CD 00 00    	call	_ay_fx_stop
1228  00ED  21 00 00    	ld	hl,_ay_fx_06_checkpoint
1229  00F0  E5          	push	hl
1230  00F1  3E 06       	ld	a,0x06
1231  00F3  F5          	push	af
1232  00F4  33          	inc	sp
1233  00F5  CD 00 00    	call	_ay_fx_play
1234  00F8  C9          	ret
1235  00F9              	SECTION code_compiler
1236  00F9              ;	---------------------------------
1237  00F9              ; Function audio_levelup
1238  00F9              ; ---------------------------------
1239  00F9              _audio_levelup:
1240  00F9  CD 00 00    	call	_ay_fx_stop
1241  00FC  21 00 00    	ld	hl,_ay_fx_06_levelup
1242  00FF  E5          	push	hl
1243  0100  3E 06       	ld	a,0x06
1244  0102  F5          	push	af
1245  0103  33          	inc	sp
1246  0104  CD 00 00    	call	_ay_fx_play
1247  0107  C9          	ret
1248  0108              	SECTION IGNORE
1249  0000              
