1     0000              MODULE game_menu_c
2     0000              LINE 0, "game_menu.c"
0     0000              
1     0000              ;--------------------------------------------------------
2     0000              ; File Created by SDCC : free open source ANSI-C Compiler
3     0000              ; Version 3.6.9 #9958 (Mac OS X i386)
4     0000              ;--------------------------------------------------------
5     0000              ; Processed by Z88DK
6     0000              ;--------------------------------------------------------
7     0000              
8     0000              	EXTERN __divschar
9     0000              	EXTERN __divschar_callee
10    0000              	EXTERN __divsint
11    0000              	EXTERN __divsint_callee
12    0000              	EXTERN __divslong
13    0000              	EXTERN __divslong_callee
14    0000              	EXTERN __divslonglong
15    0000              	EXTERN __divslonglong_callee
16    0000              	EXTERN __divsuchar
17    0000              	EXTERN __divsuchar_callee
18    0000              	EXTERN __divuchar
19    0000              	EXTERN __divuchar_callee
20    0000              	EXTERN __divuint
21    0000              	EXTERN __divuint_callee
22    0000              	EXTERN __divulong
23    0000              	EXTERN __divulong_callee
24    0000              	EXTERN __divulonglong
25    0000              	EXTERN __divulonglong_callee
26    0000              	EXTERN __divuschar
27    0000              	EXTERN __divuschar_callee
28    0000              	EXTERN __modschar
29    0000              	EXTERN __modschar_callee
30    0000              	EXTERN __modsint
31    0000              	EXTERN __modsint_callee
32    0000              	EXTERN __modslong
33    0000              	EXTERN __modslong_callee
34    0000              	EXTERN __modslonglong
35    0000              	EXTERN __modslonglong_callee
36    0000              	EXTERN __modsuchar
37    0000              	EXTERN __modsuchar_callee
38    0000              	EXTERN __moduchar
39    0000              	EXTERN __moduchar_callee
40    0000              	EXTERN __moduint
41    0000              	EXTERN __moduint_callee
42    0000              	EXTERN __modulong
43    0000              	EXTERN __modulong_callee
44    0000              	EXTERN __modulonglong
45    0000              	EXTERN __modulonglong_callee
46    0000              	EXTERN __moduschar
47    0000              	EXTERN __moduschar_callee
48    0000              	EXTERN __mulint
49    0000              	EXTERN __mulint_callee
50    0000              	EXTERN __mullong
51    0000              	EXTERN __mullong_callee
52    0000              	EXTERN __mullonglong
53    0000              	EXTERN __mullonglong_callee
54    0000              	EXTERN __mulschar
55    0000              	EXTERN __mulschar_callee
56    0000              	EXTERN __mulsuchar
57    0000              	EXTERN __mulsuchar_callee
58    0000              	EXTERN __muluschar
59    0000              	EXTERN __muluschar_callee
60    0000              	EXTERN __rlslonglong
61    0000              	EXTERN __rlslonglong_callee
62    0000              	EXTERN __rlulonglong
63    0000              	EXTERN __rlulonglong_callee
64    0000              	EXTERN __rrslonglong
65    0000              	EXTERN __rrslonglong_callee
66    0000              	EXTERN __rrulonglong
67    0000              	EXTERN __rrulonglong_callee
68    0000              	EXTERN ___sdcc_call_hl
69    0000              	EXTERN ___sdcc_call_iy
70    0000              	EXTERN ___sdcc_enter_ix
71    0000              	EXTERN _banked_call
72    0000              	EXTERN _banked_ret
73    0000              	EXTERN ___fs2schar
74    0000              	EXTERN ___fs2schar_callee
75    0000              	EXTERN ___fs2sint
76    0000              	EXTERN ___fs2sint_callee
77    0000              	EXTERN ___fs2slong
78    0000              	EXTERN ___fs2slong_callee
79    0000              	EXTERN ___fs2slonglong
80    0000              	EXTERN ___fs2slonglong_callee
81    0000              	EXTERN ___fs2uchar
82    0000              	EXTERN ___fs2uchar_callee
83    0000              	EXTERN ___fs2uint
84    0000              	EXTERN ___fs2uint_callee
85    0000              	EXTERN ___fs2ulong
86    0000              	EXTERN ___fs2ulong_callee
87    0000              	EXTERN ___fs2ulonglong
88    0000              	EXTERN ___fs2ulonglong_callee
89    0000              	EXTERN ___fsadd
90    0000              	EXTERN ___fsadd_callee
91    0000              	EXTERN ___fsdiv
92    0000              	EXTERN ___fsdiv_callee
93    0000              	EXTERN ___fseq
94    0000              	EXTERN ___fseq_callee
95    0000              	EXTERN ___fsgt
96    0000              	EXTERN ___fsgt_callee
97    0000              	EXTERN ___fslt
98    0000              	EXTERN ___fslt_callee
99    0000              	EXTERN ___fsmul
100   0000              	EXTERN ___fsmul_callee
101   0000              	EXTERN ___fsneq
102   0000              	EXTERN ___fsneq_callee
103   0000              	EXTERN ___fssub
104   0000              	EXTERN ___fssub_callee
105   0000              	EXTERN ___schar2fs
106   0000              	EXTERN ___schar2fs_callee
107   0000              	EXTERN ___sint2fs
108   0000              	EXTERN ___sint2fs_callee
109   0000              	EXTERN ___slong2fs
110   0000              	EXTERN ___slong2fs_callee
111   0000              	EXTERN ___slonglong2fs
112   0000              	EXTERN ___slonglong2fs_callee
113   0000              	EXTERN ___uchar2fs
114   0000              	EXTERN ___uchar2fs_callee
115   0000              	EXTERN ___uint2fs
116   0000              	EXTERN ___uint2fs_callee
117   0000              	EXTERN ___ulong2fs
118   0000              	EXTERN ___ulong2fs_callee
119   0000              	EXTERN ___ulonglong2fs
120   0000              	EXTERN ___ulonglong2fs_callee
121   0000              	EXTERN ____sdcc_2_copy_src_mhl_dst_deix
122   0000              	EXTERN ____sdcc_2_copy_src_mhl_dst_bcix
123   0000              	EXTERN ____sdcc_4_copy_src_mhl_dst_deix
124   0000              	EXTERN ____sdcc_4_copy_src_mhl_dst_bcix
125   0000              	EXTERN ____sdcc_4_copy_src_mhl_dst_mbc
126   0000              	EXTERN ____sdcc_4_ldi_nosave_bc
127   0000              	EXTERN ____sdcc_4_ldi_save_bc
128   0000              	EXTERN ____sdcc_4_push_hlix
129   0000              	EXTERN ____sdcc_4_push_mhl
130   0000              	EXTERN ____sdcc_lib_setmem_hl
131   0000              	EXTERN ____sdcc_ll_add_de_bc_hl
132   0000              	EXTERN ____sdcc_ll_add_de_bc_hlix
133   0000              	EXTERN ____sdcc_ll_add_de_hlix_bc
134   0000              	EXTERN ____sdcc_ll_add_de_hlix_bcix
135   0000              	EXTERN ____sdcc_ll_add_deix_bc_hl
136   0000              	EXTERN ____sdcc_ll_add_deix_hlix
137   0000              	EXTERN ____sdcc_ll_add_hlix_bc_deix
138   0000              	EXTERN ____sdcc_ll_add_hlix_deix_bc
139   0000              	EXTERN ____sdcc_ll_add_hlix_deix_bcix
140   0000              	EXTERN ____sdcc_ll_asr_hlix_a
141   0000              	EXTERN ____sdcc_ll_asr_mbc_a
142   0000              	EXTERN ____sdcc_ll_copy_src_de_dst_hlix
143   0000              	EXTERN ____sdcc_ll_copy_src_de_dst_hlsp
144   0000              	EXTERN ____sdcc_ll_copy_src_deix_dst_hl
145   0000              	EXTERN ____sdcc_ll_copy_src_deix_dst_hlix
146   0000              	EXTERN ____sdcc_ll_copy_src_deixm_dst_hlsp
147   0000              	EXTERN ____sdcc_ll_copy_src_desp_dst_hlsp
148   0000              	EXTERN ____sdcc_ll_copy_src_hl_dst_de
149   0000              	EXTERN ____sdcc_ll_copy_src_hlsp_dst_de
150   0000              	EXTERN ____sdcc_ll_copy_src_hlsp_dst_deixm
151   0000              	EXTERN ____sdcc_ll_lsl_hlix_a
152   0000              	EXTERN ____sdcc_ll_lsl_mbc_a
153   0000              	EXTERN ____sdcc_ll_lsr_hlix_a
154   0000              	EXTERN ____sdcc_ll_lsr_mbc_a
155   0000              	EXTERN ____sdcc_ll_push_hlix
156   0000              	EXTERN ____sdcc_ll_push_mhl
157   0000              	EXTERN ____sdcc_ll_sub_de_bc_hl
158   0000              	EXTERN ____sdcc_ll_sub_de_bc_hlix
159   0000              	EXTERN ____sdcc_ll_sub_de_hlix_bc
160   0000              	EXTERN ____sdcc_ll_sub_de_hlix_bcix
161   0000              	EXTERN ____sdcc_ll_sub_deix_bc_hl
162   0000              	EXTERN ____sdcc_ll_sub_deix_hlix
163   0000              	EXTERN ____sdcc_ll_sub_hlix_bc_deix
164   0000              	EXTERN ____sdcc_ll_sub_hlix_deix_bc
165   0000              	EXTERN ____sdcc_ll_sub_hlix_deix_bcix
166   0000              	EXTERN ____sdcc_load_debc_deix
167   0000              	EXTERN ____sdcc_load_dehl_deix
168   0000              	EXTERN ____sdcc_load_debc_mhl
169   0000              	EXTERN ____sdcc_load_hlde_mhl
170   0000              	EXTERN ____sdcc_store_dehl_bcix
171   0000              	EXTERN ____sdcc_store_debc_hlix
172   0000              	EXTERN ____sdcc_store_debc_mhl
173   0000              	EXTERN ____sdcc_cpu_pop_ei
174   0000              	EXTERN ____sdcc_cpu_pop_ei_jp
175   0000              	EXTERN ____sdcc_cpu_push_di
176   0000              	EXTERN ____sdcc_outi
177   0000              	EXTERN ____sdcc_outi_128
178   0000              	EXTERN ____sdcc_outi_256
179   0000              	EXTERN ____sdcc_ldi
180   0000              	EXTERN ____sdcc_ldi_128
181   0000              	EXTERN ____sdcc_ldi_256
182   0000              	EXTERN ____sdcc_4_copy_srcd_hlix_dst_deix
183   0000              	EXTERN ____sdcc_4_and_src_mbc_mhl_dst_deix
184   0000              	EXTERN ____sdcc_4_or_src_mbc_mhl_dst_deix
185   0000              	EXTERN ____sdcc_4_xor_src_mbc_mhl_dst_deix
186   0000              	EXTERN ____sdcc_4_or_src_dehl_dst_bcix
187   0000              	EXTERN ____sdcc_4_xor_src_dehl_dst_bcix
188   0000              	EXTERN ____sdcc_4_and_src_dehl_dst_bcix
189   0000              	EXTERN ____sdcc_4_xor_src_mbc_mhl_dst_debc
190   0000              	EXTERN ____sdcc_4_or_src_mbc_mhl_dst_debc
191   0000              	EXTERN ____sdcc_4_and_src_mbc_mhl_dst_debc
192   0000              	EXTERN ____sdcc_4_cpl_src_mhl_dst_debc
193   0000              	EXTERN ____sdcc_4_xor_src_debc_mhl_dst_debc
194   0000              	EXTERN ____sdcc_4_or_src_debc_mhl_dst_debc
195   0000              	EXTERN ____sdcc_4_and_src_debc_mhl_dst_debc
196   0000              	EXTERN ____sdcc_4_and_src_debc_hlix_dst_debc
197   0000              	EXTERN ____sdcc_4_or_src_debc_hlix_dst_debc
198   0000              	EXTERN ____sdcc_4_xor_src_debc_hlix_dst_debc
199   0000              
200   0000              ;--------------------------------------------------------
201   0000              ; Public variables in this module
202   0000              ;--------------------------------------------------------
203   0000              	GLOBAL _menu_rotcolor
204   0000              	GLOBAL _menu_logo
205   0000              	GLOBAL _menu_read_code
206   0000              	GLOBAL _menu_mcodechk
207   0000              	GLOBAL _menu_read_key
208   0000              	GLOBAL _menu_define_key
209   0000              	GLOBAL _menu_redefine
210   0000              	GLOBAL _menu_clear
211   0000              	GLOBAL _menu_main_print
212   0000              	GLOBAL _menu_main
213   0000              ;--------------------------------------------------------
214   0000              ; Externals used
215   0000              ;--------------------------------------------------------
216   0000              	GLOBAL _ffsll_callee
217   0000              	GLOBAL _ffsll
218   0000              	GLOBAL _strxfrm_callee
219   0000              	GLOBAL _strxfrm
220   0000              	GLOBAL _strupr_fastcall
221   0000              	GLOBAL _strupr
222   0000              	GLOBAL _strtok_r_callee
223   0000              	GLOBAL _strtok_r
224   0000              	GLOBAL _strtok_callee
225   0000              	GLOBAL _strtok
226   0000              	GLOBAL _strstrip_fastcall
227   0000              	GLOBAL _strstrip
228   0000              	GLOBAL _strstr_callee
229   0000              	GLOBAL _strstr
230   0000              	GLOBAL _strspn_callee
231   0000              	GLOBAL _strspn
232   0000              	GLOBAL _strsep_callee
233   0000              	GLOBAL _strsep
234   0000              	GLOBAL _strrstrip_fastcall
235   0000              	GLOBAL _strrstrip
236   0000              	GLOBAL _strrstr_callee
237   0000              	GLOBAL _strrstr
238   0000              	GLOBAL _strrspn_callee
239   0000              	GLOBAL _strrspn
240   0000              	GLOBAL _strrev_fastcall
241   0000              	GLOBAL _strrev
242   0000              	GLOBAL _strrcspn_callee
243   0000              	GLOBAL _strrcspn
244   0000              	GLOBAL _strrchr_callee
245   0000              	GLOBAL _strrchr
246   0000              	GLOBAL _strpbrk_callee
247   0000              	GLOBAL _strpbrk
248   0000              	GLOBAL _strnlen_callee
249   0000              	GLOBAL _strnlen
250   0000              	GLOBAL _strnicmp_callee
251   0000              	GLOBAL _strnicmp
252   0000              	GLOBAL _strndup_callee
253   0000              	GLOBAL _strndup
254   0000              	GLOBAL _strncpy_callee
255   0000              	GLOBAL _strncpy
256   0000              	GLOBAL _strncmp_callee
257   0000              	GLOBAL _strncmp
258   0000              	GLOBAL _strnchr_callee
259   0000              	GLOBAL _strnchr
260   0000              	GLOBAL _strncat_callee
261   0000              	GLOBAL _strncat
262   0000              	GLOBAL _strncasecmp_callee
263   0000              	GLOBAL _strncasecmp
264   0000              	GLOBAL _strlwr_fastcall
265   0000              	GLOBAL _strlwr
266   0000              	GLOBAL _strlen_fastcall
267   0000              	GLOBAL _strlen
268   0000              	GLOBAL _strlcpy_callee
269   0000              	GLOBAL _strlcpy
270   0000              	GLOBAL _strlcat_callee
271   0000              	GLOBAL _strlcat
272   0000              	GLOBAL _stricmp_callee
273   0000              	GLOBAL _stricmp
274   0000              	GLOBAL _strerror_fastcall
275   0000              	GLOBAL _strerror
276   0000              	GLOBAL _strdup_fastcall
277   0000              	GLOBAL _strdup
278   0000              	GLOBAL _strcspn_callee
279   0000              	GLOBAL _strcspn
280   0000              	GLOBAL _strcpy_callee
281   0000              	GLOBAL _strcpy
282   0000              	GLOBAL _strcoll_callee
283   0000              	GLOBAL _strcoll
284   0000              	GLOBAL _strcmp_callee
285   0000              	GLOBAL _strcmp
286   0000              	GLOBAL _strchrnul_callee
287   0000              	GLOBAL _strchrnul
288   0000              	GLOBAL _strchr_callee
289   0000              	GLOBAL _strchr
290   0000              	GLOBAL _strcat_callee
291   0000              	GLOBAL _strcat
292   0000              	GLOBAL _strcasecmp_callee
293   0000              	GLOBAL _strcasecmp
294   0000              	GLOBAL _stpncpy_callee
295   0000              	GLOBAL _stpncpy
296   0000              	GLOBAL _stpcpy_callee
297   0000              	GLOBAL _stpcpy
298   0000              	GLOBAL _memswap_callee
299   0000              	GLOBAL _memswap
300   0000              	GLOBAL _memset_callee
301   0000              	GLOBAL _memset
302   0000              	GLOBAL _memrchr_callee
303   0000              	GLOBAL _memrchr
304   0000              	GLOBAL _memmove_callee
305   0000              	GLOBAL _memmove
306   0000              	GLOBAL _memmem_callee
307   0000              	GLOBAL _memmem
308   0000              	GLOBAL _memcpy_callee
309   0000              	GLOBAL _memcpy
310   0000              	GLOBAL _memcmp_callee
311   0000              	GLOBAL _memcmp
312   0000              	GLOBAL _memchr_callee
313   0000              	GLOBAL _memchr
314   0000              	GLOBAL _memccpy_callee
315   0000              	GLOBAL _memccpy
316   0000              	GLOBAL _ffsl_fastcall
317   0000              	GLOBAL _ffsl
318   0000              	GLOBAL _ffs_fastcall
319   0000              	GLOBAL _ffs
320   0000              	GLOBAL __strrstrip__fastcall
321   0000              	GLOBAL __strrstrip_
322   0000              	GLOBAL __memupr__callee
323   0000              	GLOBAL __memupr_
324   0000              	GLOBAL __memstrcpy__callee
325   0000              	GLOBAL __memstrcpy_
326   0000              	GLOBAL __memlwr__callee
327   0000              	GLOBAL __memlwr_
328   0000              	GLOBAL _rawmemchr_callee
329   0000              	GLOBAL _rawmemchr
330   0000              	GLOBAL _strnset_callee
331   0000              	GLOBAL _strnset
332   0000              	GLOBAL _strset_callee
333   0000              	GLOBAL _strset
334   0000              	GLOBAL _rindex_callee
335   0000              	GLOBAL _rindex
336   0000              	GLOBAL _index_callee
337   0000              	GLOBAL _index
338   0000              	GLOBAL _bzero_callee
339   0000              	GLOBAL _bzero
340   0000              	GLOBAL _bcopy_callee
341   0000              	GLOBAL _bcopy
342   0000              	GLOBAL _bcmp_callee
343   0000              	GLOBAL _bcmp
344   0000              	GLOBAL _ulltoa_callee
345   0000              	GLOBAL _ulltoa
346   0000              	GLOBAL _strtoull_callee
347   0000              	GLOBAL _strtoull
348   0000              	GLOBAL _strtoll_callee
349   0000              	GLOBAL _strtoll
350   0000              	GLOBAL _lltoa_callee
351   0000              	GLOBAL _lltoa
352   0000              	GLOBAL _llabs_callee
353   0000              	GLOBAL _llabs
354   0000              	GLOBAL __lldivu__callee
355   0000              	GLOBAL __lldivu_
356   0000              	GLOBAL __lldiv__callee
357   0000              	GLOBAL __lldiv_
358   0000              	GLOBAL _atoll_callee
359   0000              	GLOBAL _atoll
360   0000              	GLOBAL _realloc_unlocked_callee
361   0000              	GLOBAL _realloc_unlocked
362   0000              	GLOBAL _malloc_unlocked_fastcall
363   0000              	GLOBAL _malloc_unlocked
364   0000              	GLOBAL _free_unlocked_fastcall
365   0000              	GLOBAL _free_unlocked
366   0000              	GLOBAL _calloc_unlocked_callee
367   0000              	GLOBAL _calloc_unlocked
368   0000              	GLOBAL _aligned_alloc_unlocked_callee
369   0000              	GLOBAL _aligned_alloc_unlocked
370   0000              	GLOBAL _realloc_callee
371   0000              	GLOBAL _realloc
372   0000              	GLOBAL _malloc_fastcall
373   0000              	GLOBAL _malloc
374   0000              	GLOBAL _free_fastcall
375   0000              	GLOBAL _free
376   0000              	GLOBAL _calloc_callee
377   0000              	GLOBAL _calloc
378   0000              	GLOBAL _aligned_alloc_callee
379   0000              	GLOBAL _aligned_alloc
380   0000              	GLOBAL _utoa_callee
381   0000              	GLOBAL _utoa
382   0000              	GLOBAL _ultoa_callee
383   0000              	GLOBAL _ultoa
384   0000              	GLOBAL _system_fastcall
385   0000              	GLOBAL _system
386   0000              	GLOBAL _strtoul_callee
387   0000              	GLOBAL _strtoul
388   0000              	GLOBAL _strtol_callee
389   0000              	GLOBAL _strtol
390   0000              	GLOBAL _strtof_callee
391   0000              	GLOBAL _strtof
392   0000              	GLOBAL _strtod_callee
393   0000              	GLOBAL _strtod
394   0000              	GLOBAL _srand_fastcall
395   0000              	GLOBAL _srand
396   0000              	GLOBAL _rand
397   0000              	GLOBAL _quick_exit_fastcall
398   0000              	GLOBAL _quick_exit
399   0000              	GLOBAL _qsort_callee
400   0000              	GLOBAL _qsort
401   0000              	GLOBAL _ltoa_callee
402   0000              	GLOBAL _ltoa
403   0000              	GLOBAL _labs_fastcall
404   0000              	GLOBAL _labs
405   0000              	GLOBAL _itoa_callee
406   0000              	GLOBAL _itoa
407   0000              	GLOBAL _ftoh_callee
408   0000              	GLOBAL _ftoh
409   0000              	GLOBAL _ftog_callee
410   0000              	GLOBAL _ftog
411   0000              	GLOBAL _ftoe_callee
412   0000              	GLOBAL _ftoe
413   0000              	GLOBAL _ftoa_callee
414   0000              	GLOBAL _ftoa
415   0000              	GLOBAL _exit_fastcall
416   0000              	GLOBAL _exit
417   0000              	GLOBAL _dtoh_callee
418   0000              	GLOBAL _dtoh
419   0000              	GLOBAL _dtog_callee
420   0000              	GLOBAL _dtog
421   0000              	GLOBAL _dtoe_callee
422   0000              	GLOBAL _dtoe
423   0000              	GLOBAL _dtoa_callee
424   0000              	GLOBAL _dtoa
425   0000              	GLOBAL _bsearch_callee
426   0000              	GLOBAL _bsearch
427   0000              	GLOBAL _atol_fastcall
428   0000              	GLOBAL _atol
429   0000              	GLOBAL _atoi_fastcall
430   0000              	GLOBAL _atoi
431   0000              	GLOBAL _atof_fastcall
432   0000              	GLOBAL _atof
433   0000              	GLOBAL _atexit_fastcall
434   0000              	GLOBAL _atexit
435   0000              	GLOBAL _at_quick_exit_fastcall
436   0000              	GLOBAL _at_quick_exit
437   0000              	GLOBAL _abs_fastcall
438   0000              	GLOBAL _abs
439   0000              	GLOBAL _abort
440   0000              	GLOBAL __strtou__callee
441   0000              	GLOBAL __strtou_
442   0000              	GLOBAL __strtoi__callee
443   0000              	GLOBAL __strtoi_
444   0000              	GLOBAL __random_uniform_xor_8__fastcall
445   0000              	GLOBAL __random_uniform_xor_8_
446   0000              	GLOBAL __random_uniform_xor_32__fastcall
447   0000              	GLOBAL __random_uniform_xor_32_
448   0000              	GLOBAL __random_uniform_cmwc_8__fastcall
449   0000              	GLOBAL __random_uniform_cmwc_8_
450   0000              	GLOBAL __shellsort__callee
451   0000              	GLOBAL __shellsort_
452   0000              	GLOBAL __quicksort__callee
453   0000              	GLOBAL __quicksort_
454   0000              	GLOBAL __insertion_sort__callee
455   0000              	GLOBAL __insertion_sort_
456   0000              	GLOBAL __ldivu__callee
457   0000              	GLOBAL __ldivu_
458   0000              	GLOBAL __ldiv__callee
459   0000              	GLOBAL __ldiv_
460   0000              	GLOBAL __divu__callee
461   0000              	GLOBAL __divu_
462   0000              	GLOBAL __div__callee
463   0000              	GLOBAL __div_
464   0000              	GLOBAL _NIRVANAP_drawTW_raw_callee
465   0000              	GLOBAL _NIRVANAP_drawTW_raw
466   0000              	GLOBAL _NIRVANAP_drawTW_callee
467   0000              	GLOBAL _NIRVANAP_drawTW
468   0000              	GLOBAL _NIRVANAP_drawW_raw_callee
469   0000              	GLOBAL _NIRVANAP_drawW_raw
470   0000              	GLOBAL _NIRVANAP_drawW_callee
471   0000              	GLOBAL _NIRVANAP_drawW
472   0000              	GLOBAL _NIRVANAP_spriteT_callee
473   0000              	GLOBAL _NIRVANAP_spriteT
474   0000              	GLOBAL _NIRVANAP_fillC_callee
475   0000              	GLOBAL _NIRVANAP_fillC
476   0000              	GLOBAL _NIRVANAP_readC_callee
477   0000              	GLOBAL _NIRVANAP_readC
478   0000              	GLOBAL _NIRVANAP_paintC_callee
479   0000              	GLOBAL _NIRVANAP_paintC
480   0000              	GLOBAL _NIRVANAP_printQ_callee
481   0000              	GLOBAL _NIRVANAP_printQ
482   0000              	GLOBAL _NIRVANAP_fillT_raw_callee
483   0000              	GLOBAL _NIRVANAP_fillT_raw
484   0000              	GLOBAL _NIRVANAP_fillT_callee
485   0000              	GLOBAL _NIRVANAP_fillT
486   0000              	GLOBAL _NIRVANAP_drawT_raw_callee
487   0000              	GLOBAL _NIRVANAP_drawT_raw
488   0000              	GLOBAL _NIRVANAP_drawT_callee
489   0000              	GLOBAL _NIRVANAP_drawT
490   0000              	GLOBAL _NIRVANAP_stop
491   0000              	GLOBAL _NIRVANAP_start
492   0000              	GLOBAL _zx_print_str
493   0000              	GLOBAL _zx_print_int
494   0000              	GLOBAL _zx_print_chr
495   0000              	GLOBAL _zx_isr
496   0000              	GLOBAL _z80_otdr_callee
497   0000              	GLOBAL _z80_otdr
498   0000              	GLOBAL _z80_otir_callee
499   0000              	GLOBAL _z80_otir
500   0000              	GLOBAL _z80_outp_callee
501   0000              	GLOBAL _z80_outp
502   0000              	GLOBAL _z80_indr_callee
503   0000              	GLOBAL _z80_indr
504   0000              	GLOBAL _z80_inir_callee
505   0000              	GLOBAL _z80_inir
506   0000              	GLOBAL _z80_inp_fastcall
507   0000              	GLOBAL _z80_inp
508   0000              	GLOBAL _z80_set_int_state_fastcall
509   0000              	GLOBAL _z80_set_int_state
510   0000              	GLOBAL _z80_get_int_state
511   0000              	GLOBAL _z80_delay_tstate_fastcall
512   0000              	GLOBAL _z80_delay_tstate
513   0000              	GLOBAL _z80_delay_ms_fastcall
514   0000              	GLOBAL _z80_delay_ms
515   0000              	GLOBAL _im2_remove_generic_callback_callee
516   0000              	GLOBAL _im2_remove_generic_callback
517   0000              	GLOBAL _im2_prepend_generic_callback_callee
518   0000              	GLOBAL _im2_prepend_generic_callback
519   0000              	GLOBAL _im2_append_generic_callback_callee
520   0000              	GLOBAL _im2_append_generic_callback
521   0000              	GLOBAL _im2_create_generic_isr_8080_callee
522   0000              	GLOBAL _im2_create_generic_isr_8080
523   0000              	GLOBAL _im2_create_generic_isr_callee
524   0000              	GLOBAL _im2_create_generic_isr
525   0000              	GLOBAL _im2_install_isr_callee
526   0000              	GLOBAL _im2_install_isr
527   0000              	GLOBAL _im2_init_fastcall
528   0000              	GLOBAL _im2_init
529   0000              	GLOBAL _intrinsic_swap_word_32_fastcall
530   0000              	GLOBAL _intrinsic_swap_word_32
531   0000              	GLOBAL _intrinsic_swap_endian_32_fastcall
532   0000              	GLOBAL _intrinsic_swap_endian_32
533   0000              	GLOBAL _intrinsic_swap_endian_16_fastcall
534   0000              	GLOBAL _intrinsic_swap_endian_16
535   0000              	GLOBAL _intrinsic_return_de
536   0000              	GLOBAL _intrinsic_return_bc
537   0000              	GLOBAL _intrinsic_exx
538   0000              	GLOBAL _intrinsic_ex_de_hl
539   0000              	GLOBAL _intrinsic_nop
540   0000              	GLOBAL _intrinsic_im_2
541   0000              	GLOBAL _intrinsic_im_1
542   0000              	GLOBAL _intrinsic_im_0
543   0000              	GLOBAL _intrinsic_retn
544   0000              	GLOBAL _intrinsic_reti
545   0000              	GLOBAL _intrinsic_halt
546   0000              	GLOBAL _intrinsic_ei
547   0000              	GLOBAL _intrinsic_di
548   0000              	GLOBAL _intrinsic_stub
549   0000              	GLOBAL _intrinsic_ini
550   0000              	GLOBAL _intrinsic_outi
551   0000              	GLOBAL _intrinsic_ldi
552   0000              	GLOBAL _zx_pattern_fill_callee
553   0000              	GLOBAL _zx_pattern_fill
554   0000              	GLOBAL _zx_saddrpup_fastcall
555   0000              	GLOBAL _zx_saddrpup
556   0000              	GLOBAL _zx_saddrpright_callee
557   0000              	GLOBAL _zx_saddrpright
558   0000              	GLOBAL _zx_saddrpleft_callee
559   0000              	GLOBAL _zx_saddrpleft
560   0000              	GLOBAL _zx_saddrpdown_fastcall
561   0000              	GLOBAL _zx_saddrpdown
562   0000              	GLOBAL _zx_saddrcup_fastcall
563   0000              	GLOBAL _zx_saddrcup
564   0000              	GLOBAL _zx_saddrcright_fastcall
565   0000              	GLOBAL _zx_saddrcright
566   0000              	GLOBAL _zx_saddrcleft_fastcall
567   0000              	GLOBAL _zx_saddrcleft
568   0000              	GLOBAL _zx_saddrcdown_fastcall
569   0000              	GLOBAL _zx_saddrcdown
570   0000              	GLOBAL _zx_saddr2py_fastcall
571   0000              	GLOBAL _zx_saddr2py
572   0000              	GLOBAL _zx_saddr2px_fastcall
573   0000              	GLOBAL _zx_saddr2px
574   0000              	GLOBAL _zx_saddr2cy_fastcall
575   0000              	GLOBAL _zx_saddr2cy
576   0000              	GLOBAL _zx_saddr2cx_fastcall
577   0000              	GLOBAL _zx_saddr2cx
578   0000              	GLOBAL _zx_saddr2aaddr_fastcall
579   0000              	GLOBAL _zx_saddr2aaddr
580   0000              	GLOBAL _zx_py2saddr_fastcall
581   0000              	GLOBAL _zx_py2saddr
582   0000              	GLOBAL _zx_py2aaddr_fastcall
583   0000              	GLOBAL _zx_py2aaddr
584   0000              	GLOBAL _zx_pxy2saddr_callee
585   0000              	GLOBAL _zx_pxy2saddr
586   0000              	GLOBAL _zx_pxy2aaddr_callee
587   0000              	GLOBAL _zx_pxy2aaddr
588   0000              	GLOBAL _zx_px2bitmask_fastcall
589   0000              	GLOBAL _zx_px2bitmask
590   0000              	GLOBAL _zx_cy2saddr_fastcall
591   0000              	GLOBAL _zx_cy2saddr
592   0000              	GLOBAL _zx_cy2aaddr_fastcall
593   0000              	GLOBAL _zx_cy2aaddr
594   0000              	GLOBAL _zx_cxy2saddr_callee
595   0000              	GLOBAL _zx_cxy2saddr
596   0000              	GLOBAL _zx_cxy2aaddr_callee
597   0000              	GLOBAL _zx_cxy2aaddr
598   0000              	GLOBAL _zx_bitmask2px_fastcall
599   0000              	GLOBAL _zx_bitmask2px
600   0000              	GLOBAL _zx_aaddrcup_fastcall
601   0000              	GLOBAL _zx_aaddrcup
602   0000              	GLOBAL _zx_aaddrcright_fastcall
603   0000              	GLOBAL _zx_aaddrcright
604   0000              	GLOBAL _zx_aaddrcleft_fastcall
605   0000              	GLOBAL _zx_aaddrcleft
606   0000              	GLOBAL _zx_aaddrcdown_fastcall
607   0000              	GLOBAL _zx_aaddrcdown
608   0000              	GLOBAL _zx_aaddr2saddr_fastcall
609   0000              	GLOBAL _zx_aaddr2saddr
610   0000              	GLOBAL _zx_aaddr2py_fastcall
611   0000              	GLOBAL _zx_aaddr2py
612   0000              	GLOBAL _zx_aaddr2px_fastcall
613   0000              	GLOBAL _zx_aaddr2px
614   0000              	GLOBAL _zx_aaddr2cy_fastcall
615   0000              	GLOBAL _zx_aaddr2cy
616   0000              	GLOBAL _zx_aaddr2cx_fastcall
617   0000              	GLOBAL _zx_aaddr2cx
618   0000              	GLOBAL _zx_visit_wc_pix_callee
619   0000              	GLOBAL _zx_visit_wc_pix
620   0000              	GLOBAL _zx_visit_wc_attr_callee
621   0000              	GLOBAL _zx_visit_wc_attr
622   0000              	GLOBAL _zx_scroll_wc_up_pix_callee
623   0000              	GLOBAL _zx_scroll_wc_up_pix
624   0000              	GLOBAL _zx_scroll_wc_up_attr_callee
625   0000              	GLOBAL _zx_scroll_wc_up_attr
626   0000              	GLOBAL _zx_scroll_wc_up_callee
627   0000              	GLOBAL _zx_scroll_wc_up
628   0000              	GLOBAL _zx_scroll_up_pix_callee
629   0000              	GLOBAL _zx_scroll_up_pix
630   0000              	GLOBAL _zx_scroll_up_attr_callee
631   0000              	GLOBAL _zx_scroll_up_attr
632   0000              	GLOBAL _zx_scroll_up_callee
633   0000              	GLOBAL _zx_scroll_up
634   0000              	GLOBAL _zx_cls_wc_pix_callee
635   0000              	GLOBAL _zx_cls_wc_pix
636   0000              	GLOBAL _zx_cls_wc_attr_callee
637   0000              	GLOBAL _zx_cls_wc_attr
638   0000              	GLOBAL _zx_cls_wc_callee
639   0000              	GLOBAL _zx_cls_wc
640   0000              	GLOBAL _zx_cls_pix_fastcall
641   0000              	GLOBAL _zx_cls_pix
642   0000              	GLOBAL _zx_cls_attr_fastcall
643   0000              	GLOBAL _zx_cls_attr
644   0000              	GLOBAL _zx_cls_fastcall
645   0000              	GLOBAL _zx_cls
646   0000              	GLOBAL _zx_border_fastcall
647   0000              	GLOBAL _zx_border
648   0000              	GLOBAL _zx_tape_verify_block_callee
649   0000              	GLOBAL _zx_tape_verify_block
650   0000              	GLOBAL _zx_tape_save_block_callee
651   0000              	GLOBAL _zx_tape_save_block
652   0000              	GLOBAL _zx_tape_load_block_callee
653   0000              	GLOBAL _zx_tape_load_block
654   0000              	GLOBAL _spr_horizontal_check
655   0000              	GLOBAL _spr_draw8
656   0000              	GLOBAL _spr_clear_scr
657   0000              	GLOBAL _spr_back_repaint
658   0000              	GLOBAL _spr_get_tile_dir
659   0000              	GLOBAL _spr_get_tile
660   0000              	GLOBAL _spr_paint_player
661   0000              	GLOBAL _spr_clear_fast_hor
662   0000              	GLOBAL _spr_clear_fast_vert
663   0000              	GLOBAL _spr_clear_fast
664   0000              	GLOBAL _spr_paint
665   0000              	GLOBAL _spr_move_left
666   0000              	GLOBAL _spr_move_right
667   0000              	GLOBAL _spr_move_left_f
668   0000              	GLOBAL _spr_move_right_f
669   0000              	GLOBAL _spr_move_horizontal
670   0000              	GLOBAL _spr_move_down_f
671   0000              	GLOBAL _spr_move_up_f
672   0000              	GLOBAL _spr_set_right
673   0000              	GLOBAL _spr_set_left
674   0000              	GLOBAL _spr_set_down
675   0000              	GLOBAL _spr_set_up
676   0000              	GLOBAL _spr_calc_index
677   0000              	GLOBAL _spr_chktime
678   0000              	GLOBAL _player_new_jump
679   0000              	GLOBAL _player_crumble
680   0000              	GLOBAL _player_pick
681   0000              	GLOBAL _player_use_floor
682   0000              	GLOBAL _player_lost_life
683   0000              	GLOBAL _player_move_jump
684   0000              	GLOBAL _player_tile
685   0000              	GLOBAL _player_handle_conveyor
686   0000              	GLOBAL _player_pick_extra
687   0000              	GLOBAL _player_pick_deadly
688   0000              	GLOBAL _player_pick_item
689   0000              	GLOBAL _player_check_ceil
690   0000              	GLOBAL _player_check_floor
691   0000              	GLOBAL _player_score_add
692   0000              	GLOBAL _player_move_walk
693   0000              	GLOBAL _player_turn
694   0000              	GLOBAL _player_move
695   0000              	GLOBAL _player_check_input
696   0000              	GLOBAL _player_init
697   0000              	GLOBAL _game_text
698   0000              	GLOBAL _game_logo1
699   0000              	GLOBAL _game_anim_conveyor
700   0000              	GLOBAL _zx_print_char
701   0000              	GLOBAL _reverse
702   0000              	GLOBAL _page
703   0000              	GLOBAL _game_crumble
704   0000              	GLOBAL _game_solar_ray0
705   0000              	GLOBAL _game_solar_ray1
706   0000              	GLOBAL _game_solar_ray
707   0000              	GLOBAL _game_anim_air
708   0000              	GLOBAL _game_shoe
709   0000              	GLOBAL _game_intro
710   0000              	GLOBAL _game_copy_sprite
711   0000              	GLOBAL _game_copy_sprite_color_reset
712   0000              	GLOBAL _game_copy_sprite_std
713   0000              	GLOBAL _game_flash_exit
714   0000              	GLOBAL _game_page_map
715   0000              	GLOBAL _game_attribs
716   0000              	GLOBAL _game_check_time
717   0000              	GLOBAL _game_key_paint
718   0000              	GLOBAL _game_colour_message
719   0000              	GLOBAL _game_paint_attrib
720   0000              	GLOBAL _game_print_score
721   0000              	GLOBAL _game_cell_paint_index
722   0000              	GLOBAL _game_cell_paint
723   0000              	GLOBAL _game_check_cell
724   0000              	GLOBAL _game_check_map
725   0000              	GLOBAL _game_loop
726   0000              	GLOBAL _game_round_init
727   0000              	GLOBAL _game_start_timer
728   0000              	GLOBAL _game_update_stats
729   0000              	GLOBAL _game_print_footer
730   0000              	GLOBAL _game_fill_row
731   0000              	GLOBAL _game_cls
732   0000              	GLOBAL _game_fps
733   0000              	GLOBAL _game_draw_map
734   0000              	GLOBAL _enemy_init
735   0000              	GLOBAL _enemy_move
736   0000              	GLOBAL _enemy_turn
737   0000              	GLOBAL _enemy_static
738   0000              	GLOBAL _enemy_horizontal
739   0000              	GLOBAL _enemy_vertical
740   0000              	GLOBAL _ay_reset
741   0000              	GLOBAL _ay_song_stop
742   0000              	GLOBAL _ay_song_play
743   0000              	GLOBAL _ay_fx_stop
744   0000              	GLOBAL _ay_fx_play
745   0000              	GLOBAL _ay_is_playing
746   0000              	GLOBAL _audio_game_over
747   0000              	GLOBAL _audio_round_init
748   0000              	GLOBAL _audio_levelup
749   0000              	GLOBAL _audio_menu
750   0000              	GLOBAL _audio_game_end
751   0000              	GLOBAL _audio_game_start
752   0000              	GLOBAL _audio_level_complete
753   0000              	GLOBAL _audio_level_start
754   0000              	GLOBAL _audio_puerta
755   0000              	GLOBAL _audio_crumble
756   0000              	GLOBAL _audio_tick
757   0000              	GLOBAL _audio_door_open
758   0000              	GLOBAL _audio_coin_noentiendo
759   0000              	GLOBAL _audio_coin
760   0000              	GLOBAL _audio_fall
761   0000              	GLOBAL _audio_jump
762   0000              	GLOBAL _audio_dead
763   0000              	GLOBAL _audio_time
764   0000              	GLOBAL _audio_ingame
765   0000              	GLOBAL _test_func
766   0000              	GLOBAL _test_proc
767   0000              	GLOBAL _in_mouse_kempston_wheel_delta
768   0000              	GLOBAL _in_mouse_kempston_wheel
769   0000              	GLOBAL _in_mouse_kempston_callee
770   0000              	GLOBAL _in_mouse_kempston
771   0000              	GLOBAL _in_mouse_kempston_setpos_callee
772   0000              	GLOBAL _in_mouse_kempston_setpos
773   0000              	GLOBAL _in_mouse_kempston_reset
774   0000              	GLOBAL _in_mouse_kempston_init
775   0000              	GLOBAL _in_mouse_amx_wheel_delta
776   0000              	GLOBAL _in_mouse_amx_wheel
777   0000              	GLOBAL _in_mouse_amx_callee
778   0000              	GLOBAL _in_mouse_amx
779   0000              	GLOBAL _in_mouse_amx_setpos_callee
780   0000              	GLOBAL _in_mouse_amx_setpos
781   0000              	GLOBAL _in_mouse_amx_reset
782   0000              	GLOBAL _in_mouse_amx_init_callee
783   0000              	GLOBAL _in_mouse_amx_init
784   0000              	GLOBAL _in_stick_sinclair2
785   0000              	GLOBAL _in_stick_sinclair1
786   0000              	GLOBAL _in_stick_kempston
787   0000              	GLOBAL _in_stick_fuller
788   0000              	GLOBAL _in_stick_cursor
789   0000              	GLOBAL _in_stick_keyboard_fastcall
790   0000              	GLOBAL _in_stick_keyboard
791   0000              	GLOBAL _in_wait_nokey
792   0000              	GLOBAL _in_wait_key
793   0000              	GLOBAL _in_test_key
794   0000              	GLOBAL _in_pause_fastcall
795   0000              	GLOBAL _in_pause
796   0000              	GLOBAL _in_key_scancode_fastcall
797   0000              	GLOBAL _in_key_scancode
798   0000              	GLOBAL _in_key_pressed_fastcall
799   0000              	GLOBAL _in_key_pressed
800   0000              	GLOBAL _in_inkey
801   0000              	GLOBAL _NIRVANAP_CHAR_TABLE
802   0000              	GLOBAL _NIRVANAP_WIDE_IMAGES
803   0000              	GLOBAL _NIRVANAP_TILE_IMAGES
804   0000              	GLOBAL _NIRVANAP_HOLE
805   0000              	GLOBAL _NIRVANAP_ISR_HOOK
806   0000              	GLOBAL _game_tune
807   0000              	GLOBAL _code1
808   0000              	GLOBAL _code0
809   0000              	GLOBAL _deltas
810   0000              	GLOBAL _attribs
811   0000              	GLOBAL _air_curr_byte
812   0000              	GLOBAL _spr_clr
813   0000              	GLOBAL _spr_init_bright
814   0000              	GLOBAL _spr_init_cout3
815   0000              	GLOBAL _spr_init_cin3
816   0000              	GLOBAL _spr_init_cout2
817   0000              	GLOBAL _spr_init_cin2
818   0000              	GLOBAL _spr_init_cout1
819   0000              	GLOBAL _spr_init_cin1
820   0000              	GLOBAL _spr_init_cout0
821   0000              	GLOBAL _spr_init_cin0
822   0000              	GLOBAL _map_clear
823   0000              	GLOBAL _map_paper
824   0000              	GLOBAL _map_border
825   0000              	GLOBAL _gbyte
826   0000              	GLOBAL _scr_curr
827   0000              	GLOBAL _color
828   0000              	GLOBAL _scr_map
829   0000              	GLOBAL _spr_kind
830   0000              	GLOBAL _spr_altset
831   0000              	GLOBAL _spr_frames
832   0000              	GLOBAL _spr_speed_a
833   0000              	GLOBAL _spr_speed_b
834   0000              	GLOBAL _spr_speed
835   0000              	GLOBAL _spr_tile
836   0000              	GLOBAL _screen_ink
837   0000              	GLOBAL _screen_paper
838   0000              	GLOBAL _game_start_scr
839   0000              	GLOBAL _player_next_extra
840   0000              	GLOBAL _game_score_top
841   0000              	GLOBAL _player_coins
842   0000              	GLOBAL _player_lives
843   0000              	GLOBAL _game_crumb_end
844   0000              	GLOBAL _game_crumb_start
845   0000              	GLOBAL _game_over
846   0000              	GLOBAL _game_tile_cnt
847   0000              	GLOBAL _game_sound
848   0000              	GLOBAL _game_inf_lives
849   0000              	GLOBAL _game_inmune
850   0000              	GLOBAL _spr_count
851   0000              	GLOBAL _key_ink
852   0000              	GLOBAL _key_last
853   0000              	GLOBAL _lapse_crumb
854   0000              	GLOBAL _time_key
855   0000              	GLOBAL _time_conv
856   0000              	GLOBAL _time_air
857   0000              	GLOBAL _frame_time
858   0000              	GLOBAL _curr_time
859   0000              	GLOBAL _key_attrib
860   0000              	GLOBAL _g_ray1
861   0000              	GLOBAL _attrib_osd
862   0000              	GLOBAL _attrib_hl
863   0000              	GLOBAL _attrib
864   0000              	GLOBAL _zx_val_asm
865   0000              	GLOBAL _index1
866   0000              	GLOBAL _index0
867   0000              	GLOBAL _loop_count
868   0000              	GLOBAL _s_row1
869   0000              	GLOBAL _s_col1
870   0000              	GLOBAL _s_col0
871   0000              	GLOBAL _s_lin1
872   0000              	GLOBAL _s_lin0
873   0000              	GLOBAL _nirv_sprite_index
874   0000              	GLOBAL _player_kill_index
875   0000              	GLOBAL _player_jump_top
876   0000              	GLOBAL _game_debug
877   0000              	GLOBAL _sprite
878   0000              	GLOBAL _fps
879   0000              	GLOBAL _game_effect
880   0000              	GLOBAL _game_menu
881   0000              	GLOBAL _game_atrac
882   0000              	GLOBAL _game_mode
883   0000              	GLOBAL _game_tileset
884   0000              	GLOBAL _menu_curr_sel
885   0000              	GLOBAL _game_round_up
886   0000              	GLOBAL _game_lives
887   0000              	GLOBAL _game_code
888   0000              	GLOBAL _game_exit_lin
889   0000              	GLOBAL _game_exit_col
890   0000              	GLOBAL _game_conveyor_col1
891   0000              	GLOBAL _game_conveyor_col0
892   0000              	GLOBAL _game_conveyor_lin
893   0000              	GLOBAL _game_conveyor_dir
894   0000              	GLOBAL _game_song_play
895   0000              	GLOBAL _game_gravity
896   0000              	GLOBAL _player_lin_scr
897   0000              	GLOBAL _player_col_scr
898   0000              	GLOBAL _player_fall_start
899   0000              	GLOBAL _player_jump_lin
900   0000              	GLOBAL _player_jump_count
901   0000              	GLOBAL _player_jump_hack
902   0000              	GLOBAL _player_vel_inc
903   0000              	GLOBAL _player_vel_y0
904   0000              	GLOBAL _player_vel_y
905   0000              	GLOBAL _player_score
906   0000              	GLOBAL _tbuffer
907   0000              	GLOBAL _obj_count
908   0000              	GLOBAL _obj_col
909   0000              	GLOBAL _obj_lin
910   0000              	GLOBAL _last_time_b
911   0000              	GLOBAL _last_time_a
912   0000              	GLOBAL _last_time
913   0000              	GLOBAL _colint
914   0000              	GLOBAL _col
915   0000              	GLOBAL _lin
916   0000              	GLOBAL _tile
917   0000              	GLOBAL _value_c
918   0000              	GLOBAL _value_b
919   0000              	GLOBAL _value_a
920   0000              	GLOBAL _state_a
921   0000              	GLOBAL _state
922   0000              	GLOBAL _class
923   0000              	GLOBAL _dirs_last
924   0000              	GLOBAL _dirs
925   0000              	GLOBAL _k2
926   0000              	GLOBAL _k1
927   0000              	GLOBAL _joyfunc2
928   0000              	GLOBAL _joyfunc1
929   0000              	GLOBAL _btiles
930   0000              	GLOBAL _v3
931   0000              	GLOBAL _v2
932   0000              	GLOBAL _v1
933   0000              	GLOBAL _v0
934   0000              	GLOBAL _i
935   0000              	GLOBAL _spec128
936   0000              	GLOBAL _GLOBAL_ZX_PORT_7FFD
937   0000              	GLOBAL _GLOBAL_ZX_PORT_1FFD
938   0000              	GLOBAL _GLOBAL_ZX_PORT_FE
939   0000              	GLOBAL _hitiles2
940   0000              	GLOBAL _hitiles1
941   0000              	GLOBAL _ay_song_coin_noentiendo
942   0000              	GLOBAL _ay_song_game_over
943   0000              	GLOBAL _ay_song_time_atack
944   0000              	GLOBAL _ay_fx_pause
945   0000              	GLOBAL _ay_fx_crumble
946   0000              	GLOBAL _ay_fx_door_open
947   0000              	GLOBAL _ay_fx_tick
948   0000              	GLOBAL _ay_fx_game_start
949   0000              	GLOBAL _ay_fx_fall
950   0000              	GLOBAL _ay_fx_jump
951   0000              	GLOBAL _ay_fx_dead
952   0000              	GLOBAL _ay_fx_coin
953   0000              	GLOBAL _ay_song_round_init
954   0000              	GLOBAL _ay_song_menu
955   0000              	GLOBAL _ay_song_ingame1
956   0000              	GLOBAL _ay_song_ingame0
957   0000              	GLOBAL _hisprites2
958   0000              	GLOBAL _hisprites1
959   0000              	GLOBAL _logo2
960   0000              	GLOBAL _logo1
961   0000              	GLOBAL _cartoon2
962   0000              	GLOBAL _cartoon1
963   0000              	GLOBAL _cartoon0
964   0000              	GLOBAL _img1
965   0000              	GLOBAL _air_end_byte
966   0000              	GLOBAL _air_start_byte
967   0000              	GLOBAL _tile_class
968   0000              	GLOBAL _texts
969   0000              	GLOBAL _map_names0
970   0000              	GLOBAL _game_borders0
971   0000              	GLOBAL _spr_init2
972   0000              	GLOBAL _spr_init1
973   0000              	GLOBAL _tile_class2
974   0000              	GLOBAL _tile_class1
975   0000              	GLOBAL _paper0
976   0000              	GLOBAL _lenght0
977   0000              	GLOBAL _world0
978   0000              	GLOBAL _spr_init
979   0000              	GLOBAL _game_encode
980   0000              	GLOBAL _player_jump_hor
981   0000              ;--------------------------------------------------------
982   0000              ; special function registers
983   0000              ;--------------------------------------------------------
984   0000              defc _IO_FE	=	0x00fe
985   0000              defc _IO_1FFD	=	0x1ffd
986   0000              defc _IO_7FFD	=	0x7ffd
987   0000              ;--------------------------------------------------------
988   0000              ; ram data
989   0000              ;--------------------------------------------------------
990   0000              	SECTION bss_compiler
991   0000              ;--------------------------------------------------------
992   0000              ; ram data
993   0000              ;--------------------------------------------------------
994   0000              
995   0000              IF 0
996   0000              
997   0000              ; .area _INITIALIZED removed by z88dk
998   0000              
999   0000              
1000  0000              ENDIF
1001  0000              
1002  0000              ;--------------------------------------------------------
1003  0000              ; absolute external ram data
1004  0000              ;--------------------------------------------------------
1005  0000              	SECTION IGNORE
1006  0000              ;--------------------------------------------------------
1007  0000              ; global & static initialisations
1008  0000              ;--------------------------------------------------------
1009  0000              	SECTION code_crt_init
1010  0000              ;--------------------------------------------------------
1011  0000              ; Home
1012  0000              ;--------------------------------------------------------
1013  0000              	SECTION IGNORE
1014  0000              ;--------------------------------------------------------
1015  0000              ; code
1016  0000              ;--------------------------------------------------------
1017  0000              	SECTION code_compiler
1018  0000              ;	---------------------------------
1019  0000              ; Function menu_main
1020  0000              ; ---------------------------------
1021  0000              _menu_main:
1022  0000  CD 00 00    	call	___sdcc_enter_ix
1023  0003  F5          	push	af
1024  0004  F5          	push	af
1025  0005  F5          	push	af
1026  0006  DD 36 FE 01 	ld	(ix-2),0x01
1027  000A  21 00 00    	ld	hl,_game_code
1028  000D  36 00       	ld	(hl),0x00
1029  000F  21 00 00    	ld	hl,_map_paper
1030  0012  36 00       	ld	(hl),0x00
1031  0014  CD 00 00    	call	_audio_menu
1032  0017  CD 00 00    	call	_game_cls
1033  001A  CD B9 07    	call	_menu_logo
1034  001D  CD 00 00    	call	_game_attribs
1035  0020  CD 70 02    	call	_menu_main_print
1036  0023  D1          	pop	de
1037  0024  21 00 00    	ld	hl,_i
1038  0027  36 00       	ld	(hl),0x00
1039  0029  2A 00 00    	ld	hl,(_curr_time)
1040  002C  E5          	push	hl
1041  002D  21 00 00    	ld	hl,_color
1042  0030  36 00       	ld	(hl),0x00
1043  0032              l_menu_main_00138:
1044  0032  DD 7E FE    	ld	a,(ix-2)
1045  0035  B7          	or	a, a
1046  0036  CA 6B 02    	jp	Z, l_menu_main_00141
1047  0039  21 14 00    	ld	hl,0x0014
1048  003C  CD 00 00    	call	_z80_delay_ms_fastcall
1049  003F  CD 00 00    	call	_in_inkey
1050  0042  DD 75 FF    	ld	(ix-1),l
1051  0045  3A 00 00    	ld	a,(_menu_curr_sel)
1052  0048  C6 0A       	add	a,0x0a
1053  004A  07          	rlca
1054  004B  07          	rlca
1055  004C  07          	rlca
1056  004D  E6 F8       	and	a,0xf8
1057  004F  C6 08       	add	a,0x08
1058  0051  DD 77 FD    	ld	(ix-3),a
1059  0054  3A 00 00    	ld	a,(_color)
1060  0057  07          	rlca
1061  0058  07          	rlca
1062  0059  07          	rlca
1063  005A  E6 F8       	and	a,0xf8
1064  005C  32 00 00    	ld	(_v0),a
1065  005F  21 00 00    	ld	hl,_color
1066  0062  7E          	ld	a,(hl)
1067  0063  3C          	inc	a
1068  0064  77          	ld	(hl),a
1069  0065  D6 05       	sub	a,0x05
1070  0067  20 04       	jr	NZ,l_menu_main_00102
1071  0069  21 00 00    	ld	hl,_color
1072  006C  34          	inc	(hl)
1073  006D              l_menu_main_00102:
1074  006D  3E 06       	ld	a,0x06
1075  006F  21 00 00    	ld	hl,_color
1076  0072  96          	sub	a, (hl)
1077  0073  30 02       	jr	NC,l_menu_main_00104
1078  0075  36 00       	ld	(hl),0x00
1079  0077              l_menu_main_00104:
1080  0077  01 00 00    	ld	bc,_attrib_hl+0
1081  007A  0A          	ld	a, (bc)
1082  007B  E6 C7       	and	a,0xc7
1083  007D  21 00 00    	ld	hl,_v0
1084  0080  B6          	or	a, (hl)
1085  0081  02          	ld	(bc), a
1086  0082  59          	ld	e, c
1087  0083  50          	ld	d, b
1088  0084  13          	inc	de
1089  0085  1A          	ld	a, (de)
1090  0086  E6 C7       	and	a,0xc7
1091  0088  B6          	or	a, (hl)
1092  0089  12          	ld	(de), a
1093  008A  59          	ld	e, c
1094  008B  50          	ld	d, b
1095  008C  13          	inc	de
1096  008D  13          	inc	de
1097  008E  1A          	ld	a, (de)
1098  008F  E6 C7       	and	a,0xc7
1099  0091  B6          	or	a, (hl)
1100  0092  12          	ld	(de), a
1101  0093  59          	ld	e, c
1102  0094  50          	ld	d, b
1103  0095  13          	inc	de
1104  0096  13          	inc	de
1105  0097  13          	inc	de
1106  0098  1A          	ld	a, (de)
1107  0099  E6 C7       	and	a,0xc7
1108  009B  B6          	or	a, (hl)
1109  009C  12          	ld	(de), a
1110  009D  DD 7E FD    	ld	a,(ix-3)
1111  00A0  F5          	push	af
1112  00A1  33          	inc	sp
1113  00A2  21 0D 15    	ld	hl,0x150d
1114  00A5  E5          	push	hl
1115  00A6  C5          	push	bc
1116  00A7  CD 00 00    	call	_game_paint_attrib
1117  00AA  F1          	pop	af
1118  00AB  F1          	pop	af
1119  00AC  33          	inc	sp
1120  00AD  DD 7E FF    	ld	a,(ix-1)
1121  00B0  C6 D0       	add	a,0xd0
1122  00B2  DD 77 FC    	ld	(ix-4),a
1123  00B5  3E 05       	ld	a,0x05
1124  00B7  DD 96 FC    	sub	a,(ix-4)
1125  00BA  DA 4F 01    	jp	C, l_menu_main_00113
1126  00BD  DD 4E FC    	ld	c,(ix-4)
1127  00C0  06 00       	ld	b,0x00
1128  00C2  21 C9 00    	ld	hl,l_menu_main_00221
1129  00C5  09          	add	hl, bc
1130  00C6  09          	add	hl, bc
1131  00C7  09          	add	hl, bc
1132  00C8  E9          	jp	(hl)
1133  00C9              l_menu_main_00221:
1134  00C9  C3 3B 01    	jp	l_menu_main_00112
1135  00CC  C3 DB 00    	jp	l_menu_main_00105
1136  00CF  C3 E8 00    	jp	l_menu_main_00106
1137  00D2  C3 F5 00    	jp	l_menu_main_00107
1138  00D5  C3 02 01    	jp	l_menu_main_00108
1139  00D8  C3 17 01    	jp	l_menu_main_00109
1140  00DB              l_menu_main_00105:
1141  00DB  21 00 00    	ld	hl,_in_stick_sinclair1
1142  00DE  22 00 00    	ld	(_joyfunc1),hl
1143  00E1  21 00 00    	ld	hl,_menu_curr_sel
1144  00E4  36 01       	ld	(hl),0x01
1145  00E6  18 67       	jr	l_menu_main_00113
1146  00E8              l_menu_main_00106:
1147  00E8  21 00 00    	ld	hl,_in_stick_keyboard
1148  00EB  22 00 00    	ld	(_joyfunc1),hl
1149  00EE  21 00 00    	ld	hl,_menu_curr_sel
1150  00F1  36 02       	ld	(hl),0x02
1151  00F3  18 5A       	jr	l_menu_main_00113
1152  00F5              l_menu_main_00107:
1153  00F5  21 00 00    	ld	hl,_in_stick_kempston
1154  00F8  22 00 00    	ld	(_joyfunc1),hl
1155  00FB  21 00 00    	ld	hl,_menu_curr_sel
1156  00FE  36 03       	ld	(hl),0x03
1157  0100  18 4D       	jr	l_menu_main_00113
1158  0102              l_menu_main_00108:
1159  0102  CD 65 03    	call	_menu_redefine
1160  0105  D1          	pop	de
1161  0106  21 00 00    	ld	hl,_in_stick_keyboard
1162  0109  22 00 00    	ld	(_joyfunc1),hl
1163  010C  21 00 00    	ld	hl,_menu_curr_sel
1164  010F  36 02       	ld	(hl),0x02
1165  0111  2A 00 00    	ld	hl,(_curr_time)
1166  0114  E5          	push	hl
1167  0115  18 38       	jr	l_menu_main_00113
1168  0117              l_menu_main_00109:
1169  0117  CD 00 00    	call	_game_attribs
1170  011A  CD F3 04    	call	_menu_read_code
1171  011D  7D          	ld	a,l
1172  011E  32 00 00    	ld	(_v0),a
1173  0121  CD 00 00    	call	_ay_reset
1174  0124  3A 00 00    	ld	a,(_v0)
1175  0127  B7          	or	a, a
1176  0128  28 05       	jr	Z,l_menu_main_00111
1177  012A  76          	halt
1178  012B  DD 36 FE 00 	ld	(ix-2),0x00
1179  012F              l_menu_main_00111:
1180  012F  D1          	pop	de
1181  0130  2A 00 00    	ld	hl,(_curr_time)
1182  0133  E5          	push	hl
1183  0134  2E 00       	ld	l,0x00
1184  0136  CD 00 00    	call	_zx_border_fastcall
1185  0139  18 14       	jr	l_menu_main_00113
1186  013B              l_menu_main_00112:
1187  013B  76          	halt
1188  013C  CD 00 00    	call	_game_cls
1189  013F  CD 00 00    	call	_ay_reset
1190  0142  CD 00 00    	call	_audio_game_start
1191  0145  21 2C 01    	ld	hl,0x012c
1192  0148  CD 00 00    	call	_z80_delay_ms_fastcall
1193  014B  DD 36 FE 00 	ld	(ix-2),0x00
1194  014F              l_menu_main_00113:
1195  014F  DD 7E FC    	ld	a,(ix-4)
1196  0152  B7          	or	a, a
1197  0153  28 17       	jr	Z,l_menu_main_00115
1198  0155  D6 05       	sub	a,0x05
1199  0157  30 13       	jr	NC,l_menu_main_00115
1200  0159  DD 7E FD    	ld	a,(ix-3)
1201  015C  F5          	push	af
1202  015D  33          	inc	sp
1203  015E  21 0C 15    	ld	hl,0x150c
1204  0161  E5          	push	hl
1205  0162  21 00 00    	ld	hl,_attrib
1206  0165  E5          	push	hl
1207  0166  CD 00 00    	call	_game_paint_attrib
1208  0169  F1          	pop	af
1209  016A  F1          	pop	af
1210  016B  33          	inc	sp
1211  016C              l_menu_main_00115:
1212  016C  21 00 00    	ld	hl,_i
1213  016F  34          	inc	(hl)
1214  0170  21 00 00    	ld	hl,0x0000
1215  0173  39          	add	hl, sp
1216  0174  01 40 06    	ld	bc,0x0640
1217  0177  C5          	push	bc
1218  0178  E5          	push	hl
1219  0179  CD 00 00    	call	_game_check_time
1220  017C  F1          	pop	af
1221  017D  F1          	pop	af
1222  017E  7D          	ld	a, l
1223  017F  B7          	or	a, a
1224  0180  CA 32 00    	jp	Z, l_menu_main_00138
1225  0183  CD 00 00    	call	_ay_reset
1226  0186  21 00 00    	ld	hl,_game_atrac
1227  0189  36 01       	ld	(hl),0x01
1228  018B  1E 00       	ld	e,0x00
1229  018D              l_menu_main_00130:
1230  018D  7B          	ld	a, e
1231  018E  B7          	or	a, a
1232  018F  C2 30 02    	jp	NZ, l_menu_main_00132
1233  0192  CD 00 00    	call	_in_inkey
1234  0195  5D          	ld	e, l
1235  0196  D5          	push	de
1236  0197  CD 00 00    	call	_game_round_init
1237  019A  D1          	pop	de
1238  019B  E1          	pop	hl
1239  019C  2A 00 00    	ld	hl,(_curr_time)
1240  019F  E5          	push	hl
1241  01A0              l_menu_main_00124:
1242  01A0  21 00 00    	ld	hl,0x0000
1243  01A3  39          	add	hl, sp
1244  01A4  4D          	ld	c, l
1245  01A5  44          	ld	b, h
1246  01A6  D5          	push	de
1247  01A7  21 F4 01    	ld	hl,0x01f4
1248  01AA  E5          	push	hl
1249  01AB  C5          	push	bc
1250  01AC  CD 00 00    	call	_game_check_time
1251  01AF  F1          	pop	af
1252  01B0  F1          	pop	af
1253  01B1  D1          	pop	de
1254  01B2  7D          	ld	a, l
1255  01B3  B7          	or	a,a
1256  01B4  20 63       	jr	NZ,l_menu_main_00126
1257  01B6  B3          	or	a,e
1258  01B7  20 60       	jr	NZ,l_menu_main_00126
1259  01B9  CD 00 00    	call	_enemy_turn
1260  01BC  21 04 00    	ld	hl,0x0004
1261  01BF  E5          	push	hl
1262  01C0  21 00 00    	ld	hl,_time_key
1263  01C3  E5          	push	hl
1264  01C4  CD 00 00    	call	_game_check_time
1265  01C7  F1          	pop	af
1266  01C8  F1          	pop	af
1267  01C9  7D          	ld	a, l
1268  01CA  B7          	or	a, a
1269  01CB  28 26       	jr	Z,l_menu_main_00118
1270  01CD  2A 00 00    	ld	hl,(_curr_time)
1271  01D0  22 00 00    	ld	(_time_key),hl
1272  01D3  CD 00 00    	call	_game_key_paint
1273  01D6  3A 00 00    	ld	a,(_map_border)
1274  01D9  07          	rlca
1275  01DA  07          	rlca
1276  01DB  07          	rlca
1277  01DC  E6 F8       	and	a,0xf8
1278  01DE  21 00 00    	ld	hl,_color
1279  01E1  B6          	or	a, (hl)
1280  01E2  32 00 00    	ld	(_screen_ink),a
1281  01E5  21 00 00    	ld	hl,___str_0
1282  01E8  E5          	push	hl
1283  01E9  21 00 0A    	ld	hl,0x0a00
1284  01EC  E5          	push	hl
1285  01ED  CD 00 00    	call	_zx_print_str
1286  01F0  CD E7 07    	call	_menu_rotcolor
1287  01F3              l_menu_main_00118:
1288  01F3  3A 00 00    	ld	a,(_game_conveyor_col0)
1289  01F6  B7          	or	a, a
1290  01F7  28 1A       	jr	Z,l_menu_main_00122
1291  01F9  21 05 00    	ld	hl,0x0005
1292  01FC  E5          	push	hl
1293  01FD  21 00 00    	ld	hl,_time_conv
1294  0200  E5          	push	hl
1295  0201  CD 00 00    	call	_game_check_time
1296  0204  F1          	pop	af
1297  0205  F1          	pop	af
1298  0206  7D          	ld	a, l
1299  0207  B7          	or	a, a
1300  0208  28 09       	jr	Z,l_menu_main_00122
1301  020A  2A 00 00    	ld	hl,(_curr_time)
1302  020D  22 00 00    	ld	(_time_conv),hl
1303  0210  CD 00 00    	call	_game_anim_conveyor
1304  0213              l_menu_main_00122:
1305  0213  CD 00 00    	call	_in_inkey
1306  0216  5D          	ld	e, l
1307  0217  18 87       	jr	l_menu_main_00124
1308  0219              l_menu_main_00126:
1309  0219  21 00 00    	ld	hl,_scr_curr
1310  021C  7E          	ld	a,(hl)
1311  021D  3C          	inc	a
1312  021E  77          	ld	(hl),a
1313  021F  D6 14       	sub	a,0x14
1314  0221  28 08       	jr	Z,l_menu_main_00127
1315  0223  3A 00 00    	ld	a,(_scr_curr)
1316  0226  D6 28       	sub	a,0x28
1317  0228  C2 8D 01    	jp	NZ,l_menu_main_00130
1318  022B              l_menu_main_00127:
1319  022B  1E FF       	ld	e,0xff
1320  022D  C3 8D 01    	jp	l_menu_main_00130
1321  0230              l_menu_main_00132:
1322  0230  21 00 00    	ld	hl,_map_paper
1323  0233  36 00       	ld	(hl),0x00
1324  0235  3A 00 00    	ld	a,(_game_mode)
1325  0238  B7          	or	a, a
1326  0239  28 07       	jr	Z,l_menu_main_00134
1327  023B  21 00 00    	ld	hl,_scr_curr
1328  023E  36 14       	ld	(hl),0x14
1329  0240  18 05       	jr	l_menu_main_00135
1330  0242              l_menu_main_00134:
1331  0242  21 00 00    	ld	hl,_scr_curr
1332  0245  36 00       	ld	(hl),0x00
1333  0247              l_menu_main_00135:
1334  0247  D1          	pop	de
1335  0248  2A 00 00    	ld	hl,(_curr_time)
1336  024B  E5          	push	hl
1337  024C  2E 00       	ld	l,0x00
1338  024E  CD 00 00    	call	_zx_border_fastcall
1339  0251  CD 00 00    	call	_game_attribs
1340  0254  CD 00 00    	call	_game_cls
1341  0257  CD B9 07    	call	_menu_logo
1342  025A  CD 21 03    	call	_menu_clear
1343  025D  CD 70 02    	call	_menu_main_print
1344  0260  CD 00 00    	call	_audio_menu
1345  0263  21 00 00    	ld	hl,_game_atrac
1346  0266  36 00       	ld	(hl),0x00
1347  0268  C3 32 00    	jp	l_menu_main_00138
1348  026B              l_menu_main_00141:
1349  026B  DD F9       	ld	sp, ix
1350  026D  DD E1       	pop	ix
1351  026F  C9          	ret
1352  0270              	SECTION rodata_compiler
1353  0000              ___str_0:
1354  0000  4D 41 4E 49 43 20 50 49 45 54 52 4F 
                        	DEFM "MANIC PIETRO"
1355  000C  00          	DEFB 0x00
1356  000D              	SECTION code_compiler
1357  0270              ;	---------------------------------
1358  0270              ; Function menu_main_print
1359  0270              ; ---------------------------------
1360  0270              _menu_main_print:
1361  0270  CD 21 03    	call	_menu_clear
1362  0273  21 0D 00    	ld	hl,___str_1
1363  0276  E5          	push	hl
1364  0277  21 0B 0B    	ld	hl,0x0b0b
1365  027A  E5          	push	hl
1366  027B  CD 00 00    	call	_zx_print_str
1367  027E  21 15 60    	ld	hl,0x6015
1368  0281  E5          	push	hl
1369  0282  3E 0B       	ld	a,0x0b
1370  0284  F5          	push	af
1371  0285  33          	inc	sp
1372  0286  21 00 00    	ld	hl,_attrib
1373  0289  E5          	push	hl
1374  028A  CD 00 00    	call	_game_paint_attrib
1375  028D  F1          	pop	af
1376  028E  33          	inc	sp
1377  028F  21 18 00    	ld	hl,___str_2
1378  0292  E3          	ex	(sp),hl
1379  0293  21 0C 0B    	ld	hl,0x0b0c
1380  0296  E5          	push	hl
1381  0297  CD 00 00    	call	_zx_print_str
1382  029A  21 15 68    	ld	hl,0x6815
1383  029D  E5          	push	hl
1384  029E  3E 0B       	ld	a,0x0b
1385  02A0  F5          	push	af
1386  02A1  33          	inc	sp
1387  02A2  21 00 00    	ld	hl,_attrib
1388  02A5  E5          	push	hl
1389  02A6  CD 00 00    	call	_game_paint_attrib
1390  02A9  F1          	pop	af
1391  02AA  33          	inc	sp
1392  02AB  21 23 00    	ld	hl,___str_3
1393  02AE  E3          	ex	(sp),hl
1394  02AF  21 0D 0B    	ld	hl,0x0b0d
1395  02B2  E5          	push	hl
1396  02B3  CD 00 00    	call	_zx_print_str
1397  02B6  21 15 70    	ld	hl,0x7015
1398  02B9  E5          	push	hl
1399  02BA  3E 0B       	ld	a,0x0b
1400  02BC  F5          	push	af
1401  02BD  33          	inc	sp
1402  02BE  21 00 00    	ld	hl,_attrib
1403  02C1  E5          	push	hl
1404  02C2  CD 00 00    	call	_game_paint_attrib
1405  02C5  F1          	pop	af
1406  02C6  33          	inc	sp
1407  02C7  21 2E 00    	ld	hl,___str_4
1408  02CA  E3          	ex	(sp),hl
1409  02CB  21 0F 0B    	ld	hl,0x0b0f
1410  02CE  E5          	push	hl
1411  02CF  CD 00 00    	call	_zx_print_str
1412  02D2  21 15 80    	ld	hl,0x8015
1413  02D5  E5          	push	hl
1414  02D6  3E 0B       	ld	a,0x0b
1415  02D8  F5          	push	af
1416  02D9  33          	inc	sp
1417  02DA  21 00 00    	ld	hl,_attrib
1418  02DD  E5          	push	hl
1419  02DE  CD 00 00    	call	_game_paint_attrib
1420  02E1  F1          	pop	af
1421  02E2  33          	inc	sp
1422  02E3  21 37 00    	ld	hl,___str_5
1423  02E6  E3          	ex	(sp),hl
1424  02E7  21 10 0B    	ld	hl,0x0b10
1425  02EA  E5          	push	hl
1426  02EB  CD 00 00    	call	_zx_print_str
1427  02EE  21 15 88    	ld	hl,0x8815
1428  02F1  E5          	push	hl
1429  02F2  3E 0B       	ld	a,0x0b
1430  02F4  F5          	push	af
1431  02F5  33          	inc	sp
1432  02F6  21 00 00    	ld	hl,_attrib
1433  02F9  E5          	push	hl
1434  02FA  CD 00 00    	call	_game_paint_attrib
1435  02FD  F1          	pop	af
1436  02FE  F1          	pop	af
1437  02FF  33          	inc	sp
1438  0300  21 00 00    	ld	hl,_screen_ink
1439  0303  36 05       	ld	(hl),0x05
1440  0305  21 3F 00    	ld	hl,___str_6
1441  0308  E5          	push	hl
1442  0309  21 12 0B    	ld	hl,0x0b12
1443  030C  E5          	push	hl
1444  030D  CD 00 00    	call	_zx_print_str
1445  0310  21 00 00    	ld	hl,_screen_ink
1446  0313  36 07       	ld	(hl),0x07
1447  0315  21 47 00    	ld	hl,___str_7
1448  0318  E5          	push	hl
1449  0319  21 17 09    	ld	hl,0x0917
1450  031C  E5          	push	hl
1451  031D  CD 00 00    	call	_zx_print_str
1452  0320  C9          	ret
1453  0321              	SECTION rodata_compiler
1454  000D              ___str_1:
1455  000D  31 20 53 49 4E 43 4C 41 49 52 
                        	DEFM "1 SINCLAIR"
1456  0017  00          	DEFB 0x00
1457  0018              	SECTION rodata_compiler
1458  0018              ___str_2:
1459  0018  32 20 4B 45 59 42 4F 41 52 44 
                        	DEFM "2 KEYBOARD"
1460  0022  00          	DEFB 0x00
1461  0023              	SECTION rodata_compiler
1462  0023              ___str_3:
1463  0023  33 20 4B 45 4D 50 53 54 4F 4E 
                        	DEFM "3 KEMPSTON"
1464  002D  00          	DEFB 0x00
1465  002E              	SECTION rodata_compiler
1466  002E              ___str_4:
1467  002E  34 20 44 45 46 49 4E 45 
                        	DEFM "4 DEFINE"
1468  0036  00          	DEFB 0x00
1469  0037              	SECTION rodata_compiler
1470  0037              ___str_5:
1471  0037  35 20 43 4F 44 45 53 
                        	DEFM "5 CODES"
1472  003E  00          	DEFB 0x00
1473  003F              	SECTION rodata_compiler
1474  003F              ___str_6:
1475  003F  30 20 53 54 41 52 54 
                        	DEFM "0 START"
1476  0046  00          	DEFB 0x00
1477  0047              	SECTION rodata_compiler
1478  0047              ___str_7:
1479  0047  32 30 31 39 20 4E 4F 45 4E 54 49 45 4E 44 4F 
                        	DEFM "2019 NOENTIENDO"
1480  0056  00          	DEFB 0x00
1481  0057              	SECTION code_compiler
1482  0321              ;	---------------------------------
1483  0321              ; Function menu_clear
1484  0321              ; ---------------------------------
1485  0321              _menu_clear:
1486  0321  21 00 00    	ld	hl,_screen_ink
1487  0324  36 47       	ld	(hl),0x47
1488  0326  21 00 00    	ld	hl,_v0
1489  0329  36 09       	ld	(hl),0x09
1490  032B              l_menu_clear_00103:
1491  032B  3A 00 00    	ld	a,(_v0)
1492  032E  07          	rlca
1493  032F  07          	rlca
1494  0330  07          	rlca
1495  0331  E6 F8       	and	a,0xf8
1496  0333  C6 08       	add	a,0x08
1497  0335  F5          	push	af
1498  0336  33          	inc	sp
1499  0337  21 00 1F    	ld	hl,0x1f00
1500  033A  E5          	push	hl
1501  033B  21 00 00    	ld	hl,_attrib
1502  033E  E5          	push	hl
1503  033F  CD 00 00    	call	_game_paint_attrib
1504  0342  F1          	pop	af
1505  0343  F1          	pop	af
1506  0344  33          	inc	sp
1507  0345  21 00 00    	ld	hl,_v0
1508  0348  7E          	ld	a,(hl)
1509  0349  3C          	inc	a
1510  034A  77          	ld	(hl),a
1511  034B  D6 14       	sub	a,0x14
1512  034D  38 DC       	jr	C,l_menu_clear_00103
1513  034F  36 09       	ld	(hl),0x09
1514  0351              l_menu_clear_00105:
1515  0351  2A 00 00    	ld	hl,(_v0)
1516  0354  26 20       	ld	h,0x20
1517  0356  E5          	push	hl
1518  0357  CD 00 00    	call	_game_fill_row
1519  035A  21 00 00    	ld	hl,_v0
1520  035D  7E          	ld	a,(hl)
1521  035E  3C          	inc	a
1522  035F  77          	ld	(hl),a
1523  0360  D6 17       	sub	a,0x17
1524  0362  38 ED       	jr	C,l_menu_clear_00105
1525  0364  C9          	ret
1526  0365              	SECTION code_compiler
1527  0365              ;	---------------------------------
1528  0365              ; Function menu_redefine
1529  0365              ; ---------------------------------
1530  0365              _menu_redefine:
1531  0365  21 00 00    	ld	hl,_s_col1
1532  0368  36 0C       	ld	(hl),0x0c
1533  036A  21 00 00    	ld	hl,_s_row1
1534  036D  36 0B       	ld	(hl),0x0b
1535  036F  CD 21 03    	call	_menu_clear
1536  0372  11 57 00    	ld	de,___str_8+0
1537  0375  21 00 00    	ld	hl,_s_col1
1538  0378  46          	ld	b, (hl)
1539  0379  05          	dec	b
1540  037A  05          	dec	b
1541  037B  3A 00 00    	ld	a,(_s_row1)
1542  037E  D5          	push	de
1543  037F  4F          	ld	c,a
1544  0380  C5          	push	bc
1545  0381  CD 00 00    	call	_zx_print_str
1546  0384  3A 00 00    	ld	a,(_s_row1)
1547  0387  07          	rlca
1548  0388  07          	rlca
1549  0389  07          	rlca
1550  038A  E6 F8       	and	a,0xf8
1551  038C  C6 08       	add	a,0x08
1552  038E  F5          	push	af
1553  038F  33          	inc	sp
1554  0390  21 00 1F    	ld	hl,0x1f00
1555  0393  E5          	push	hl
1556  0394  21 00 00    	ld	hl,_attrib
1557  0397  E5          	push	hl
1558  0398  CD 00 00    	call	_game_paint_attrib
1559  039B  F1          	pop	af
1560  039C  F1          	pop	af
1561  039D  33          	inc	sp
1562  039E  21 00 00    	ld	hl,_s_row1
1563  03A1  34          	inc	(hl)
1564  03A2  34          	inc	(hl)
1565  03A3  3A 00 00    	ld	a,(_s_col1)
1566  03A6  21 63 00    	ld	hl,___str_9
1567  03A9  E5          	push	hl
1568  03AA  2A 00 00    	ld	hl,(_s_row1)
1569  03AD  67          	ld	h,a
1570  03AE  E5          	push	hl
1571  03AF  CD 00 00    	call	_zx_print_str
1572  03B2  CD FE 03    	call	_menu_define_key
1573  03B5  22 04 00    	ld	(_k1 + 0x0004),hl
1574  03B8  21 00 00    	ld	hl,_s_row1
1575  03BB  34          	inc	(hl)
1576  03BC  3A 00 00    	ld	a,(_s_col1)
1577  03BF  21 68 00    	ld	hl,___str_10
1578  03C2  E5          	push	hl
1579  03C3  2A 00 00    	ld	hl,(_s_row1)
1580  03C6  67          	ld	h,a
1581  03C7  E5          	push	hl
1582  03C8  CD 00 00    	call	_zx_print_str
1583  03CB  CD FE 03    	call	_menu_define_key
1584  03CE  22 02 00    	ld	(_k1 + 0x0002),hl
1585  03D1  21 00 00    	ld	hl,_s_row1
1586  03D4  34          	inc	(hl)
1587  03D5  3A 00 00    	ld	a,(_s_col1)
1588  03D8  21 6E 00    	ld	hl,___str_11
1589  03DB  E5          	push	hl
1590  03DC  2A 00 00    	ld	hl,(_s_row1)
1591  03DF  67          	ld	h,a
1592  03E0  E5          	push	hl
1593  03E1  CD 00 00    	call	_zx_print_str
1594  03E4  CD FE 03    	call	_menu_define_key
1595  03E7  22 00 00    	ld	(_k1),hl
1596  03EA  21 FF FF    	ld	hl,0xffff
1597  03ED  22 08 00    	ld	(_k1 + 0x0008),hl
1598  03F0  2E FF       	ld	l,0xff
1599  03F2  22 06 00    	ld	(_k1 + 0x0006),hl
1600  03F5  26 00       	ld	h,0x00
1601  03F7  CD 00 00    	call	_z80_delay_ms_fastcall
1602  03FA  CD 70 02    	call	_menu_main_print
1603  03FD  C9          	ret
1604  03FE              	SECTION rodata_compiler
1605  0057              ___str_8:
1606  0057  50 52 45 53 53 20 41 20 4B 45 59 
                        	DEFM "PRESS A KEY"
1607  0062  00          	DEFB 0x00
1608  0063              	SECTION rodata_compiler
1609  0063              ___str_9:
1610  0063  4C 45 46 54 	DEFM "LEFT"
1611  0067  00          	DEFB 0x00
1612  0068              	SECTION rodata_compiler
1613  0068              ___str_10:
1614  0068  52 49 47 48 54 
                        	DEFM "RIGHT"
1615  006D  00          	DEFB 0x00
1616  006E              	SECTION rodata_compiler
1617  006E              ___str_11:
1618  006E  4A 55 4D 50 	DEFM "JUMP"
1619  0072  00          	DEFB 0x00
1620  0073              	SECTION code_compiler
1621  03FE              ;	---------------------------------
1622  03FE              ; Function menu_define_key
1623  03FE              ; ---------------------------------
1624  03FE              _menu_define_key:
1625  03FE  CD 00 00    	call	_in_wait_key
1626  0401  CD 00 00    	call	_in_inkey
1627  0404  7D          	ld	a,l
1628  0405  32 00 00    	ld	(_v0),a
1629  0408  32 00 00    	ld	(_v1),a
1630  040B  CD 00 00    	call	_in_wait_nokey
1631  040E  21 00 00    	ld	hl,_v1
1632  0411  7E          	ld	a, (hl)
1633  0412  D6 3D       	sub	a,0x3d
1634  0414  38 09       	jr	C,l_menu_define_key_00102
1635  0416  3E 7A       	ld	a,0x7a
1636  0418  96          	sub	a, (hl)
1637  0419  38 04       	jr	C,l_menu_define_key_00102
1638  041B  7E          	ld	a, (hl)
1639  041C  C6 E0       	add	a,0xe0
1640  041E  77          	ld	(hl), a
1641  041F              l_menu_define_key_00102:
1642  041F  21 00 00    	ld	hl,_v1
1643  0422  7E          	ld	a, (hl)
1644  0423  D6 1E       	sub	a,0x1e
1645  0425  38 05       	jr	C,l_menu_define_key_00108
1646  0427  3E 27       	ld	a,0x27
1647  0429  96          	sub	a, (hl)
1648  042A  30 0D       	jr	NC,l_menu_define_key_00104
1649  042C              l_menu_define_key_00108:
1650  042C  21 00 00    	ld	hl,_v1
1651  042F  7E          	ld	a, (hl)
1652  0430  D6 41       	sub	a,0x41
1653  0432  38 1B       	jr	C,l_menu_define_key_00105
1654  0434  3E 5A       	ld	a,0x5a
1655  0436  96          	sub	a, (hl)
1656  0437  38 16       	jr	C,l_menu_define_key_00105
1657  0439              l_menu_define_key_00104:
1658  0439  3A 00 00    	ld	a,(_s_col1)
1659  043C  C6 0A       	add	a,0x0a
1660  043E  47          	ld	b, a
1661  043F  3A 00 00    	ld	a,(_v1)
1662  0442  48          	ld	c,b
1663  0443  47          	ld	b,a
1664  0444  3A 00 00    	ld	a,(_s_row1)
1665  0447  C5          	push	bc
1666  0448  F5          	push	af
1667  0449  33          	inc	sp
1668  044A  CD 00 00    	call	_zx_print_char
1669  044D  F1          	pop	af
1670  044E  33          	inc	sp
1671  044F              l_menu_define_key_00105:
1672  044F  3A 00 00    	ld	a,(_v1)
1673  0452  D6 0D       	sub	a,0x0d
1674  0454  20 12       	jr	NZ,l_menu_define_key_00110
1675  0456  11 73 00    	ld	de,___str_12+0
1676  0459  3A 00 00    	ld	a,(_s_col1)
1677  045C  C6 0A       	add	a,0x0a
1678  045E  47          	ld	b, a
1679  045F  3A 00 00    	ld	a,(_s_row1)
1680  0462  D5          	push	de
1681  0463  4F          	ld	c,a
1682  0464  C5          	push	bc
1683  0465  CD 00 00    	call	_zx_print_str
1684  0468              l_menu_define_key_00110:
1685  0468  3A 00 00    	ld	a,(_v1)
1686  046B  D6 20       	sub	a,0x20
1687  046D  20 12       	jr	NZ,l_menu_define_key_00112
1688  046F  11 79 00    	ld	de,___str_13+0
1689  0472  3A 00 00    	ld	a,(_s_col1)
1690  0475  C6 0A       	add	a,0x0a
1691  0477  47          	ld	b, a
1692  0478  3A 00 00    	ld	a,(_s_row1)
1693  047B  D5          	push	de
1694  047C  4F          	ld	c,a
1695  047D  C5          	push	bc
1696  047E  CD 00 00    	call	_zx_print_str
1697  0481              l_menu_define_key_00112:
1698  0481  2A 00 00    	ld	hl,(_v0)
1699  0484  26 00       	ld	h,0x00
1700  0486  CD 00 00    	call	_in_key_scancode_fastcall
1701  0489  C9          	ret
1702  048A              	SECTION rodata_compiler
1703  0073              ___str_12:
1704  0073  45 4E 54 45 52 
                        	DEFM "ENTER"
1705  0078  00          	DEFB 0x00
1706  0079              	SECTION rodata_compiler
1707  0079              ___str_13:
1708  0079  53 50 41 43 45 
                        	DEFM "SPACE"
1709  007E  00          	DEFB 0x00
1710  007F              	SECTION code_compiler
1711  048A              ;	---------------------------------
1712  048A              ; Function menu_read_key
1713  048A              ; ---------------------------------
1714  048A              _menu_read_key:
1715  048A  CD 00 00    	call	___sdcc_enter_ix
1716  048D              l_menu_read_key_00105:
1717  048D  CD 00 00    	call	_in_wait_key
1718  0490  CD 00 00    	call	_in_inkey
1719  0493  4D          	ld	c, l
1720  0494  CD 00 00    	call	_in_wait_nokey
1721  0497  79          	ld	a, c
1722  0498  D6 61       	sub	a,0x61
1723  049A  38 F1       	jr	C,l_menu_read_key_00105
1724  049C  3E 7A       	ld	a,0x7a
1725  049E  91          	sub	a, c
1726  049F  38 EC       	jr	C,l_menu_read_key_00105
1727  04A1  79          	ld	a, c
1728  04A2  C6 E0       	add	a,0xe0
1729  04A4  47          	ld	b, a
1730  04A5  C5          	push	bc
1731  04A6  C5          	push	bc
1732  04A7  33          	inc	sp
1733  04A8  DD 66 05    	ld	h,(ix+5)
1734  04AB  DD 6E 04    	ld	l,(ix+4)
1735  04AE  E5          	push	hl
1736  04AF  CD 00 00    	call	_zx_print_char
1737  04B2  F1          	pop	af
1738  04B3  33          	inc	sp
1739  04B4  C1          	pop	bc
1740  04B5  68          	ld	l, b
1741  04B6  DD E1       	pop	ix
1742  04B8  C9          	ret
1743  04B9              	SECTION code_compiler
1744  04B9              ;	---------------------------------
1745  04B9              ; Function menu_mcodechk
1746  04B9              ; ---------------------------------
1747  04B9              _menu_mcodechk:
1748  04B9  CD 00 00    	call	___sdcc_enter_ix
1749  04BC  21 00 00    	ld	hl,_i
1750  04BF  36 00       	ld	(hl),0x00
1751  04C1  0E 01       	ld	c,0x01
1752  04C3              l_menu_mcodechk_00103:
1753  04C3  21 00 00    	ld	hl,_i
1754  04C6  7E          	ld	a, (hl)
1755  04C7  D6 08       	sub	a,0x08
1756  04C9  30 24       	jr	NC,l_menu_mcodechk_00105
1757  04CB  3E 00       	ld	a, +((_code0) & 0xFF)
1758  04CD  86          	add	a, (hl)
1759  04CE  5F          	ld	e, a
1760  04CF  3E 00       	ld	a, +((_code0) / 256)
1761  04D1  CE 00       	adc	a,0x00
1762  04D3  57          	ld	d, a
1763  04D4  1A          	ld	a, (de)
1764  04D5  47          	ld	b, a
1765  04D6  DD 7E 04    	ld	a,(ix+4)
1766  04D9  86          	add	a, (hl)
1767  04DA  5F          	ld	e, a
1768  04DB  DD 7E 05    	ld	a,(ix+5)
1769  04DE  CE 00       	adc	a,0x00
1770  04E0  57          	ld	d, a
1771  04E1  1A          	ld	a, (de)
1772  04E2  5F          	ld	e, a
1773  04E3  78          	ld	a, b
1774  04E4  93          	sub	a, e
1775  04E5  28 02       	jr	Z,l_menu_mcodechk_00102
1776  04E7  0E 00       	ld	c,0x00
1777  04E9              l_menu_mcodechk_00102:
1778  04E9  21 00 00    	ld	hl,_i
1779  04EC  34          	inc	(hl)
1780  04ED  18 D4       	jr	l_menu_mcodechk_00103
1781  04EF              l_menu_mcodechk_00105:
1782  04EF  69          	ld	l, c
1783  04F0  DD E1       	pop	ix
1784  04F2  C9          	ret
1785  04F3              	SECTION code_compiler
1786  04F3              ;	---------------------------------
1787  04F3              ; Function menu_read_code
1788  04F3              ; ---------------------------------
1789  04F3              _menu_read_code:
1790  04F3  CD 00 00    	call	___sdcc_enter_ix
1791  04F6  F5          	push	af
1792  04F7  F5          	push	af
1793  04F8  CD 21 03    	call	_menu_clear
1794  04FB  21 00 00    	ld	hl,_s_row1
1795  04FE  36 0D       	ld	(hl),0x0d
1796  0500  21 00 00    	ld	hl,_s_col1
1797  0503  36 0B       	ld	(hl),0x0b
1798  0505  21 7F 00    	ld	hl,___str_14
1799  0508  E5          	push	hl
1800  0509  21 0D 0B    	ld	hl,0x0b0d
1801  050C  E5          	push	hl
1802  050D  CD 00 00    	call	_zx_print_str
1803  0510  3A 00 00    	ld	a,(_s_row1)
1804  0513  07          	rlca
1805  0514  07          	rlca
1806  0515  07          	rlca
1807  0516  E6 F8       	and	a,0xf8
1808  0518  C6 08       	add	a,0x08
1809  051A  F5          	push	af
1810  051B  33          	inc	sp
1811  051C  21 00 1F    	ld	hl,0x1f00
1812  051F  E5          	push	hl
1813  0520  21 00 00    	ld	hl,_attrib
1814  0523  E5          	push	hl
1815  0524  CD 00 00    	call	_game_paint_attrib
1816  0527  F1          	pop	af
1817  0528  F1          	pop	af
1818  0529  33          	inc	sp
1819  052A  21 00 00    	ld	hl,_s_col1
1820  052D  56          	ld	d, (hl)
1821  052E  14          	inc	d
1822  052F  21 00 00    	ld	hl,_s_row1
1823  0532  46          	ld	b, (hl)
1824  0533  04          	inc	b
1825  0534  21 8A 00    	ld	hl,___str_15
1826  0537  E5          	push	hl
1827  0538  58          	ld	e,b
1828  0539  D5          	push	de
1829  053A  CD 00 00    	call	_zx_print_str
1830  053D  3A 00 00    	ld	a,(_s_row1)
1831  0540  3C          	inc	a
1832  0541  07          	rlca
1833  0542  07          	rlca
1834  0543  07          	rlca
1835  0544  E6 F8       	and	a,0xf8
1836  0546  C6 08       	add	a,0x08
1837  0548  F5          	push	af
1838  0549  33          	inc	sp
1839  054A  21 00 1F    	ld	hl,0x1f00
1840  054D  E5          	push	hl
1841  054E  21 00 00    	ld	hl,_attrib
1842  0551  E5          	push	hl
1843  0552  CD 00 00    	call	_game_paint_attrib
1844  0555  F1          	pop	af
1845  0556  F1          	pop	af
1846  0557  33          	inc	sp
1847  0558  21 00 00    	ld	hl,_v1
1848  055B  36 00       	ld	(hl),0x00
1849  055D  0E 01       	ld	c,0x01
1850  055F              l_menu_read_code_00108:
1851  055F  21 00 00    	ld	hl,_v1
1852  0562  7E          	ld	a, (hl)
1853  0563  D6 08       	sub	a,0x08
1854  0565  30 77       	jr	NC,l_menu_read_code_00110
1855  0567  3E 00       	ld	a, +((_code0) & 0xFF)
1856  0569  86          	add	a, (hl)
1857  056A  5F          	ld	e, a
1858  056B  3E 00       	ld	a, +((_code0) / 256)
1859  056D  CE 00       	adc	a,0x00
1860  056F  57          	ld	d, a
1861  0570  AF          	xor	a, a
1862  0571  12          	ld	(de), a
1863  0572  21 00 00    	ld	hl,_s_col1
1864  0575  46          	ld	b, (hl)
1865  0576  04          	inc	b
1866  0577  78          	ld	a, b
1867  0578  21 00 00    	ld	hl,_v1
1868  057B  86          	add	a, (hl)
1869  057C  57          	ld	d, a
1870  057D  21 00 00    	ld	hl,_s_row1
1871  0580  46          	ld	b, (hl)
1872  0581  04          	inc	b
1873  0582  C5          	push	bc
1874  0583  58          	ld	e,b
1875  0584  D5          	push	de
1876  0585  CD 8A 04    	call	_menu_read_key
1877  0588  F1          	pop	af
1878  0589  C1          	pop	bc
1879  058A  7D          	ld	a,l
1880  058B  32 00 00    	ld	(_v0),a
1881  058E  21 00 00    	ld	hl,_v2
1882  0591  36 00       	ld	(hl),0x00
1883  0593              l_menu_read_code_00102:
1884  0593  21 00 00    	ld	hl,_v2
1885  0596  7E          	ld	a, (hl)
1886  0597  D6 0A       	sub	a,0x0a
1887  0599  30 14       	jr	NC,l_menu_read_code_00104
1888  059B  5E          	ld	e,(hl)
1889  059C  16 00       	ld	d,0x00
1890  059E  21 00 00    	ld	hl,_game_encode
1891  05A1  19          	add	hl,de
1892  05A2  46          	ld	b, (hl)
1893  05A3  3A 00 00    	ld	a,(_v0)
1894  05A6  90          	sub	a, b
1895  05A7  28 06       	jr	Z,l_menu_read_code_00104
1896  05A9  21 00 00    	ld	hl,_v2
1897  05AC  34          	inc	(hl)
1898  05AD  18 E4       	jr	l_menu_read_code_00102
1899  05AF              l_menu_read_code_00104:
1900  05AF  3A 00 00    	ld	a,(_v1)
1901  05B2  C6 00       	add	a,+((_code0) & 0xFF)
1902  05B4  5F          	ld	e,a
1903  05B5  3E 00       	ld	a,+((_code0) / 256)
1904  05B7  CE 00       	adc	a,0x00
1905  05B9  57          	ld	d,a
1906  05BA  3A 00 00    	ld	a,(_v0)
1907  05BD  12          	ld	(de), a
1908  05BE  3A 00 00    	ld	a,(_v2)
1909  05C1  D6 0A       	sub	a,0x0a
1910  05C3  20 03       	jr	NZ,l_menu_read_code_00106
1911  05C5  4F          	ld	c,a
1912  05C6  18 0F       	jr	l_menu_read_code_00107
1913  05C8              l_menu_read_code_00106:
1914  05C8  3A 00 00    	ld	a,(_v1)
1915  05CB  C6 00       	add	a,+((_code1) & 0xFF)
1916  05CD  5F          	ld	e,a
1917  05CE  3E 00       	ld	a,+((_code1) / 256)
1918  05D0  CE 00       	adc	a,0x00
1919  05D2  57          	ld	d,a
1920  05D3  3A 00 00    	ld	a,(_v2)
1921  05D6  12          	ld	(de), a
1922  05D7              l_menu_read_code_00107:
1923  05D7  21 00 00    	ld	hl,_v1
1924  05DA  34          	inc	(hl)
1925  05DB  C3 5F 05    	jp	l_menu_read_code_00108
1926  05DE              l_menu_read_code_00110:
1927  05DE  79          	ld	a, c
1928  05DF  B7          	or	a, a
1929  05E0  CA BB 06    	jp	Z, l_menu_read_code_00133
1930  05E3  21 00 00    	ld	hl,_v1
1931  05E6  36 00       	ld	(hl),0x00
1932  05E8  21 00 00    	ld	hl,_v2
1933  05EB  36 00       	ld	(hl),0x00
1934  05ED  21 00 00    	ld	hl,_v0
1935  05F0  36 64       	ld	(hl),0x64
1936  05F2  3A 05 00    	ld	a,(_code1 + 5)
1937  05F5  DD 77 FC    	ld	(ix-4),a
1938  05F8  4F          	ld	c, a
1939  05F9  87          	add	a, a
1940  05FA  87          	add	a, a
1941  05FB  81          	add	a, c
1942  05FC  87          	add	a, a
1943  05FD  4F          	ld	c, a
1944  05FE  3A 02 00    	ld	a,(_code1 + 2)
1945  0601  DD 77 FF    	ld	(ix-1),a
1946  0604  79          	ld	a, c
1947  0605  DD 86 FF    	add	a,(ix-1)
1948  0608  32 00 00    	ld	(_game_start_scr),a
1949  060B  3A 03 00    	ld	a,(_code1 + 3)
1950  060E  DD 77 FE    	ld	(ix-2),a
1951  0611  4F          	ld	c, a
1952  0612  87          	add	a, a
1953  0613  81          	add	a, c
1954  0614  87          	add	a, a
1955  0615  87          	add	a, a
1956  0616  87          	add	a, a
1957  0617  81          	add	a, c
1958  0618  87          	add	a, a
1959  0619  87          	add	a, a
1960  061A  4F          	ld	c, a
1961  061B  21 06 00    	ld	hl,_code1 + 6
1962  061E  7E          	ld	a, (hl)
1963  061F  DD 77 FD    	ld	(ix-3),a
1964  0622  6F          	ld	l, a
1965  0623  5D          	ld	e, l
1966  0624  29          	add	hl, hl
1967  0625  29          	add	hl, hl
1968  0626  19          	add	hl, de
1969  0627  29          	add	hl, hl
1970  0628  79          	ld	a, c
1971  0629  85          	add	a, l
1972  062A  4F          	ld	c, a
1973  062B  21 00 00    	ld	hl,_code1
1974  062E  5E          	ld	e, (hl)
1975  062F  79          	ld	a, c
1976  0630  83          	add	a, e
1977  0631  32 00 00    	ld	(_player_lives),a
1978  0634  3A 07 00    	ld	a, (_code1 + 7)
1979  0637  4F          	ld	c, a
1980  0638  87          	add	a, a
1981  0639  81          	add	a, c
1982  063A  87          	add	a, a
1983  063B  87          	add	a, a
1984  063C  87          	add	a, a
1985  063D  81          	add	a, c
1986  063E  87          	add	a, a
1987  063F  87          	add	a, a
1988  0640  4F          	ld	c, a
1989  0641  21 04 00    	ld	hl,_code1 + 4
1990  0644  6E          	ld	l, (hl)
1991  0645  D5          	push	de
1992  0646  5D          	ld	e, l
1993  0647  29          	add	hl, hl
1994  0648  29          	add	hl, hl
1995  0649  19          	add	hl, de
1996  064A  29          	add	hl, hl
1997  064B  D1          	pop	de
1998  064C  79          	ld	a, c
1999  064D  85          	add	a, l
2000  064E  4F          	ld	c, a
2001  064F  21 01 00    	ld	hl,_code1 + 1
2002  0652  6E          	ld	l, (hl)
2003  0653  79          	ld	a, c
2004  0654  85          	add	a, l
2005  0655  4F          	ld	c, a
2006  0656  DD 7E FC    	ld	a,(ix-4)
2007  0659  DD 86 FF    	add	a,(ix-1)
2008  065C  6F          	ld	l, a
2009  065D  19          	add	hl, de
2010  065E  7D          	ld	a, l
2011  065F  DD 86 FD    	add	a,(ix-3)
2012  0662  DD 86 FE    	add	a,(ix-2)
2013  0665  5F          	ld	e, a
2014  0666  79          	ld	a, c
2015  0667  93          	sub	a, e
2016  0668  20 44       	jr	NZ,l_menu_read_code_00118
2017  066A  3E 28       	ld	a,0x28
2018  066C  21 00 00    	ld	hl,_game_start_scr
2019  066F  96          	sub	a, (hl)
2020  0670  DA 69 07    	jp	C, l_menu_read_code_00134
2021  0673  3A 00 00    	ld	a,(_player_lives)
2022  0676  B7          	or	a, a
2023  0677  CA 69 07    	jp	Z, l_menu_read_code_00134
2024  067A  3A 00 00    	ld	a,(_game_start_scr)
2025  067D  D6 14       	sub	a,0x14
2026  067F  30 07       	jr	NC,l_menu_read_code_00112
2027  0681  21 00 00    	ld	hl,_game_mode
2028  0684  36 00       	ld	(hl),0x00
2029  0686  18 05       	jr	l_menu_read_code_00113
2030  0688              l_menu_read_code_00112:
2031  0688  21 00 00    	ld	hl,_game_mode
2032  068B  36 01       	ld	(hl),0x01
2033  068D              l_menu_read_code_00113:
2034  068D  CD 00 00    	call	_ay_song_stop
2035  0690  CD 00 00    	call	_audio_coin_noentiendo
2036  0693  2E 04       	ld	l,0x04
2037  0695  CD 00 00    	call	_zx_border_fastcall
2038  0698  21 5E 01    	ld	hl,0x015e
2039  069B  CD 00 00    	call	_z80_delay_ms_fastcall
2040  069E  3A 00 00    	ld	a,(_game_start_scr)
2041  06A1  32 00 00    	ld	(_scr_curr),a
2042  06A4  21 00 00    	ld	hl,_game_code
2043  06A7  36 01       	ld	(hl),0x01
2044  06A9  2E 01       	ld	l,0x01
2045  06AB  C3 B4 07    	jp	l_menu_read_code_00135
2046  06AE              l_menu_read_code_00118:
2047  06AE  21 00 00    	ld	hl,_game_start_scr
2048  06B1  36 14       	ld	(hl),0x14
2049  06B3  21 00 00    	ld	hl,_player_lives
2050  06B6  36 03       	ld	(hl),0x03
2051  06B8  C3 69 07    	jp	l_menu_read_code_00134
2052  06BB              l_menu_read_code_00133:
2053  06BB  21 93 00    	ld	hl,___str_16
2054  06BE  E5          	push	hl
2055  06BF  CD B9 04    	call	_menu_mcodechk
2056  06C2  F1          	pop	af
2057  06C3  7D          	ld	a, l
2058  06C4  B7          	or	a, a
2059  06C5  28 2E       	jr	Z,l_menu_read_code_00124
2060  06C7  CD 00 00    	call	_ay_song_stop
2061  06CA  CD 00 00    	call	_audio_coin_noentiendo
2062  06CD  2E 03       	ld	l,0x03
2063  06CF  CD 00 00    	call	_zx_border_fastcall
2064  06D2  21 5E 01    	ld	hl,0x015e
2065  06D5  CD 00 00    	call	_z80_delay_ms_fastcall
2066  06D8  21 00 00    	ld	hl,_game_debug
2067  06DB  7E          	ld	a, (hl)
2068  06DC  B7          	or	a, a
2069  06DD  28 04       	jr	Z,l_menu_read_code_00121
2070  06DF  36 00       	ld	(hl),0x00
2071  06E1  18 05       	jr	l_menu_read_code_00122
2072  06E3              l_menu_read_code_00121:
2073  06E3  21 00 00    	ld	hl,_game_debug
2074  06E6  36 01       	ld	(hl),0x01
2075  06E8              l_menu_read_code_00122:
2076  06E8  21 00 00    	ld	hl,_game_code
2077  06EB  36 00       	ld	(hl),0x00
2078  06ED  CD 70 02    	call	_menu_main_print
2079  06F0  2E 00       	ld	l,0x00
2080  06F2  C3 B4 07    	jp	l_menu_read_code_00135
2081  06F5              l_menu_read_code_00124:
2082  06F5  21 9C 00    	ld	hl,___str_17
2083  06F8  E5          	push	hl
2084  06F9  CD B9 04    	call	_menu_mcodechk
2085  06FC  F1          	pop	af
2086  06FD  7D          	ld	a, l
2087  06FE  B7          	or	a, a
2088  06FF  28 3A       	jr	Z,l_menu_read_code_00129
2089  0701  CD 00 00    	call	_ay_song_stop
2090  0704  CD 00 00    	call	_audio_coin_noentiendo
2091  0707  2E 03       	ld	l,0x03
2092  0709  CD 00 00    	call	_zx_border_fastcall
2093  070C  21 5E 01    	ld	hl,0x015e
2094  070F  CD 00 00    	call	_z80_delay_ms_fastcall
2095  0712  21 00 00    	ld	hl,_game_mode
2096  0715  7E          	ld	a, (hl)
2097  0716  B7          	or	a, a
2098  0717  28 09       	jr	Z,l_menu_read_code_00126
2099  0719  36 00       	ld	(hl),0x00
2100  071B  21 00 00    	ld	hl,_scr_curr
2101  071E  36 00       	ld	(hl),0x00
2102  0720  18 0A       	jr	l_menu_read_code_00127
2103  0722              l_menu_read_code_00126:
2104  0722  21 00 00    	ld	hl,_game_mode
2105  0725  36 01       	ld	(hl),0x01
2106  0727  21 00 00    	ld	hl,_scr_curr
2107  072A  36 14       	ld	(hl),0x14
2108  072C              l_menu_read_code_00127:
2109  072C  CD B9 07    	call	_menu_logo
2110  072F  21 00 00    	ld	hl,_game_code
2111  0732  36 00       	ld	(hl),0x00
2112  0734  CD 70 02    	call	_menu_main_print
2113  0737  2E 00       	ld	l,0x00
2114  0739  18 79       	jr	l_menu_read_code_00135
2115  073B              l_menu_read_code_00129:
2116  073B  21 A5 00    	ld	hl,___str_18
2117  073E  E5          	push	hl
2118  073F  CD B9 04    	call	_menu_mcodechk
2119  0742  F1          	pop	af
2120  0743  7D          	ld	a, l
2121  0744  B7          	or	a, a
2122  0745  28 22       	jr	Z,l_menu_read_code_00134
2123  0747  CD 00 00    	call	_ay_song_stop
2124  074A  CD 00 00    	call	_audio_coin_noentiendo
2125  074D  2E 03       	ld	l,0x03
2126  074F  CD 00 00    	call	_zx_border_fastcall
2127  0752  21 5E 01    	ld	hl,0x015e
2128  0755  CD 00 00    	call	_z80_delay_ms_fastcall
2129  0758  21 00 00    	ld	hl,_player_lives
2130  075B  36 FF       	ld	(hl),0xff
2131  075D  21 00 00    	ld	hl,_game_code
2132  0760  36 01       	ld	(hl),0x01
2133  0762  CD 70 02    	call	_menu_main_print
2134  0765  2E 00       	ld	l,0x00
2135  0767  18 4B       	jr	l_menu_read_code_00135
2136  0769              l_menu_read_code_00134:
2137  0769  CD 00 00    	call	_ay_song_stop
2138  076C  21 00 00    	ld	hl,_s_row1
2139  076F  36 10       	ld	(hl),0x10
2140  0771  21 00 00    	ld	hl,_s_col1
2141  0774  36 0D       	ld	(hl),0x0d
2142  0776  21 AE 00    	ld	hl,___str_19
2143  0779  E5          	push	hl
2144  077A  21 10 0D    	ld	hl,0x0d10
2145  077D  E5          	push	hl
2146  077E  CD 00 00    	call	_zx_print_str
2147  0781  3A 00 00    	ld	a,(_s_row1)
2148  0784  07          	rlca
2149  0785  07          	rlca
2150  0786  07          	rlca
2151  0787  E6 F8       	and	a,0xf8
2152  0789  C6 08       	add	a,0x08
2153  078B  4F          	ld	c, a
2154  078C  21 00 00    	ld	hl,_s_col1
2155  078F  7E          	ld	a, (hl)
2156  0790  C6 06       	add	a,0x06
2157  0792  47          	ld	b, a
2158  0793  79          	ld	a, c
2159  0794  48          	ld	c,b
2160  0795  47          	ld	b,a
2161  0796  7E          	ld	a,(hl)
2162  0797  C5          	push	bc
2163  0798  F5          	push	af
2164  0799  33          	inc	sp
2165  079A  21 00 00    	ld	hl,_attrib_hl
2166  079D  E5          	push	hl
2167  079E  CD 00 00    	call	_game_paint_attrib
2168  07A1  F1          	pop	af
2169  07A2  F1          	pop	af
2170  07A3  33          	inc	sp
2171  07A4  21 5E 01    	ld	hl,0x015e
2172  07A7  CD 00 00    	call	_z80_delay_ms_fastcall
2173  07AA  2E 02       	ld	l,0x02
2174  07AC  CD 00 00    	call	_zx_border_fastcall
2175  07AF  CD 70 02    	call	_menu_main_print
2176  07B2  2E 00       	ld	l,0x00
2177  07B4              l_menu_read_code_00135:
2178  07B4  DD F9       	ld	sp, ix
2179  07B6  DD E1       	pop	ix
2180  07B8  C9          	ret
2181  07B9              	SECTION rodata_compiler
2182  007F              ___str_14:
2183  007F  45 4E 54 45 52 20 43 4F 44 45 
                        	DEFM "ENTER CODE"
2184  0089  00          	DEFB 0x00
2185  008A              	SECTION rodata_compiler
2186  008A              ___str_15:
2187  008A  5F 5F 5F 5F 5F 5F 5F 5F 
                        	DEFM "________"
2188  0092  00          	DEFB 0x00
2189  0093              	SECTION rodata_compiler
2190  0093              ___str_16:
2191  0093  44 45 50 55 52 41 4D 45 
                        	DEFM "DEPURAME"
2192  009B  00          	DEFB 0x00
2193  009C              	SECTION rodata_compiler
2194  009C              ___str_17:
2195  009C  4D 41 54 54 48 45 57 53 
                        	DEFM "MATTHEWS"
2196  00A4  00          	DEFB 0x00
2197  00A5              	SECTION rodata_compiler
2198  00A5              ___str_18:
2199  00A5  43 48 49 4D 55 45 4C 4F 
                        	DEFM "CHIMUELO"
2200  00AD  00          	DEFB 0x00
2201  00AE              	SECTION rodata_compiler
2202  00AE              ___str_19:
2203  00AE  4E 4F 50 53 49 45 
                        	DEFM "NOPSIE"
2204  00B4  00          	DEFB 0x00
2205  00B5              	SECTION code_compiler
2206  07B9              ;	---------------------------------
2207  07B9              ; Function menu_logo
2208  07B9              ; ---------------------------------
2209  07B9              _menu_logo:
2210  07B9  CD 00 00    	call	_game_cls
2211  07BC  3A 00 00    	ld	a,(_game_mode)
2212  07BF  B7          	or	a, a
2213  07C0  28 13       	jr	Z,l_menu_logo_00102
2214  07C2  21 08 04    	ld	hl,0x0408
2215  07C5  E5          	push	hl
2216  07C6  2E 10       	ld	l,0x10
2217  07C8  E5          	push	hl
2218  07C9  3E 01       	ld	a,0x01
2219  07CB  F5          	push	af
2220  07CC  33          	inc	sp
2221  07CD  CD 00 00    	call	_game_logo1
2222  07D0  F1          	pop	af
2223  07D1  F1          	pop	af
2224  07D2  33          	inc	sp
2225  07D3  18 11       	jr	l_menu_logo_00104
2226  07D5              l_menu_logo_00102:
2227  07D5  21 10 04    	ld	hl,0x0410
2228  07D8  E5          	push	hl
2229  07D9  26 00       	ld	h,0x00
2230  07DB  E5          	push	hl
2231  07DC  3E 02       	ld	a,0x02
2232  07DE  F5          	push	af
2233  07DF  33          	inc	sp
2234  07E0  CD 00 00    	call	_game_logo1
2235  07E3  F1          	pop	af
2236  07E4  F1          	pop	af
2237  07E5  33          	inc	sp
2238  07E6              l_menu_logo_00104:
2239  07E6  C9          	ret
2240  07E7              	SECTION code_compiler
2241  07E7              ;	---------------------------------
2242  07E7              ; Function menu_rotcolor
2243  07E7              ; ---------------------------------
2244  07E7              _menu_rotcolor:
2245  07E7  21 00 00    	ld	hl,_color
2246  07EA  34          	inc	(hl)
2247  07EB  3E 07       	ld	a,0x07
2248  07ED  96          	sub	a, (hl)
2249  07EE  D0          	ret	NC
2250  07EF  36 00       	ld	(hl),0x00
2251  07F1  C9          	ret
2252  07F2              	SECTION IGNORE
2253  0000              
