1     0000              MODULE game_engine_c
2     0000              LINE -1, "game_engine.c"
-1    0000              
0     0000              
1     0000              ;--------------------------------------------------------
2     0000              ; File Created by SDCC : free open source ANSI-C Compiler
3     0000              ; Version 3.6.5 #9958 (Mac OS X i386)
4     0000              ;--------------------------------------------------------
5     0000              ; Processed by Z88DK
6     0000              ;--------------------------------------------------------
7     0000              
8     0000              	EXTERN __divschar
9     0000              	EXTERN __divschar_callee
10    0000              	EXTERN __divsint
11    0000              	EXTERN __divsint_callee
12    0000              	EXTERN __divslong
13    0000              	EXTERN __divslong_callee
14    0000              	EXTERN __divslonglong
15    0000              	EXTERN __divslonglong_callee
16    0000              	EXTERN __divsuchar
17    0000              	EXTERN __divsuchar_callee
18    0000              	EXTERN __divuchar
19    0000              	EXTERN __divuchar_callee
20    0000              	EXTERN __divuint
21    0000              	EXTERN __divuint_callee
22    0000              	EXTERN __divulong
23    0000              	EXTERN __divulong_callee
24    0000              	EXTERN __divulonglong
25    0000              	EXTERN __divulonglong_callee
26    0000              	EXTERN __divuschar
27    0000              	EXTERN __divuschar_callee
28    0000              	EXTERN __modschar
29    0000              	EXTERN __modschar_callee
30    0000              	EXTERN __modsint
31    0000              	EXTERN __modsint_callee
32    0000              	EXTERN __modslong
33    0000              	EXTERN __modslong_callee
34    0000              	EXTERN __modslonglong
35    0000              	EXTERN __modslonglong_callee
36    0000              	EXTERN __modsuchar
37    0000              	EXTERN __modsuchar_callee
38    0000              	EXTERN __moduchar
39    0000              	EXTERN __moduchar_callee
40    0000              	EXTERN __moduint
41    0000              	EXTERN __moduint_callee
42    0000              	EXTERN __modulong
43    0000              	EXTERN __modulong_callee
44    0000              	EXTERN __modulonglong
45    0000              	EXTERN __modulonglong_callee
46    0000              	EXTERN __moduschar
47    0000              	EXTERN __moduschar_callee
48    0000              	EXTERN __mulint
49    0000              	EXTERN __mulint_callee
50    0000              	EXTERN __mullong
51    0000              	EXTERN __mullong_callee
52    0000              	EXTERN __mullonglong
53    0000              	EXTERN __mullonglong_callee
54    0000              	EXTERN __mulschar
55    0000              	EXTERN __mulschar_callee
56    0000              	EXTERN __mulsuchar
57    0000              	EXTERN __mulsuchar_callee
58    0000              	EXTERN __muluschar
59    0000              	EXTERN __muluschar_callee
60    0000              	EXTERN __rlslonglong
61    0000              	EXTERN __rlslonglong_callee
62    0000              	EXTERN __rlulonglong
63    0000              	EXTERN __rlulonglong_callee
64    0000              	EXTERN __rrslonglong
65    0000              	EXTERN __rrslonglong_callee
66    0000              	EXTERN __rrulonglong
67    0000              	EXTERN __rrulonglong_callee
68    0000              	EXTERN ___sdcc_call_hl
69    0000              	EXTERN ___sdcc_call_iy
70    0000              	EXTERN ___sdcc_enter_ix
71    0000              	EXTERN _banked_call
72    0000              	EXTERN _banked_ret
73    0000              	EXTERN ___fs2schar
74    0000              	EXTERN ___fs2schar_callee
75    0000              	EXTERN ___fs2sint
76    0000              	EXTERN ___fs2sint_callee
77    0000              	EXTERN ___fs2slong
78    0000              	EXTERN ___fs2slong_callee
79    0000              	EXTERN ___fs2slonglong
80    0000              	EXTERN ___fs2slonglong_callee
81    0000              	EXTERN ___fs2uchar
82    0000              	EXTERN ___fs2uchar_callee
83    0000              	EXTERN ___fs2uint
84    0000              	EXTERN ___fs2uint_callee
85    0000              	EXTERN ___fs2ulong
86    0000              	EXTERN ___fs2ulong_callee
87    0000              	EXTERN ___fs2ulonglong
88    0000              	EXTERN ___fs2ulonglong_callee
89    0000              	EXTERN ___fsadd
90    0000              	EXTERN ___fsadd_callee
91    0000              	EXTERN ___fsdiv
92    0000              	EXTERN ___fsdiv_callee
93    0000              	EXTERN ___fseq
94    0000              	EXTERN ___fseq_callee
95    0000              	EXTERN ___fsgt
96    0000              	EXTERN ___fsgt_callee
97    0000              	EXTERN ___fslt
98    0000              	EXTERN ___fslt_callee
99    0000              	EXTERN ___fsmul
100   0000              	EXTERN ___fsmul_callee
101   0000              	EXTERN ___fsneq
102   0000              	EXTERN ___fsneq_callee
103   0000              	EXTERN ___fssub
104   0000              	EXTERN ___fssub_callee
105   0000              	EXTERN ___schar2fs
106   0000              	EXTERN ___schar2fs_callee
107   0000              	EXTERN ___sint2fs
108   0000              	EXTERN ___sint2fs_callee
109   0000              	EXTERN ___slong2fs
110   0000              	EXTERN ___slong2fs_callee
111   0000              	EXTERN ___slonglong2fs
112   0000              	EXTERN ___slonglong2fs_callee
113   0000              	EXTERN ___uchar2fs
114   0000              	EXTERN ___uchar2fs_callee
115   0000              	EXTERN ___uint2fs
116   0000              	EXTERN ___uint2fs_callee
117   0000              	EXTERN ___ulong2fs
118   0000              	EXTERN ___ulong2fs_callee
119   0000              	EXTERN ___ulonglong2fs
120   0000              	EXTERN ___ulonglong2fs_callee
121   0000              	EXTERN ____sdcc_2_copy_src_mhl_dst_deix
122   0000              	EXTERN ____sdcc_2_copy_src_mhl_dst_bcix
123   0000              	EXTERN ____sdcc_4_copy_src_mhl_dst_deix
124   0000              	EXTERN ____sdcc_4_copy_src_mhl_dst_bcix
125   0000              	EXTERN ____sdcc_4_copy_src_mhl_dst_mbc
126   0000              	EXTERN ____sdcc_4_ldi_nosave_bc
127   0000              	EXTERN ____sdcc_4_ldi_save_bc
128   0000              	EXTERN ____sdcc_4_push_hlix
129   0000              	EXTERN ____sdcc_4_push_mhl
130   0000              	EXTERN ____sdcc_lib_setmem_hl
131   0000              	EXTERN ____sdcc_ll_add_de_bc_hl
132   0000              	EXTERN ____sdcc_ll_add_de_bc_hlix
133   0000              	EXTERN ____sdcc_ll_add_de_hlix_bc
134   0000              	EXTERN ____sdcc_ll_add_de_hlix_bcix
135   0000              	EXTERN ____sdcc_ll_add_deix_bc_hl
136   0000              	EXTERN ____sdcc_ll_add_deix_hlix
137   0000              	EXTERN ____sdcc_ll_add_hlix_bc_deix
138   0000              	EXTERN ____sdcc_ll_add_hlix_deix_bc
139   0000              	EXTERN ____sdcc_ll_add_hlix_deix_bcix
140   0000              	EXTERN ____sdcc_ll_asr_hlix_a
141   0000              	EXTERN ____sdcc_ll_asr_mbc_a
142   0000              	EXTERN ____sdcc_ll_copy_src_de_dst_hlix
143   0000              	EXTERN ____sdcc_ll_copy_src_de_dst_hlsp
144   0000              	EXTERN ____sdcc_ll_copy_src_deix_dst_hl
145   0000              	EXTERN ____sdcc_ll_copy_src_deix_dst_hlix
146   0000              	EXTERN ____sdcc_ll_copy_src_deixm_dst_hlsp
147   0000              	EXTERN ____sdcc_ll_copy_src_desp_dst_hlsp
148   0000              	EXTERN ____sdcc_ll_copy_src_hl_dst_de
149   0000              	EXTERN ____sdcc_ll_copy_src_hlsp_dst_de
150   0000              	EXTERN ____sdcc_ll_copy_src_hlsp_dst_deixm
151   0000              	EXTERN ____sdcc_ll_lsl_hlix_a
152   0000              	EXTERN ____sdcc_ll_lsl_mbc_a
153   0000              	EXTERN ____sdcc_ll_lsr_hlix_a
154   0000              	EXTERN ____sdcc_ll_lsr_mbc_a
155   0000              	EXTERN ____sdcc_ll_push_hlix
156   0000              	EXTERN ____sdcc_ll_push_mhl
157   0000              	EXTERN ____sdcc_ll_sub_de_bc_hl
158   0000              	EXTERN ____sdcc_ll_sub_de_bc_hlix
159   0000              	EXTERN ____sdcc_ll_sub_de_hlix_bc
160   0000              	EXTERN ____sdcc_ll_sub_de_hlix_bcix
161   0000              	EXTERN ____sdcc_ll_sub_deix_bc_hl
162   0000              	EXTERN ____sdcc_ll_sub_deix_hlix
163   0000              	EXTERN ____sdcc_ll_sub_hlix_bc_deix
164   0000              	EXTERN ____sdcc_ll_sub_hlix_deix_bc
165   0000              	EXTERN ____sdcc_ll_sub_hlix_deix_bcix
166   0000              	EXTERN ____sdcc_load_debc_deix
167   0000              	EXTERN ____sdcc_load_dehl_deix
168   0000              	EXTERN ____sdcc_load_debc_mhl
169   0000              	EXTERN ____sdcc_load_hlde_mhl
170   0000              	EXTERN ____sdcc_store_dehl_bcix
171   0000              	EXTERN ____sdcc_store_debc_hlix
172   0000              	EXTERN ____sdcc_store_debc_mhl
173   0000              	EXTERN ____sdcc_cpu_pop_ei
174   0000              	EXTERN ____sdcc_cpu_pop_ei_jp
175   0000              	EXTERN ____sdcc_cpu_push_di
176   0000              	EXTERN ____sdcc_outi
177   0000              	EXTERN ____sdcc_outi_128
178   0000              	EXTERN ____sdcc_outi_256
179   0000              	EXTERN ____sdcc_ldi
180   0000              	EXTERN ____sdcc_ldi_128
181   0000              	EXTERN ____sdcc_ldi_256
182   0000              	EXTERN ____sdcc_4_copy_srcd_hlix_dst_deix
183   0000              	EXTERN ____sdcc_4_and_src_mbc_mhl_dst_deix
184   0000              	EXTERN ____sdcc_4_or_src_mbc_mhl_dst_deix
185   0000              	EXTERN ____sdcc_4_xor_src_mbc_mhl_dst_deix
186   0000              	EXTERN ____sdcc_4_or_src_dehl_dst_bcix
187   0000              	EXTERN ____sdcc_4_xor_src_dehl_dst_bcix
188   0000              	EXTERN ____sdcc_4_and_src_dehl_dst_bcix
189   0000              	EXTERN ____sdcc_4_xor_src_mbc_mhl_dst_debc
190   0000              	EXTERN ____sdcc_4_or_src_mbc_mhl_dst_debc
191   0000              	EXTERN ____sdcc_4_and_src_mbc_mhl_dst_debc
192   0000              	EXTERN ____sdcc_4_cpl_src_mhl_dst_debc
193   0000              	EXTERN ____sdcc_4_xor_src_debc_mhl_dst_debc
194   0000              	EXTERN ____sdcc_4_or_src_debc_mhl_dst_debc
195   0000              	EXTERN ____sdcc_4_and_src_debc_mhl_dst_debc
196   0000              	EXTERN ____sdcc_4_and_src_debc_hlix_dst_debc
197   0000              	EXTERN ____sdcc_4_or_src_debc_hlix_dst_debc
198   0000              	EXTERN ____sdcc_4_xor_src_debc_hlix_dst_debc
199   0000              
200   0000              ;--------------------------------------------------------
201   0000              ; Public variables in this module
202   0000              ;--------------------------------------------------------
203   0000              	GLOBAL _game_tick
204   0000              	GLOBAL _game_end
205   0000              	GLOBAL _game_loop
206   0000              	GLOBAL _game_fps
207   0000              	GLOBAL _game_draw_screen
208   0000              	GLOBAL _game_cell_paint
209   0000              	GLOBAL _game_add_enemy
210   0000              	GLOBAL _game_print_footer
211   0000              	GLOBAL _game_print_score
212   0000              	GLOBAL _game_cls
213   0000              	GLOBAL _game_update_stats
214   0000              	GLOBAL _game_start_timer
215   0000              	GLOBAL _game_set_checkpoint
216   0000              	GLOBAL _game_round_init
217   0000              	GLOBAL _game_print_header
218   0000              	GLOBAL _game_check_map
219   0000              	GLOBAL _game_check_cell
220   0000              	GLOBAL _game_paint_attrib
221   0000              	GLOBAL _game_colour_message
222   0000              	GLOBAL _game_check_time
223   0000              	GLOBAL _game_boss_clear
224   0000              	GLOBAL _game_rotate_attrib
225   0000              	GLOBAL _game_rotate_attrib_osd
226   0000              	GLOBAL _game_attribs
227   0000              ;--------------------------------------------------------
228   0000              ; Externals used
229   0000              ;--------------------------------------------------------
230   0000              	GLOBAL _ffsll_callee
231   0000              	GLOBAL _ffsll
232   0000              	GLOBAL _strxfrm_callee
233   0000              	GLOBAL _strxfrm
234   0000              	GLOBAL _strupr_fastcall
235   0000              	GLOBAL _strupr
236   0000              	GLOBAL _strtok_r_callee
237   0000              	GLOBAL _strtok_r
238   0000              	GLOBAL _strtok_callee
239   0000              	GLOBAL _strtok
240   0000              	GLOBAL _strstrip_fastcall
241   0000              	GLOBAL _strstrip
242   0000              	GLOBAL _strstr_callee
243   0000              	GLOBAL _strstr
244   0000              	GLOBAL _strspn_callee
245   0000              	GLOBAL _strspn
246   0000              	GLOBAL _strsep_callee
247   0000              	GLOBAL _strsep
248   0000              	GLOBAL _strrstrip_fastcall
249   0000              	GLOBAL _strrstrip
250   0000              	GLOBAL _strrstr_callee
251   0000              	GLOBAL _strrstr
252   0000              	GLOBAL _strrspn_callee
253   0000              	GLOBAL _strrspn
254   0000              	GLOBAL _strrev_fastcall
255   0000              	GLOBAL _strrev
256   0000              	GLOBAL _strrcspn_callee
257   0000              	GLOBAL _strrcspn
258   0000              	GLOBAL _strrchr_callee
259   0000              	GLOBAL _strrchr
260   0000              	GLOBAL _strpbrk_callee
261   0000              	GLOBAL _strpbrk
262   0000              	GLOBAL _strnlen_callee
263   0000              	GLOBAL _strnlen
264   0000              	GLOBAL _strnicmp_callee
265   0000              	GLOBAL _strnicmp
266   0000              	GLOBAL _strndup_callee
267   0000              	GLOBAL _strndup
268   0000              	GLOBAL _strncpy_callee
269   0000              	GLOBAL _strncpy
270   0000              	GLOBAL _strncmp_callee
271   0000              	GLOBAL _strncmp
272   0000              	GLOBAL _strnchr_callee
273   0000              	GLOBAL _strnchr
274   0000              	GLOBAL _strncat_callee
275   0000              	GLOBAL _strncat
276   0000              	GLOBAL _strncasecmp_callee
277   0000              	GLOBAL _strncasecmp
278   0000              	GLOBAL _strlwr_fastcall
279   0000              	GLOBAL _strlwr
280   0000              	GLOBAL _strlen_fastcall
281   0000              	GLOBAL _strlen
282   0000              	GLOBAL _strlcpy_callee
283   0000              	GLOBAL _strlcpy
284   0000              	GLOBAL _strlcat_callee
285   0000              	GLOBAL _strlcat
286   0000              	GLOBAL _stricmp_callee
287   0000              	GLOBAL _stricmp
288   0000              	GLOBAL _strerror_fastcall
289   0000              	GLOBAL _strerror
290   0000              	GLOBAL _strdup_fastcall
291   0000              	GLOBAL _strdup
292   0000              	GLOBAL _strcspn_callee
293   0000              	GLOBAL _strcspn
294   0000              	GLOBAL _strcpy_callee
295   0000              	GLOBAL _strcpy
296   0000              	GLOBAL _strcoll_callee
297   0000              	GLOBAL _strcoll
298   0000              	GLOBAL _strcmp_callee
299   0000              	GLOBAL _strcmp
300   0000              	GLOBAL _strchrnul_callee
301   0000              	GLOBAL _strchrnul
302   0000              	GLOBAL _strchr_callee
303   0000              	GLOBAL _strchr
304   0000              	GLOBAL _strcat_callee
305   0000              	GLOBAL _strcat
306   0000              	GLOBAL _strcasecmp_callee
307   0000              	GLOBAL _strcasecmp
308   0000              	GLOBAL _stpncpy_callee
309   0000              	GLOBAL _stpncpy
310   0000              	GLOBAL _stpcpy_callee
311   0000              	GLOBAL _stpcpy
312   0000              	GLOBAL _memswap_callee
313   0000              	GLOBAL _memswap
314   0000              	GLOBAL _memset_callee
315   0000              	GLOBAL _memset
316   0000              	GLOBAL _memrchr_callee
317   0000              	GLOBAL _memrchr
318   0000              	GLOBAL _memmove_callee
319   0000              	GLOBAL _memmove
320   0000              	GLOBAL _memmem_callee
321   0000              	GLOBAL _memmem
322   0000              	GLOBAL _memcpy_callee
323   0000              	GLOBAL _memcpy
324   0000              	GLOBAL _memcmp_callee
325   0000              	GLOBAL _memcmp
326   0000              	GLOBAL _memchr_callee
327   0000              	GLOBAL _memchr
328   0000              	GLOBAL _memccpy_callee
329   0000              	GLOBAL _memccpy
330   0000              	GLOBAL _ffsl_fastcall
331   0000              	GLOBAL _ffsl
332   0000              	GLOBAL _ffs_fastcall
333   0000              	GLOBAL _ffs
334   0000              	GLOBAL __strrstrip__fastcall
335   0000              	GLOBAL __strrstrip_
336   0000              	GLOBAL __memupr__callee
337   0000              	GLOBAL __memupr_
338   0000              	GLOBAL __memstrcpy__callee
339   0000              	GLOBAL __memstrcpy_
340   0000              	GLOBAL __memlwr__callee
341   0000              	GLOBAL __memlwr_
342   0000              	GLOBAL _rawmemchr_callee
343   0000              	GLOBAL _rawmemchr
344   0000              	GLOBAL _strnset_callee
345   0000              	GLOBAL _strnset
346   0000              	GLOBAL _strset_callee
347   0000              	GLOBAL _strset
348   0000              	GLOBAL _rindex_callee
349   0000              	GLOBAL _rindex
350   0000              	GLOBAL _index_callee
351   0000              	GLOBAL _index
352   0000              	GLOBAL _bzero_callee
353   0000              	GLOBAL _bzero
354   0000              	GLOBAL _bcopy_callee
355   0000              	GLOBAL _bcopy
356   0000              	GLOBAL _bcmp_callee
357   0000              	GLOBAL _bcmp
358   0000              	GLOBAL _ulltoa_callee
359   0000              	GLOBAL _ulltoa
360   0000              	GLOBAL _strtoull_callee
361   0000              	GLOBAL _strtoull
362   0000              	GLOBAL _strtoll_callee
363   0000              	GLOBAL _strtoll
364   0000              	GLOBAL _lltoa_callee
365   0000              	GLOBAL _lltoa
366   0000              	GLOBAL _llabs_callee
367   0000              	GLOBAL _llabs
368   0000              	GLOBAL __lldivu__callee
369   0000              	GLOBAL __lldivu_
370   0000              	GLOBAL __lldiv__callee
371   0000              	GLOBAL __lldiv_
372   0000              	GLOBAL _atoll_callee
373   0000              	GLOBAL _atoll
374   0000              	GLOBAL _realloc_unlocked_callee
375   0000              	GLOBAL _realloc_unlocked
376   0000              	GLOBAL _malloc_unlocked_fastcall
377   0000              	GLOBAL _malloc_unlocked
378   0000              	GLOBAL _free_unlocked_fastcall
379   0000              	GLOBAL _free_unlocked
380   0000              	GLOBAL _calloc_unlocked_callee
381   0000              	GLOBAL _calloc_unlocked
382   0000              	GLOBAL _aligned_alloc_unlocked_callee
383   0000              	GLOBAL _aligned_alloc_unlocked
384   0000              	GLOBAL _realloc_callee
385   0000              	GLOBAL _realloc
386   0000              	GLOBAL _malloc_fastcall
387   0000              	GLOBAL _malloc
388   0000              	GLOBAL _free_fastcall
389   0000              	GLOBAL _free
390   0000              	GLOBAL _calloc_callee
391   0000              	GLOBAL _calloc
392   0000              	GLOBAL _aligned_alloc_callee
393   0000              	GLOBAL _aligned_alloc
394   0000              	GLOBAL _utoa_callee
395   0000              	GLOBAL _utoa
396   0000              	GLOBAL _ultoa_callee
397   0000              	GLOBAL _ultoa
398   0000              	GLOBAL _system_fastcall
399   0000              	GLOBAL _system
400   0000              	GLOBAL _strtoul_callee
401   0000              	GLOBAL _strtoul
402   0000              	GLOBAL _strtol_callee
403   0000              	GLOBAL _strtol
404   0000              	GLOBAL _strtof_callee
405   0000              	GLOBAL _strtof
406   0000              	GLOBAL _strtod_callee
407   0000              	GLOBAL _strtod
408   0000              	GLOBAL _srand_fastcall
409   0000              	GLOBAL _srand
410   0000              	GLOBAL _rand
411   0000              	GLOBAL _quick_exit_fastcall
412   0000              	GLOBAL _quick_exit
413   0000              	GLOBAL _qsort_callee
414   0000              	GLOBAL _qsort
415   0000              	GLOBAL _ltoa_callee
416   0000              	GLOBAL _ltoa
417   0000              	GLOBAL _labs_fastcall
418   0000              	GLOBAL _labs
419   0000              	GLOBAL _itoa_callee
420   0000              	GLOBAL _itoa
421   0000              	GLOBAL _ftoh_callee
422   0000              	GLOBAL _ftoh
423   0000              	GLOBAL _ftog_callee
424   0000              	GLOBAL _ftog
425   0000              	GLOBAL _ftoe_callee
426   0000              	GLOBAL _ftoe
427   0000              	GLOBAL _ftoa_callee
428   0000              	GLOBAL _ftoa
429   0000              	GLOBAL _exit_fastcall
430   0000              	GLOBAL _exit
431   0000              	GLOBAL _dtoh_callee
432   0000              	GLOBAL _dtoh
433   0000              	GLOBAL _dtog_callee
434   0000              	GLOBAL _dtog
435   0000              	GLOBAL _dtoe_callee
436   0000              	GLOBAL _dtoe
437   0000              	GLOBAL _dtoa_callee
438   0000              	GLOBAL _dtoa
439   0000              	GLOBAL _bsearch_callee
440   0000              	GLOBAL _bsearch
441   0000              	GLOBAL _atol_fastcall
442   0000              	GLOBAL _atol
443   0000              	GLOBAL _atoi_fastcall
444   0000              	GLOBAL _atoi
445   0000              	GLOBAL _atof_fastcall
446   0000              	GLOBAL _atof
447   0000              	GLOBAL _atexit_fastcall
448   0000              	GLOBAL _atexit
449   0000              	GLOBAL _at_quick_exit_fastcall
450   0000              	GLOBAL _at_quick_exit
451   0000              	GLOBAL _abs_fastcall
452   0000              	GLOBAL _abs
453   0000              	GLOBAL _abort
454   0000              	GLOBAL __strtou__callee
455   0000              	GLOBAL __strtou_
456   0000              	GLOBAL __strtoi__callee
457   0000              	GLOBAL __strtoi_
458   0000              	GLOBAL __random_uniform_xor_8__fastcall
459   0000              	GLOBAL __random_uniform_xor_8_
460   0000              	GLOBAL __random_uniform_xor_32__fastcall
461   0000              	GLOBAL __random_uniform_xor_32_
462   0000              	GLOBAL __random_uniform_cmwc_8__fastcall
463   0000              	GLOBAL __random_uniform_cmwc_8_
464   0000              	GLOBAL __shellsort__callee
465   0000              	GLOBAL __shellsort_
466   0000              	GLOBAL __quicksort__callee
467   0000              	GLOBAL __quicksort_
468   0000              	GLOBAL __insertion_sort__callee
469   0000              	GLOBAL __insertion_sort_
470   0000              	GLOBAL __ldivu__callee
471   0000              	GLOBAL __ldivu_
472   0000              	GLOBAL __ldiv__callee
473   0000              	GLOBAL __ldiv_
474   0000              	GLOBAL __divu__callee
475   0000              	GLOBAL __divu_
476   0000              	GLOBAL __div__callee
477   0000              	GLOBAL __div_
478   0000              	GLOBAL _NIRVANAP_drawTW_raw_callee
479   0000              	GLOBAL _NIRVANAP_drawTW_raw
480   0000              	GLOBAL _NIRVANAP_drawTW_callee
481   0000              	GLOBAL _NIRVANAP_drawTW
482   0000              	GLOBAL _NIRVANAP_drawW_raw_callee
483   0000              	GLOBAL _NIRVANAP_drawW_raw
484   0000              	GLOBAL _NIRVANAP_drawW_callee
485   0000              	GLOBAL _NIRVANAP_drawW
486   0000              	GLOBAL _NIRVANAP_spriteT_callee
487   0000              	GLOBAL _NIRVANAP_spriteT
488   0000              	GLOBAL _NIRVANAP_fillC_callee
489   0000              	GLOBAL _NIRVANAP_fillC
490   0000              	GLOBAL _NIRVANAP_readC_callee
491   0000              	GLOBAL _NIRVANAP_readC
492   0000              	GLOBAL _NIRVANAP_paintC_callee
493   0000              	GLOBAL _NIRVANAP_paintC
494   0000              	GLOBAL _NIRVANAP_printC_callee
495   0000              	GLOBAL _NIRVANAP_printC
496   0000              	GLOBAL _NIRVANAP_fillT_raw_callee
497   0000              	GLOBAL _NIRVANAP_fillT_raw
498   0000              	GLOBAL _NIRVANAP_fillT_callee
499   0000              	GLOBAL _NIRVANAP_fillT
500   0000              	GLOBAL _NIRVANAP_drawT_raw_callee
501   0000              	GLOBAL _NIRVANAP_drawT_raw
502   0000              	GLOBAL _NIRVANAP_drawT_callee
503   0000              	GLOBAL _NIRVANAP_drawT
504   0000              	GLOBAL _NIRVANAP_stop
505   0000              	GLOBAL _NIRVANAP_start
506   0000              	GLOBAL _zx_print_str
507   0000              	GLOBAL _zx_print_int
508   0000              	GLOBAL _zx_print_chr
509   0000              	GLOBAL _zx_print_bonus_time
510   0000              	GLOBAL _zx_isr
511   0000              	GLOBAL _z80_otdr_callee
512   0000              	GLOBAL _z80_otdr
513   0000              	GLOBAL _z80_otir_callee
514   0000              	GLOBAL _z80_otir
515   0000              	GLOBAL _z80_outp_callee
516   0000              	GLOBAL _z80_outp
517   0000              	GLOBAL _z80_indr_callee
518   0000              	GLOBAL _z80_indr
519   0000              	GLOBAL _z80_inir_callee
520   0000              	GLOBAL _z80_inir
521   0000              	GLOBAL _z80_inp_fastcall
522   0000              	GLOBAL _z80_inp
523   0000              	GLOBAL _z80_set_int_state_fastcall
524   0000              	GLOBAL _z80_set_int_state
525   0000              	GLOBAL _z80_get_int_state
526   0000              	GLOBAL _z80_delay_tstate_fastcall
527   0000              	GLOBAL _z80_delay_tstate
528   0000              	GLOBAL _z80_delay_ms_fastcall
529   0000              	GLOBAL _z80_delay_ms
530   0000              	GLOBAL _im2_remove_generic_callback_callee
531   0000              	GLOBAL _im2_remove_generic_callback
532   0000              	GLOBAL _im2_prepend_generic_callback_callee
533   0000              	GLOBAL _im2_prepend_generic_callback
534   0000              	GLOBAL _im2_append_generic_callback_callee
535   0000              	GLOBAL _im2_append_generic_callback
536   0000              	GLOBAL _im2_create_generic_isr_8080_callee
537   0000              	GLOBAL _im2_create_generic_isr_8080
538   0000              	GLOBAL _im2_create_generic_isr_callee
539   0000              	GLOBAL _im2_create_generic_isr
540   0000              	GLOBAL _im2_install_isr_callee
541   0000              	GLOBAL _im2_install_isr
542   0000              	GLOBAL _im2_init_fastcall
543   0000              	GLOBAL _im2_init
544   0000              	GLOBAL _intrinsic_swap_word_32_fastcall
545   0000              	GLOBAL _intrinsic_swap_word_32
546   0000              	GLOBAL _intrinsic_swap_endian_32_fastcall
547   0000              	GLOBAL _intrinsic_swap_endian_32
548   0000              	GLOBAL _intrinsic_swap_endian_16_fastcall
549   0000              	GLOBAL _intrinsic_swap_endian_16
550   0000              	GLOBAL _intrinsic_return_de
551   0000              	GLOBAL _intrinsic_return_bc
552   0000              	GLOBAL _intrinsic_exx
553   0000              	GLOBAL _intrinsic_ex_de_hl
554   0000              	GLOBAL _intrinsic_nop
555   0000              	GLOBAL _intrinsic_im_2
556   0000              	GLOBAL _intrinsic_im_1
557   0000              	GLOBAL _intrinsic_im_0
558   0000              	GLOBAL _intrinsic_retn
559   0000              	GLOBAL _intrinsic_reti
560   0000              	GLOBAL _intrinsic_halt
561   0000              	GLOBAL _intrinsic_ei
562   0000              	GLOBAL _intrinsic_di
563   0000              	GLOBAL _intrinsic_stub
564   0000              	GLOBAL _intrinsic_outi
565   0000              	GLOBAL _intrinsic_ldi
566   0000              	GLOBAL _zx_pattern_fill_callee
567   0000              	GLOBAL _zx_pattern_fill
568   0000              	GLOBAL _zx_saddrpup_fastcall
569   0000              	GLOBAL _zx_saddrpup
570   0000              	GLOBAL _zx_saddrpright_callee
571   0000              	GLOBAL _zx_saddrpright
572   0000              	GLOBAL _zx_saddrpleft_callee
573   0000              	GLOBAL _zx_saddrpleft
574   0000              	GLOBAL _zx_saddrpdown_fastcall
575   0000              	GLOBAL _zx_saddrpdown
576   0000              	GLOBAL _zx_saddrcup_fastcall
577   0000              	GLOBAL _zx_saddrcup
578   0000              	GLOBAL _zx_saddrcright_fastcall
579   0000              	GLOBAL _zx_saddrcright
580   0000              	GLOBAL _zx_saddrcleft_fastcall
581   0000              	GLOBAL _zx_saddrcleft
582   0000              	GLOBAL _zx_saddrcdown_fastcall
583   0000              	GLOBAL _zx_saddrcdown
584   0000              	GLOBAL _zx_saddr2py_fastcall
585   0000              	GLOBAL _zx_saddr2py
586   0000              	GLOBAL _zx_saddr2px_fastcall
587   0000              	GLOBAL _zx_saddr2px
588   0000              	GLOBAL _zx_saddr2cy_fastcall
589   0000              	GLOBAL _zx_saddr2cy
590   0000              	GLOBAL _zx_saddr2cx_fastcall
591   0000              	GLOBAL _zx_saddr2cx
592   0000              	GLOBAL _zx_saddr2aaddr_fastcall
593   0000              	GLOBAL _zx_saddr2aaddr
594   0000              	GLOBAL _zx_py2saddr_fastcall
595   0000              	GLOBAL _zx_py2saddr
596   0000              	GLOBAL _zx_py2aaddr_fastcall
597   0000              	GLOBAL _zx_py2aaddr
598   0000              	GLOBAL _zx_pxy2saddr_callee
599   0000              	GLOBAL _zx_pxy2saddr
600   0000              	GLOBAL _zx_pxy2aaddr_callee
601   0000              	GLOBAL _zx_pxy2aaddr
602   0000              	GLOBAL _zx_px2bitmask_fastcall
603   0000              	GLOBAL _zx_px2bitmask
604   0000              	GLOBAL _zx_cy2saddr_fastcall
605   0000              	GLOBAL _zx_cy2saddr
606   0000              	GLOBAL _zx_cy2aaddr_fastcall
607   0000              	GLOBAL _zx_cy2aaddr
608   0000              	GLOBAL _zx_cxy2saddr_callee
609   0000              	GLOBAL _zx_cxy2saddr
610   0000              	GLOBAL _zx_cxy2aaddr_callee
611   0000              	GLOBAL _zx_cxy2aaddr
612   0000              	GLOBAL _zx_bitmask2px_fastcall
613   0000              	GLOBAL _zx_bitmask2px
614   0000              	GLOBAL _zx_aaddrcup_fastcall
615   0000              	GLOBAL _zx_aaddrcup
616   0000              	GLOBAL _zx_aaddrcright_fastcall
617   0000              	GLOBAL _zx_aaddrcright
618   0000              	GLOBAL _zx_aaddrcleft_fastcall
619   0000              	GLOBAL _zx_aaddrcleft
620   0000              	GLOBAL _zx_aaddrcdown_fastcall
621   0000              	GLOBAL _zx_aaddrcdown
622   0000              	GLOBAL _zx_aaddr2saddr_fastcall
623   0000              	GLOBAL _zx_aaddr2saddr
624   0000              	GLOBAL _zx_aaddr2py_fastcall
625   0000              	GLOBAL _zx_aaddr2py
626   0000              	GLOBAL _zx_aaddr2px_fastcall
627   0000              	GLOBAL _zx_aaddr2px
628   0000              	GLOBAL _zx_aaddr2cy_fastcall
629   0000              	GLOBAL _zx_aaddr2cy
630   0000              	GLOBAL _zx_aaddr2cx_fastcall
631   0000              	GLOBAL _zx_aaddr2cx
632   0000              	GLOBAL _zx_visit_wc_pix_callee
633   0000              	GLOBAL _zx_visit_wc_pix
634   0000              	GLOBAL _zx_visit_wc_attr_callee
635   0000              	GLOBAL _zx_visit_wc_attr
636   0000              	GLOBAL _zx_scroll_wc_up_pix_callee
637   0000              	GLOBAL _zx_scroll_wc_up_pix
638   0000              	GLOBAL _zx_scroll_wc_up_attr_callee
639   0000              	GLOBAL _zx_scroll_wc_up_attr
640   0000              	GLOBAL _zx_scroll_wc_up_callee
641   0000              	GLOBAL _zx_scroll_wc_up
642   0000              	GLOBAL _zx_scroll_up_pix_callee
643   0000              	GLOBAL _zx_scroll_up_pix
644   0000              	GLOBAL _zx_scroll_up_attr_callee
645   0000              	GLOBAL _zx_scroll_up_attr
646   0000              	GLOBAL _zx_scroll_up_callee
647   0000              	GLOBAL _zx_scroll_up
648   0000              	GLOBAL _zx_cls_wc_pix_callee
649   0000              	GLOBAL _zx_cls_wc_pix
650   0000              	GLOBAL _zx_cls_wc_attr_callee
651   0000              	GLOBAL _zx_cls_wc_attr
652   0000              	GLOBAL _zx_cls_wc_callee
653   0000              	GLOBAL _zx_cls_wc
654   0000              	GLOBAL _zx_cls_pix_fastcall
655   0000              	GLOBAL _zx_cls_pix
656   0000              	GLOBAL _zx_cls_attr_fastcall
657   0000              	GLOBAL _zx_cls_attr
658   0000              	GLOBAL _zx_cls_fastcall
659   0000              	GLOBAL _zx_cls
660   0000              	GLOBAL _zx_border_fastcall
661   0000              	GLOBAL _zx_border
662   0000              	GLOBAL _zx_tape_verify_block_callee
663   0000              	GLOBAL _zx_tape_verify_block
664   0000              	GLOBAL _zx_tape_save_block_callee
665   0000              	GLOBAL _zx_tape_save_block
666   0000              	GLOBAL _zx_tape_load_block_callee
667   0000              	GLOBAL _zx_tape_load_block
668   0000              	GLOBAL _spr_destroy
669   0000              	GLOBAL _spr_colision_boss
670   0000              	GLOBAL _spr_unflattenP1
671   0000              	GLOBAL _spr_flatten
672   0000              	GLOBAL _spr_btile_paint_back
673   0000              	GLOBAL _spr_init_effects
674   0000              	GLOBAL _spr_turn_horizontal
675   0000              	GLOBAL _spr_play_anim
676   0000              	GLOBAL _spr_add_anim
677   0000              	GLOBAL _spr_clear_scr
678   0000              	GLOBAL _spr_page_map
679   0000              	GLOBAL _spr_back_repaint
680   0000              	GLOBAL _spr_tile_dir
681   0000              	GLOBAL _spr_tile
682   0000              	GLOBAL _spr_paint_player
683   0000              	GLOBAL _spr_paint
684   0000              	GLOBAL _spr_move_left
685   0000              	GLOBAL _spr_move_right
686   0000              	GLOBAL _spr_move_horizontal
687   0000              	GLOBAL _spr_move_down
688   0000              	GLOBAL _spr_move_up
689   0000              	GLOBAL _spr_set_right
690   0000              	GLOBAL _spr_set_left
691   0000              	GLOBAL _spr_set_down
692   0000              	GLOBAL _spr_set_up
693   0000              	GLOBAL _spr_calc_index
694   0000              	GLOBAL _spr_chktime
695   0000              	GLOBAL _player_gasta_brick
696   0000              	GLOBAL _player_lost_life
697   0000              	GLOBAL _player_damage
698   0000              	GLOBAL _player_move_jump
699   0000              	GLOBAL _player_tile
700   0000              	GLOBAL _player_pick_item
701   0000              	GLOBAL _player_check_ceil
702   0000              	GLOBAL _player_check_floor
703   0000              	GLOBAL _player_score_add
704   0000              	GLOBAL _player_move_input
705   0000              	GLOBAL _player_new_jump
706   0000              	GLOBAL _player_turn
707   0000              	GLOBAL _player_move
708   0000              	GLOBAL _player_action_jump
709   0000              	GLOBAL _player_check_input
710   0000              	GLOBAL _player_init
711   0000              	GLOBAL _menu_define_key
712   0000              	GLOBAL _menu_redefine
713   0000              	GLOBAL _menu_main_print
714   0000              	GLOBAL _menu_main
715   0000              	GLOBAL _game_fill_row
716   0000              	GLOBAL _boss_draw_frame
717   0000              	GLOBAL _boss_draw
718   0000              	GLOBAL _boss_turn
719   0000              	GLOBAL _enemy_avoid_dead
720   0000              	GLOBAL _enemy_avoid_fall
721   0000              	GLOBAL _enemy_kill
722   0000              	GLOBAL _enemy_init
723   0000              	GLOBAL _enemy_move
724   0000              	GLOBAL _enemy_turn
725   0000              	GLOBAL _enemy_static
726   0000              	GLOBAL _enemy_walk
727   0000              	GLOBAL _enemy_horizontal
728   0000              	GLOBAL _enemy_vertical
729   0000              	GLOBAL _ay_reset
730   0000              	GLOBAL _ay_song_stop
731   0000              	GLOBAL _ay_song_play
732   0000              	GLOBAL _ay_fx_stop
733   0000              	GLOBAL _ay_fx_play
734   0000              	GLOBAL _ay_is_playing
735   0000              	GLOBAL _audio_levelup
736   0000              	GLOBAL _audio_checkpoint
737   0000              	GLOBAL _audio_menu
738   0000              	GLOBAL _audio_game_end
739   0000              	GLOBAL _audio_level_complete
740   0000              	GLOBAL _audio_level_start
741   0000              	GLOBAL _audio_lotr_lose_a_life
742   0000              	GLOBAL _audio_puerta
743   0000              	GLOBAL _audio_sin_mana
744   0000              	GLOBAL _audio_magic1
745   0000              	GLOBAL _audio_coin
746   0000              	GLOBAL _audio_golpe
747   0000              	GLOBAL _audio_salto
748   0000              	GLOBAL _audio_efecto
749   0000              	GLOBAL _audio_disparo_fire
750   0000              	GLOBAL _audio_disparo_axe
751   0000              	GLOBAL _audio_disparo2
752   0000              	GLOBAL _audio_disparo1
753   0000              	GLOBAL _audio_explosion1
754   0000              	GLOBAL _audio_explosion
755   0000              	GLOBAL _audio_ingame
756   0000              	GLOBAL _test_func
757   0000              	GLOBAL _test_proc
758   0000              	GLOBAL _in_mouse_kempston_wheel_delta
759   0000              	GLOBAL _in_mouse_kempston_wheel
760   0000              	GLOBAL _in_mouse_kempston_callee
761   0000              	GLOBAL _in_mouse_kempston
762   0000              	GLOBAL _in_mouse_kempston_setpos_callee
763   0000              	GLOBAL _in_mouse_kempston_setpos
764   0000              	GLOBAL _in_mouse_kempston_reset
765   0000              	GLOBAL _in_mouse_kempston_init
766   0000              	GLOBAL _in_mouse_amx_wheel_delta
767   0000              	GLOBAL _in_mouse_amx_wheel
768   0000              	GLOBAL _in_mouse_amx_callee
769   0000              	GLOBAL _in_mouse_amx
770   0000              	GLOBAL _in_mouse_amx_setpos_callee
771   0000              	GLOBAL _in_mouse_amx_setpos
772   0000              	GLOBAL _in_mouse_amx_reset
773   0000              	GLOBAL _in_mouse_amx_init_callee
774   0000              	GLOBAL _in_mouse_amx_init
775   0000              	GLOBAL _in_stick_sinclair2
776   0000              	GLOBAL _in_stick_sinclair1
777   0000              	GLOBAL _in_stick_kempston
778   0000              	GLOBAL _in_stick_fuller
779   0000              	GLOBAL _in_stick_cursor
780   0000              	GLOBAL _in_stick_keyboard_fastcall
781   0000              	GLOBAL _in_stick_keyboard
782   0000              	GLOBAL _in_wait_nokey
783   0000              	GLOBAL _in_wait_key
784   0000              	GLOBAL _in_test_key
785   0000              	GLOBAL _in_pause_fastcall
786   0000              	GLOBAL _in_pause
787   0000              	GLOBAL _in_key_scancode_fastcall
788   0000              	GLOBAL _in_key_scancode
789   0000              	GLOBAL _in_key_pressed_fastcall
790   0000              	GLOBAL _in_key_pressed
791   0000              	GLOBAL _in_inkey
792   0000              	GLOBAL _NIRVANAP_CHAR_TABLE
793   0000              	GLOBAL _NIRVANAP_WIDE_IMAGES
794   0000              	GLOBAL _NIRVANAP_TILE_IMAGES
795   0000              	GLOBAL _NIRVANAP_HOLE
796   0000              	GLOBAL _NIRVANAP_ISR_HOOK
797   0000              	GLOBAL _scan_map
798   0000              	GLOBAL _key_map
799   0000              	GLOBAL _stp_row
800   0000              	GLOBAL _stp_col
801   0000              	GLOBAL _stp_tile
802   0000              	GLOBAL _map_paper_last_a
803   0000              	GLOBAL _map_paper_last
804   0000              	GLOBAL _map_paper_clr
805   0000              	GLOBAL _map_paper
806   0000              	GLOBAL _boss_stat
807   0000              	GLOBAL _boss_time_fire
808   0000              	GLOBAL _boss_time
809   0000              	GLOBAL _boss_tile
810   0000              	GLOBAL _boss_inc
811   0000              	GLOBAL _boss_col
812   0000              	GLOBAL _boss_lin
813   0000              	GLOBAL _anim_count
814   0000              	GLOBAL _anim_respanwn
815   0000              	GLOBAL _anim_loop
816   0000              	GLOBAL _anim_end
817   0000              	GLOBAL _anim_int
818   0000              	GLOBAL _anim_tile
819   0000              	GLOBAL _anim_col
820   0000              	GLOBAL _anim_lin
821   0000              	GLOBAL _map_heigth
822   0000              	GLOBAL _map_width
823   0000              	GLOBAL _scr_curr
824   0000              	GLOBAL _sprite_kind
825   0000              	GLOBAL _scr_map
826   0000              	GLOBAL _spr_init
827   0000              	GLOBAL _spr_map_tile
828   0000              	GLOBAL _sprite_frames
829   0000              	GLOBAL _sprite_base_speed
830   0000              	GLOBAL _sprite_speed
831   0000              	GLOBAL _screen_ink
832   0000              	GLOBAL _screen_paper
833   0000              	GLOBAL _game_start_scr
834   0000              	GLOBAL _game_score_top
835   0000              	GLOBAL _player_coins
836   0000              	GLOBAL _player_lives
837   0000              	GLOBAL _game_over
838   0000              	GLOBAL _game_sound
839   0000              	GLOBAL _game_inf_lives
840   0000              	GLOBAL _game_inmune
841   0000              	GLOBAL _sprite_curr_index
842   0000              	GLOBAL _spr_count
843   0000              	GLOBAL _anim_time
844   0000              	GLOBAL _frame_time
845   0000              	GLOBAL _curr_time
846   0000              	GLOBAL _s_state
847   0000              	GLOBAL _attrib7
848   0000              	GLOBAL _attrib6
849   0000              	GLOBAL _attrib5
850   0000              	GLOBAL _attrib4
851   0000              	GLOBAL _attrib3
852   0000              	GLOBAL _attrib2
853   0000              	GLOBAL _attrib1
854   0000              	GLOBAL _attrib0
855   0000              	GLOBAL _attrib_osd
856   0000              	GLOBAL _attrib_hl
857   0000              	GLOBAL _attrib
858   0000              	GLOBAL _zx_val_asm
859   0000              	GLOBAL _enemies
860   0000              	GLOBAL _tmp_ui
861   0000              	GLOBAL _tmp_sc
862   0000              	GLOBAL _tmp_uc
863   0000              	GLOBAL _tmp1
864   0000              	GLOBAL _tmp0
865   0000              	GLOBAL _tmp
866   0000              	GLOBAL _index1
867   0000              	GLOBAL _index0
868   0000              	GLOBAL _loop_count
869   0000              	GLOBAL _s_class
870   0000              	GLOBAL _s_row1
871   0000              	GLOBAL _s_col1
872   0000              	GLOBAL _s_col0
873   0000              	GLOBAL _s_lin1
874   0000              	GLOBAL _s_lin0
875   0000              	GLOBAL _s_tile1
876   0000              	GLOBAL _s_tile0
877   0000              	GLOBAL _player_brick_time
878   0000              	GLOBAL _player_hit_count
879   0000              	GLOBAL _game_debug
880   0000              	GLOBAL _sprite
881   0000              	GLOBAL _fps
882   0000              	GLOBAL _menu_curr_sel
883   0000              	GLOBAL _game_control_mode
884   0000              	GLOBAL _game_round_up
885   0000              	GLOBAL _game_song_play_start
886   0000              	GLOBAL _game_song_play
887   0000              	GLOBAL _game_boss_fix
888   0000              	GLOBAL _game_boss_hit
889   0000              	GLOBAL _game_boss_alive
890   0000              	GLOBAL _game_boss
891   0000              	GLOBAL _game_world
892   0000              	GLOBAL _game_gravity
893   0000              	GLOBAL _player_hit
894   0000              	GLOBAL _player_hit_time
895   0000              	GLOBAL _game_checkpoint_scr
896   0000              	GLOBAL _game_checkpoint_lin
897   0000              	GLOBAL _game_checkpoint_col
898   0000              	GLOBAL _player_lin_scr
899   0000              	GLOBAL _player_col_scr
900   0000              	GLOBAL _player_max_vita
901   0000              	GLOBAL _player_max_mana
902   0000              	GLOBAL _player_vita
903   0000              	GLOBAL _player_keys
904   0000              	GLOBAL _player_vel_inc
905   0000              	GLOBAL _player_vel_y0
906   0000              	GLOBAL _player_vel_y
907   0000              	GLOBAL _player_vel_x
908   0000              	GLOBAL _player_score
909   0000              	GLOBAL _last_time
910   0000              	GLOBAL _spr_timer
911   0000              	GLOBAL _jump_lin
912   0000              	GLOBAL _colint
913   0000              	GLOBAL _col
914   0000              	GLOBAL _tbuffer
915   0000              	GLOBAL _lin
916   0000              	GLOBAL _tile
917   0000              	GLOBAL _state_a
918   0000              	GLOBAL _state
919   0000              	GLOBAL _class
920   0000              	GLOBAL _dirs
921   0000              	GLOBAL _k2
922   0000              	GLOBAL _k1
923   0000              	GLOBAL _joyfunc2
924   0000              	GLOBAL _joyfunc1
925   0000              	GLOBAL _btiles
926   0000              	GLOBAL _spec128
927   0000              	GLOBAL _GLOBAL_ZX_PORT_7FFD
928   0000              	GLOBAL _GLOBAL_ZX_PORT_1FFD
929   0000              	GLOBAL _GLOBAL_ZX_PORT_FE
930   0000              	GLOBAL _ay_fx_06_disparo_fire
931   0000              	GLOBAL _ay_fx_06_disparo_axe
932   0000              	GLOBAL _ay_fx_06_explosion1
933   0000              	GLOBAL _ay_fx_06_efecto
934   0000              	GLOBAL _ay_fx_06_disparo2
935   0000              	GLOBAL _ay_fx_06_disparo1
936   0000              	GLOBAL _ay_fx_06_checkpoint
937   0000              	GLOBAL _ay_fx_06_levelup
938   0000              	GLOBAL _ay_fx_06_magic
939   0000              	GLOBAL _ay_fx_06_sin_mana
940   0000              	GLOBAL _ay_fx_06_salto
941   0000              	GLOBAL _ay_fx_06_puerta
942   0000              	GLOBAL _ay_fx_06_magic1
943   0000              	GLOBAL _ay_fx_06_golpe
944   0000              	GLOBAL _ay_fx_06_explosion
945   0000              	GLOBAL _ay_fx_06_dano_por_toque
946   0000              	GLOBAL _ay_fx_06_coin
947   0000              	GLOBAL _ay_song_06_lotr_level_start
948   0000              	GLOBAL _ay_song_06_lotr_level_complete
949   0000              	GLOBAL _ay_song_06_lotr_lose_a_life
950   0000              	GLOBAL _ay_song_04_doom
951   0000              	GLOBAL _ay_song_04_luna
952   0000              	GLOBAL _ay_song_04_ciel
953   0000              	GLOBAL _ay_song_04_hope
954   0000              	GLOBAL _ay_song_03_regis
955   0000              	GLOBAL _ay_song_03_sunflower
956   0000              	GLOBAL _ay_song_03_tdm_cs9
957   0000              	GLOBAL _world0_h
958   0000              	GLOBAL _world0_w
959   0000              	GLOBAL _world0
960   0000              	GLOBAL _paper0
961   0000              	GLOBAL _lenght0
962   0000              	GLOBAL _start_scr0
963   0000              ;--------------------------------------------------------
964   0000              ; special function registers
965   0000              ;--------------------------------------------------------
966   0000              defc _IO_FE	=	0x00fe
967   0000              defc _IO_1FFD	=	0x1ffd
968   0000              defc _IO_7FFD	=	0x7ffd
969   0000              ;--------------------------------------------------------
970   0000              ; ram data
971   0000              ;--------------------------------------------------------
972   0000              	SECTION bss_compiler
973   0000              ;--------------------------------------------------------
974   0000              ; ram data
975   0000              ;--------------------------------------------------------
976   0000              
977   0000              IF 0
978   0000              
979   0000              ; .area _INITIALIZED removed by z88dk
980   0000              
981   0000              
982   0000              ENDIF
983   0000              
984   0000              ;--------------------------------------------------------
985   0000              ; absolute external ram data
986   0000              ;--------------------------------------------------------
987   0000              	SECTION IGNORE
988   0000              ;--------------------------------------------------------
989   0000              ; global & static initialisations
990   0000              ;--------------------------------------------------------
991   0000              	SECTION code_crt_init
992   0000              ;--------------------------------------------------------
993   0000              ; Home
994   0000              ;--------------------------------------------------------
995   0000              	SECTION IGNORE
996   0000              ;--------------------------------------------------------
997   0000              ; code
998   0000              ;--------------------------------------------------------
999   0000              	SECTION code_compiler
1000  0000              ;	---------------------------------
1001  0000              ; Function game_loop
1002  0000              ; ---------------------------------
1003  0000              _game_loop:
1004  0000  CD 45 03    	call	_game_round_init
1005  0003              l_game_loop_00117:
1006  0003  3A 00 00    	ld	a,(_game_over)
1007  0006  B7          	or	a, a
1008  0007  C2 A4 00    	jp	NZ, l_game_loop_00120
1009  000A              l_game_loop_00112:
1010  000A  3A 00 00    	ld	a,(_game_round_up)
1011  000D  B7          	or	a, a
1012  000E  20 67       	jr	NZ,l_game_loop_00114
1013  0010  3A 00 00    	ld	a,(_game_over)
1014  0013  B7          	or	a, a
1015  0014  20 61       	jr	NZ,l_game_loop_00114
1016  0016  CD 00 00    	call	_enemy_turn
1017  0019  CD 00 00    	call	_player_turn
1018  001C  3A 00 00    	ld	a,(_game_boss)
1019  001F  B7          	or	a, a
1020  0020  28 03       	jr	Z,l_game_loop_00102
1021  0022  CD 00 00    	call	_boss_turn
1022  0025              l_game_loop_00102:
1023  0025  3E 08       	ld	a,0x08
1024  0027  F5          	push	af
1025  0028  33          	inc	sp
1026  0029  21 00 00    	ld	hl,_anim_time
1027  002C  E5          	push	hl
1028  002D  CD 84 05    	call	_game_check_time
1029  0030  F1          	pop	af
1030  0031  33          	inc	sp
1031  0032  7D          	ld	a, l
1032  0033  B7          	or	a, a
1033  0034  28 0F       	jr	Z,l_game_loop_00106
1034  0036  2A 00 00    	ld	hl,(_curr_time)
1035  0039  22 00 00    	ld	(_anim_time),hl
1036  003C  3A 00 00    	ld	a,(_anim_count)
1037  003F  B7          	or	a,a
1038  0040  28 03       	jr	Z,l_game_loop_00106
1039  0042  CD 00 00    	call	_spr_play_anim
1040  0045              l_game_loop_00106:
1041  0045  3E 64       	ld	a,0x64
1042  0047  F5          	push	af
1043  0048  33          	inc	sp
1044  0049  21 00 00    	ld	hl,_frame_time
1045  004C  E5          	push	hl
1046  004D  CD 84 05    	call	_game_check_time
1047  0050  F1          	pop	af
1048  0051  33          	inc	sp
1049  0052  7D          	ld	a, l
1050  0053  B7          	or	a, a
1051  0054  28 0F       	jr	Z,l_game_loop_00110
1052  0056  2A 00 00    	ld	hl,(_curr_time)
1053  0059  22 00 00    	ld	(_frame_time),hl
1054  005C  3A 00 00    	ld	a,(_game_debug)
1055  005F  B7          	or	a,a
1056  0060  28 03       	jr	Z,l_game_loop_00110
1057  0062  CD A5 00    	call	_game_fps
1058  0065              l_game_loop_00110:
1059  0065  21 00 00    	ld	hl,_loop_count
1060  0068  34          	inc	(hl)
1061  0069  20 02       	jr	NZ,l_game_loop_00162
1062  006B  23          	inc	hl
1063  006C  34          	inc	(hl)
1064  006D              l_game_loop_00162:
1065  006D  21 00 00    	ld	hl,_fps
1066  0070  34          	inc	(hl)
1067  0071  20 97       	jr	NZ,l_game_loop_00112
1068  0073  23          	inc	hl
1069  0074  34          	inc	(hl)
1070  0075  18 93       	jr	l_game_loop_00112
1071  0077              l_game_loop_00114:
1072  0077  21 00 00    	ld	hl,_game_round_up
1073  007A  7E          	ld	a, (hl)
1074  007B  B7          	or	a, a
1075  007C  CA 03 00    	jp	Z, l_game_loop_00117
1076  007F  36 00       	ld	(hl),0x00
1077  0081  21 00 00    	ld	hl,_game_world
1078  0084  34          	inc	(hl)
1079  0085  21 00 00    	ld	hl,_game_boss_alive
1080  0088  36 01       	ld	(hl),0x01
1081  008A  21 00 00    	ld	hl,_game_boss
1082  008D  36 00       	ld	(hl),0x00
1083  008F  21 00 00    	ld	hl,_scr_curr
1084  0092  36 FF       	ld	(hl),0xff
1085  0094  21 00 00    	ld	hl,_player_col_scr
1086  0097  36 02       	ld	(hl),0x02
1087  0099  21 00 00    	ld	hl,_player_lin_scr
1088  009C  36 80       	ld	(hl),0x80
1089  009E  CD 45 03    	call	_game_round_init
1090  00A1  C3 03 00    	jp	l_game_loop_00117
1091  00A4              l_game_loop_00120:
1092  00A4  C9          	ret
1093  00A5              	SECTION code_compiler
1094  00A5              ;	---------------------------------
1095  00A5              ; Function game_fps
1096  00A5              ; ---------------------------------
1097  00A5              _game_fps:
1098  00A5  21 00 00    	ld	hl,_screen_ink
1099  00A8  36 07       	ld	(hl),0x07
1100  00AA  2A 00 00    	ld	hl,(_fps)
1101  00AD  E5          	push	hl
1102  00AE  21 17 18    	ld	hl,0x1817
1103  00B1  E5          	push	hl
1104  00B2  CD 00 00    	call	_zx_print_int
1105  00B5  21 00 00    	ld	hl,0x0000
1106  00B8  22 00 00    	ld	(_fps),hl
1107  00BB  C9          	ret
1108  00BC              	SECTION code_compiler
1109  00BC              ;	---------------------------------
1110  00BC              ; Function game_draw_screen
1111  00BC              ; ---------------------------------
1112  00BC              _game_draw_screen:
1113  00BC  76          	halt
1114  00BD  21 00 00    	ld	hl,_game_boss
1115  00C0  36 00       	ld	(hl),0x00
1116  00C2  21 00 00    	ld	hl,_game_boss_fix
1117  00C5  36 00       	ld	(hl),0x00
1118  00C7  2A 00 00    	ld	hl,(_curr_time)
1119  00CA  22 00 00    	ld	(_player_brick_time),hl
1120  00CD  21 00 00    	ld	hl,_spr_count
1121  00D0  36 00       	ld	(hl),0x00
1122  00D2  CD 00 00    	call	_spr_init_effects
1123  00D5              l_game_draw_screen_00101:
1124  00D5  21 00 00    	ld	hl,_spr_count
1125  00D8  7E          	ld	a, (hl)
1126  00D9  D6 07       	sub	a,0x07
1127  00DB  30 0E       	jr	NC,l_game_draw_screen_00103
1128  00DD  3E 00       	ld	a, +((_class) & 0xFF)
1129  00DF  86          	add	a, (hl)
1130  00E0  4F          	ld	c, a
1131  00E1  3E 00       	ld	a, +((_class) / 256)
1132  00E3  CE 00       	adc	a,0x00
1133  00E5  47          	ld	b, a
1134  00E6  AF          	xor	a, a
1135  00E7  02          	ld	(bc), a
1136  00E8  34          	inc	(hl)
1137  00E9  18 EA       	jr	l_game_draw_screen_00101
1138  00EB              l_game_draw_screen_00103:
1139  00EB  21 00 00    	ld	hl,_spr_count
1140  00EE  36 00       	ld	(hl),0x00
1141  00F0  21 00 00    	ld	hl,0x0000
1142  00F3  22 00 00    	ld	(_index1),hl
1143  00F6  21 00 00    	ld	hl,_s_row1
1144  00F9  36 01       	ld	(hl),0x01
1145  00FB  21 00 00    	ld	hl,_s_lin1
1146  00FE  36 10       	ld	(hl),0x10
1147  0100  21 00 00    	ld	hl,_s_col1
1148  0103  36 00       	ld	(hl),0x00
1149  0105  CD 00 00    	call	_NIRVANAP_stop
1150  0108  21 00 00    	ld	hl,_screen_ink
1151  010B  36 00       	ld	(hl),0x00
1152  010D              l_game_draw_screen_00106:
1153  010D  3A 01 00    	ld	a,(_index1 + 1)
1154  0110  D6 02       	sub	a,0x02
1155  0112  30 28       	jr	NC,l_game_draw_screen_00108
1156  0114  CD 42 01    	call	_game_cell_paint
1157  0117  21 00 00    	ld	hl,_index1
1158  011A  34          	inc	(hl)
1159  011B  20 02       	jr	NZ,l_game_draw_screen_00131
1160  011D  23          	inc	hl
1161  011E  34          	inc	(hl)
1162  011F              l_game_draw_screen_00131:
1163  011F  21 00 00    	ld	hl,_s_col1
1164  0122  34          	inc	(hl)
1165  0123  3A 00 00    	ld	a,(_index1)
1166  0126  E6 1F       	and	a,0x1f
1167  0128  20 E3       	jr	NZ,l_game_draw_screen_00106
1168  012A  21 00 00    	ld	hl,_s_row1
1169  012D  34          	inc	(hl)
1170  012E  21 00 00    	ld	hl,_s_lin1
1171  0131  7E          	ld	a, (hl)
1172  0132  C6 08       	add	a,0x08
1173  0134  77          	ld	(hl), a
1174  0135  21 00 00    	ld	hl,_s_col1
1175  0138  36 00       	ld	(hl),0x00
1176  013A  18 D1       	jr	l_game_draw_screen_00106
1177  013C              l_game_draw_screen_00108:
1178  013C  CD 00 00    	call	_NIRVANAP_start
1179  013F  C3 00 00    	jp  _game_update_stats
1180  0142              	SECTION code_compiler
1181  0142              ;	---------------------------------
1182  0142              ; Function game_cell_paint
1183  0142              ; ---------------------------------
1184  0142              _game_cell_paint:
1185  0142  CD 00 00    	call	___sdcc_enter_ix
1186  0145  F5          	push	af
1187  0146  01 00 00    	ld	bc,_scr_map
1188  0149  2A 00 00    	ld	hl,(_index1)
1189  014C  09          	add	hl,bc
1190  014D  44          	ld	b,h
1191  014E  4E          	ld	c, (hl)
1192  014F  3E 07       	ld	a,0x07
1193  0151  91          	sub	a, c
1194  0152  DA 06 02    	jp	C, l_game_cell_paint_00109
1195  0155  06 00       	ld	b,0x00
1196  0157  21 5E 01    	ld	hl,l_game_cell_paint_00116
1197  015A  09          	add	hl, bc
1198  015B  09          	add	hl, bc
1199  015C  09          	add	hl, bc
1200  015D  E9          	jp	(hl)
1201  015E              l_game_cell_paint_00116:
1202  015E  C3 76 01    	jp	l_game_cell_paint_00101
1203  0161  C3 7C 01    	jp	l_game_cell_paint_00102
1204  0164  C3 90 01    	jp	l_game_cell_paint_00103
1205  0167  C3 A4 01    	jp	l_game_cell_paint_00104
1206  016A  C3 B8 01    	jp	l_game_cell_paint_00105
1207  016D  C3 CC 01    	jp	l_game_cell_paint_00106
1208  0170  C3 E0 01    	jp	l_game_cell_paint_00107
1209  0173  C3 F4 01    	jp	l_game_cell_paint_00108
1210  0176              l_game_cell_paint_00101:
1211  0176  01 00 00    	ld	bc,_attrib0+0
1212  0179  C3 06 02    	jp	l_game_cell_paint_00109
1213  017C              l_game_cell_paint_00102:
1214  017C  3A 00 00    	ld	a,(_s_col1)
1215  017F  21 00 00    	ld	hl,___str_0
1216  0182  E5          	push	hl
1217  0183  2A 00 00    	ld	hl,(_s_row1)
1218  0186  67          	ld	h,a
1219  0187  E5          	push	hl
1220  0188  CD 00 00    	call	_zx_print_str
1221  018B  01 00 00    	ld	bc,_attrib1
1222  018E  18 76       	jr	l_game_cell_paint_00109
1223  0190              l_game_cell_paint_00103:
1224  0190  3A 00 00    	ld	a,(_s_col1)
1225  0193  21 00 00    	ld	hl,___str_0
1226  0196  E5          	push	hl
1227  0197  2A 00 00    	ld	hl,(_s_row1)
1228  019A  67          	ld	h,a
1229  019B  E5          	push	hl
1230  019C  CD 00 00    	call	_zx_print_str
1231  019F  01 00 00    	ld	bc,_attrib2
1232  01A2  18 62       	jr	l_game_cell_paint_00109
1233  01A4              l_game_cell_paint_00104:
1234  01A4  3A 00 00    	ld	a,(_s_col1)
1235  01A7  21 02 00    	ld	hl,___str_1
1236  01AA  E5          	push	hl
1237  01AB  2A 00 00    	ld	hl,(_s_row1)
1238  01AE  67          	ld	h,a
1239  01AF  E5          	push	hl
1240  01B0  CD 00 00    	call	_zx_print_str
1241  01B3  01 00 00    	ld	bc,_attrib3
1242  01B6  18 4E       	jr	l_game_cell_paint_00109
1243  01B8              l_game_cell_paint_00105:
1244  01B8  3A 00 00    	ld	a,(_s_col1)
1245  01BB  21 04 00    	ld	hl,___str_2
1246  01BE  E5          	push	hl
1247  01BF  2A 00 00    	ld	hl,(_s_row1)
1248  01C2  67          	ld	h,a
1249  01C3  E5          	push	hl
1250  01C4  CD 00 00    	call	_zx_print_str
1251  01C7  01 00 00    	ld	bc,_attrib4
1252  01CA  18 3A       	jr	l_game_cell_paint_00109
1253  01CC              l_game_cell_paint_00106:
1254  01CC  3A 00 00    	ld	a,(_s_col1)
1255  01CF  21 06 00    	ld	hl,___str_3
1256  01D2  E5          	push	hl
1257  01D3  2A 00 00    	ld	hl,(_s_row1)
1258  01D6  67          	ld	h,a
1259  01D7  E5          	push	hl
1260  01D8  CD 00 00    	call	_zx_print_str
1261  01DB  01 00 00    	ld	bc,_attrib5
1262  01DE  18 26       	jr	l_game_cell_paint_00109
1263  01E0              l_game_cell_paint_00107:
1264  01E0  3A 00 00    	ld	a,(_s_col1)
1265  01E3  21 08 00    	ld	hl,___str_4
1266  01E6  E5          	push	hl
1267  01E7  2A 00 00    	ld	hl,(_s_row1)
1268  01EA  67          	ld	h,a
1269  01EB  E5          	push	hl
1270  01EC  CD 00 00    	call	_zx_print_str
1271  01EF  01 00 00    	ld	bc,_attrib6
1272  01F2  18 12       	jr	l_game_cell_paint_00109
1273  01F4              l_game_cell_paint_00108:
1274  01F4  3A 00 00    	ld	a,(_s_col1)
1275  01F7  21 0A 00    	ld	hl,___str_5
1276  01FA  E5          	push	hl
1277  01FB  2A 00 00    	ld	hl,(_s_row1)
1278  01FE  67          	ld	h,a
1279  01FF  E5          	push	hl
1280  0200  CD 00 00    	call	_zx_print_str
1281  0203  01 00 00    	ld	bc,_attrib7
1282  0206              l_game_cell_paint_00109:
1283  0206  2A FF FF    	ld	hl,(_s_col1 - 1)
1284  0209  3A 00 00    	ld	a,(_s_lin1)
1285  020C  6F          	ld	l,a
1286  020D  E5          	push	hl
1287  020E  C5          	push	bc
1288  020F  CD 00 00    	call	_NIRVANAP_paintC_callee
1289  0212  F1          	pop	af
1290  0213  DD E1       	pop	ix
1291  0215  C9          	ret
1292  0216              	SECTION rodata_compiler
1293  0000              ___str_0:
1294  0000  62          	DEFM "b"
1295  0001  00          	DEFB 0x00
1296  0002              	SECTION rodata_compiler
1297  0002              ___str_1:
1298  0002  63          	DEFM "c"
1299  0003  00          	DEFB 0x00
1300  0004              	SECTION rodata_compiler
1301  0004              ___str_2:
1302  0004  64          	DEFM "d"
1303  0005  00          	DEFB 0x00
1304  0006              	SECTION rodata_compiler
1305  0006              ___str_3:
1306  0006  65          	DEFM "e"
1307  0007  00          	DEFB 0x00
1308  0008              	SECTION rodata_compiler
1309  0008              ___str_4:
1310  0008  66          	DEFM "f"
1311  0009  00          	DEFB 0x00
1312  000A              	SECTION rodata_compiler
1313  000A              ___str_5:
1314  000A  67          	DEFM "g"
1315  000B  00          	DEFB 0x00
1316  000C              	SECTION code_compiler
1317  0216              ;	---------------------------------
1318  0216              ; Function game_end is a stub
1319  0216              ; ---------------------------------
1320  0216              EXTERN l_ret
1321  0216              defc _game_end = l_ret
1322  0216              	SECTION code_compiler
1323  0216              ;	---------------------------------
1324  0216              ; Function game_add_enemy
1325  0216              ; ---------------------------------
1326  0216              _game_add_enemy:
1327  0216  7D          	ld	a,l
1328  0217  D6 78       	sub	a,0x78
1329  0219  28 57       	jr	Z,l_game_add_enemy_00119
1330  021B  4D          	ld	c,l
1331  021C  21 00 00    	ld	hl,_tmp0
1332  021F  36 00       	ld	(hl),0x00
1333  0221              l_game_add_enemy_00104:
1334  0221  3E 17       	ld	a,0x17
1335  0223  21 00 00    	ld	hl,_tmp0
1336  0226  96          	sub	a, (hl)
1337  0227  DA E6 02    	jp	C, l_game_add_enemy_00121
1338  022A  7E          	ld	a, (hl)
1339  022B  5F          	ld	e, a
1340  022C  87          	add	a, a
1341  022D  83          	add	a, e
1342  022E  21 00 00    	ld	hl,_tmp1
1343  0231  77          	ld	(hl), a
1344  0232  C6 00       	add	a,+((_spr_init) & 0xFF)
1345  0234  5F          	ld	e, a
1346  0235  3E 00       	ld	a, +((_spr_init) / 256)
1347  0237  CE 00       	adc	a,0x00
1348  0239  57          	ld	d, a
1349  023A  1A          	ld	a, (de)
1350  023B  91          	sub	a, c
1351  023C  20 2E       	jr	NZ,l_game_add_enemy_00102
1352  023E  6E          	ld	l,(hl)
1353  023F  26 00       	ld	h,0x00
1354  0241  5D          	ld	e,l
1355  0242  54          	ld	d,h
1356  0243  23          	inc	hl
1357  0244  23          	inc	hl
1358  0245  3E 00       	ld	a, +((_spr_init) & 0xFF)
1359  0247  85          	add	a, l
1360  0248  6F          	ld	l, a
1361  0249  3E 00       	ld	a, +((_spr_init) / 256)
1362  024B  8C          	adc	a, h
1363  024C  67          	ld	h, a
1364  024D  46          	ld	b, (hl)
1365  024E  13          	inc	de
1366  024F  21 00 00    	ld	hl,_spr_init
1367  0252  19          	add	hl, de
1368  0253  7E          	ld	a, (hl)
1369  0254  C5          	push	bc
1370  0255  4F          	ld	c,a
1371  0256  C5          	push	bc
1372  0257  2A FF FF    	ld	hl,(_s_col1 - 1)
1373  025A  3A 00 00    	ld	a,(_s_lin1)
1374  025D  6F          	ld	l,a
1375  025E  E5          	push	hl
1376  025F  CD 00 00    	call	_enemy_init
1377  0262  F1          	pop	af
1378  0263  F1          	pop	af
1379  0264  C1          	pop	bc
1380  0265  21 00 00    	ld	hl,_tmp0
1381  0268  36 FF       	ld	(hl),0xff
1382  026A  18 B5       	jr	l_game_add_enemy_00104
1383  026C              l_game_add_enemy_00102:
1384  026C  21 00 00    	ld	hl,_tmp0
1385  026F  34          	inc	(hl)
1386  0270  18 AF       	jr	l_game_add_enemy_00104
1387  0272              l_game_add_enemy_00119:
1388  0272  3A 00 00    	ld	a,(_game_boss)
1389  0275  B7          	or	a, a
1390  0276  20 64       	jr	NZ,l_game_add_enemy_00115
1391  0278  3A 00 00    	ld	a,(_game_boss_alive)
1392  027B  B7          	or	a, a
1393  027C  28 5E       	jr	Z,l_game_add_enemy_00115
1394  027E  3A 00 00    	ld	a,(_s_lin1)
1395  0281  32 00 00    	ld	(_boss_lin),a
1396  0284  3A 00 00    	ld	a,(_s_col1)
1397  0287  32 00 00    	ld	(_boss_col),a
1398  028A  3A 00 00    	ld	a,(_game_world)
1399  028D  B7          	or	a, a
1400  028E  28 10       	jr	Z,l_game_add_enemy_00107
1401  0290  3D          	dec	a
1402  0291  28 14       	jr	Z,l_game_add_enemy_00108
1403  0293  3A 00 00    	ld	a,(_game_world)
1404  0296  FE 02       	cp	a,0x02
1405  0298  28 14       	jr	Z,l_game_add_enemy_00109
1406  029A  D6 03       	sub	a,0x03
1407  029C  28 17       	jr	Z,l_game_add_enemy_00110
1408  029E  18 1A       	jr	l_game_add_enemy_00111
1409  02A0              l_game_add_enemy_00107:
1410  02A0  21 00 00    	ld	hl,_boss_tile
1411  02A3  36 C8       	ld	(hl),0xc8
1412  02A5  18 13       	jr	l_game_add_enemy_00111
1413  02A7              l_game_add_enemy_00108:
1414  02A7  21 00 00    	ld	hl,_boss_tile
1415  02AA  36 D8       	ld	(hl),0xd8
1416  02AC  18 0C       	jr	l_game_add_enemy_00111
1417  02AE              l_game_add_enemy_00109:
1418  02AE  21 00 00    	ld	hl,_boss_tile
1419  02B1  36 DC       	ld	(hl),0xdc
1420  02B3  18 05       	jr	l_game_add_enemy_00111
1421  02B5              l_game_add_enemy_00110:
1422  02B5  21 00 00    	ld	hl,_boss_tile
1423  02B8  36 E0       	ld	(hl),0xe0
1424  02BA              l_game_add_enemy_00111:
1425  02BA  21 00 00    	ld	hl,_boss_stat
1426  02BD  36 00       	ld	(hl),0x00
1427  02BF  21 00 00    	ld	hl,_boss_stat
1428  02C2  CD 00 00    	call	_spr_set_up
1429  02C5  21 00 00    	ld	hl,_game_boss
1430  02C8  36 01       	ld	(hl),0x01
1431  02CA  21 00 00    	ld	hl,_game_boss_hit
1432  02CD  36 06       	ld	(hl),0x06
1433  02CF  21 00 00    	ld	hl,_game_song_play_start
1434  02D2  36 00       	ld	(hl),0x00
1435  02D4  CD 00 00    	call	_ay_reset
1436  02D7  CD 00 00    	call	_audio_ingame
1437  02DA  18 0A       	jr	l_game_add_enemy_00121
1438  02DC              l_game_add_enemy_00115:
1439  02DC  3A 00 00    	ld	a,(_game_boss)
1440  02DF  B7          	or	a, a
1441  02E0  C0          	ret	NZ
1442  02E1  21 00 00    	ld	hl,_game_boss_fix
1443  02E4  36 01       	ld	(hl),0x01
1444  02E6              l_game_add_enemy_00121:
1445  02E6  C9          	ret
1446  02E7              	SECTION code_compiler
1447  02E7              ;	---------------------------------
1448  02E7              ; Function game_print_footer
1449  02E7              ; ---------------------------------
1450  02E7              _game_print_footer:
1451  02E7  3A 00 00    	ld	a,(_game_debug)
1452  02EA  B7          	or	a, a
1453  02EB  28 0B       	jr	Z,l_game_print_footer_00102
1454  02ED  21 0C 00    	ld	hl,___str_6
1455  02F0  E5          	push	hl
1456  02F1  21 17 14    	ld	hl,0x1417
1457  02F4  E5          	push	hl
1458  02F5  CD 00 00    	call	_zx_print_str
1459  02F8              l_game_print_footer_00102:
1460  02F8  CD 00 00    	call	_game_update_stats
1461  02FB  C9          	ret
1462  02FC              	SECTION rodata_compiler
1463  000C              ___str_6:
1464  000C  4C 50 53 3A 	DEFM "LPS:"
1465  0010  00          	DEFB 0x00
1466  0011              	SECTION code_compiler
1467  02FC              ;	---------------------------------
1468  02FC              ; Function game_print_score is a stub
1469  02FC              ; ---------------------------------
1470  02FC              EXTERN l_ret
1471  02FC              defc _game_print_score = l_ret
1472  02FC              	SECTION code_compiler
1473  02FC              ;	---------------------------------
1474  02FC              ; Function game_cls
1475  02FC              ; ---------------------------------
1476  02FC              _game_cls:
1477  02FC  CD 00 00    	call	_NIRVANAP_stop
1478  02FF  2E 00       	ld	l,0x00
1479  0301  CD 00 00    	call	_zx_cls_fastcall
1480  0304  21 00 00    	ld	hl,_screen_ink
1481  0307  36 07       	ld	(hl),0x07
1482  0309  C3 00 00    	jp  _NIRVANAP_start
1483  030C              	SECTION code_compiler
1484  030C              ;	---------------------------------
1485  030C              ; Function game_update_stats is a stub
1486  030C              ; ---------------------------------
1487  030C              EXTERN l_ret
1488  030C              defc _game_update_stats = l_ret
1489  030C              	SECTION code_compiler
1490  030C              ;	---------------------------------
1491  030C              ; Function game_tick
1492  030C              ; ---------------------------------
1493  030C              _game_tick:
1494  030C  21 00 00    	ld	hl,_curr_time
1495  030F  34          	inc	(hl)
1496  0310  C2 00 00    	jp	NZ,_zx_isr
1497  0313  23          	inc	hl
1498  0314  34          	inc	(hl)
1499  0315  C3 00 00    	jp  _zx_isr
1500  0318              	SECTION code_compiler
1501  0318              ;	---------------------------------
1502  0318              ; Function game_start_timer
1503  0318              ; ---------------------------------
1504  0318              _game_start_timer:
1505  0318  21 00 00    	ld	hl,_NIRVANAP_ISR_HOOK+0
1506  031B  36 CD       	ld	(hl),0xcd
1507  031D  23          	inc	hl
1508  031E  11 0C 03    	ld	de,_game_tick
1509  0321  73          	ld	(hl), e
1510  0322  23          	inc	hl
1511  0323  72          	ld	(hl), d
1512  0324  C9          	ret
1513  0325              	SECTION code_compiler
1514  0325              ;	---------------------------------
1515  0325              ; Function game_set_checkpoint
1516  0325              ; ---------------------------------
1517  0325              _game_set_checkpoint:
1518  0325  3A 00 00    	ld	a,(_player_col_scr)
1519  0328  CB 3F       	srl	a
1520  032A  87          	add	a, a
1521  032B  32 00 00    	ld	(_game_checkpoint_col),a
1522  032E  3A 00 00    	ld	a,(_player_lin_scr)
1523  0331  0F          	rrca
1524  0332  0F          	rrca
1525  0333  0F          	rrca
1526  0334  E6 1F       	and	a,0x1f
1527  0336  07          	rlca
1528  0337  07          	rlca
1529  0338  07          	rlca
1530  0339  E6 F8       	and	a,0xf8
1531  033B  32 00 00    	ld	(_game_checkpoint_lin),a
1532  033E  3A 00 00    	ld	a,(_scr_curr)
1533  0341  32 00 00    	ld	(_game_checkpoint_scr),a
1534  0344  C9          	ret
1535  0345              	SECTION code_compiler
1536  0345              ;	---------------------------------
1537  0345              ; Function game_round_init
1538  0345              ; ---------------------------------
1539  0345              _game_round_init:
1540  0345  21 00 00    	ld	hl,0x0000
1541  0348  22 00 00    	ld	(_loop_count),hl
1542  034B  21 00 00    	ld	hl,0
1543  034E  22 00 00    	ld	(_curr_time),hl
1544  0351  21 00 00    	ld	hl,0x0000
1545  0354  22 00 00    	ld	(_frame_time),hl
1546  0357  CD 00 00    	call	_spr_init_effects
1547  035A  CD CF 03    	call	_game_print_header
1548  035D  CD E7 02    	call	_game_print_footer
1549  0360  CD 00 00    	call	_ay_reset
1550  0363  CD 00 00    	call	_audio_level_start
1551  0366  CD BC 00    	call	_game_draw_screen
1552  0369  CD 25 03    	call	_game_set_checkpoint
1553  036C  21 00 00    	ld	hl,_game_song_play_start
1554  036F  36 00       	ld	(hl),0x00
1555  0371  3A 00 00    	ld	a,(_game_over)
1556  0374  B7          	or	a, a
1557  0375  20 10       	jr	NZ,l_game_round_init_00102
1558  0377  2A 00 00    	ld	hl,(_player_col_scr)
1559  037A  26 60       	ld	h,0x60
1560  037C  3A 00 00    	ld	a,(_player_lin_scr)
1561  037F  E5          	push	hl
1562  0380  F5          	push	af
1563  0381  33          	inc	sp
1564  0382  CD 00 00    	call	_player_init
1565  0385  F1          	pop	af
1566  0386  33          	inc	sp
1567  0387              l_game_round_init_00102:
1568  0387  CD 00 00    	call	_game_update_stats
1569  038A  3A 00 00    	ld	a,(_game_debug)
1570  038D  B7          	or	a, a
1571  038E  20 3B       	jr	NZ,l_game_round_init_00104
1572  0390  21 11 00    	ld	hl,___str_7
1573  0393  E5          	push	hl
1574  0394  21 0C 06    	ld	hl,0x060c
1575  0397  E5          	push	hl
1576  0398  CD 00 00    	call	_zx_print_str
1577  039B  21 00 00    	ld	hl,_tmp0
1578  039E  36 0B       	ld	(hl),0x0b
1579  03A0  21 11 68    	ld	hl,0x6811
1580  03A3  E5          	push	hl
1581  03A4  3E 06       	ld	a,0x06
1582  03A6  F5          	push	af
1583  03A7  33          	inc	sp
1584  03A8  21 00 00    	ld	hl,_attrib_osd
1585  03AB  E5          	push	hl
1586  03AC  CD 19 04    	call	_game_paint_attrib
1587  03AF  F1          	pop	af
1588  03B0  F1          	pop	af
1589  03B1  33          	inc	sp
1590  03B2  3A 00 00    	ld	a,(_tmp0)
1591  03B5  C6 06       	add	a,0x06
1592  03B7  47          	ld	b, a
1593  03B8  AF          	xor	a, a
1594  03B9  F5          	push	af
1595  03BA  33          	inc	sp
1596  03BB  21 C8 00    	ld	hl,0x00c8
1597  03BE  E5          	push	hl
1598  03BF  C5          	push	bc
1599  03C0  33          	inc	sp
1600  03C1  21 0C 06    	ld	hl,0x060c
1601  03C4  E5          	push	hl
1602  03C5  CD 43 04    	call	_game_colour_message
1603  03C8  F1          	pop	af
1604  03C9  F1          	pop	af
1605  03CA  F1          	pop	af
1606  03CB              l_game_round_init_00104:
1607  03CB  CD 00 00    	call	_audio_ingame
1608  03CE  C9          	ret
1609  03CF              	SECTION rodata_compiler
1610  0011              ___str_7:
1611  0011  52 4F 55 4E 44 20 53 54 41 52 54 
                        	DEFM "ROUND START"
1612  001C  00          	DEFB 0x00
1613  001D              	SECTION code_compiler
1614  03CF              ;	---------------------------------
1615  03CF              ; Function game_print_header
1616  03CF              ; ---------------------------------
1617  03CF              _game_print_header:
1618  03CF  21 00 00    	ld	hl,_screen_ink
1619  03D2  36 02       	ld	(hl),0x02
1620  03D4  21 1D 00    	ld	hl,___str_8
1621  03D7  E5          	push	hl
1622  03D8  21 00 0B    	ld	hl,0x0b00
1623  03DB  E5          	push	hl
1624  03DC  CD 00 00    	call	_zx_print_str
1625  03DF  21 00 00    	ld	hl,_screen_ink
1626  03E2  36 07       	ld	(hl),0x07
1627  03E4  CD 00 00    	call	_game_print_score
1628  03E7  C9          	ret
1629  03E8              	SECTION rodata_compiler
1630  001D              ___str_8:
1631  001D  24 25 7C    	DEFM "$%|"
1632  0020  00          	DEFB 0x00
1633  0021              	SECTION code_compiler
1634  03E8              ;	---------------------------------
1635  03E8              ; Function game_check_map
1636  03E8              ; ---------------------------------
1637  03E8              _game_check_map:
1638  03E8  CD 00 00    	call	___sdcc_enter_ix
1639  03EB  DD 66 05    	ld	h,(ix+5)
1640  03EE  DD 6E 04    	ld	l,(ix+4)
1641  03F1  E5          	push	hl
1642  03F2  CD 00 00    	call	_spr_calc_index
1643  03F5  F1          	pop	af
1644  03F6  22 00 00    	ld	(_index1),hl
1645  03F9  21 00 00    	ld	hl,_index1
1646  03FC  DD E1       	pop	ix
1647  03FE  C3 01 04    	jp	_game_check_cell
1648  0401              	SECTION code_compiler
1649  0401              ;	---------------------------------
1650  0401              ; Function game_check_cell
1651  0401              ; ---------------------------------
1652  0401              _game_check_cell:
1653  0401  4E          	ld	c, (hl)
1654  0402  23          	inc	hl
1655  0403  46          	ld	b, (hl)
1656  0404  AF          	xor	a, a
1657  0405  B9          	cp	a, c
1658  0406  3E 02       	ld	a,0x02
1659  0408  98          	sbc	a, b
1660  0409  30 04       	jr	NC,l_game_check_cell_00102
1661  040B  2E 01       	ld	l,0x01
1662  040D  18 09       	jr	l_game_check_cell_00106
1663  040F              l_game_check_cell_00102:
1664  040F  21 00 00    	ld	hl,_scr_map
1665  0412  09          	add	hl, bc
1666  0413  7E          	ld	a, (hl)
1667  0414  6F          	ld	l, a
1668  0415  B7          	or	a,a
1669  0416  C0          	ret	NZ
1670  0417  6F          	ld	l,a
1671  0418              l_game_check_cell_00106:
1672  0418  C9          	ret
1673  0419              	SECTION code_compiler
1674  0419              ;	---------------------------------
1675  0419              ; Function game_paint_attrib
1676  0419              ; ---------------------------------
1677  0419              _game_paint_attrib:
1678  0419  CD 00 00    	call	___sdcc_enter_ix
1679  041C  DD 7E 06    	ld	a,(ix+6)
1680  041F  32 00 00    	ld	(_tmp_uc),a
1681  0422              l_game_paint_attrib_00103:
1682  0422  21 00 00    	ld	hl,_tmp_uc
1683  0425  7E          	ld	a, (hl)
1684  0426  DD 96 07    	sub	a,(ix+7)
1685  0429  30 15       	jr	NC,l_game_paint_attrib_00105
1686  042B  DD 4E 04    	ld	c,(ix+4)
1687  042E  DD 46 05    	ld	b,(ix+5)
1688  0431  66          	ld	h,(hl)
1689  0432  DD 6E 08    	ld	l,(ix+8)
1690  0435  E5          	push	hl
1691  0436  C5          	push	bc
1692  0437  CD 00 00    	call	_NIRVANAP_paintC_callee
1693  043A  21 00 00    	ld	hl,_tmp_uc
1694  043D  34          	inc	(hl)
1695  043E  18 E2       	jr	l_game_paint_attrib_00103
1696  0440              l_game_paint_attrib_00105:
1697  0440  DD E1       	pop	ix
1698  0442  C9          	ret
1699  0443              	SECTION code_compiler
1700  0443              ;	---------------------------------
1701  0443              ; Function game_colour_message
1702  0443              ; ---------------------------------
1703  0443              _game_colour_message:
1704  0443  CD 00 00    	call	___sdcc_enter_ix
1705  0446  F5          	push	af
1706  0447  F5          	push	af
1707  0448  F5          	push	af
1708  0449  F5          	push	af
1709  044A  D1          	pop	de
1710  044B  21 00 00    	ld	hl,_tmp
1711  044E  36 01       	ld	(hl),0x01
1712  0450  2A 00 00    	ld	hl,(_curr_time)
1713  0453  22 00 00    	ld	(_frame_time),hl
1714  0456  E5          	push	hl
1715  0457  DD 7E 04    	ld	a,(ix+4)
1716  045A  4D          	ld	c,l
1717  045B  07          	rlca
1718  045C  07          	rlca
1719  045D  07          	rlca
1720  045E  E6 F8       	and	a,0xf8
1721  0460  DD 77 FA    	ld	(ix-6),a
1722  0463  C6 08       	add	a,0x08
1723  0465  DD 77 FF    	ld	(ix-1),a
1724  0468  DD 77 FE    	ld	(ix-2),a
1725  046B              l_game_colour_message_00112:
1726  046B  3A 00 00    	ld	a,(_tmp)
1727  046E  B7          	or	a, a
1728  046F  CA 0E 05    	jp	Z, l_game_colour_message_00114
1729  0472  DD 46 07    	ld	b,(ix+7)
1730  0475  21 00 00    	ld	hl,0x0000
1731  0478  39          	add	hl, sp
1732  0479  EB          	ex	de,hl
1733  047A  C5          	push	bc
1734  047B  33          	inc	sp
1735  047C  D5          	push	de
1736  047D  CD 84 05    	call	_game_check_time
1737  0480  F1          	pop	af
1738  0481  33          	inc	sp
1739  0482  7D          	ld	a, l
1740  0483  B7          	or	a, a
1741  0484  C2 0E 05    	jp	NZ, l_game_colour_message_00114
1742  0487  3E 05       	ld	a,0x05
1743  0489  F5          	push	af
1744  048A  33          	inc	sp
1745  048B  21 00 00    	ld	hl,_frame_time
1746  048E  E5          	push	hl
1747  048F  CD 84 05    	call	_game_check_time
1748  0492  F1          	pop	af
1749  0493  33          	inc	sp
1750  0494  DD 75 FD    	ld	(ix-3),l
1751  0497  7D          	ld	a, l
1752  0498  B7          	or	a, a
1753  0499  28 4D       	jr	Z,l_game_colour_message_00105
1754  049B  2A 00 00    	ld	hl,(_curr_time)
1755  049E  DD 74 FC    	ld	(ix-4),h
1756  04A1  DD 75 FB    	ld	(ix-5),l
1757  04A4  7D          	ld	a, l
1758  04A5  21 00 00    	ld	hl,_frame_time
1759  04A8  77          	ld	(hl), a
1760  04A9  DD 7E FC    	ld	a,(ix-4)
1761  04AC  23          	inc	hl
1762  04AD  77          	ld	(hl), a
1763  04AE  3A 00 00    	ld	a,(_game_over)
1764  04B1  B7          	or	a, a
1765  04B2  28 1B       	jr	Z,l_game_colour_message_00102
1766  04B4  DD 66 FE    	ld	h,(ix-2)
1767  04B7  DD 6E 06    	ld	l,(ix+6)
1768  04BA  E5          	push	hl
1769  04BB  DD 7E 05    	ld	a,(ix+5)
1770  04BE  F5          	push	af
1771  04BF  33          	inc	sp
1772  04C0  21 00 00    	ld	hl,_attrib_hl
1773  04C3  E5          	push	hl
1774  04C4  CD 19 04    	call	_game_paint_attrib
1775  04C7  F1          	pop	af
1776  04C8  F1          	pop	af
1777  04C9  33          	inc	sp
1778  04CA  CD AE 05    	call	_game_rotate_attrib
1779  04CD  18 19       	jr	l_game_colour_message_00105
1780  04CF              l_game_colour_message_00102:
1781  04CF  DD 66 FF    	ld	h,(ix-1)
1782  04D2  DD 6E 06    	ld	l,(ix+6)
1783  04D5  E5          	push	hl
1784  04D6  DD 7E 05    	ld	a,(ix+5)
1785  04D9  F5          	push	af
1786  04DA  33          	inc	sp
1787  04DB  21 00 00    	ld	hl,_attrib_osd
1788  04DE  E5          	push	hl
1789  04DF  CD 19 04    	call	_game_paint_attrib
1790  04E2  F1          	pop	af
1791  04E3  F1          	pop	af
1792  04E4  33          	inc	sp
1793  04E5  CD CA 05    	call	_game_rotate_attrib_osd
1794  04E8              l_game_colour_message_00105:
1795  04E8  DD 7E 09    	ld	a,(ix+9)
1796  04EB  B7          	or	a, a
1797  04EC  CA 6B 04    	jp	Z, l_game_colour_message_00112
1798  04EF              l_game_colour_message_00106:
1799  04EF  21 00 00    	ld	hl,_k1
1800  04F2  E5          	push	hl
1801  04F3  2A 00 00    	ld	hl,(_joyfunc1)
1802  04F6  CD 00 00    	call	___sdcc_call_hl
1803  04F9  F1          	pop	af
1804  04FA  DD 74 FC    	ld	(ix-4),h
1805  04FD  DD 75 FB    	ld	(ix-5),l
1806  0500  7C          	ld	a,h
1807  0501  DD B6 FB    	or	a,(ix-5)
1808  0504  CA 6B 04    	jp	Z, l_game_colour_message_00112
1809  0507  21 00 00    	ld	hl,_tmp
1810  050A  36 00       	ld	(hl),0x00
1811  050C  18 E1       	jr	l_game_colour_message_00106
1812  050E              l_game_colour_message_00114:
1813  050E  DD 7E 06    	ld	a,(ix+6)
1814  0511  DD 96 05    	sub	a,(ix+5)
1815  0514  4F          	ld	c, a
1816  0515  3A 00 00    	ld	a,(_game_over)
1817  0518  B7          	or	a, a
1818  0519  28 2F       	jr	Z,l_game_colour_message_00118
1819  051B  21 00 00    	ld	hl,_tmp1
1820  051E  71          	ld	(hl), c
1821  051F  21 00 00    	ld	hl,_tmp0
1822  0522  36 00       	ld	(hl),0x00
1823  0524              l_game_colour_message_00121:
1824  0524  3A 00 00    	ld	a,(_tmp0)
1825  0527  21 00 00    	ld	hl,_tmp1
1826  052A  96          	sub	a, (hl)
1827  052B  30 52       	jr	NC,l_game_colour_message_00126
1828  052D  DD 7E 05    	ld	a,(ix+5)
1829  0530  21 00 00    	ld	hl,_tmp0
1830  0533  86          	add	a, (hl)
1831  0534  4F          	ld	c, a
1832  0535  21 21 00    	ld	hl,___str_9
1833  0538  E5          	push	hl
1834  0539  79          	ld	a, c
1835  053A  F5          	push	af
1836  053B  33          	inc	sp
1837  053C  DD 7E 04    	ld	a,(ix+4)
1838  053F  F5          	push	af
1839  0540  33          	inc	sp
1840  0541  CD 00 00    	call	_zx_print_str
1841  0544  21 00 00    	ld	hl,_tmp0
1842  0547  34          	inc	(hl)
1843  0548  18 DA       	jr	l_game_colour_message_00121
1844  054A              l_game_colour_message_00118:
1845  054A  21 00 00    	ld	hl,_tmp1
1846  054D  71          	ld	(hl), c
1847  054E  DD 7E FA    	ld	a,(ix-6)
1848  0551  32 00 00    	ld	(_s_lin0),a
1849  0554  DD 7E 05    	ld	a,(ix+5)
1850  0557  CB 3F       	srl	a
1851  0559  87          	add	a, a
1852  055A  32 00 00    	ld	(_s_col1),a
1853  055D  21 00 00    	ld	hl,_tmp0
1854  0560  36 00       	ld	(hl),0x00
1855  0562              l_game_colour_message_00124:
1856  0562  3A 00 00    	ld	a,(_tmp0)
1857  0565  21 00 00    	ld	hl,_tmp1
1858  0568  96          	sub	a, (hl)
1859  0569  30 14       	jr	NC,l_game_colour_message_00126
1860  056B  3A 00 00    	ld	a,(_s_col1)
1861  056E  21 00 00    	ld	hl,_tmp0
1862  0571  86          	add	a, (hl)
1863  0572  32 00 00    	ld	(_s_col0),a
1864  0575  CD 00 00    	call	_spr_back_repaint
1865  0578  21 00 00    	ld	hl,_tmp0
1866  057B  34          	inc	(hl)
1867  057C  34          	inc	(hl)
1868  057D  18 E3       	jr	l_game_colour_message_00124
1869  057F              l_game_colour_message_00126:
1870  057F  DD F9       	ld	sp, ix
1871  0581  DD E1       	pop	ix
1872  0583  C9          	ret
1873  0584              	SECTION rodata_compiler
1874  0021              ___str_9:
1875  0021  20          	DEFM " "
1876  0022  00          	DEFB 0x00
1877  0023              	SECTION code_compiler
1878  0584              ;	---------------------------------
1879  0584              ; Function game_check_time
1880  0584              ; ---------------------------------
1881  0584              _game_check_time:
1882  0584  CD 00 00    	call	___sdcc_enter_ix
1883  0587  2A 00 00    	ld	hl,(_curr_time)
1884  058A  4D          	ld	c, l
1885  058B  DD 6E 04    	ld	l,(ix+4)
1886  058E  44          	ld	b,h
1887  058F  DD 66 05    	ld	h,(ix+5)
1888  0592  5E          	ld	e, (hl)
1889  0593  23          	inc	hl
1890  0594  56          	ld	d, (hl)
1891  0595  79          	ld	a, c
1892  0596  93          	sub	a, e
1893  0597  4F          	ld	c, a
1894  0598  78          	ld	a, b
1895  0599  9A          	sbc	a, d
1896  059A  47          	ld	b, a
1897  059B  DD 7E 06    	ld	a,(ix+6)
1898  059E  16 00       	ld	d,0x00
1899  05A0  91          	sub	a, c
1900  05A1  7A          	ld	a, d
1901  05A2  98          	sbc	a, b
1902  05A3  30 04       	jr	NC,l_game_check_time_00102
1903  05A5  2E 01       	ld	l,0x01
1904  05A7  18 02       	jr	l_game_check_time_00104
1905  05A9              l_game_check_time_00102:
1906  05A9  2E 00       	ld	l,0x00
1907  05AB              l_game_check_time_00104:
1908  05AB  DD E1       	pop	ix
1909  05AD  C9          	ret
1910  05AE              	SECTION code_compiler
1911  05AE              ;	---------------------------------
1912  05AE              ; Function game_boss_clear is a stub
1913  05AE              ; ---------------------------------
1914  05AE              EXTERN l_ret
1915  05AE              defc _game_boss_clear = l_ret
1916  05AE              	SECTION code_compiler
1917  05AE              ;	---------------------------------
1918  05AE              ; Function game_rotate_attrib
1919  05AE              ; ---------------------------------
1920  05AE              _game_rotate_attrib:
1921  05AE  01 03 00    	ld	bc,_attrib_hl + 3
1922  05B1  0A          	ld	a, (bc)
1923  05B2  32 00 00    	ld	(_tmp_uc),a
1924  05B5  11 02 00    	ld	de,_attrib_hl + 2
1925  05B8  1A          	ld	a, (de)
1926  05B9  02          	ld	(bc), a
1927  05BA  01 01 00    	ld	bc,_attrib_hl + 1
1928  05BD  0A          	ld	a, (bc)
1929  05BE  12          	ld	(de), a
1930  05BF  3A 00 00    	ld	a,(_attrib_hl)
1931  05C2  02          	ld	(bc), a
1932  05C3  3A 00 00    	ld	a,(_tmp_uc)
1933  05C6  32 00 00    	ld	(_attrib_hl),a
1934  05C9  C9          	ret
1935  05CA              	SECTION code_compiler
1936  05CA              ;	---------------------------------
1937  05CA              ; Function game_rotate_attrib_osd
1938  05CA              ; ---------------------------------
1939  05CA              _game_rotate_attrib_osd:
1940  05CA  01 03 00    	ld	bc,_attrib_osd + 3
1941  05CD  0A          	ld	a, (bc)
1942  05CE  32 00 00    	ld	(_tmp_uc),a
1943  05D1  11 02 00    	ld	de,_attrib_osd + 2
1944  05D4  1A          	ld	a, (de)
1945  05D5  02          	ld	(bc), a
1946  05D6  01 01 00    	ld	bc,_attrib_osd + 1
1947  05D9  0A          	ld	a, (bc)
1948  05DA  12          	ld	(de), a
1949  05DB  3A 00 00    	ld	a,(_attrib_osd)
1950  05DE  02          	ld	(bc), a
1951  05DF  3A 00 00    	ld	a,(_tmp_uc)
1952  05E2  32 00 00    	ld	(_attrib_osd),a
1953  05E5  C9          	ret
1954  05E6              	SECTION code_compiler
1955  05E6              ;	---------------------------------
1956  05E6              ; Function game_attribs
1957  05E6              ; ---------------------------------
1958  05E6              _game_attribs:
1959  05E6  01 00 00    	ld	bc,_attrib0+0
1960  05E9  21 00 00    	ld	hl,_map_paper
1961  05EC  7E          	ld	a, (hl)
1962  05ED  F6 40       	or	a,0x40
1963  05EF  02          	ld	(bc), a
1964  05F0  59          	ld	e, c
1965  05F1  50          	ld	d, b
1966  05F2  13          	inc	de
1967  05F3  7E          	ld	a, (hl)
1968  05F4  F6 40       	or	a,0x40
1969  05F6  12          	ld	(de), a
1970  05F7  7E          	ld	a, (hl)
1971  05F8  F6 40       	or	a,0x40
1972  05FA  32 02 00    	ld	((_attrib0 + 0x0002)),a
1973  05FD  03          	inc	bc
1974  05FE  03          	inc	bc
1975  05FF  03          	inc	bc
1976  0600  21 00 00    	ld	hl,_map_paper
1977  0603  7E          	ld	a, (hl)
1978  0604  F6 40       	or	a,0x40
1979  0606  02          	ld	(bc), a
1980  0607  01 00 00    	ld	bc,_attrib1+0
1981  060A  7E          	ld	a, (hl)
1982  060B  F6 42       	or	a,0x42
1983  060D  02          	ld	(bc), a
1984  060E  59          	ld	e, c
1985  060F  50          	ld	d, b
1986  0610  13          	inc	de
1987  0611  7E          	ld	a, (hl)
1988  0612  F6 02       	or	a,0x02
1989  0614  12          	ld	(de), a
1990  0615  7E          	ld	a, (hl)
1991  0616  F6 03       	or	a,0x03
1992  0618  32 02 00    	ld	((_attrib1 + 0x0002)),a
1993  061B  03          	inc	bc
1994  061C  03          	inc	bc
1995  061D  03          	inc	bc
1996  061E  21 00 00    	ld	hl,_map_paper
1997  0621  7E          	ld	a, (hl)
1998  0622  F6 43       	or	a,0x43
1999  0624  02          	ld	(bc), a
2000  0625  01 00 00    	ld	bc,_attrib2+0
2001  0628  7E          	ld	a, (hl)
2002  0629  F6 42       	or	a,0x42
2003  062B  02          	ld	(bc), a
2004  062C  59          	ld	e, c
2005  062D  50          	ld	d, b
2006  062E  13          	inc	de
2007  062F  7E          	ld	a, (hl)
2008  0630  F6 02       	or	a,0x02
2009  0632  12          	ld	(de), a
2010  0633  7E          	ld	a, (hl)
2011  0634  F6 03       	or	a,0x03
2012  0636  32 02 00    	ld	((_attrib2 + 0x0002)),a
2013  0639  03          	inc	bc
2014  063A  03          	inc	bc
2015  063B  03          	inc	bc
2016  063C  21 00 00    	ld	hl,_map_paper
2017  063F  7E          	ld	a, (hl)
2018  0640  F6 43       	or	a,0x43
2019  0642  02          	ld	(bc), a
2020  0643  01 00 00    	ld	bc,_attrib3+0
2021  0646  7E          	ld	a, (hl)
2022  0647  F6 42       	or	a,0x42
2023  0649  02          	ld	(bc), a
2024  064A  59          	ld	e, c
2025  064B  50          	ld	d, b
2026  064C  13          	inc	de
2027  064D  7E          	ld	a, (hl)
2028  064E  F6 02       	or	a,0x02
2029  0650  12          	ld	(de), a
2030  0651  7E          	ld	a, (hl)
2031  0652  F6 03       	or	a,0x03
2032  0654  32 02 00    	ld	((_attrib3 + 0x0002)),a
2033  0657  03          	inc	bc
2034  0658  03          	inc	bc
2035  0659  03          	inc	bc
2036  065A  21 00 00    	ld	hl,_map_paper
2037  065D  7E          	ld	a, (hl)
2038  065E  F6 43       	or	a,0x43
2039  0660  02          	ld	(bc), a
2040  0661  01 00 00    	ld	bc,_attrib4+0
2041  0664  7E          	ld	a, (hl)
2042  0665  F6 57       	or	a,0x57
2043  0667  02          	ld	(bc), a
2044  0668  59          	ld	e, c
2045  0669  50          	ld	d, b
2046  066A  13          	inc	de
2047  066B  7E          	ld	a, (hl)
2048  066C  F6 56       	or	a,0x56
2049  066E  12          	ld	(de), a
2050  066F  7E          	ld	a, (hl)
2051  0670  F6 57       	or	a,0x57
2052  0672  32 02 00    	ld	((_attrib4 + 0x0002)),a
2053  0675  03          	inc	bc
2054  0676  03          	inc	bc
2055  0677  03          	inc	bc
2056  0678  21 00 00    	ld	hl,_map_paper
2057  067B  7E          	ld	a, (hl)
2058  067C  F6 56       	or	a,0x56
2059  067E  02          	ld	(bc), a
2060  067F  01 00 00    	ld	bc,_attrib5+0
2061  0682  7E          	ld	a, (hl)
2062  0683  F6 44       	or	a,0x44
2063  0685  02          	ld	(bc), a
2064  0686  59          	ld	e, c
2065  0687  50          	ld	d, b
2066  0688  13          	inc	de
2067  0689  7E          	ld	a, (hl)
2068  068A  F6 44       	or	a,0x44
2069  068C  12          	ld	(de), a
2070  068D  7E          	ld	a, (hl)
2071  068E  F6 45       	or	a,0x45
2072  0690  32 02 00    	ld	((_attrib5 + 0x0002)),a
2073  0693  03          	inc	bc
2074  0694  03          	inc	bc
2075  0695  03          	inc	bc
2076  0696  21 00 00    	ld	hl,_map_paper
2077  0699  7E          	ld	a, (hl)
2078  069A  F6 45       	or	a,0x45
2079  069C  02          	ld	(bc), a
2080  069D  01 00 00    	ld	bc,_attrib6+0
2081  06A0  7E          	ld	a, (hl)
2082  06A1  F6 46       	or	a,0x46
2083  06A3  02          	ld	(bc), a
2084  06A4  59          	ld	e, c
2085  06A5  50          	ld	d, b
2086  06A6  13          	inc	de
2087  06A7  7E          	ld	a, (hl)
2088  06A8  F6 44       	or	a,0x44
2089  06AA  12          	ld	(de), a
2090  06AB  7E          	ld	a, (hl)
2091  06AC  F6 44       	or	a,0x44
2092  06AE  32 02 00    	ld	((_attrib6 + 0x0002)),a
2093  06B1  03          	inc	bc
2094  06B2  03          	inc	bc
2095  06B3  03          	inc	bc
2096  06B4  21 00 00    	ld	hl,_map_paper
2097  06B7  7E          	ld	a, (hl)
2098  06B8  F6 44       	or	a,0x44
2099  06BA  02          	ld	(bc), a
2100  06BB  01 00 00    	ld	bc,_attrib7+0
2101  06BE  7E          	ld	a, (hl)
2102  06BF  F6 43       	or	a,0x43
2103  06C1  02          	ld	(bc), a
2104  06C2  59          	ld	e, c
2105  06C3  50          	ld	d, b
2106  06C4  13          	inc	de
2107  06C5  7E          	ld	a, (hl)
2108  06C6  F6 07       	or	a,0x07
2109  06C8  12          	ld	(de), a
2110  06C9  7E          	ld	a, (hl)
2111  06CA  F6 45       	or	a,0x45
2112  06CC  32 02 00    	ld	((_attrib7 + 0x0002)),a
2113  06CF  03          	inc	bc
2114  06D0  03          	inc	bc
2115  06D1  03          	inc	bc
2116  06D2  21 00 00    	ld	hl,_map_paper
2117  06D5  7E          	ld	a, (hl)
2118  06D6  F6 45       	or	a,0x45
2119  06D8  02          	ld	(bc), a
2120  06D9  01 00 00    	ld	bc,_attrib+0
2121  06DC  7E          	ld	a, (hl)
2122  06DD  F6 47       	or	a,0x47
2123  06DF  02          	ld	(bc), a
2124  06E0  59          	ld	e, c
2125  06E1  50          	ld	d, b
2126  06E2  13          	inc	de
2127  06E3  7E          	ld	a, (hl)
2128  06E4  F6 47       	or	a,0x47
2129  06E6  12          	ld	(de), a
2130  06E7  7E          	ld	a, (hl)
2131  06E8  F6 47       	or	a,0x47
2132  06EA  32 02 00    	ld	((_attrib + 0x0002)),a
2133  06ED  03          	inc	bc
2134  06EE  03          	inc	bc
2135  06EF  03          	inc	bc
2136  06F0  21 00 00    	ld	hl,_map_paper
2137  06F3  7E          	ld	a, (hl)
2138  06F4  F6 47       	or	a,0x47
2139  06F6  02          	ld	(bc), a
2140  06F7  01 00 00    	ld	bc,_attrib_hl+0
2141  06FA  7E          	ld	a, (hl)
2142  06FB  F6 52       	or	a,0x52
2143  06FD  02          	ld	(bc), a
2144  06FE  59          	ld	e, c
2145  06FF  50          	ld	d, b
2146  0700  13          	inc	de
2147  0701  7E          	ld	a, (hl)
2148  0702  F6 52       	or	a,0x52
2149  0704  12          	ld	(de), a
2150  0705  7E          	ld	a, (hl)
2151  0706  F6 52       	or	a,0x52
2152  0708  32 02 00    	ld	((_attrib_hl + 0x0002)),a
2153  070B  03          	inc	bc
2154  070C  03          	inc	bc
2155  070D  03          	inc	bc
2156  070E  21 00 00    	ld	hl,_map_paper
2157  0711  7E          	ld	a, (hl)
2158  0712  F6 52       	or	a,0x52
2159  0714  02          	ld	(bc), a
2160  0715  01 00 00    	ld	bc,_attrib_osd+0
2161  0718  7E          	ld	a, (hl)
2162  0719  F6 46       	or	a,0x46
2163  071B  02          	ld	(bc), a
2164  071C  59          	ld	e, c
2165  071D  50          	ld	d, b
2166  071E  13          	inc	de
2167  071F  7E          	ld	a, (hl)
2168  0720  F6 47       	or	a,0x47
2169  0722  12          	ld	(de), a
2170  0723  7E          	ld	a, (hl)
2171  0724  F6 47       	or	a,0x47
2172  0726  32 02 00    	ld	((_attrib_osd + 0x0002)),a
2173  0729  03          	inc	bc
2174  072A  03          	inc	bc
2175  072B  03          	inc	bc
2176  072C  3A 00 00    	ld	a,(_map_paper)
2177  072F  F6 46       	or	a,0x46
2178  0731  02          	ld	(bc), a
2179  0732  C9          	ret
2180  0733              	SECTION IGNORE
2181  0000              
