1     0000              MODULE game_player_c
2     0000              LINE 0, "game_player.c"
0     0000              
1     0000              ;--------------------------------------------------------
2     0000              ; File Created by SDCC : free open source ANSI-C Compiler
3     0000              ; Version 3.6.9 #9958 (Mac OS X i386)
4     0000              ;--------------------------------------------------------
5     0000              ; Processed by Z88DK
6     0000              ;--------------------------------------------------------
7     0000              
8     0000              	EXTERN __divschar
9     0000              	EXTERN __divschar_callee
10    0000              	EXTERN __divsint
11    0000              	EXTERN __divsint_callee
12    0000              	EXTERN __divslong
13    0000              	EXTERN __divslong_callee
14    0000              	EXTERN __divslonglong
15    0000              	EXTERN __divslonglong_callee
16    0000              	EXTERN __divsuchar
17    0000              	EXTERN __divsuchar_callee
18    0000              	EXTERN __divuchar
19    0000              	EXTERN __divuchar_callee
20    0000              	EXTERN __divuint
21    0000              	EXTERN __divuint_callee
22    0000              	EXTERN __divulong
23    0000              	EXTERN __divulong_callee
24    0000              	EXTERN __divulonglong
25    0000              	EXTERN __divulonglong_callee
26    0000              	EXTERN __divuschar
27    0000              	EXTERN __divuschar_callee
28    0000              	EXTERN __modschar
29    0000              	EXTERN __modschar_callee
30    0000              	EXTERN __modsint
31    0000              	EXTERN __modsint_callee
32    0000              	EXTERN __modslong
33    0000              	EXTERN __modslong_callee
34    0000              	EXTERN __modslonglong
35    0000              	EXTERN __modslonglong_callee
36    0000              	EXTERN __modsuchar
37    0000              	EXTERN __modsuchar_callee
38    0000              	EXTERN __moduchar
39    0000              	EXTERN __moduchar_callee
40    0000              	EXTERN __moduint
41    0000              	EXTERN __moduint_callee
42    0000              	EXTERN __modulong
43    0000              	EXTERN __modulong_callee
44    0000              	EXTERN __modulonglong
45    0000              	EXTERN __modulonglong_callee
46    0000              	EXTERN __moduschar
47    0000              	EXTERN __moduschar_callee
48    0000              	EXTERN __mulint
49    0000              	EXTERN __mulint_callee
50    0000              	EXTERN __mullong
51    0000              	EXTERN __mullong_callee
52    0000              	EXTERN __mullonglong
53    0000              	EXTERN __mullonglong_callee
54    0000              	EXTERN __mulschar
55    0000              	EXTERN __mulschar_callee
56    0000              	EXTERN __mulsuchar
57    0000              	EXTERN __mulsuchar_callee
58    0000              	EXTERN __muluschar
59    0000              	EXTERN __muluschar_callee
60    0000              	EXTERN __rlslonglong
61    0000              	EXTERN __rlslonglong_callee
62    0000              	EXTERN __rlulonglong
63    0000              	EXTERN __rlulonglong_callee
64    0000              	EXTERN __rrslonglong
65    0000              	EXTERN __rrslonglong_callee
66    0000              	EXTERN __rrulonglong
67    0000              	EXTERN __rrulonglong_callee
68    0000              	EXTERN ___sdcc_call_hl
69    0000              	EXTERN ___sdcc_call_iy
70    0000              	EXTERN ___sdcc_enter_ix
71    0000              	EXTERN _banked_call
72    0000              	EXTERN _banked_ret
73    0000              	EXTERN ___fs2schar
74    0000              	EXTERN ___fs2schar_callee
75    0000              	EXTERN ___fs2sint
76    0000              	EXTERN ___fs2sint_callee
77    0000              	EXTERN ___fs2slong
78    0000              	EXTERN ___fs2slong_callee
79    0000              	EXTERN ___fs2slonglong
80    0000              	EXTERN ___fs2slonglong_callee
81    0000              	EXTERN ___fs2uchar
82    0000              	EXTERN ___fs2uchar_callee
83    0000              	EXTERN ___fs2uint
84    0000              	EXTERN ___fs2uint_callee
85    0000              	EXTERN ___fs2ulong
86    0000              	EXTERN ___fs2ulong_callee
87    0000              	EXTERN ___fs2ulonglong
88    0000              	EXTERN ___fs2ulonglong_callee
89    0000              	EXTERN ___fsadd
90    0000              	EXTERN ___fsadd_callee
91    0000              	EXTERN ___fsdiv
92    0000              	EXTERN ___fsdiv_callee
93    0000              	EXTERN ___fseq
94    0000              	EXTERN ___fseq_callee
95    0000              	EXTERN ___fsgt
96    0000              	EXTERN ___fsgt_callee
97    0000              	EXTERN ___fslt
98    0000              	EXTERN ___fslt_callee
99    0000              	EXTERN ___fsmul
100   0000              	EXTERN ___fsmul_callee
101   0000              	EXTERN ___fsneq
102   0000              	EXTERN ___fsneq_callee
103   0000              	EXTERN ___fssub
104   0000              	EXTERN ___fssub_callee
105   0000              	EXTERN ___schar2fs
106   0000              	EXTERN ___schar2fs_callee
107   0000              	EXTERN ___sint2fs
108   0000              	EXTERN ___sint2fs_callee
109   0000              	EXTERN ___slong2fs
110   0000              	EXTERN ___slong2fs_callee
111   0000              	EXTERN ___slonglong2fs
112   0000              	EXTERN ___slonglong2fs_callee
113   0000              	EXTERN ___uchar2fs
114   0000              	EXTERN ___uchar2fs_callee
115   0000              	EXTERN ___uint2fs
116   0000              	EXTERN ___uint2fs_callee
117   0000              	EXTERN ___ulong2fs
118   0000              	EXTERN ___ulong2fs_callee
119   0000              	EXTERN ___ulonglong2fs
120   0000              	EXTERN ___ulonglong2fs_callee
121   0000              	EXTERN ____sdcc_2_copy_src_mhl_dst_deix
122   0000              	EXTERN ____sdcc_2_copy_src_mhl_dst_bcix
123   0000              	EXTERN ____sdcc_4_copy_src_mhl_dst_deix
124   0000              	EXTERN ____sdcc_4_copy_src_mhl_dst_bcix
125   0000              	EXTERN ____sdcc_4_copy_src_mhl_dst_mbc
126   0000              	EXTERN ____sdcc_4_ldi_nosave_bc
127   0000              	EXTERN ____sdcc_4_ldi_save_bc
128   0000              	EXTERN ____sdcc_4_push_hlix
129   0000              	EXTERN ____sdcc_4_push_mhl
130   0000              	EXTERN ____sdcc_lib_setmem_hl
131   0000              	EXTERN ____sdcc_ll_add_de_bc_hl
132   0000              	EXTERN ____sdcc_ll_add_de_bc_hlix
133   0000              	EXTERN ____sdcc_ll_add_de_hlix_bc
134   0000              	EXTERN ____sdcc_ll_add_de_hlix_bcix
135   0000              	EXTERN ____sdcc_ll_add_deix_bc_hl
136   0000              	EXTERN ____sdcc_ll_add_deix_hlix
137   0000              	EXTERN ____sdcc_ll_add_hlix_bc_deix
138   0000              	EXTERN ____sdcc_ll_add_hlix_deix_bc
139   0000              	EXTERN ____sdcc_ll_add_hlix_deix_bcix
140   0000              	EXTERN ____sdcc_ll_asr_hlix_a
141   0000              	EXTERN ____sdcc_ll_asr_mbc_a
142   0000              	EXTERN ____sdcc_ll_copy_src_de_dst_hlix
143   0000              	EXTERN ____sdcc_ll_copy_src_de_dst_hlsp
144   0000              	EXTERN ____sdcc_ll_copy_src_deix_dst_hl
145   0000              	EXTERN ____sdcc_ll_copy_src_deix_dst_hlix
146   0000              	EXTERN ____sdcc_ll_copy_src_deixm_dst_hlsp
147   0000              	EXTERN ____sdcc_ll_copy_src_desp_dst_hlsp
148   0000              	EXTERN ____sdcc_ll_copy_src_hl_dst_de
149   0000              	EXTERN ____sdcc_ll_copy_src_hlsp_dst_de
150   0000              	EXTERN ____sdcc_ll_copy_src_hlsp_dst_deixm
151   0000              	EXTERN ____sdcc_ll_lsl_hlix_a
152   0000              	EXTERN ____sdcc_ll_lsl_mbc_a
153   0000              	EXTERN ____sdcc_ll_lsr_hlix_a
154   0000              	EXTERN ____sdcc_ll_lsr_mbc_a
155   0000              	EXTERN ____sdcc_ll_push_hlix
156   0000              	EXTERN ____sdcc_ll_push_mhl
157   0000              	EXTERN ____sdcc_ll_sub_de_bc_hl
158   0000              	EXTERN ____sdcc_ll_sub_de_bc_hlix
159   0000              	EXTERN ____sdcc_ll_sub_de_hlix_bc
160   0000              	EXTERN ____sdcc_ll_sub_de_hlix_bcix
161   0000              	EXTERN ____sdcc_ll_sub_deix_bc_hl
162   0000              	EXTERN ____sdcc_ll_sub_deix_hlix
163   0000              	EXTERN ____sdcc_ll_sub_hlix_bc_deix
164   0000              	EXTERN ____sdcc_ll_sub_hlix_deix_bc
165   0000              	EXTERN ____sdcc_ll_sub_hlix_deix_bcix
166   0000              	EXTERN ____sdcc_load_debc_deix
167   0000              	EXTERN ____sdcc_load_dehl_deix
168   0000              	EXTERN ____sdcc_load_debc_mhl
169   0000              	EXTERN ____sdcc_load_hlde_mhl
170   0000              	EXTERN ____sdcc_store_dehl_bcix
171   0000              	EXTERN ____sdcc_store_debc_hlix
172   0000              	EXTERN ____sdcc_store_debc_mhl
173   0000              	EXTERN ____sdcc_cpu_pop_ei
174   0000              	EXTERN ____sdcc_cpu_pop_ei_jp
175   0000              	EXTERN ____sdcc_cpu_push_di
176   0000              	EXTERN ____sdcc_outi
177   0000              	EXTERN ____sdcc_outi_128
178   0000              	EXTERN ____sdcc_outi_256
179   0000              	EXTERN ____sdcc_ldi
180   0000              	EXTERN ____sdcc_ldi_128
181   0000              	EXTERN ____sdcc_ldi_256
182   0000              	EXTERN ____sdcc_4_copy_srcd_hlix_dst_deix
183   0000              	EXTERN ____sdcc_4_and_src_mbc_mhl_dst_deix
184   0000              	EXTERN ____sdcc_4_or_src_mbc_mhl_dst_deix
185   0000              	EXTERN ____sdcc_4_xor_src_mbc_mhl_dst_deix
186   0000              	EXTERN ____sdcc_4_or_src_dehl_dst_bcix
187   0000              	EXTERN ____sdcc_4_xor_src_dehl_dst_bcix
188   0000              	EXTERN ____sdcc_4_and_src_dehl_dst_bcix
189   0000              	EXTERN ____sdcc_4_xor_src_mbc_mhl_dst_debc
190   0000              	EXTERN ____sdcc_4_or_src_mbc_mhl_dst_debc
191   0000              	EXTERN ____sdcc_4_and_src_mbc_mhl_dst_debc
192   0000              	EXTERN ____sdcc_4_cpl_src_mhl_dst_debc
193   0000              	EXTERN ____sdcc_4_xor_src_debc_mhl_dst_debc
194   0000              	EXTERN ____sdcc_4_or_src_debc_mhl_dst_debc
195   0000              	EXTERN ____sdcc_4_and_src_debc_mhl_dst_debc
196   0000              	EXTERN ____sdcc_4_and_src_debc_hlix_dst_debc
197   0000              	EXTERN ____sdcc_4_or_src_debc_hlix_dst_debc
198   0000              	EXTERN ____sdcc_4_xor_src_debc_hlix_dst_debc
199   0000              
200   0000              ;--------------------------------------------------------
201   0000              ; Public variables in this module
202   0000              ;--------------------------------------------------------
203   0000              	GLOBAL _player_1up
204   0000              	GLOBAL _player_get_floor
205   0000              	GLOBAL _player_collision
206   0000              	GLOBAL _player_init
207   0000              	GLOBAL _player_turn
208   0000              	GLOBAL _player_move
209   0000              	GLOBAL _player_move_jump
210   0000              	GLOBAL _player_move_walk
211   0000              	GLOBAL _player_check_input
212   0000              	GLOBAL _player_tile
213   0000              	GLOBAL _player_score_add
214   0000              	GLOBAL _player_pick_item
215   0000              	GLOBAL _player_pick_deadly
216   0000              	GLOBAL _player_pick_exit
217   0000              	GLOBAL _player_check_ceil
218   0000              	GLOBAL _player_check_floor
219   0000              	GLOBAL _player_lost_life
220   0000              ;--------------------------------------------------------
221   0000              ; Externals used
222   0000              ;--------------------------------------------------------
223   0000              	GLOBAL _ulltoa_callee
224   0000              	GLOBAL _ulltoa
225   0000              	GLOBAL _strtoull_callee
226   0000              	GLOBAL _strtoull
227   0000              	GLOBAL _strtoll_callee
228   0000              	GLOBAL _strtoll
229   0000              	GLOBAL _lltoa_callee
230   0000              	GLOBAL _lltoa
231   0000              	GLOBAL _llabs_callee
232   0000              	GLOBAL _llabs
233   0000              	GLOBAL __lldivu__callee
234   0000              	GLOBAL __lldivu_
235   0000              	GLOBAL __lldiv__callee
236   0000              	GLOBAL __lldiv_
237   0000              	GLOBAL _atoll_callee
238   0000              	GLOBAL _atoll
239   0000              	GLOBAL _realloc_unlocked_callee
240   0000              	GLOBAL _realloc_unlocked
241   0000              	GLOBAL _malloc_unlocked_fastcall
242   0000              	GLOBAL _malloc_unlocked
243   0000              	GLOBAL _free_unlocked_fastcall
244   0000              	GLOBAL _free_unlocked
245   0000              	GLOBAL _calloc_unlocked_callee
246   0000              	GLOBAL _calloc_unlocked
247   0000              	GLOBAL _aligned_alloc_unlocked_callee
248   0000              	GLOBAL _aligned_alloc_unlocked
249   0000              	GLOBAL _realloc_callee
250   0000              	GLOBAL _realloc
251   0000              	GLOBAL _malloc_fastcall
252   0000              	GLOBAL _malloc
253   0000              	GLOBAL _free_fastcall
254   0000              	GLOBAL _free
255   0000              	GLOBAL _calloc_callee
256   0000              	GLOBAL _calloc
257   0000              	GLOBAL _aligned_alloc_callee
258   0000              	GLOBAL _aligned_alloc
259   0000              	GLOBAL _utoa_callee
260   0000              	GLOBAL _utoa
261   0000              	GLOBAL _ultoa_callee
262   0000              	GLOBAL _ultoa
263   0000              	GLOBAL _system_fastcall
264   0000              	GLOBAL _system
265   0000              	GLOBAL _strtoul_callee
266   0000              	GLOBAL _strtoul
267   0000              	GLOBAL _strtol_callee
268   0000              	GLOBAL _strtol
269   0000              	GLOBAL _strtof_callee
270   0000              	GLOBAL _strtof
271   0000              	GLOBAL _strtod_callee
272   0000              	GLOBAL _strtod
273   0000              	GLOBAL _srand_fastcall
274   0000              	GLOBAL _srand
275   0000              	GLOBAL _rand
276   0000              	GLOBAL _quick_exit_fastcall
277   0000              	GLOBAL _quick_exit
278   0000              	GLOBAL _qsort_callee
279   0000              	GLOBAL _qsort
280   0000              	GLOBAL _ltoa_callee
281   0000              	GLOBAL _ltoa
282   0000              	GLOBAL _labs_fastcall
283   0000              	GLOBAL _labs
284   0000              	GLOBAL _itoa_callee
285   0000              	GLOBAL _itoa
286   0000              	GLOBAL _ftoh_callee
287   0000              	GLOBAL _ftoh
288   0000              	GLOBAL _ftog_callee
289   0000              	GLOBAL _ftog
290   0000              	GLOBAL _ftoe_callee
291   0000              	GLOBAL _ftoe
292   0000              	GLOBAL _ftoa_callee
293   0000              	GLOBAL _ftoa
294   0000              	GLOBAL _exit_fastcall
295   0000              	GLOBAL _exit
296   0000              	GLOBAL _dtoh_callee
297   0000              	GLOBAL _dtoh
298   0000              	GLOBAL _dtog_callee
299   0000              	GLOBAL _dtog
300   0000              	GLOBAL _dtoe_callee
301   0000              	GLOBAL _dtoe
302   0000              	GLOBAL _dtoa_callee
303   0000              	GLOBAL _dtoa
304   0000              	GLOBAL _bsearch_callee
305   0000              	GLOBAL _bsearch
306   0000              	GLOBAL _atol_fastcall
307   0000              	GLOBAL _atol
308   0000              	GLOBAL _atoi_fastcall
309   0000              	GLOBAL _atoi
310   0000              	GLOBAL _atof_fastcall
311   0000              	GLOBAL _atof
312   0000              	GLOBAL _atexit_fastcall
313   0000              	GLOBAL _atexit
314   0000              	GLOBAL _at_quick_exit_fastcall
315   0000              	GLOBAL _at_quick_exit
316   0000              	GLOBAL _abs_fastcall
317   0000              	GLOBAL _abs
318   0000              	GLOBAL _abort
319   0000              	GLOBAL __strtou__callee
320   0000              	GLOBAL __strtou_
321   0000              	GLOBAL __strtoi__callee
322   0000              	GLOBAL __strtoi_
323   0000              	GLOBAL __random_uniform_xor_8__fastcall
324   0000              	GLOBAL __random_uniform_xor_8_
325   0000              	GLOBAL __random_uniform_xor_32__fastcall
326   0000              	GLOBAL __random_uniform_xor_32_
327   0000              	GLOBAL __random_uniform_cmwc_8__fastcall
328   0000              	GLOBAL __random_uniform_cmwc_8_
329   0000              	GLOBAL __shellsort__callee
330   0000              	GLOBAL __shellsort_
331   0000              	GLOBAL __quicksort__callee
332   0000              	GLOBAL __quicksort_
333   0000              	GLOBAL __insertion_sort__callee
334   0000              	GLOBAL __insertion_sort_
335   0000              	GLOBAL __ldivu__callee
336   0000              	GLOBAL __ldivu_
337   0000              	GLOBAL __ldiv__callee
338   0000              	GLOBAL __ldiv_
339   0000              	GLOBAL __divu__callee
340   0000              	GLOBAL __divu_
341   0000              	GLOBAL __div__callee
342   0000              	GLOBAL __div_
343   0000              	GLOBAL _NIRVANAP_drawTW_raw_callee
344   0000              	GLOBAL _NIRVANAP_drawTW_raw
345   0000              	GLOBAL _NIRVANAP_drawTW_callee
346   0000              	GLOBAL _NIRVANAP_drawTW
347   0000              	GLOBAL _NIRVANAP_drawW_raw_callee
348   0000              	GLOBAL _NIRVANAP_drawW_raw
349   0000              	GLOBAL _NIRVANAP_drawW_callee
350   0000              	GLOBAL _NIRVANAP_drawW
351   0000              	GLOBAL _NIRVANAP_spriteT_callee
352   0000              	GLOBAL _NIRVANAP_spriteT
353   0000              	GLOBAL _NIRVANAP_fillC_callee
354   0000              	GLOBAL _NIRVANAP_fillC
355   0000              	GLOBAL _NIRVANAP_readC_callee
356   0000              	GLOBAL _NIRVANAP_readC
357   0000              	GLOBAL _NIRVANAP_paintC_callee
358   0000              	GLOBAL _NIRVANAP_paintC
359   0000              	GLOBAL _NIRVANAP_printC_callee
360   0000              	GLOBAL _NIRVANAP_printC
361   0000              	GLOBAL _NIRVANAP_fillT_raw_callee
362   0000              	GLOBAL _NIRVANAP_fillT_raw
363   0000              	GLOBAL _NIRVANAP_fillT_callee
364   0000              	GLOBAL _NIRVANAP_fillT
365   0000              	GLOBAL _NIRVANAP_drawT_raw_callee
366   0000              	GLOBAL _NIRVANAP_drawT_raw
367   0000              	GLOBAL _NIRVANAP_drawT_callee
368   0000              	GLOBAL _NIRVANAP_drawT
369   0000              	GLOBAL _NIRVANAP_stop
370   0000              	GLOBAL _NIRVANAP_start
371   0000              	GLOBAL _zx_print_str
372   0000              	GLOBAL _zx_print_int
373   0000              	GLOBAL _zx_print_chr
374   0000              	GLOBAL _zx_isr
375   0000              	GLOBAL _z80_otdr_callee
376   0000              	GLOBAL _z80_otdr
377   0000              	GLOBAL _z80_otir_callee
378   0000              	GLOBAL _z80_otir
379   0000              	GLOBAL _z80_outp_callee
380   0000              	GLOBAL _z80_outp
381   0000              	GLOBAL _z80_indr_callee
382   0000              	GLOBAL _z80_indr
383   0000              	GLOBAL _z80_inir_callee
384   0000              	GLOBAL _z80_inir
385   0000              	GLOBAL _z80_inp_fastcall
386   0000              	GLOBAL _z80_inp
387   0000              	GLOBAL _z80_set_int_state_fastcall
388   0000              	GLOBAL _z80_set_int_state
389   0000              	GLOBAL _z80_get_int_state
390   0000              	GLOBAL _z80_delay_tstate_fastcall
391   0000              	GLOBAL _z80_delay_tstate
392   0000              	GLOBAL _z80_delay_ms_fastcall
393   0000              	GLOBAL _z80_delay_ms
394   0000              	GLOBAL _im2_remove_generic_callback_callee
395   0000              	GLOBAL _im2_remove_generic_callback
396   0000              	GLOBAL _im2_prepend_generic_callback_callee
397   0000              	GLOBAL _im2_prepend_generic_callback
398   0000              	GLOBAL _im2_append_generic_callback_callee
399   0000              	GLOBAL _im2_append_generic_callback
400   0000              	GLOBAL _im2_create_generic_isr_8080_callee
401   0000              	GLOBAL _im2_create_generic_isr_8080
402   0000              	GLOBAL _im2_create_generic_isr_callee
403   0000              	GLOBAL _im2_create_generic_isr
404   0000              	GLOBAL _im2_install_isr_callee
405   0000              	GLOBAL _im2_install_isr
406   0000              	GLOBAL _im2_init_fastcall
407   0000              	GLOBAL _im2_init
408   0000              	GLOBAL _intrinsic_swap_word_32_fastcall
409   0000              	GLOBAL _intrinsic_swap_word_32
410   0000              	GLOBAL _intrinsic_swap_endian_32_fastcall
411   0000              	GLOBAL _intrinsic_swap_endian_32
412   0000              	GLOBAL _intrinsic_swap_endian_16_fastcall
413   0000              	GLOBAL _intrinsic_swap_endian_16
414   0000              	GLOBAL _intrinsic_return_de
415   0000              	GLOBAL _intrinsic_return_bc
416   0000              	GLOBAL _intrinsic_exx
417   0000              	GLOBAL _intrinsic_ex_de_hl
418   0000              	GLOBAL _intrinsic_nop
419   0000              	GLOBAL _intrinsic_im_2
420   0000              	GLOBAL _intrinsic_im_1
421   0000              	GLOBAL _intrinsic_im_0
422   0000              	GLOBAL _intrinsic_retn
423   0000              	GLOBAL _intrinsic_reti
424   0000              	GLOBAL _intrinsic_halt
425   0000              	GLOBAL _intrinsic_ei
426   0000              	GLOBAL _intrinsic_di
427   0000              	GLOBAL _intrinsic_stub
428   0000              	GLOBAL _intrinsic_ini
429   0000              	GLOBAL _intrinsic_outi
430   0000              	GLOBAL _intrinsic_ldi
431   0000              	GLOBAL _zx_pattern_fill_callee
432   0000              	GLOBAL _zx_pattern_fill
433   0000              	GLOBAL _zx_saddrpup_fastcall
434   0000              	GLOBAL _zx_saddrpup
435   0000              	GLOBAL _zx_saddrpright_callee
436   0000              	GLOBAL _zx_saddrpright
437   0000              	GLOBAL _zx_saddrpleft_callee
438   0000              	GLOBAL _zx_saddrpleft
439   0000              	GLOBAL _zx_saddrpdown_fastcall
440   0000              	GLOBAL _zx_saddrpdown
441   0000              	GLOBAL _zx_saddrcup_fastcall
442   0000              	GLOBAL _zx_saddrcup
443   0000              	GLOBAL _zx_saddrcright_fastcall
444   0000              	GLOBAL _zx_saddrcright
445   0000              	GLOBAL _zx_saddrcleft_fastcall
446   0000              	GLOBAL _zx_saddrcleft
447   0000              	GLOBAL _zx_saddrcdown_fastcall
448   0000              	GLOBAL _zx_saddrcdown
449   0000              	GLOBAL _zx_saddr2py_fastcall
450   0000              	GLOBAL _zx_saddr2py
451   0000              	GLOBAL _zx_saddr2px_fastcall
452   0000              	GLOBAL _zx_saddr2px
453   0000              	GLOBAL _zx_saddr2cy_fastcall
454   0000              	GLOBAL _zx_saddr2cy
455   0000              	GLOBAL _zx_saddr2cx_fastcall
456   0000              	GLOBAL _zx_saddr2cx
457   0000              	GLOBAL _zx_saddr2aaddr_fastcall
458   0000              	GLOBAL _zx_saddr2aaddr
459   0000              	GLOBAL _zx_py2saddr_fastcall
460   0000              	GLOBAL _zx_py2saddr
461   0000              	GLOBAL _zx_py2aaddr_fastcall
462   0000              	GLOBAL _zx_py2aaddr
463   0000              	GLOBAL _zx_pxy2saddr_callee
464   0000              	GLOBAL _zx_pxy2saddr
465   0000              	GLOBAL _zx_pxy2aaddr_callee
466   0000              	GLOBAL _zx_pxy2aaddr
467   0000              	GLOBAL _zx_px2bitmask_fastcall
468   0000              	GLOBAL _zx_px2bitmask
469   0000              	GLOBAL _zx_cy2saddr_fastcall
470   0000              	GLOBAL _zx_cy2saddr
471   0000              	GLOBAL _zx_cy2aaddr_fastcall
472   0000              	GLOBAL _zx_cy2aaddr
473   0000              	GLOBAL _zx_cxy2saddr_callee
474   0000              	GLOBAL _zx_cxy2saddr
475   0000              	GLOBAL _zx_cxy2aaddr_callee
476   0000              	GLOBAL _zx_cxy2aaddr
477   0000              	GLOBAL _zx_bitmask2px_fastcall
478   0000              	GLOBAL _zx_bitmask2px
479   0000              	GLOBAL _zx_aaddrcup_fastcall
480   0000              	GLOBAL _zx_aaddrcup
481   0000              	GLOBAL _zx_aaddrcright_fastcall
482   0000              	GLOBAL _zx_aaddrcright
483   0000              	GLOBAL _zx_aaddrcleft_fastcall
484   0000              	GLOBAL _zx_aaddrcleft
485   0000              	GLOBAL _zx_aaddrcdown_fastcall
486   0000              	GLOBAL _zx_aaddrcdown
487   0000              	GLOBAL _zx_aaddr2saddr_fastcall
488   0000              	GLOBAL _zx_aaddr2saddr
489   0000              	GLOBAL _zx_aaddr2py_fastcall
490   0000              	GLOBAL _zx_aaddr2py
491   0000              	GLOBAL _zx_aaddr2px_fastcall
492   0000              	GLOBAL _zx_aaddr2px
493   0000              	GLOBAL _zx_aaddr2cy_fastcall
494   0000              	GLOBAL _zx_aaddr2cy
495   0000              	GLOBAL _zx_aaddr2cx_fastcall
496   0000              	GLOBAL _zx_aaddr2cx
497   0000              	GLOBAL _zx_visit_wc_pix_callee
498   0000              	GLOBAL _zx_visit_wc_pix
499   0000              	GLOBAL _zx_visit_wc_attr_callee
500   0000              	GLOBAL _zx_visit_wc_attr
501   0000              	GLOBAL _zx_scroll_wc_up_pix_callee
502   0000              	GLOBAL _zx_scroll_wc_up_pix
503   0000              	GLOBAL _zx_scroll_wc_up_attr_callee
504   0000              	GLOBAL _zx_scroll_wc_up_attr
505   0000              	GLOBAL _zx_scroll_wc_up_callee
506   0000              	GLOBAL _zx_scroll_wc_up
507   0000              	GLOBAL _zx_scroll_up_pix_callee
508   0000              	GLOBAL _zx_scroll_up_pix
509   0000              	GLOBAL _zx_scroll_up_attr_callee
510   0000              	GLOBAL _zx_scroll_up_attr
511   0000              	GLOBAL _zx_scroll_up_callee
512   0000              	GLOBAL _zx_scroll_up
513   0000              	GLOBAL _zx_cls_wc_pix_callee
514   0000              	GLOBAL _zx_cls_wc_pix
515   0000              	GLOBAL _zx_cls_wc_attr_callee
516   0000              	GLOBAL _zx_cls_wc_attr
517   0000              	GLOBAL _zx_cls_wc_callee
518   0000              	GLOBAL _zx_cls_wc
519   0000              	GLOBAL _zx_cls_pix_fastcall
520   0000              	GLOBAL _zx_cls_pix
521   0000              	GLOBAL _zx_cls_attr_fastcall
522   0000              	GLOBAL _zx_cls_attr
523   0000              	GLOBAL _zx_cls_fastcall
524   0000              	GLOBAL _zx_cls
525   0000              	GLOBAL _zx_border_fastcall
526   0000              	GLOBAL _zx_border
527   0000              	GLOBAL _zx_tape_verify_block_callee
528   0000              	GLOBAL _zx_tape_verify_block
529   0000              	GLOBAL _zx_tape_save_block_callee
530   0000              	GLOBAL _zx_tape_save_block
531   0000              	GLOBAL _zx_tape_load_block_callee
532   0000              	GLOBAL _zx_tape_load_block
533   0000              	GLOBAL _spr_destroy
534   0000              	GLOBAL _spr_unflattenP1
535   0000              	GLOBAL _spr_flatten
536   0000              	GLOBAL _spr_btile_paint_back
537   0000              	GLOBAL _spr_init_effects
538   0000              	GLOBAL _spr_turn_horizontal
539   0000              	GLOBAL _spr_play_anim
540   0000              	GLOBAL _spr_add_anim
541   0000              	GLOBAL _spr_clear_scr
542   0000              	GLOBAL _spr_back_repaint
543   0000              	GLOBAL _spr_get_tile_dir
544   0000              	GLOBAL _spr_get_tile
545   0000              	GLOBAL _spr_paint_player
546   0000              	GLOBAL _spr_paint
547   0000              	GLOBAL _spr_move_left
548   0000              	GLOBAL _spr_move_right
549   0000              	GLOBAL _spr_move_left_f
550   0000              	GLOBAL _spr_move_right_f
551   0000              	GLOBAL _spr_move_horizontal
552   0000              	GLOBAL _spr_move_down
553   0000              	GLOBAL _spr_move_up
554   0000              	GLOBAL _spr_set_right
555   0000              	GLOBAL _spr_set_left
556   0000              	GLOBAL _spr_set_down
557   0000              	GLOBAL _spr_set_up
558   0000              	GLOBAL _spr_calc_index
559   0000              	GLOBAL _spr_chktime
560   0000              	GLOBAL _player_use_floor
561   0000              	GLOBAL _game_page_map
562   0000              	GLOBAL _game_attribs
563   0000              	GLOBAL _game_print_header
564   0000              	GLOBAL _game_check_time
565   0000              	GLOBAL _game_rotate_attrib_osd
566   0000              	GLOBAL _game_rotate_attrib
567   0000              	GLOBAL _game_colour_message
568   0000              	GLOBAL _game_paint_attrib
569   0000              	GLOBAL _game_print_score
570   0000              	GLOBAL _game_cell_paint_index
571   0000              	GLOBAL _game_cell_paint
572   0000              	GLOBAL _game_check_cell
573   0000              	GLOBAL _game_check_map
574   0000              	GLOBAL _game_loop
575   0000              	GLOBAL _game_round_init
576   0000              	GLOBAL _game_start_timer
577   0000              	GLOBAL _game_update_stats
578   0000              	GLOBAL _game_print_footer
579   0000              	GLOBAL _game_fill_row
580   0000              	GLOBAL _game_cls
581   0000              	GLOBAL _game_fps
582   0000              	GLOBAL _game_draw_map
583   0000              	GLOBAL _enemy_avoid_dead
584   0000              	GLOBAL _enemy_avoid_fall
585   0000              	GLOBAL _enemy_kill
586   0000              	GLOBAL _enemy_init
587   0000              	GLOBAL _enemy_move
588   0000              	GLOBAL _enemy_turn
589   0000              	GLOBAL _enemy_static
590   0000              	GLOBAL _enemy_walk
591   0000              	GLOBAL _enemy_horizontal
592   0000              	GLOBAL _enemy_vertical
593   0000              	GLOBAL _ay_reset
594   0000              	GLOBAL _ay_song_stop
595   0000              	GLOBAL _ay_song_play
596   0000              	GLOBAL _ay_fx_stop
597   0000              	GLOBAL _ay_fx_play
598   0000              	GLOBAL _ay_is_playing
599   0000              	GLOBAL _audio_levelup
600   0000              	GLOBAL _audio_menu
601   0000              	GLOBAL _audio_game_end
602   0000              	GLOBAL _audio_level_complete
603   0000              	GLOBAL _audio_level_start
604   0000              	GLOBAL _audio_lotr_lose_a_life
605   0000              	GLOBAL _audio_puerta
606   0000              	GLOBAL _audio_sin_mana
607   0000              	GLOBAL _audio_magic1
608   0000              	GLOBAL _audio_coin
609   0000              	GLOBAL _audio_golpe
610   0000              	GLOBAL _audio_salto
611   0000              	GLOBAL _audio_efecto
612   0000              	GLOBAL _audio_disparo_fire
613   0000              	GLOBAL _audio_disparo_axe
614   0000              	GLOBAL _audio_disparo2
615   0000              	GLOBAL _audio_disparo1
616   0000              	GLOBAL _audio_explosion1
617   0000              	GLOBAL _audio_explosion
618   0000              	GLOBAL _audio_ingame
619   0000              	GLOBAL _game_sprite_draw8
620   0000              	GLOBAL _test_func
621   0000              	GLOBAL _test_proc
622   0000              	GLOBAL _in_mouse_kempston_wheel_delta
623   0000              	GLOBAL _in_mouse_kempston_wheel
624   0000              	GLOBAL _in_mouse_kempston_callee
625   0000              	GLOBAL _in_mouse_kempston
626   0000              	GLOBAL _in_mouse_kempston_setpos_callee
627   0000              	GLOBAL _in_mouse_kempston_setpos
628   0000              	GLOBAL _in_mouse_kempston_reset
629   0000              	GLOBAL _in_mouse_kempston_init
630   0000              	GLOBAL _in_mouse_amx_wheel_delta
631   0000              	GLOBAL _in_mouse_amx_wheel
632   0000              	GLOBAL _in_mouse_amx_callee
633   0000              	GLOBAL _in_mouse_amx
634   0000              	GLOBAL _in_mouse_amx_setpos_callee
635   0000              	GLOBAL _in_mouse_amx_setpos
636   0000              	GLOBAL _in_mouse_amx_reset
637   0000              	GLOBAL _in_mouse_amx_init_callee
638   0000              	GLOBAL _in_mouse_amx_init
639   0000              	GLOBAL _in_stick_sinclair2
640   0000              	GLOBAL _in_stick_sinclair1
641   0000              	GLOBAL _in_stick_kempston
642   0000              	GLOBAL _in_stick_fuller
643   0000              	GLOBAL _in_stick_cursor
644   0000              	GLOBAL _in_stick_keyboard_fastcall
645   0000              	GLOBAL _in_stick_keyboard
646   0000              	GLOBAL _in_wait_nokey
647   0000              	GLOBAL _in_wait_key
648   0000              	GLOBAL _in_test_key
649   0000              	GLOBAL _in_pause_fastcall
650   0000              	GLOBAL _in_pause
651   0000              	GLOBAL _in_key_scancode_fastcall
652   0000              	GLOBAL _in_key_scancode
653   0000              	GLOBAL _in_key_pressed_fastcall
654   0000              	GLOBAL _in_key_pressed
655   0000              	GLOBAL _in_inkey
656   0000              	GLOBAL _NIRVANAP_CHAR_TABLE
657   0000              	GLOBAL _NIRVANAP_WIDE_IMAGES
658   0000              	GLOBAL _NIRVANAP_TILE_IMAGES
659   0000              	GLOBAL _NIRVANAP_HOLE
660   0000              	GLOBAL _NIRVANAP_ISR_HOOK
661   0000              	GLOBAL _scan_map
662   0000              	GLOBAL _map_paper_last_a
663   0000              	GLOBAL _map_paper_last
664   0000              	GLOBAL _map_paper_clr
665   0000              	GLOBAL _map_paper
666   0000              	GLOBAL _anim_count
667   0000              	GLOBAL _anim_loop
668   0000              	GLOBAL _anim_end
669   0000              	GLOBAL _anim_int
670   0000              	GLOBAL _anim_tile
671   0000              	GLOBAL _anim_col
672   0000              	GLOBAL _anim_lin
673   0000              	GLOBAL _map_heigth
674   0000              	GLOBAL _map_width
675   0000              	GLOBAL _scr_curr
676   0000              	GLOBAL _scr_map
677   0000              	GLOBAL _spr_kind
678   0000              	GLOBAL _spr_frames
679   0000              	GLOBAL _spr_speed
680   0000              	GLOBAL _spr_tile
681   0000              	GLOBAL _screen_ink
682   0000              	GLOBAL _screen_paper
683   0000              	GLOBAL _game_start_scr
684   0000              	GLOBAL _game_score_top
685   0000              	GLOBAL _player_coins
686   0000              	GLOBAL _player_lives
687   0000              	GLOBAL _game_over
688   0000              	GLOBAL _game_sound
689   0000              	GLOBAL _game_inf_lives
690   0000              	GLOBAL _game_inmune
691   0000              	GLOBAL _sprite_curr_index
692   0000              	GLOBAL _spr_count
693   0000              	GLOBAL _last_rotated
694   0000              	GLOBAL _anim_time
695   0000              	GLOBAL _frame_time
696   0000              	GLOBAL _curr_time
697   0000              	GLOBAL _game_conveyor_flag
698   0000              	GLOBAL _game_conveyor_tile
699   0000              	GLOBAL _p_state_a
700   0000              	GLOBAL _p_state
701   0000              	GLOBAL _attrib_key
702   0000              	GLOBAL _game_attrib_osd
703   0000              	GLOBAL _attrib_osd
704   0000              	GLOBAL _attrib_hl
705   0000              	GLOBAL _attrib
706   0000              	GLOBAL _zx_val_asm
707   0000              	GLOBAL _enemies
708   0000              	GLOBAL _tmp_ui
709   0000              	GLOBAL _tmp_sc
710   0000              	GLOBAL _tmp_uc
711   0000              	GLOBAL _tmp1
712   0000              	GLOBAL _tmp0
713   0000              	GLOBAL _tmp
714   0000              	GLOBAL _index1
715   0000              	GLOBAL _index0
716   0000              	GLOBAL _index_tmp
717   0000              	GLOBAL _loop_count
718   0000              	GLOBAL _s_class
719   0000              	GLOBAL _s_row1
720   0000              	GLOBAL _s_col1
721   0000              	GLOBAL _s_col0
722   0000              	GLOBAL _s_lin1
723   0000              	GLOBAL _s_lin0
724   0000              	GLOBAL _s_tile1
725   0000              	GLOBAL _s_tile0
726   0000              	GLOBAL _nirv_sprite_index
727   0000              	GLOBAL _player_kill_index
728   0000              	GLOBAL _player_killed
729   0000              	GLOBAL _player_jump_top
730   0000              	GLOBAL _game_fps_show
731   0000              	GLOBAL _game_debug
732   0000              	GLOBAL _sprite
733   0000              	GLOBAL _fps
734   0000              	GLOBAL _game_tileset
735   0000              	GLOBAL _menu_curr_sel
736   0000              	GLOBAL _game_round_up
737   0000              	GLOBAL _game_exit_lin
738   0000              	GLOBAL _game_exit_col
739   0000              	GLOBAL _game_conveyor_col1
740   0000              	GLOBAL _game_conveyor_col0
741   0000              	GLOBAL _game_conveyor_lin
742   0000              	GLOBAL _game_conveyor_dir
743   0000              	GLOBAL _game_song_play_start
744   0000              	GLOBAL _game_song_play
745   0000              	GLOBAL _game_world
746   0000              	GLOBAL _game_gravity
747   0000              	GLOBAL _player_jumpcount
748   0000              	GLOBAL _player_hit
749   0000              	GLOBAL _player_hit_time
750   0000              	GLOBAL _player_lin_scr
751   0000              	GLOBAL _player_col_scr
752   0000              	GLOBAL _player_vel_inc
753   0000              	GLOBAL _player_vel_y0
754   0000              	GLOBAL _player_vel_y
755   0000              	GLOBAL _player_score
756   0000              	GLOBAL _tbuffer
757   0000              	GLOBAL _obj_count
758   0000              	GLOBAL _obj_col
759   0000              	GLOBAL _obj_lin
760   0000              	GLOBAL _spr_timer
761   0000              	GLOBAL _last_time
762   0000              	GLOBAL _jump_lin
763   0000              	GLOBAL _colint
764   0000              	GLOBAL _col
765   0000              	GLOBAL _lin
766   0000              	GLOBAL _tile
767   0000              	GLOBAL _value_b
768   0000              	GLOBAL _value_a
769   0000              	GLOBAL _state_a
770   0000              	GLOBAL _state
771   0000              	GLOBAL _class
772   0000              	GLOBAL _dirs
773   0000              	GLOBAL _k1
774   0000              	GLOBAL _joyfunc2
775   0000              	GLOBAL _joyfunc1
776   0000              	GLOBAL _btiles
777   0000              	GLOBAL _v3
778   0000              	GLOBAL _v2
779   0000              	GLOBAL _v1
780   0000              	GLOBAL _v0
781   0000              	GLOBAL _i
782   0000              	GLOBAL _spec128
783   0000              	GLOBAL _GLOBAL_ZX_PORT_7FFD
784   0000              	GLOBAL _GLOBAL_ZX_PORT_1FFD
785   0000              	GLOBAL _GLOBAL_ZX_PORT_FE
786   0000              	GLOBAL _ay_fx_06_disparo_fire
787   0000              	GLOBAL _ay_fx_06_disparo_axe
788   0000              	GLOBAL _ay_fx_06_explosion1
789   0000              	GLOBAL _ay_fx_06_efecto
790   0000              	GLOBAL _ay_fx_06_disparo2
791   0000              	GLOBAL _ay_fx_06_disparo1
792   0000              	GLOBAL _ay_fx_06_levelup
793   0000              	GLOBAL _ay_fx_06_magic
794   0000              	GLOBAL _ay_fx_06_sin_mana
795   0000              	GLOBAL _ay_fx_06_salto
796   0000              	GLOBAL _ay_fx_06_puerta
797   0000              	GLOBAL _ay_fx_06_magic1
798   0000              	GLOBAL _ay_fx_06_golpe
799   0000              	GLOBAL _ay_fx_06_explosion
800   0000              	GLOBAL _ay_fx_06_dano_por_toque
801   0000              	GLOBAL _ay_fx_06_coin
802   0000              	GLOBAL _ay_song_06_lotr_level_start
803   0000              	GLOBAL _ay_song_06_lotr_level_complete
804   0000              	GLOBAL _ay_song_06_lotr_lose_a_life
805   0000              	GLOBAL _ay_song_04_ingame0
806   0000              	GLOBAL _ay_song_04_ingame
807   0000              	GLOBAL _hibtiles
808   0000              	GLOBAL _key_map
809   0000              	GLOBAL _start_scr0
810   0000              	GLOBAL _paper0
811   0000              	GLOBAL _lenght0
812   0000              	GLOBAL _world0
813   0000              	GLOBAL _spr_init
814   0000              ;--------------------------------------------------------
815   0000              ; special function registers
816   0000              ;--------------------------------------------------------
817   0000              defc _IO_FE	=	0x00fe
818   0000              defc _IO_1FFD	=	0x1ffd
819   0000              defc _IO_7FFD	=	0x7ffd
820   0000              ;--------------------------------------------------------
821   0000              ; ram data
822   0000              ;--------------------------------------------------------
823   0000              	SECTION bss_compiler
824   0000              ;--------------------------------------------------------
825   0000              ; ram data
826   0000              ;--------------------------------------------------------
827   0000              
828   0000              IF 0
829   0000              
830   0000              ; .area _INITIALIZED removed by z88dk
831   0000              
832   0000              
833   0000              ENDIF
834   0000              
835   0000              ;--------------------------------------------------------
836   0000              ; absolute external ram data
837   0000              ;--------------------------------------------------------
838   0000              	SECTION IGNORE
839   0000              ;--------------------------------------------------------
840   0000              ; global & static initialisations
841   0000              ;--------------------------------------------------------
842   0000              	SECTION code_crt_init
843   0000              ;--------------------------------------------------------
844   0000              ; Home
845   0000              ;--------------------------------------------------------
846   0000              	SECTION IGNORE
847   0000              ;--------------------------------------------------------
848   0000              ; code
849   0000              ;--------------------------------------------------------
850   0000              	SECTION code_compiler
851   0000              ;	---------------------------------
852   0000              ; Function player_init
853   0000              ; ---------------------------------
854   0000              _player_init:
855   0000  CD 00 00    	call	___sdcc_enter_ix
856   0003  21 0F 00    	ld	hl, +(_class + 0x000f)
857   0006  36 FF       	ld	(hl),0xff
858   0008  21 0F 00    	ld	hl, +(_spr_speed + 0x000f)
859   000B  36 04       	ld	(hl),0x04
860   000D  21 0F 00    	ld	hl, +(_spr_frames + 0x000f)
861   0010  36 04       	ld	(hl),0x04
862   0012  21 0F 00    	ld	hl, +(_lin + 0x000f)
863   0015  DD 7E 04    	ld	a,(ix+4)
864   0018  77          	ld	(hl), a
865   0019  21 0F 00    	ld	hl, +(_col + 0x000f)
866   001C  DD 7E 05    	ld	a,(ix+5)
867   001F  77          	ld	(hl), a
868   0020  21 0F 00    	ld	hl, +(_state + 0x000f)
869   0023  36 00       	ld	(hl),0x00
870   0025  21 0F 00    	ld	hl, +(_state_a + 0x000f)
871   0028  36 00       	ld	(hl),0x00
872   002A  21 0F 00    	ld	hl, +(_jump_lin + 0x000f)
873   002D  DD 7E 04    	ld	a,(ix+4)
874   0030  77          	ld	(hl), a
875   0031  2A 00 00    	ld	hl,(_curr_time)
876   0034  22 1E 00    	ld	(_last_time + 0x001e),hl
877   0037  21 00 00    	ld	hl,0x0000
878   003A  22 00 00    	ld	(_player_vel_y),hl
879   003D  01 0F 00    	ld	bc,_colint+15
880   0040  AF          	xor	a, a
881   0041  02          	ld	(bc), a
882   0042  21 0F 00    	ld	hl, +(_spr_frames + 0x000f)
883   0045  36 04       	ld	(hl),0x04
884   0047  DD 7E 05    	ld	a,(ix+5)
885   004A  D6 10       	sub	a,0x10
886   004C  30 19       	jr	NC,l_player_init_00102
887   004E  ED 4B 00 00 	ld	bc,(_p_state)
888   0052  0A          	ld	a,(bc)
889   0053  F6 04       	or	a,0x04
890   0055  02          	ld	(bc), a
891   0056  ED 4B 00 00 	ld	bc,(_p_state_a)
892   005A  0A          	ld	a,(bc)
893   005B  F6 10       	or	a,0x10
894   005D  02          	ld	(bc), a
895   005E  21 0F 00    	ld	hl, +(_tile + 0x000f)
896   0061  DD 7E 06    	ld	a,(ix+6)
897   0064  77          	ld	(hl), a
898   0065  18 1F       	jr	l_player_init_00103
899   0067              l_player_init_00102:
900   0067  3E 03       	ld	a,0x03
901   0069  02          	ld	(bc), a
902   006A  ED 4B 00 00 	ld	bc,(_p_state)
903   006E  0A          	ld	a,(bc)
904   006F  F6 08       	or	a,0x08
905   0071  02          	ld	(bc), a
906   0072  ED 4B 00 00 	ld	bc,(_p_state_a)
907   0076  0A          	ld	a,(bc)
908   0077  F6 08       	or	a,0x08
909   0079  02          	ld	(bc), a
910   007A  01 0F 00    	ld	bc,_tile+15
911   007D  21 0F 00    	ld	hl,+(_spr_frames + 0x000f)
912   0080  5E          	ld	e, (hl)
913   0081  DD 7E 06    	ld	a,(ix+6)
914   0084  83          	add	a, e
915   0085  02          	ld	(bc), a
916   0086              l_player_init_00103:
917   0086  21 0F 00    	ld	hl,+(_col + 0x000f)
918   0089  4E          	ld	c, (hl)
919   008A  3A 0F 00    	ld	a,(_lin + 0x000f)
920   008D  C6 10       	add	a,0x10
921   008F  47          	ld	b, a
922   0090  21 0F 00    	ld	hl,+(_tile + 0x000f)
923   0093  5E          	ld	e, (hl)
924   0094  79          	ld	a, c
925   0095  48          	ld	c,b
926   0096  47          	ld	b,a
927   0097  C5          	push	bc
928   0098  53          	ld	d, e
929   0099  1E 07       	ld	e,0x07
930   009B  D5          	push	de
931   009C  CD 00 00    	call	_NIRVANAP_spriteT_callee
932   009F  DD E1       	pop	ix
933   00A1  C9          	ret
934   00A2              	SECTION code_compiler
935   00A2              ;	---------------------------------
936   00A2              ; Function player_turn
937   00A2              ; ---------------------------------
938   00A2              _player_turn:
939   00A2  21 00 00    	ld	hl,_sprite
940   00A5  36 0F       	ld	(hl),0x0f
941   00A7  21 00 00    	ld	hl,_sprite
942   00AA  CD 00 00    	call	_spr_chktime
943   00AD  7D          	ld	a, l
944   00AE  B7          	or	a, a
945   00AF  CA 69 01    	jp	Z, l_player_turn_00120
946   00B2  CD 00 00    	call	_in_inkey
947   00B5  7D          	ld	a,l
948   00B6  D6 31       	sub	a,0x31
949   00B8  4D          	ld	c,l
950   00B9  20 14       	jr	NZ,l_player_turn_00104
951   00BB  21 00 00    	ld	hl,_scr_curr
952   00BE  35          	dec	(hl)
953   00BF  21 00 00    	ld	hl,_game_round_up
954   00C2  36 01       	ld	(hl),0x01
955   00C4  3A 00 00    	ld	a,(_scr_curr)
956   00C7  3C          	inc	a
957   00C8  20 05       	jr	NZ,l_player_turn_00104
958   00CA  21 00 00    	ld	hl,_scr_curr
959   00CD  36 13       	ld	(hl),0x13
960   00CF              l_player_turn_00104:
961   00CF  79          	ld	a, c
962   00D0  D6 32       	sub	a,0x32
963   00D2  20 15       	jr	NZ,l_player_turn_00108
964   00D4  21 00 00    	ld	hl,_scr_curr
965   00D7  34          	inc	(hl)
966   00D8  21 00 00    	ld	hl,_game_round_up
967   00DB  36 01       	ld	(hl),0x01
968   00DD  3A 00 00    	ld	a,(_scr_curr)
969   00E0  D6 14       	sub	a,0x14
970   00E2  20 05       	jr	NZ,l_player_turn_00108
971   00E4  21 00 00    	ld	hl,_scr_curr
972   00E7  36 00       	ld	(hl),0x00
973   00E9              l_player_turn_00108:
974   00E9  21 00 00    	ld	hl,_k1
975   00EC  E5          	push	hl
976   00ED  2A 00 00    	ld	hl,(_joyfunc1)
977   00F0  CD 00 00    	call	___sdcc_call_hl
978   00F3  F1          	pop	af
979   00F4  7D          	ld	a,l
980   00F5  32 00 00    	ld	(_dirs),a
981   00F8  21 0F 00    	ld	hl,+(_state + 0x000f)
982   00FB  22 00 00    	ld	(_p_state),hl
983   00FE  21 0F 00    	ld	hl,+(_state_a + 0x000f)
984   0101  22 00 00    	ld	(_p_state_a),hl
985   0104  3A 0F 00    	ld	a,(_lin + 0x000f)
986   0107  32 00 00    	ld	(_s_lin0),a
987   010A  3A 0F 00    	ld	a,(_col + 0x000f)
988   010D  32 00 00    	ld	(_s_col0),a
989   0110  3A 0F 00    	ld	a,(_tile + 0x000f)
990   0113  32 00 00    	ld	(_s_tile0),a
991   0116  21 00 00    	ld	hl,_s_class
992   0119  36 00       	ld	(hl),0x00
993   011B  CD 6A 01    	call	_player_move
994   011E  CD ED 03    	call	_player_collision
995   0121  21 00 00    	ld	hl,_player_killed
996   0124  7E          	ld	a, (hl)
997   0125  B7          	or	a, a
998   0126  28 12       	jr	Z,l_player_turn_00113
999   0128  36 00       	ld	(hl),0x00
1000  012A  3A 00 00    	ld	a,(_game_inmune)
1001  012D  B7          	or	a, a
1002  012E  28 07       	jr	Z,l_player_turn_00110
1003  0130  2E 02       	ld	l,0x02
1004  0132  CD 00 00    	call	_zx_border_fastcall
1005  0135  18 03       	jr	l_player_turn_00113
1006  0137              l_player_turn_00110:
1007  0137  CD 35 08    	call	_player_lost_life
1008  013A              l_player_turn_00113:
1009  013A  3A 00 00    	ld	a,(_obj_count)
1010  013D  3C          	inc	a
1011  013E  C0          	ret	NZ
1012  013F  21 0F 00    	ld	hl,+(_col + 0x000f)
1013  0142  4E          	ld	c, (hl)
1014  0143  3A 00 00    	ld	a,(_game_exit_col)
1015  0146  91          	sub	a, c
1016  0147  C0          	ret	NZ
1017  0148  21 0F 00    	ld	hl,+(_lin + 0x000f)
1018  014B  4E          	ld	c, (hl)
1019  014C  3A 00 00    	ld	a,(_game_exit_lin)
1020  014F  16 00       	ld	d,0x00
1021  0151  C6 F0       	add	a,0xf0
1022  0153  5F          	ld	e, a
1023  0154  7A          	ld	a, d
1024  0155  CE FF       	adc	a,0xff
1025  0157  57          	ld	d, a
1026  0158  06 00       	ld	b,0x00
1027  015A  7B          	ld	a, e
1028  015B  91          	sub	a, c
1029  015C  C0          	ret	NZ
1030  015D  7A          	ld	a, d
1031  015E  90          	sub	a, b
1032  015F  C0          	ret	NZ
1033  0160  21 00 00    	ld	hl,_scr_curr
1034  0163  34          	inc	(hl)
1035  0164  21 00 00    	ld	hl,_game_round_up
1036  0167  36 01       	ld	(hl),0x01
1037  0169              l_player_turn_00120:
1038  0169  C9          	ret
1039  016A              	SECTION code_compiler
1040  016A              ;	---------------------------------
1041  016A              ; Function player_move
1042  016A              ; ---------------------------------
1043  016A              _player_move:
1044  016A  2A 00 00    	ld	hl,(_p_state)
1045  016D  7E          	ld	a,(hl)
1046  016E  CB 47       	bit	0, a
1047  0170  20 04       	jr	NZ,l_player_move_00104
1048  0172  CB 4F       	bit	1, a
1049  0174  28 08       	jr	Z,l_player_move_00105
1050  0176              l_player_move_00104:
1051  0176  CD B9 01    	call	_player_move_jump
1052  0179  CD 00 00    	call	_spr_move_horizontal
1053  017C  18 35       	jr	l_player_move_00106
1054  017E              l_player_move_00105:
1055  017E  CD 8B 02    	call	_player_move_walk
1056  0181  AF          	xor	a, a
1057  0182  F5          	push	af
1058  0183  33          	inc	sp
1059  0184  CD 54 07    	call	_player_check_floor
1060  0187  33          	inc	sp
1061  0188  7D          	ld	a, l
1062  0189  B7          	or	a, a
1063  018A  28 27       	jr	Z,l_player_move_00106
1064  018C  3E 01       	ld	a,0x01
1065  018E  F5          	push	af
1066  018F  33          	inc	sp
1067  0190  CD 54 07    	call	_player_check_floor
1068  0193  33          	inc	sp
1069  0194  7D          	ld	a, l
1070  0195  B7          	or	a, a
1071  0196  28 1B       	jr	Z,l_player_move_00106
1072  0198  CD 00 00    	call	_spr_move_horizontal
1073  019B  ED 4B 00 00 	ld	bc,(_p_state)
1074  019F  0A          	ld	a,(bc)
1075  01A0  F6 02       	or	a,0x02
1076  01A2  02          	ld	(bc),a
1077  01A3  ED 4B 00 00 	ld	bc,(_p_state)
1078  01A7  0A          	ld	a,(bc)
1079  01A8  E6 F7       	and	a,0xf7
1080  01AA  02          	ld	(bc),a
1081  01AB  ED 4B 00 00 	ld	bc,(_p_state)
1082  01AF  0A          	ld	a,(bc)
1083  01B0  E6 FB       	and	a,0xfb
1084  01B2  02          	ld	(bc), a
1085  01B3              l_player_move_00106:
1086  01B3  CD 00 00    	call	_spr_paint_player
1087  01B6  2E 00       	ld	l,0x00
1088  01B8  C9          	ret
1089  01B9              	SECTION code_compiler
1090  01B9              ;	---------------------------------
1091  01B9              ; Function player_move_jump
1092  01B9              ; ---------------------------------
1093  01B9              _player_move_jump:
1094  01B9  CD 00 00    	call	___sdcc_enter_ix
1095  01BC  3B          	dec	sp
1096  01BD  2A 00 00    	ld	hl,(_player_vel_y)
1097  01C0  ED 5B 00 00 	ld	de,(_game_gravity)
1098  01C4  19          	add	hl,de
1099  01C5  22 00 00    	ld	(_player_vel_y),hl
1100  01C8  21 64 00    	ld	hl,0x0064
1101  01CB  E5          	push	hl
1102  01CC  2A 00 00    	ld	hl,(_player_vel_y)
1103  01CF  E5          	push	hl
1104  01D0  CD 00 00    	call	__divsint_callee
1105  01D3  EB          	ex	de,hl
1106  01D4  CB 43       	bit	0,e
1107  01D6  21 00 00    	ld	hl,_s_lin1
1108  01D9  73          	ld	(hl),e
1109  01DA  28 04       	jr	Z,l_player_move_jump_00102
1110  01DC  21 00 00    	ld	hl,_s_lin1
1111  01DF  35          	dec	(hl)
1112  01E0              l_player_move_jump_00102:
1113  01E0  01 0F 00    	ld	bc,_lin+15
1114  01E3  0A          	ld	a, (bc)
1115  01E4  DD 77 FF    	ld	(ix-1),a
1116  01E7  21 00 00    	ld	hl,_s_lin1
1117  01EA  86          	add	a, (hl)
1118  01EB  77          	ld	(hl), a
1119  01EC  AF          	xor	a, a
1120  01ED  BB          	cp	a, e
1121  01EE  9A          	sbc	a, d
1122  01EF  E2 F4 01    	jp	PO, l_player_move_jump_00142
1123  01F2  EE 80       	xor	a,0x80
1124  01F4              l_player_move_jump_00142:
1125  01F4  FA 3F 02    	jp	M, l_player_move_jump_00113
1126  01F7  C5          	push	bc
1127  01F8  CD 00 00    	call	_spr_set_up
1128  01FB  C1          	pop	bc
1129  01FC  3E 80       	ld	a,0x80
1130  01FE  21 00 00    	ld	hl,_s_lin1
1131  0201  96          	sub	a, (hl)
1132  0202  30 02       	jr	NC,l_player_move_jump_00104
1133  0204  36 00       	ld	(hl),0x00
1134  0206              l_player_move_jump_00104:
1135  0206  21 0F 00    	ld	hl,+(_col + 0x000f)
1136  0209  56          	ld	d, (hl)
1137  020A  C5          	push	bc
1138  020B  D5          	push	de
1139  020C  33          	inc	sp
1140  020D  3A 00 00    	ld	a,(_s_lin1)
1141  0210  F5          	push	af
1142  0211  33          	inc	sp
1143  0212  CD F2 06    	call	_player_check_ceil
1144  0215  F1          	pop	af
1145  0216  C1          	pop	bc
1146  0217  7D          	ld	a, l
1147  0218  B7          	or	a, a
1148  0219  20 18       	jr	NZ,l_player_move_jump_00106
1149  021B  21 00 00    	ld	hl,0x0000
1150  021E  22 00 00    	ld	(_player_vel_y),hl
1151  0221  ED 4B 00 00 	ld	bc,(_p_state)
1152  0225  0A          	ld	a,(bc)
1153  0226  E6 FB       	and	a,0xfb
1154  0228  02          	ld	(bc),a
1155  0229  ED 4B 00 00 	ld	bc,(_p_state)
1156  022D  0A          	ld	a,(bc)
1157  022E  E6 F7       	and	a,0xf7
1158  0230  02          	ld	(bc), a
1159  0231  18 04       	jr	l_player_move_jump_00107
1160  0233              l_player_move_jump_00106:
1161  0233  3A 00 00    	ld	a,(_s_lin1)
1162  0236  02          	ld	(bc), a
1163  0237              l_player_move_jump_00107:
1164  0237  3A 00 00    	ld	a,(_s_lin1)
1165  023A  32 00 00    	ld	(_player_jump_top),a
1166  023D  18 46       	jr	l_player_move_jump_00114
1167  023F              l_player_move_jump_00113:
1168  023F  C5          	push	bc
1169  0240  CD 53 05    	call	_player_get_floor
1170  0243  C1          	pop	bc
1171  0244  7D          	ld	a,l
1172  0245  32 00 00    	ld	(_v0),a
1173  0248  3E 68       	ld	a,0x68
1174  024A  21 00 00    	ld	hl,_s_lin1
1175  024D  96          	sub	a, (hl)
1176  024E  38 0E       	jr	C,l_player_move_jump_00108
1177  0250  7E          	ld	a, (hl)
1178  0251  21 00 00    	ld	hl,_v0
1179  0254  96          	sub	a, (hl)
1180  0255  38 25       	jr	C,l_player_move_jump_00109
1181  0257  7E          	ld	a, (hl)
1182  0258  21 00 00    	ld	hl,_s_lin0
1183  025B  96          	sub	a, (hl)
1184  025C  38 1E       	jr	C,l_player_move_jump_00109
1185  025E              l_player_move_jump_00108:
1186  025E  3A 00 00    	ld	a,(_v0)
1187  0261  02          	ld	(bc), a
1188  0262  21 00 00    	ld	hl,0x0000
1189  0265  22 00 00    	ld	(_player_vel_y),hl
1190  0268  ED 4B 00 00 	ld	bc,(_p_state)
1191  026C  0A          	ld	a,(bc)
1192  026D  E6 FD       	and	a,0xfd
1193  026F  02          	ld	(bc),a
1194  0270  ED 4B 00 00 	ld	bc,(_p_state)
1195  0274  0A          	ld	a,(bc)
1196  0275  E6 FE       	and	a,0xfe
1197  0277  02          	ld	(bc), a
1198  0278  2E 00       	ld	l,0x00
1199  027A  18 0B       	jr	l_player_move_jump_00115
1200  027C              l_player_move_jump_00109:
1201  027C  C5          	push	bc
1202  027D  CD 00 00    	call	_spr_set_down
1203  0280  C1          	pop	bc
1204  0281  3A 00 00    	ld	a,(_s_lin1)
1205  0284  02          	ld	(bc), a
1206  0285              l_player_move_jump_00114:
1207  0285  2E 01       	ld	l,0x01
1208  0287              l_player_move_jump_00115:
1209  0287  33          	inc	sp
1210  0288  DD E1       	pop	ix
1211  028A  C9          	ret
1212  028B              	SECTION code_compiler
1213  028B              ;	---------------------------------
1214  028B              ; Function player_move_walk
1215  028B              ; ---------------------------------
1216  028B              _player_move_walk:
1217  028B  CD 00 00    	call	___sdcc_enter_ix
1218  028E  F5          	push	af
1219  028F  CD E4 05    	call	_player_check_input
1220  0292  4D          	ld	c, l
1221  0293  2A 00 00    	ld	hl,(_p_state)
1222  0296  DD 75 FE    	ld	(ix-2),l
1223  0299  DD 74 FF    	ld	(ix-1),h
1224  029C  79          	ld	a,c
1225  029D  B7          	or	a,a
1226  029E  CA 6C 03    	jp	Z,l_player_move_walk_00136
1227  02A1  21 00 00    	ld	hl,_dirs
1228  02A4  CB 7E       	bit	7, (hl)
1229  02A6  CA 25 03    	jp	Z,l_player_move_walk_00115
1230  02A9  21 0F 00    	ld	hl,+(_col + 0x000f)
1231  02AC  56          	ld	d, (hl)
1232  02AD  21 0F 00    	ld	hl,+(_lin + 0x000f)
1233  02B0  46          	ld	b, (hl)
1234  02B1  05          	dec	b
1235  02B2  05          	dec	b
1236  02B3  58          	ld	e,b
1237  02B4  D5          	push	de
1238  02B5  CD F2 06    	call	_player_check_ceil
1239  02B8  F1          	pop	af
1240  02B9  7D          	ld	a, l
1241  02BA  B7          	or	a, a
1242  02BB  28 63       	jr	Z,l_player_move_walk_00113
1243  02BD  21 00 00    	ld	hl,_player_vel_inc
1244  02C0  36 01       	ld	(hl),0x01
1245  02C2  21 00 00    	ld	hl,_player_jumpcount
1246  02C5  36 FF       	ld	(hl),0xff
1247  02C7  CD 00 00    	call	_audio_salto
1248  02CA  CD 00 00    	call	_spr_set_up
1249  02CD  3A 0F 00    	ld	a,(_lin + 0x000f)
1250  02D0  32 0F 00    	ld	(_jump_lin+15),a
1251  02D3  2A 00 00    	ld	hl,(_player_vel_y0)
1252  02D6  22 00 00    	ld	(_player_vel_y),hl
1253  02D9  ED 4B 00 00 	ld	bc,(_p_state)
1254  02DD  0A          	ld	a,(bc)
1255  02DE  E6 F7       	and	a,0xf7
1256  02E0  02          	ld	(bc),a
1257  02E1  ED 4B 00 00 	ld	bc,(_p_state)
1258  02E5  0A          	ld	a,(bc)
1259  02E6  E6 FB       	and	a,0xfb
1260  02E8  02          	ld	(bc),a
1261  02E9  2A 00 00    	ld	hl,(_p_state)
1262  02EC  CB 66       	bit	4,(hl)
1263  02EE  28 14       	jr	Z,l_player_move_walk_00110
1264  02F0  3A 00 00    	ld	a,(_game_conveyor_dir)
1265  02F3  3C          	inc	a
1266  02F4  20 03       	jr	NZ,l_player_move_walk_00102
1267  02F6  CD 00 00    	call	_spr_set_left
1268  02F9              l_player_move_walk_00102:
1269  02F9  3A 00 00    	ld	a,(_game_conveyor_dir)
1270  02FC  3D          	dec	a
1271  02FD  20 19       	jr	NZ,l_player_move_walk_00111
1272  02FF  CD 00 00    	call	_spr_set_right
1273  0302  18 14       	jr	l_player_move_walk_00111
1274  0304              l_player_move_walk_00110:
1275  0304  21 00 00    	ld	hl,_dirs
1276  0307  CB 56       	bit	2, (hl)
1277  0309  28 03       	jr	Z,l_player_move_walk_00106
1278  030B  CD 00 00    	call	_spr_set_left
1279  030E              l_player_move_walk_00106:
1280  030E  21 00 00    	ld	hl,_dirs
1281  0311  CB 5E       	bit	3, (hl)
1282  0313  28 03       	jr	Z,l_player_move_walk_00111
1283  0315  CD 00 00    	call	_spr_set_right
1284  0318              l_player_move_walk_00111:
1285  0318  21 08 04    	ld	hl,0x0408
1286  031B  E5          	push	hl
1287  031C  CD 39 06    	call	_player_tile
1288  031F  F1          	pop	af
1289  0320              l_player_move_walk_00113:
1290  0320  2E 01       	ld	l,0x01
1291  0322  C3 E9 03    	jp	l_player_move_walk_00138
1292  0325              l_player_move_walk_00115:
1293  0325  E1          	pop	hl
1294  0326  E5          	push	hl
1295  0327  CB 66       	bit	4,(hl)
1296  0329  28 1A       	jr	Z,l_player_move_walk_00125
1297  032B  3A 00 00    	ld	a,(_game_conveyor_dir)
1298  032E  3D          	dec	a
1299  032F  20 06       	jr	NZ,l_player_move_walk_00117
1300  0331  CD 00 00    	call	_spr_set_right
1301  0334  CD 00 00    	call	_spr_move_horizontal
1302  0337              l_player_move_walk_00117:
1303  0337  3A 00 00    	ld	a,(_game_conveyor_dir)
1304  033A  3C          	inc	a
1305  033B  20 22       	jr	NZ,l_player_move_walk_00126
1306  033D  CD 00 00    	call	_spr_set_left
1307  0340  CD 00 00    	call	_spr_move_horizontal
1308  0343  18 1A       	jr	l_player_move_walk_00126
1309  0345              l_player_move_walk_00125:
1310  0345  21 00 00    	ld	hl,_dirs
1311  0348  CB 5E       	bit	3, (hl)
1312  034A  28 06       	jr	Z,l_player_move_walk_00121
1313  034C  CD 00 00    	call	_spr_set_right
1314  034F  CD 00 00    	call	_spr_move_horizontal
1315  0352              l_player_move_walk_00121:
1316  0352  21 00 00    	ld	hl,_dirs
1317  0355  CB 56       	bit	2, (hl)
1318  0357  28 06       	jr	Z,l_player_move_walk_00126
1319  0359  CD 00 00    	call	_spr_set_left
1320  035C  CD 00 00    	call	_spr_move_horizontal
1321  035F              l_player_move_walk_00126:
1322  035F  21 08 04    	ld	hl,0x0408
1323  0362  E5          	push	hl
1324  0363  CD 39 06    	call	_player_tile
1325  0366  F1          	pop	af
1326  0367  2E 01       	ld	l,0x01
1327  0369  C3 E9 03    	jp	l_player_move_walk_00138
1328  036C              l_player_move_walk_00136:
1329  036C  E1          	pop	hl
1330  036D  4E          	ld	c,(hl)
1331  036E  E5          	push	hl
1332  036F  CB A1       	res	4, c
1333  0371  E1          	pop	hl
1334  0372  E5          	push	hl
1335  0373  71          	ld	(hl), c
1336  0374  3A 0F 00    	ld	a,(_col + 0x000f)
1337  0377  57          	ld	d, a
1338  0378  14          	inc	d
1339  0379  3A 0F 00    	ld	a,(_lin + 0x000f)
1340  037C  C6 10       	add	a,0x10
1341  037E  5F          	ld	e, a
1342  037F  D5          	push	de
1343  0380  CD 00 00    	call	_spr_calc_index
1344  0383  F1          	pop	af
1345  0384  22 00 00    	ld	(_index1),hl
1346  0387  01 00 00    	ld	bc,_scr_map+0
1347  038A  09          	add	hl,bc
1348  038B  7E          	ld	a,(hl)
1349  038C  D6 04       	sub	a,0x04
1350  038E  28 0D       	jr	Z,l_player_move_walk_00127
1351  0390  ED 5B 00 00 	ld	de,(_index1)
1352  0394  13          	inc	de
1353  0395  69          	ld	l, c
1354  0396  60          	ld	h, b
1355  0397  19          	add	hl, de
1356  0398  7E          	ld	a, (hl)
1357  0399  D6 04       	sub	a,0x04
1358  039B  20 0D       	jr	NZ,l_player_move_walk_00128
1359  039D              l_player_move_walk_00127:
1360  039D  2E 02       	ld	l,0x02
1361  039F  CD 00 00    	call	_zx_border_fastcall
1362  03A2  ED 4B 00 00 	ld	bc,(_p_state)
1363  03A6  0A          	ld	a,(bc)
1364  03A7  F6 10       	or	a,0x10
1365  03A9  02          	ld	(bc), a
1366  03AA              l_player_move_walk_00128:
1367  03AA  ED 4B 00 00 	ld	bc,(_p_state)
1368  03AE  0A          	ld	a,(bc)
1369  03AF  E6 F7       	and	a,0xf7
1370  03B1  02          	ld	(bc),a
1371  03B2  ED 4B 00 00 	ld	bc,(_p_state)
1372  03B6  0A          	ld	a,(bc)
1373  03B7  E6 FB       	and	a,0xfb
1374  03B9  02          	ld	(bc),a
1375  03BA  ED 4B 00 00 	ld	bc,(_p_state)
1376  03BE  0A          	ld	a,(bc)
1377  03BF  CB 67       	bit	4,a
1378  03C1  28 24       	jr	Z,l_player_move_walk_00137
1379  03C3  5F          	ld	e,a
1380  03C4  3A 00 00    	ld	a,(_game_conveyor_dir)
1381  03C7  3C          	inc	a
1382  03C8  20 0E       	jr	NZ,l_player_move_walk_00131
1383  03CA  7B          	ld	a, e
1384  03CB  F6 08       	or	a,0x08
1385  03CD  02          	ld	(bc), a
1386  03CE  21 08 04    	ld	hl,0x0408
1387  03D1  E5          	push	hl
1388  03D2  CD 39 06    	call	_player_tile
1389  03D5  F1          	pop	af
1390  03D6  18 0C       	jr	l_player_move_walk_00132
1391  03D8              l_player_move_walk_00131:
1392  03D8  7B          	ld	a, e
1393  03D9  F6 04       	or	a,0x04
1394  03DB  02          	ld	(bc), a
1395  03DC  21 08 04    	ld	hl,0x0408
1396  03DF  E5          	push	hl
1397  03E0  CD 39 06    	call	_player_tile
1398  03E3  F1          	pop	af
1399  03E4              l_player_move_walk_00132:
1400  03E4  CD 00 00    	call	_spr_move_horizontal
1401  03E7              l_player_move_walk_00137:
1402  03E7  2E 00       	ld	l,0x00
1403  03E9              l_player_move_walk_00138:
1404  03E9  F1          	pop	af
1405  03EA  DD E1       	pop	ix
1406  03EC  C9          	ret
1407  03ED              	SECTION code_compiler
1408  03ED              ;	---------------------------------
1409  03ED              ; Function player_collision
1410  03ED              ; ---------------------------------
1411  03ED              _player_collision:
1412  03ED  ED 4B 00 00 	ld	bc,(_p_state)
1413  03F1  0A          	ld	a,(bc)
1414  03F2  E6 DF       	and	a,0xdf
1415  03F4  02          	ld	(bc), a
1416  03F5  21 0F 00    	ld	hl,+(_col + 0x000f)
1417  03F8  56          	ld	d, (hl)
1418  03F9  21 0F 00    	ld	hl,+(_lin + 0x000f)
1419  03FC  5E          	ld	e, (hl)
1420  03FD  D5          	push	de
1421  03FE  CD 00 00    	call	_spr_calc_index
1422  0401  F1          	pop	af
1423  0402  22 00 00    	ld	(_index1),hl
1424  0405  01 00 00    	ld	bc,_scr_map
1425  0408  09          	add	hl,bc
1426  0409  7E          	ld	a,(hl)
1427  040A  32 00 00    	ld	(_v0),a
1428  040D  F5          	push	af
1429  040E  33          	inc	sp
1430  040F  CD A1 06    	call	_player_pick_deadly
1431  0412  33          	inc	sp
1432  0413  7D          	ld	a,l
1433  0414  32 00 00    	ld	(_v0),a
1434  0417  F5          	push	af
1435  0418  33          	inc	sp
1436  0419  CD D6 06    	call	_player_pick_exit
1437  041C  33          	inc	sp
1438  041D  7D          	ld	a,l
1439  041E  32 00 00    	ld	(_v0),a
1440  0421  2A 00 00    	ld	hl,(_index1)
1441  0424  E5          	push	hl
1442  0425  F5          	push	af
1443  0426  33          	inc	sp
1444  0427  CD 73 06    	call	_player_pick_item
1445  042A  F1          	pop	af
1446  042B  33          	inc	sp
1447  042C  7D          	ld	a,l
1448  042D  32 00 00    	ld	(_v0),a
1449  0430  21 0F 00    	ld	hl,+(_col + 0x000f)
1450  0433  56          	ld	d, (hl)
1451  0434  3A 0F 00    	ld	a,(_lin + 0x000f)
1452  0437  C6 0E       	add	a,0x0e
1453  0439  5F          	ld	e, a
1454  043A  D5          	push	de
1455  043B  CD 00 00    	call	_spr_calc_index
1456  043E  F1          	pop	af
1457  043F  22 00 00    	ld	(_index1),hl
1458  0442  01 00 00    	ld	bc,_scr_map
1459  0445  09          	add	hl,bc
1460  0446  7E          	ld	a,(hl)
1461  0447  32 00 00    	ld	(_v0),a
1462  044A  F5          	push	af
1463  044B  33          	inc	sp
1464  044C  CD A1 06    	call	_player_pick_deadly
1465  044F  33          	inc	sp
1466  0450  7D          	ld	a,l
1467  0451  32 00 00    	ld	(_v0),a
1468  0454  F5          	push	af
1469  0455  33          	inc	sp
1470  0456  CD D6 06    	call	_player_pick_exit
1471  0459  33          	inc	sp
1472  045A  7D          	ld	a,l
1473  045B  32 00 00    	ld	(_v0),a
1474  045E  2A 00 00    	ld	hl,(_index1)
1475  0461  E5          	push	hl
1476  0462  F5          	push	af
1477  0463  33          	inc	sp
1478  0464  CD 73 06    	call	_player_pick_item
1479  0467  F1          	pop	af
1480  0468  33          	inc	sp
1481  0469  7D          	ld	a,l
1482  046A  32 00 00    	ld	(_v0),a
1483  046D  21 0F 00    	ld	hl,+(_col + 0x000f)
1484  0470  56          	ld	d, (hl)
1485  0471  14          	inc	d
1486  0472  21 0F 00    	ld	hl,+(_lin + 0x000f)
1487  0475  5E          	ld	e, (hl)
1488  0476  D5          	push	de
1489  0477  CD 00 00    	call	_spr_calc_index
1490  047A  F1          	pop	af
1491  047B  22 00 00    	ld	(_index1),hl
1492  047E  01 00 00    	ld	bc,_scr_map
1493  0481  09          	add	hl,bc
1494  0482  7E          	ld	a,(hl)
1495  0483  32 00 00    	ld	(_v0),a
1496  0486  F5          	push	af
1497  0487  33          	inc	sp
1498  0488  CD A1 06    	call	_player_pick_deadly
1499  048B  33          	inc	sp
1500  048C  7D          	ld	a,l
1501  048D  32 00 00    	ld	(_v0),a
1502  0490  F5          	push	af
1503  0491  33          	inc	sp
1504  0492  CD D6 06    	call	_player_pick_exit
1505  0495  33          	inc	sp
1506  0496  7D          	ld	a,l
1507  0497  32 00 00    	ld	(_v0),a
1508  049A  2A 00 00    	ld	hl,(_index1)
1509  049D  E5          	push	hl
1510  049E  F5          	push	af
1511  049F  33          	inc	sp
1512  04A0  CD 73 06    	call	_player_pick_item
1513  04A3  F1          	pop	af
1514  04A4  33          	inc	sp
1515  04A5  7D          	ld	a,l
1516  04A6  32 00 00    	ld	(_v0),a
1517  04A9  21 0F 00    	ld	hl,+(_col + 0x000f)
1518  04AC  56          	ld	d, (hl)
1519  04AD  14          	inc	d
1520  04AE  3A 0F 00    	ld	a,(_lin + 0x000f)
1521  04B1  C6 0E       	add	a,0x0e
1522  04B3  5F          	ld	e, a
1523  04B4  D5          	push	de
1524  04B5  CD 00 00    	call	_spr_calc_index
1525  04B8  F1          	pop	af
1526  04B9  22 00 00    	ld	(_index1),hl
1527  04BC  01 00 00    	ld	bc,_scr_map
1528  04BF  09          	add	hl,bc
1529  04C0  7E          	ld	a,(hl)
1530  04C1  32 00 00    	ld	(_v0),a
1531  04C4  F5          	push	af
1532  04C5  33          	inc	sp
1533  04C6  CD A1 06    	call	_player_pick_deadly
1534  04C9  33          	inc	sp
1535  04CA  7D          	ld	a,l
1536  04CB  32 00 00    	ld	(_v0),a
1537  04CE  F5          	push	af
1538  04CF  33          	inc	sp
1539  04D0  CD D6 06    	call	_player_pick_exit
1540  04D3  33          	inc	sp
1541  04D4  7D          	ld	a,l
1542  04D5  32 00 00    	ld	(_v0),a
1543  04D8  2A 00 00    	ld	hl,(_index1)
1544  04DB  E5          	push	hl
1545  04DC  F5          	push	af
1546  04DD  33          	inc	sp
1547  04DE  CD 73 06    	call	_player_pick_item
1548  04E1  F1          	pop	af
1549  04E2  33          	inc	sp
1550  04E3  7D          	ld	a,l
1551  04E4  32 00 00    	ld	(_v0),a
1552  04E7  21 00 00    	ld	hl,_i
1553  04EA  36 00       	ld	(hl),0x00
1554  04EC              l_player_collision_00108:
1555  04EC  2A 00 00    	ld	hl,(_i)
1556  04EF  26 00       	ld	h,0x00
1557  04F1  01 00 00    	ld	bc,_class
1558  04F4  09          	add	hl,bc
1559  04F5  7E          	ld	a,(hl)
1560  04F6  B7          	or	a,a
1561  04F7  28 4F       	jr	Z,l_player_collision_00109
1562  04F9  2A 00 00    	ld	hl,(_i)
1563  04FC  26 00       	ld	h,0x00
1564  04FE  01 00 00    	ld	bc,_col
1565  0501  09          	add	hl,bc
1566  0502  4E          	ld	c, (hl)
1567  0503  06 00       	ld	b,0x00
1568  0505  ED 5B 0F 00 	ld	de,(_col + 0x000f)
1569  0509  50          	ld	d,b
1570  050A  79          	ld	a, c
1571  050B  93          	sub	a, e
1572  050C  6F          	ld	l, a
1573  050D  78          	ld	a, b
1574  050E  9A          	sbc	a, d
1575  050F  67          	ld	h, a
1576  0510  CD 00 00    	call	_abs_fastcall
1577  0513  7D          	ld	a,l
1578  0514  32 00 00    	ld	(_v0),a
1579  0517  D6 02       	sub	a,0x02
1580  0519  30 2D       	jr	NC,l_player_collision_00109
1581  051B  2A 00 00    	ld	hl,(_i)
1582  051E  26 00       	ld	h,0x00
1583  0520  01 00 00    	ld	bc,_lin
1584  0523  09          	add	hl,bc
1585  0524  4E          	ld	c,(hl)
1586  0525  06 00       	ld	b,0x00
1587  0527  ED 5B 0F 00 	ld	de,(_lin + 0x000f)
1588  052B  50          	ld	d,b
1589  052C  79          	ld	a, c
1590  052D  93          	sub	a, e
1591  052E  6F          	ld	l, a
1592  052F  78          	ld	a, b
1593  0530  9A          	sbc	a, d
1594  0531  67          	ld	h, a
1595  0532  CD 00 00    	call	_abs_fastcall
1596  0535  7D          	ld	a,l
1597  0536  32 00 00    	ld	(_v1),a
1598  0539  D6 10       	sub	a,0x10
1599  053B  30 0B       	jr	NC,l_player_collision_00109
1600  053D  21 FF FF    	ld	hl,0xffff
1601  0540  22 00 00    	ld	(_player_kill_index),hl
1602  0543  21 00 00    	ld	hl,_player_killed
1603  0546  36 01       	ld	(hl),0x01
1604  0548              l_player_collision_00109:
1605  0548  21 00 00    	ld	hl,_i
1606  054B  7E          	ld	a,(hl)
1607  054C  3C          	inc	a
1608  054D  77          	ld	(hl),a
1609  054E  D6 0F       	sub	a,0x0f
1610  0550  38 9A       	jr	C,l_player_collision_00108
1611  0552  C9          	ret
1612  0553              	SECTION code_compiler
1613  0553              ;	---------------------------------
1614  0553              ; Function player_get_floor
1615  0553              ; ---------------------------------
1616  0553              _player_get_floor:
1617  0553  21 0F 00    	ld	hl,+(_col + 0x000f)
1618  0556  56          	ld	d, (hl)
1619  0557  3A 0F 00    	ld	a,(_lin + 0x000f)
1620  055A  C6 10       	add	a,0x10
1621  055C  5F          	ld	e, a
1622  055D  D5          	push	de
1623  055E  CD 00 00    	call	_spr_calc_index
1624  0561  F1          	pop	af
1625  0562  22 00 00    	ld	(_index1),hl
1626  0565  21 00 00    	ld	hl,_i
1627  0568  36 00       	ld	(hl),0x00
1628  056A  01 00 00    	ld	bc,_scr_map+0
1629  056D              l_player_get_floor_00113:
1630  056D  3A 00 00    	ld	a,(_i)
1631  0570  D6 10       	sub	a,0x10
1632  0572  30 6D       	jr	NC,l_player_get_floor_00115
1633  0574  2A 00 00    	ld	hl,(_index1)
1634  0577  09          	add	hl,bc
1635  0578  7E          	ld	a,(hl)
1636  0579  32 00 00    	ld	(_v0),a
1637  057C  ED 5B 00 00 	ld	de,(_index1)
1638  0580  13          	inc	de
1639  0581  69          	ld	l, c
1640  0582  60          	ld	h, b
1641  0583  19          	add	hl, de
1642  0584  7E          	ld	a, (hl)
1643  0585  32 00 00    	ld	(_v1),a
1644  0588  3A 00 00    	ld	a,(_v0)
1645  058B  B7          	or	a, a
1646  058C  28 13       	jr	Z,l_player_get_floor_00112
1647  058E  D6 08       	sub	a,0x08
1648  0590  28 0F       	jr	Z,l_player_get_floor_00112
1649  0592  3A 00 00    	ld	a,(_v0)
1650  0595  FE 05       	cp	a,0x05
1651  0597  28 08       	jr	Z,l_player_get_floor_00112
1652  0599  FE 06       	cp	a,0x06
1653  059B  28 04       	jr	Z,l_player_get_floor_00112
1654  059D  D6 1C       	sub	a,0x1c
1655  059F  38 29       	jr	C,l_player_get_floor_00102
1656  05A1              l_player_get_floor_00112:
1657  05A1  3A 00 00    	ld	a,(_v1)
1658  05A4  B7          	or	a, a
1659  05A5  28 13       	jr	Z,l_player_get_floor_00101
1660  05A7  D6 08       	sub	a,0x08
1661  05A9  28 0F       	jr	Z,l_player_get_floor_00101
1662  05AB  3A 00 00    	ld	a,(_v1)
1663  05AE  FE 05       	cp	a,0x05
1664  05B0  28 08       	jr	Z,l_player_get_floor_00101
1665  05B2  FE 06       	cp	a,0x06
1666  05B4  28 04       	jr	Z,l_player_get_floor_00101
1667  05B6  D6 1C       	sub	a,0x1c
1668  05B8  38 10       	jr	C,l_player_get_floor_00102
1669  05BA              l_player_get_floor_00101:
1670  05BA  2A 00 00    	ld	hl,(_index1)
1671  05BD  11 20 00    	ld	de,0x0020
1672  05C0  19          	add	hl,de
1673  05C1  22 00 00    	ld	(_index1),hl
1674  05C4  21 00 00    	ld	hl,_i
1675  05C7  34          	inc	(hl)
1676  05C8  18 A3       	jr	l_player_get_floor_00113
1677  05CA              l_player_get_floor_00102:
1678  05CA  2A 00 00    	ld	hl,(_index1)
1679  05CD  4D          	ld	c,l
1680  05CE  5C          	ld	e,h
1681  05CF  06 05       	ld	b,0x05
1682  05D1  79          	ld	a,c
1683  05D2              l_player_get_floor_00164:
1684  05D2  CB 3B       	srl	e
1685  05D4  1F          	rra
1686  05D5  10 FB       	djnz	l_player_get_floor_00164
1687  05D7  07          	rlca
1688  05D8  07          	rlca
1689  05D9  07          	rlca
1690  05DA  E6 F8       	and	a,0xf8
1691  05DC  C6 F0       	add	a,0xf0
1692  05DE  6F          	ld	l, a
1693  05DF  18 02       	jr	l_player_get_floor_00116
1694  05E1              l_player_get_floor_00115:
1695  05E1  2E 68       	ld	l,0x68
1696  05E3              l_player_get_floor_00116:
1697  05E3  C9          	ret
1698  05E4              	SECTION code_compiler
1699  05E4              ;	---------------------------------
1700  05E4              ; Function player_check_input
1701  05E4              ; ---------------------------------
1702  05E4              _player_check_input:
1703  05E4  21 00 00    	ld	hl,_dirs
1704  05E7  CB 56       	bit	2,(hl)
1705  05E9  28 06       	jr	Z,l_player_check_input_00102
1706  05EB  CB 5E       	bit	3,(hl)
1707  05ED  28 02       	jr	Z,l_player_check_input_00102
1708  05EF  36 00       	ld	(hl),0x00
1709  05F1              l_player_check_input_00102:
1710  05F1  21 00 00    	ld	hl,_dirs
1711  05F4  CB 56       	bit	2,(hl)
1712  05F6  20 08       	jr	NZ,l_player_check_input_00104
1713  05F8  CB 5E       	bit	3,(hl)
1714  05FA  20 04       	jr	NZ,l_player_check_input_00104
1715  05FC  CB 7E       	bit	7, (hl)
1716  05FE  28 04       	jr	Z,l_player_check_input_00105
1717  0600              l_player_check_input_00104:
1718  0600  2E 01       	ld	l,0x01
1719  0602  18 02       	jr	l_player_check_input_00108
1720  0604              l_player_check_input_00105:
1721  0604  2E 00       	ld	l,0x00
1722  0606              l_player_check_input_00108:
1723  0606  C9          	ret
1724  0607              	SECTION code_compiler
1725  0607              ;	---------------------------------
1726  0607              ; Function player_1up
1727  0607              ; ---------------------------------
1728  0607              _player_1up:
1729  0607  21 00 00    	ld	hl,_player_lives
1730  060A  7E          	ld	a, (hl)
1731  060B  D6 64       	sub	a,0x64
1732  060D  D0          	ret	NC
1733  060E  34          	inc	(hl)
1734  060F  CD 00 00    	call	_spr_flatten
1735  0612  21 00 00    	ld	hl,___str_0
1736  0615  E5          	push	hl
1737  0616  21 0C 0C    	ld	hl,0x0c0c
1738  0619  E5          	push	hl
1739  061A  CD 00 00    	call	_zx_print_str
1740  061D  AF          	xor	a, a
1741  061E  F5          	push	af
1742  061F  33          	inc	sp
1743  0620  21 19 00    	ld	hl,0x0019
1744  0623  E5          	push	hl
1745  0624  21 0C 11    	ld	hl,0x110c
1746  0627  E5          	push	hl
1747  0628  3E 0C       	ld	a,0x0c
1748  062A  F5          	push	af
1749  062B  33          	inc	sp
1750  062C  CD 00 00    	call	_game_colour_message
1751  062F  F1          	pop	af
1752  0630  F1          	pop	af
1753  0631  F1          	pop	af
1754  0632  CD 00 00    	call	_game_update_stats
1755  0635  CD 00 00    	call	_spr_unflattenP1
1756  0638  C9          	ret
1757  0639              	SECTION rodata_compiler
1758  0000              ___str_0:
1759  0000  31 20 55 50 21 
                        	DEFM "1 UP!"
1760  0005  00          	DEFB 0x00
1761  0006              	SECTION code_compiler
1762  0639              ;	---------------------------------
1763  0639              ; Function player_tile
1764  0639              ; ---------------------------------
1765  0639              _player_tile:
1766  0639  CD 00 00    	call	___sdcc_enter_ix
1767  063C  21 05 00    	ld	hl,0x0005
1768  063F  39          	add	hl, sp
1769  0640  EB          	ex	de,hl
1770  0641  21 04 00    	ld	hl,0x0004
1771  0644  39          	add	hl, sp
1772  0645  D5          	push	de
1773  0646  E5          	push	hl
1774  0647  CD 00 00    	call	_spr_get_tile_dir
1775  064A  F1          	pop	af
1776  064B  F1          	pop	af
1777  064C  7D          	ld	a,l
1778  064D  32 0F 00    	ld	((_tile + 0x000f)),a
1779  0650  DD E1       	pop	ix
1780  0652  C9          	ret
1781  0653              	SECTION code_compiler
1782  0653              ;	---------------------------------
1783  0653              ; Function player_score_add
1784  0653              ; ---------------------------------
1785  0653              _player_score_add:
1786  0653  ED 4B 00 00 	ld	bc,(_player_score)
1787  0657  09          	add	hl,bc
1788  0658  22 00 00    	ld	(_player_score),hl
1789  065B  3A 00 00    	ld	a,(_game_score_top)
1790  065E  21 00 00    	ld	hl,_player_score
1791  0661  96          	sub	a, (hl)
1792  0662  3A 01 00    	ld	a,(_game_score_top + 1)
1793  0665  23          	inc	hl
1794  0666  9E          	sbc	a, (hl)
1795  0667  D2 00 00    	jp	NC,_game_print_score
1796  066A  2A 00 00    	ld	hl,(_player_score)
1797  066D  22 00 00    	ld	(_game_score_top),hl
1798  0670  C3 00 00    	jp  _game_print_score
1799  0673              	SECTION code_compiler
1800  0673              ;	---------------------------------
1801  0673              ; Function player_pick_item
1802  0673              ; ---------------------------------
1803  0673              _player_pick_item:
1804  0673  CD 00 00    	call	___sdcc_enter_ix
1805  0676  DD 7E 04    	ld	a,(ix+4)
1806  0679  D6 08       	sub	a,0x08
1807  067B  20 1E       	jr	NZ,l_player_pick_item_00102
1808  067D  3E 00       	ld	a, +((_scr_map) & 0xFF)
1809  067F  DD 86 05    	add	a,(ix+5)
1810  0682  4F          	ld	c, a
1811  0683  3E 00       	ld	a, +((_scr_map) / 256)
1812  0685  DD 8E 06    	adc	a,(ix+6)
1813  0688  47          	ld	b, a
1814  0689  AF          	xor	a, a
1815  068A  02          	ld	(bc), a
1816  068B  21 00 00    	ld	hl,_player_coins
1817  068E  34          	inc	(hl)
1818  068F  2E 06       	ld	l,0x06
1819  0691  CD 00 00    	call	_zx_border_fastcall
1820  0694  CD 00 00    	call	_audio_coin
1821  0697  2E 00       	ld	l,0x00
1822  0699  18 03       	jr	l_player_pick_item_00103
1823  069B              l_player_pick_item_00102:
1824  069B  DD 6E 04    	ld	l,(ix+4)
1825  069E              l_player_pick_item_00103:
1826  069E  DD E1       	pop	ix
1827  06A0  C9          	ret
1828  06A1              	SECTION code_compiler
1829  06A1              ;	---------------------------------
1830  06A1              ; Function player_pick_deadly
1831  06A1              ; ---------------------------------
1832  06A1              _player_pick_deadly:
1833  06A1  CD 00 00    	call	___sdcc_enter_ix
1834  06A4  DD 7E 04    	ld	a,(ix+4)
1835  06A7  D6 05       	sub	a,0x05
1836  06A9  28 07       	jr	Z,l_player_pick_deadly_00101
1837  06AB  DD 7E 04    	ld	a,(ix+4)
1838  06AE  D6 06       	sub	a,0x06
1839  06B0  20 1E       	jr	NZ,l_player_pick_deadly_00102
1840  06B2              l_player_pick_deadly_00101:
1841  06B2  21 00 00    	ld	hl,_player_killed
1842  06B5  36 01       	ld	(hl),0x01
1843  06B7  2A 00 00    	ld	hl,(_index1)
1844  06BA  22 00 00    	ld	(_player_kill_index),hl
1845  06BD  2E 02       	ld	l,0x02
1846  06BF  CD 00 00    	call	_zx_border_fastcall
1847  06C2  21 00 00    	ld	hl,_v0
1848  06C5  36 00       	ld	(hl),0x00
1849  06C7  21 00 00    	ld	hl,_v1
1850  06CA  36 00       	ld	(hl),0x00
1851  06CC  2E 00       	ld	l,0x00
1852  06CE  18 03       	jr	l_player_pick_deadly_00104
1853  06D0              l_player_pick_deadly_00102:
1854  06D0  DD 6E 04    	ld	l,(ix+4)
1855  06D3              l_player_pick_deadly_00104:
1856  06D3  DD E1       	pop	ix
1857  06D5  C9          	ret
1858  06D6              	SECTION code_compiler
1859  06D6              ;	---------------------------------
1860  06D6              ; Function player_pick_exit
1861  06D6              ; ---------------------------------
1862  06D6              _player_pick_exit:
1863  06D6  CD 00 00    	call	___sdcc_enter_ix
1864  06D9  DD 7E 04    	ld	a,(ix+4)
1865  06DC  D6 1C       	sub	a,0x1c
1866  06DE  38 0C       	jr	C,l_player_pick_exit_00102
1867  06E0  ED 4B 00 00 	ld	bc,(_p_state)
1868  06E4  0A          	ld	a,(bc)
1869  06E5  F6 20       	or	a,0x20
1870  06E7  02          	ld	(bc), a
1871  06E8  2E 00       	ld	l,0x00
1872  06EA  18 03       	jr	l_player_pick_exit_00103
1873  06EC              l_player_pick_exit_00102:
1874  06EC  DD 6E 04    	ld	l,(ix+4)
1875  06EF              l_player_pick_exit_00103:
1876  06EF  DD E1       	pop	ix
1877  06F1  C9          	ret
1878  06F2              	SECTION code_compiler
1879  06F2              ;	---------------------------------
1880  06F2              ; Function player_check_ceil
1881  06F2              ; ---------------------------------
1882  06F2              _player_check_ceil:
1883  06F2  CD 00 00    	call	___sdcc_enter_ix
1884  06F5  3A 0F 00    	ld	a,(_colint + 0x000f)
1885  06F8  D6 03       	sub	a,0x03
1886  06FA  30 18       	jr	NC,l_player_check_ceil_00102
1887  06FC  DD 66 05    	ld	h,(ix+5)
1888  06FF  DD 6E 04    	ld	l,(ix+4)
1889  0702  E5          	push	hl
1890  0703  CD 00 00    	call	_spr_calc_index
1891  0706  F1          	pop	af
1892  0707  22 00 00    	ld	(_index1),hl
1893  070A  01 00 00    	ld	bc,_scr_map
1894  070D  09          	add	hl,bc
1895  070E  7E          	ld	a,(hl)
1896  070F  32 00 00    	ld	(_v0),a
1897  0712  18 05       	jr	l_player_check_ceil_00103
1898  0714              l_player_check_ceil_00102:
1899  0714  21 00 00    	ld	hl,_v0
1900  0717  36 00       	ld	(hl),0x00
1901  0719              l_player_check_ceil_00103:
1902  0719  3A 0F 00    	ld	a,(_colint + 0x000f)
1903  071C  B7          	or	a, a
1904  071D  28 19       	jr	Z,l_player_check_ceil_00105
1905  071F  DD 46 05    	ld	b,(ix+5)
1906  0722  04          	inc	b
1907  0723  DD 4E 04    	ld	c,(ix+4)
1908  0726  C5          	push	bc
1909  0727  CD 00 00    	call	_spr_calc_index
1910  072A  F1          	pop	af
1911  072B  22 00 00    	ld	(_index1),hl
1912  072E  01 00 00    	ld	bc,_scr_map
1913  0731  09          	add	hl,bc
1914  0732  7E          	ld	a,(hl)
1915  0733  32 00 00    	ld	(_v1),a
1916  0736  18 05       	jr	l_player_check_ceil_00106
1917  0738              l_player_check_ceil_00105:
1918  0738  21 00 00    	ld	hl,_v1
1919  073B  36 00       	ld	(hl),0x00
1920  073D              l_player_check_ceil_00106:
1921  073D  3A 00 00    	ld	a,(_v0)
1922  0740  D6 03       	sub	a,0x03
1923  0742  28 0B       	jr	Z,l_player_check_ceil_00108
1924  0744  3A 00 00    	ld	a,(_v1)
1925  0747  D6 03       	sub	a,0x03
1926  0749  28 04       	jr	Z,l_player_check_ceil_00108
1927  074B  2E 01       	ld	l,0x01
1928  074D  18 02       	jr	l_player_check_ceil_00110
1929  074F              l_player_check_ceil_00108:
1930  074F  2E 00       	ld	l,0x00
1931  0751              l_player_check_ceil_00110:
1932  0751  DD E1       	pop	ix
1933  0753  C9          	ret
1934  0754              	SECTION code_compiler
1935  0754              ;	---------------------------------
1936  0754              ; Function player_check_floor
1937  0754              ; ---------------------------------
1938  0754              _player_check_floor:
1939  0754  CD 00 00    	call	___sdcc_enter_ix
1940  0757  F5          	push	af
1941  0758  F5          	push	af
1942  0759  3A 0F 00    	ld	a,(_col + 0x000f)
1943  075C  DD 86 04    	add	a,(ix+4)
1944  075F  57          	ld	d, a
1945  0760  3A 0F 00    	ld	a,(_lin + 0x000f)
1946  0763  C6 10       	add	a,0x10
1947  0765  5F          	ld	e, a
1948  0766  D5          	push	de
1949  0767  CD 00 00    	call	_spr_calc_index
1950  076A  F1          	pop	af
1951  076B  22 00 00    	ld	(_index1),hl
1952  076E  3E 00       	ld	a,+((_scr_map) & 0xFF)
1953  0770  21 00 00    	ld	hl,_index1
1954  0773  86          	add	a, (hl)
1955  0774  DD 77 FC    	ld	(ix-4),a
1956  0777  3E 00       	ld	a, +((_scr_map) / 256)
1957  0779  23          	inc	hl
1958  077A  8E          	adc	a, (hl)
1959  077B  DD 77 FD    	ld	(ix-3),a
1960  077E  E1          	pop	hl
1961  077F  7E          	ld	a,(hl)
1962  0780  E5          	push	hl
1963  0781  DD 77 FF    	ld	(ix-1),a
1964  0784  32 00 00    	ld	(_v0),a
1965  0787  B7          	or	a,a
1966  0788  28 0F       	jr	Z,l_player_check_floor_00101
1967  078A  D6 08       	sub	a,0x08
1968  078C  28 0B       	jr	Z,l_player_check_floor_00101
1969  078E  3A 00 00    	ld	a,(_v0)
1970  0791  FE 05       	cp	a,0x05
1971  0793  28 04       	jr	Z,l_player_check_floor_00101
1972  0795  D6 06       	sub	a,0x06
1973  0797  20 05       	jr	NZ,l_player_check_floor_00102
1974  0799              l_player_check_floor_00101:
1975  0799  2E 01       	ld	l,0x01
1976  079B  C3 30 08    	jp	l_player_check_floor_00115
1977  079E              l_player_check_floor_00102:
1978  079E  3A 00 00    	ld	a,(_v0)
1979  07A1  D6 02       	sub	a,0x02
1980  07A3  20 04       	jr	NZ,l_player_check_floor_00149
1981  07A5  3E 01       	ld	a,0x01
1982  07A7  18 01       	jr	l_player_check_floor_00150
1983  07A9              l_player_check_floor_00149:
1984  07A9  AF          	xor	a,a
1985  07AA              l_player_check_floor_00150:
1986  07AA  DD 77 FE    	ld	(ix-2),a
1987  07AD  B7          	or	a, a
1988  07AE  20 0D       	jr	NZ,l_player_check_floor_00111
1989  07B0  21 00 00    	ld	hl,_v0
1990  07B3  7E          	ld	a, (hl)
1991  07B4  D6 09       	sub	a,0x09
1992  07B6  38 76       	jr	C,l_player_check_floor_00112
1993  07B8  3E 0B       	ld	a,0x0b
1994  07BA  96          	sub	a, (hl)
1995  07BB  38 71       	jr	C,l_player_check_floor_00112
1996  07BD              l_player_check_floor_00111:
1997  07BD  3A 0F 00    	ld	a,(_col + 0x000f)
1998  07C0  DD 86 04    	add	a,(ix+4)
1999  07C3  32 00 00    	ld	(_s_col1),a
2000  07C6  DD 7E FE    	ld	a,(ix-2)
2001  07C9  B7          	or	a, a
2002  07CA  28 06       	jr	Z,l_player_check_floor_00109
2003  07CC  E1          	pop	hl
2004  07CD  E5          	push	hl
2005  07CE  36 09       	ld	(hl),0x09
2006  07D0  18 29       	jr	l_player_check_floor_00110
2007  07D2              l_player_check_floor_00109:
2008  07D2  DD 7E FF    	ld	a,(ix-1)
2009  07D5  3C          	inc	a
2010  07D6  DD 77 FE    	ld	(ix-2),a
2011  07D9  E1          	pop	hl
2012  07DA  E5          	push	hl
2013  07DB  DD 7E FE    	ld	a,(ix-2)
2014  07DE  77          	ld	(hl), a
2015  07DF  3E 00       	ld	a, +((_scr_map) & 0xFF)
2016  07E1  21 00 00    	ld	hl,_index1
2017  07E4  86          	add	a, (hl)
2018  07E5  DD 77 FC    	ld	(ix-4),a
2019  07E8  3E 00       	ld	a, +((_scr_map) / 256)
2020  07EA  23          	inc	hl
2021  07EB  8E          	adc	a, (hl)
2022  07EC  DD 77 FD    	ld	(ix-3),a
2023  07EF  E1          	pop	hl
2024  07F0  4E          	ld	c,(hl)
2025  07F1  E5          	push	hl
2026  07F2  3E 0B       	ld	a,0x0b
2027  07F4  91          	sub	a, c
2028  07F5  30 04       	jr	NC,l_player_check_floor_00110
2029  07F7  E1          	pop	hl
2030  07F8  E5          	push	hl
2031  07F9  36 00       	ld	(hl),0x00
2032  07FB              l_player_check_floor_00110:
2033  07FB  2A 0F 00    	ld	hl,(_lin + 0x000f)
2034  07FE  26 00       	ld	h,0x00
2035  0800  01 10 00    	ld	bc,0x0010
2036  0803  09          	add	hl,bc
2037  0804  06 03       	ld	b,0x03
2038  0806              l_player_check_floor_00151:
2039  0806  CB 2C       	sra	h
2040  0808  CB 1D       	rr	l
2041  080A  10 FA       	djnz	l_player_check_floor_00151
2042  080C  2C          	inc	l
2043  080D  7D          	ld	a, l
2044  080E  07          	rlca
2045  080F  07          	rlca
2046  0810  07          	rlca
2047  0811  E6 F8       	and	a,0xf8
2048  0813  32 00 00    	ld	(_s_row1),a
2049  0816  01 00 00    	ld	bc,_scr_map
2050  0819  2A 00 00    	ld	hl,(_index1)
2051  081C  09          	add	hl,bc
2052  081D  46          	ld	b, (hl)
2053  081E  3A 00 00    	ld	a,(_s_col1)
2054  0821  F5          	push	af
2055  0822  33          	inc	sp
2056  0823  3A 00 00    	ld	a,(_s_row1)
2057  0826  48          	ld	c,b
2058  0827  47          	ld	b,a
2059  0828  C5          	push	bc
2060  0829  CD 00 00    	call	_game_sprite_draw8
2061  082C  F1          	pop	af
2062  082D  33          	inc	sp
2063  082E              l_player_check_floor_00112:
2064  082E  2E 00       	ld	l,0x00
2065  0830              l_player_check_floor_00115:
2066  0830  DD F9       	ld	sp, ix
2067  0832  DD E1       	pop	ix
2068  0834  C9          	ret
2069  0835              	SECTION code_compiler
2070  0835              ;	---------------------------------
2071  0835              ; Function player_lost_life
2072  0835              ; ---------------------------------
2073  0835              _player_lost_life:
2074  0835  CD 00 00    	call	___sdcc_enter_ix
2075  0838  F5          	push	af
2076  0839  CD 00 00    	call	_ay_reset
2077  083C  CD 00 00    	call	_audio_explosion
2078  083F  CD 00 00    	call	_game_update_stats
2079  0842  4F          	ld	c, a
2080  0843              l_player_lost_life_00104:
2081  0843  79          	ld	a, c
2082  0844  D6 20       	sub	a,0x20
2083  0846  30 7C       	jr	NC,l_player_lost_life_00106
2084  0848  21 00 00    	ld	hl,_player_kill_index
2085  084B  7E          	ld	a, (hl)
2086  084C  3C          	inc	a
2087  084D  20 05       	jr	NZ,l_player_lost_life_00135
2088  084F  23          	inc	hl
2089  0850  7E          	ld	a, (hl)
2090  0851  3C          	inc	a
2091  0852  28 3D       	jr	Z,l_player_lost_life_00102
2092  0854              l_player_lost_life_00135:
2093  0854  2A 00 00    	ld	hl,(_player_kill_index)
2094  0857  22 00 00    	ld	(_index1),hl
2095  085A  21 0F 00    	ld	hl,+(_col + 0x000f)
2096  085D  56          	ld	d, (hl)
2097  085E  3A 0F 00    	ld	a,(_lin + 0x000f)
2098  0861  C6 10       	add	a,0x10
2099  0863  5F          	ld	e, a
2100  0864  3A 0F 00    	ld	a,(_tile + 0x000f)
2101  0867  DD 77 FF    	ld	(ix-1),a
2102  086A  2A 0F 00    	ld	hl,(_colint + 0x000f)
2103  086D  DD 7E FF    	ld	a,(ix-1)
2104  0870  85          	add	a, l
2105  0871  47          	ld	b, a
2106  0872  C5          	push	bc
2107  0873  D5          	push	de
2108  0874  0E 07       	ld	c,0x07
2109  0876  C5          	push	bc
2110  0877  CD 00 00    	call	_NIRVANAP_spriteT_callee
2111  087A  C1          	pop	bc
2112  087B  76          	halt
2113  087C  C5          	push	bc
2114  087D  21 00 00    	ld	hl,0x0000
2115  0880  E5          	push	hl
2116  0881  2E 07       	ld	l,0x07
2117  0883  E5          	push	hl
2118  0884  CD 00 00    	call	_NIRVANAP_spriteT_callee
2119  0887  C1          	pop	bc
2120  0888  76          	halt
2121  0889  C5          	push	bc
2122  088A  CD 00 00    	call	_game_cell_paint_index
2123  088D  C1          	pop	bc
2124  088E  76          	halt
2125  088F  18 2A       	jr	l_player_lost_life_00103
2126  0891              l_player_lost_life_00102:
2127  0891  21 0F 00    	ld	hl,+(_col + 0x000f)
2128  0894  46          	ld	b, (hl)
2129  0895  3A 0F 00    	ld	a,(_lin + 0x000f)
2130  0898  C6 10       	add	a,0x10
2131  089A  57          	ld	d, a
2132  089B  3A 0F 00    	ld	a,(_tile + 0x000f)
2133  089E  2A 0F 00    	ld	hl, (_colint + 0x000f)
2134  08A1  85          	add	a, l
2135  08A2  C5          	push	bc
2136  08A3  4A          	ld	c, d
2137  08A4  C5          	push	bc
2138  08A5  57          	ld	d,a
2139  08A6  1E 07       	ld	e,0x07
2140  08A8  D5          	push	de
2141  08A9  CD 00 00    	call	_NIRVANAP_spriteT_callee
2142  08AC  C1          	pop	bc
2143  08AD  76          	halt
2144  08AE  C5          	push	bc
2145  08AF  21 00 00    	ld	hl,0x0000
2146  08B2  E5          	push	hl
2147  08B3  2E 07       	ld	l,0x07
2148  08B5  E5          	push	hl
2149  08B6  CD 00 00    	call	_NIRVANAP_spriteT_callee
2150  08B9  C1          	pop	bc
2151  08BA  76          	halt
2152  08BB              l_player_lost_life_00103:
2153  08BB  C5          	push	bc
2154  08BC  CD 00 00    	call	_game_rotate_attrib
2155  08BF  C1          	pop	bc
2156  08C0  0C          	inc	c
2157  08C1  C3 43 08    	jp	l_player_lost_life_00104
2158  08C4              l_player_lost_life_00106:
2159  08C4  3A 0F 00    	ld	a,(_lin + 0x000f)
2160  08C7  32 00 00    	ld	(_s_lin0),a
2161  08CA  3A 0F 00    	ld	a,(_col + 0x000f)
2162  08CD  32 00 00    	ld	(_s_col0),a
2163  08D0  CD 00 00    	call	_spr_init_effects
2164  08D3  3A 00 00    	ld	a,(_game_inf_lives)
2165  08D6  B7          	or	a, a
2166  08D7  20 04       	jr	NZ,l_player_lost_life_00108
2167  08D9  21 00 00    	ld	hl,_player_lives
2168  08DC  35          	dec	(hl)
2169  08DD              l_player_lost_life_00108:
2170  08DD  3A 00 00    	ld	a,(_player_lives)
2171  08E0  B7          	or	a, a
2172  08E1  28 05       	jr	Z,l_player_lost_life_00110
2173  08E3  CD 00 00    	call	_game_round_init
2174  08E6  18 0A       	jr	l_player_lost_life_00112
2175  08E8              l_player_lost_life_00110:
2176  08E8  21 00 00    	ld	hl,_player_lives
2177  08EB  36 00       	ld	(hl),0x00
2178  08ED  21 00 00    	ld	hl,_game_over
2179  08F0  36 01       	ld	(hl),0x01
2180  08F2              l_player_lost_life_00112:
2181  08F2  F1          	pop	af
2182  08F3  DD E1       	pop	ix
2183  08F5  C9          	ret
2184  08F6              	SECTION IGNORE
2185  0000              
