1     0000              MODULE globals_06_c
2     0000              LINE 0, "globals_06.c"
0     0000              
1     0000              ;--------------------------------------------------------
2     0000              ; File Created by SDCC : free open source ANSI-C Compiler
3     0000              ; Version 3.6.9 #9958 (Mac OS X i386)
4     0000              ;--------------------------------------------------------
5     0000              ; Processed by Z88DK
6     0000              ;--------------------------------------------------------
7     0000              
8     0000              	EXTERN __divschar
9     0000              	EXTERN __divschar_callee
10    0000              	EXTERN __divsint
11    0000              	EXTERN __divsint_callee
12    0000              	EXTERN __divslong
13    0000              	EXTERN __divslong_callee
14    0000              	EXTERN __divslonglong
15    0000              	EXTERN __divslonglong_callee
16    0000              	EXTERN __divsuchar
17    0000              	EXTERN __divsuchar_callee
18    0000              	EXTERN __divuchar
19    0000              	EXTERN __divuchar_callee
20    0000              	EXTERN __divuint
21    0000              	EXTERN __divuint_callee
22    0000              	EXTERN __divulong
23    0000              	EXTERN __divulong_callee
24    0000              	EXTERN __divulonglong
25    0000              	EXTERN __divulonglong_callee
26    0000              	EXTERN __divuschar
27    0000              	EXTERN __divuschar_callee
28    0000              	EXTERN __modschar
29    0000              	EXTERN __modschar_callee
30    0000              	EXTERN __modsint
31    0000              	EXTERN __modsint_callee
32    0000              	EXTERN __modslong
33    0000              	EXTERN __modslong_callee
34    0000              	EXTERN __modslonglong
35    0000              	EXTERN __modslonglong_callee
36    0000              	EXTERN __modsuchar
37    0000              	EXTERN __modsuchar_callee
38    0000              	EXTERN __moduchar
39    0000              	EXTERN __moduchar_callee
40    0000              	EXTERN __moduint
41    0000              	EXTERN __moduint_callee
42    0000              	EXTERN __modulong
43    0000              	EXTERN __modulong_callee
44    0000              	EXTERN __modulonglong
45    0000              	EXTERN __modulonglong_callee
46    0000              	EXTERN __moduschar
47    0000              	EXTERN __moduschar_callee
48    0000              	EXTERN __mulint
49    0000              	EXTERN __mulint_callee
50    0000              	EXTERN __mullong
51    0000              	EXTERN __mullong_callee
52    0000              	EXTERN __mullonglong
53    0000              	EXTERN __mullonglong_callee
54    0000              	EXTERN __mulschar
55    0000              	EXTERN __mulschar_callee
56    0000              	EXTERN __mulsuchar
57    0000              	EXTERN __mulsuchar_callee
58    0000              	EXTERN __muluschar
59    0000              	EXTERN __muluschar_callee
60    0000              	EXTERN __rlslonglong
61    0000              	EXTERN __rlslonglong_callee
62    0000              	EXTERN __rlulonglong
63    0000              	EXTERN __rlulonglong_callee
64    0000              	EXTERN __rrslonglong
65    0000              	EXTERN __rrslonglong_callee
66    0000              	EXTERN __rrulonglong
67    0000              	EXTERN __rrulonglong_callee
68    0000              	EXTERN ___sdcc_call_hl
69    0000              	EXTERN ___sdcc_call_iy
70    0000              	EXTERN ___sdcc_enter_ix
71    0000              	EXTERN _banked_call
72    0000              	EXTERN _banked_ret
73    0000              	EXTERN ___fs2schar
74    0000              	EXTERN ___fs2schar_callee
75    0000              	EXTERN ___fs2sint
76    0000              	EXTERN ___fs2sint_callee
77    0000              	EXTERN ___fs2slong
78    0000              	EXTERN ___fs2slong_callee
79    0000              	EXTERN ___fs2slonglong
80    0000              	EXTERN ___fs2slonglong_callee
81    0000              	EXTERN ___fs2uchar
82    0000              	EXTERN ___fs2uchar_callee
83    0000              	EXTERN ___fs2uint
84    0000              	EXTERN ___fs2uint_callee
85    0000              	EXTERN ___fs2ulong
86    0000              	EXTERN ___fs2ulong_callee
87    0000              	EXTERN ___fs2ulonglong
88    0000              	EXTERN ___fs2ulonglong_callee
89    0000              	EXTERN ___fsadd
90    0000              	EXTERN ___fsadd_callee
91    0000              	EXTERN ___fsdiv
92    0000              	EXTERN ___fsdiv_callee
93    0000              	EXTERN ___fseq
94    0000              	EXTERN ___fseq_callee
95    0000              	EXTERN ___fsgt
96    0000              	EXTERN ___fsgt_callee
97    0000              	EXTERN ___fslt
98    0000              	EXTERN ___fslt_callee
99    0000              	EXTERN ___fsmul
100   0000              	EXTERN ___fsmul_callee
101   0000              	EXTERN ___fsneq
102   0000              	EXTERN ___fsneq_callee
103   0000              	EXTERN ___fssub
104   0000              	EXTERN ___fssub_callee
105   0000              	EXTERN ___schar2fs
106   0000              	EXTERN ___schar2fs_callee
107   0000              	EXTERN ___sint2fs
108   0000              	EXTERN ___sint2fs_callee
109   0000              	EXTERN ___slong2fs
110   0000              	EXTERN ___slong2fs_callee
111   0000              	EXTERN ___slonglong2fs
112   0000              	EXTERN ___slonglong2fs_callee
113   0000              	EXTERN ___uchar2fs
114   0000              	EXTERN ___uchar2fs_callee
115   0000              	EXTERN ___uint2fs
116   0000              	EXTERN ___uint2fs_callee
117   0000              	EXTERN ___ulong2fs
118   0000              	EXTERN ___ulong2fs_callee
119   0000              	EXTERN ___ulonglong2fs
120   0000              	EXTERN ___ulonglong2fs_callee
121   0000              	EXTERN ____sdcc_2_copy_src_mhl_dst_deix
122   0000              	EXTERN ____sdcc_2_copy_src_mhl_dst_bcix
123   0000              	EXTERN ____sdcc_4_copy_src_mhl_dst_deix
124   0000              	EXTERN ____sdcc_4_copy_src_mhl_dst_bcix
125   0000              	EXTERN ____sdcc_4_copy_src_mhl_dst_mbc
126   0000              	EXTERN ____sdcc_4_ldi_nosave_bc
127   0000              	EXTERN ____sdcc_4_ldi_save_bc
128   0000              	EXTERN ____sdcc_4_push_hlix
129   0000              	EXTERN ____sdcc_4_push_mhl
130   0000              	EXTERN ____sdcc_lib_setmem_hl
131   0000              	EXTERN ____sdcc_ll_add_de_bc_hl
132   0000              	EXTERN ____sdcc_ll_add_de_bc_hlix
133   0000              	EXTERN ____sdcc_ll_add_de_hlix_bc
134   0000              	EXTERN ____sdcc_ll_add_de_hlix_bcix
135   0000              	EXTERN ____sdcc_ll_add_deix_bc_hl
136   0000              	EXTERN ____sdcc_ll_add_deix_hlix
137   0000              	EXTERN ____sdcc_ll_add_hlix_bc_deix
138   0000              	EXTERN ____sdcc_ll_add_hlix_deix_bc
139   0000              	EXTERN ____sdcc_ll_add_hlix_deix_bcix
140   0000              	EXTERN ____sdcc_ll_asr_hlix_a
141   0000              	EXTERN ____sdcc_ll_asr_mbc_a
142   0000              	EXTERN ____sdcc_ll_copy_src_de_dst_hlix
143   0000              	EXTERN ____sdcc_ll_copy_src_de_dst_hlsp
144   0000              	EXTERN ____sdcc_ll_copy_src_deix_dst_hl
145   0000              	EXTERN ____sdcc_ll_copy_src_deix_dst_hlix
146   0000              	EXTERN ____sdcc_ll_copy_src_deixm_dst_hlsp
147   0000              	EXTERN ____sdcc_ll_copy_src_desp_dst_hlsp
148   0000              	EXTERN ____sdcc_ll_copy_src_hl_dst_de
149   0000              	EXTERN ____sdcc_ll_copy_src_hlsp_dst_de
150   0000              	EXTERN ____sdcc_ll_copy_src_hlsp_dst_deixm
151   0000              	EXTERN ____sdcc_ll_lsl_hlix_a
152   0000              	EXTERN ____sdcc_ll_lsl_mbc_a
153   0000              	EXTERN ____sdcc_ll_lsr_hlix_a
154   0000              	EXTERN ____sdcc_ll_lsr_mbc_a
155   0000              	EXTERN ____sdcc_ll_push_hlix
156   0000              	EXTERN ____sdcc_ll_push_mhl
157   0000              	EXTERN ____sdcc_ll_sub_de_bc_hl
158   0000              	EXTERN ____sdcc_ll_sub_de_bc_hlix
159   0000              	EXTERN ____sdcc_ll_sub_de_hlix_bc
160   0000              	EXTERN ____sdcc_ll_sub_de_hlix_bcix
161   0000              	EXTERN ____sdcc_ll_sub_deix_bc_hl
162   0000              	EXTERN ____sdcc_ll_sub_deix_hlix
163   0000              	EXTERN ____sdcc_ll_sub_hlix_bc_deix
164   0000              	EXTERN ____sdcc_ll_sub_hlix_deix_bc
165   0000              	EXTERN ____sdcc_ll_sub_hlix_deix_bcix
166   0000              	EXTERN ____sdcc_load_debc_deix
167   0000              	EXTERN ____sdcc_load_dehl_deix
168   0000              	EXTERN ____sdcc_load_debc_mhl
169   0000              	EXTERN ____sdcc_load_hlde_mhl
170   0000              	EXTERN ____sdcc_store_dehl_bcix
171   0000              	EXTERN ____sdcc_store_debc_hlix
172   0000              	EXTERN ____sdcc_store_debc_mhl
173   0000              	EXTERN ____sdcc_cpu_pop_ei
174   0000              	EXTERN ____sdcc_cpu_pop_ei_jp
175   0000              	EXTERN ____sdcc_cpu_push_di
176   0000              	EXTERN ____sdcc_outi
177   0000              	EXTERN ____sdcc_outi_128
178   0000              	EXTERN ____sdcc_outi_256
179   0000              	EXTERN ____sdcc_ldi
180   0000              	EXTERN ____sdcc_ldi_128
181   0000              	EXTERN ____sdcc_ldi_256
182   0000              	EXTERN ____sdcc_4_copy_srcd_hlix_dst_deix
183   0000              	EXTERN ____sdcc_4_and_src_mbc_mhl_dst_deix
184   0000              	EXTERN ____sdcc_4_or_src_mbc_mhl_dst_deix
185   0000              	EXTERN ____sdcc_4_xor_src_mbc_mhl_dst_deix
186   0000              	EXTERN ____sdcc_4_or_src_dehl_dst_bcix
187   0000              	EXTERN ____sdcc_4_xor_src_dehl_dst_bcix
188   0000              	EXTERN ____sdcc_4_and_src_dehl_dst_bcix
189   0000              	EXTERN ____sdcc_4_xor_src_mbc_mhl_dst_debc
190   0000              	EXTERN ____sdcc_4_or_src_mbc_mhl_dst_debc
191   0000              	EXTERN ____sdcc_4_and_src_mbc_mhl_dst_debc
192   0000              	EXTERN ____sdcc_4_cpl_src_mhl_dst_debc
193   0000              	EXTERN ____sdcc_4_xor_src_debc_mhl_dst_debc
194   0000              	EXTERN ____sdcc_4_or_src_debc_mhl_dst_debc
195   0000              	EXTERN ____sdcc_4_and_src_debc_mhl_dst_debc
196   0000              	EXTERN ____sdcc_4_and_src_debc_hlix_dst_debc
197   0000              	EXTERN ____sdcc_4_or_src_debc_hlix_dst_debc
198   0000              	EXTERN ____sdcc_4_xor_src_debc_hlix_dst_debc
199   0000              
200   0000              ;--------------------------------------------------------
201   0000              ; Public variables in this module
202   0000              ;--------------------------------------------------------
203   0000              	GLOBAL _world0
204   0000              	GLOBAL _lenght0
205   0000              	GLOBAL _paper0
206   0000              	GLOBAL _start_scr0
207   0000              	GLOBAL _world0_h
208   0000              	GLOBAL _world0_w
209   0000              ;--------------------------------------------------------
210   0000              ; Externals used
211   0000              ;--------------------------------------------------------
212   0000              	GLOBAL _key_map
213   0000              	GLOBAL _spr_init
214   0000              	GLOBAL _zx_pattern_fill_callee
215   0000              	GLOBAL _zx_pattern_fill
216   0000              	GLOBAL _zx_saddrpup_fastcall
217   0000              	GLOBAL _zx_saddrpup
218   0000              	GLOBAL _zx_saddrpright_callee
219   0000              	GLOBAL _zx_saddrpright
220   0000              	GLOBAL _zx_saddrpleft_callee
221   0000              	GLOBAL _zx_saddrpleft
222   0000              	GLOBAL _zx_saddrpdown_fastcall
223   0000              	GLOBAL _zx_saddrpdown
224   0000              	GLOBAL _zx_saddrcup_fastcall
225   0000              	GLOBAL _zx_saddrcup
226   0000              	GLOBAL _zx_saddrcright_fastcall
227   0000              	GLOBAL _zx_saddrcright
228   0000              	GLOBAL _zx_saddrcleft_fastcall
229   0000              	GLOBAL _zx_saddrcleft
230   0000              	GLOBAL _zx_saddrcdown_fastcall
231   0000              	GLOBAL _zx_saddrcdown
232   0000              	GLOBAL _zx_saddr2py_fastcall
233   0000              	GLOBAL _zx_saddr2py
234   0000              	GLOBAL _zx_saddr2px_fastcall
235   0000              	GLOBAL _zx_saddr2px
236   0000              	GLOBAL _zx_saddr2cy_fastcall
237   0000              	GLOBAL _zx_saddr2cy
238   0000              	GLOBAL _zx_saddr2cx_fastcall
239   0000              	GLOBAL _zx_saddr2cx
240   0000              	GLOBAL _zx_saddr2aaddr_fastcall
241   0000              	GLOBAL _zx_saddr2aaddr
242   0000              	GLOBAL _zx_py2saddr_fastcall
243   0000              	GLOBAL _zx_py2saddr
244   0000              	GLOBAL _zx_py2aaddr_fastcall
245   0000              	GLOBAL _zx_py2aaddr
246   0000              	GLOBAL _zx_pxy2saddr_callee
247   0000              	GLOBAL _zx_pxy2saddr
248   0000              	GLOBAL _zx_pxy2aaddr_callee
249   0000              	GLOBAL _zx_pxy2aaddr
250   0000              	GLOBAL _zx_px2bitmask_fastcall
251   0000              	GLOBAL _zx_px2bitmask
252   0000              	GLOBAL _zx_cy2saddr_fastcall
253   0000              	GLOBAL _zx_cy2saddr
254   0000              	GLOBAL _zx_cy2aaddr_fastcall
255   0000              	GLOBAL _zx_cy2aaddr
256   0000              	GLOBAL _zx_cxy2saddr_callee
257   0000              	GLOBAL _zx_cxy2saddr
258   0000              	GLOBAL _zx_cxy2aaddr_callee
259   0000              	GLOBAL _zx_cxy2aaddr
260   0000              	GLOBAL _zx_bitmask2px_fastcall
261   0000              	GLOBAL _zx_bitmask2px
262   0000              	GLOBAL _zx_aaddrcup_fastcall
263   0000              	GLOBAL _zx_aaddrcup
264   0000              	GLOBAL _zx_aaddrcright_fastcall
265   0000              	GLOBAL _zx_aaddrcright
266   0000              	GLOBAL _zx_aaddrcleft_fastcall
267   0000              	GLOBAL _zx_aaddrcleft
268   0000              	GLOBAL _zx_aaddrcdown_fastcall
269   0000              	GLOBAL _zx_aaddrcdown
270   0000              	GLOBAL _zx_aaddr2saddr_fastcall
271   0000              	GLOBAL _zx_aaddr2saddr
272   0000              	GLOBAL _zx_aaddr2py_fastcall
273   0000              	GLOBAL _zx_aaddr2py
274   0000              	GLOBAL _zx_aaddr2px_fastcall
275   0000              	GLOBAL _zx_aaddr2px
276   0000              	GLOBAL _zx_aaddr2cy_fastcall
277   0000              	GLOBAL _zx_aaddr2cy
278   0000              	GLOBAL _zx_aaddr2cx_fastcall
279   0000              	GLOBAL _zx_aaddr2cx
280   0000              	GLOBAL _zx_visit_wc_pix_callee
281   0000              	GLOBAL _zx_visit_wc_pix
282   0000              	GLOBAL _zx_visit_wc_attr_callee
283   0000              	GLOBAL _zx_visit_wc_attr
284   0000              	GLOBAL _zx_scroll_wc_up_pix_callee
285   0000              	GLOBAL _zx_scroll_wc_up_pix
286   0000              	GLOBAL _zx_scroll_wc_up_attr_callee
287   0000              	GLOBAL _zx_scroll_wc_up_attr
288   0000              	GLOBAL _zx_scroll_wc_up_callee
289   0000              	GLOBAL _zx_scroll_wc_up
290   0000              	GLOBAL _zx_scroll_up_pix_callee
291   0000              	GLOBAL _zx_scroll_up_pix
292   0000              	GLOBAL _zx_scroll_up_attr_callee
293   0000              	GLOBAL _zx_scroll_up_attr
294   0000              	GLOBAL _zx_scroll_up_callee
295   0000              	GLOBAL _zx_scroll_up
296   0000              	GLOBAL _zx_cls_wc_pix_callee
297   0000              	GLOBAL _zx_cls_wc_pix
298   0000              	GLOBAL _zx_cls_wc_attr_callee
299   0000              	GLOBAL _zx_cls_wc_attr
300   0000              	GLOBAL _zx_cls_wc_callee
301   0000              	GLOBAL _zx_cls_wc
302   0000              	GLOBAL _zx_cls_pix_fastcall
303   0000              	GLOBAL _zx_cls_pix
304   0000              	GLOBAL _zx_cls_attr_fastcall
305   0000              	GLOBAL _zx_cls_attr
306   0000              	GLOBAL _zx_cls_fastcall
307   0000              	GLOBAL _zx_cls
308   0000              	GLOBAL _zx_border_fastcall
309   0000              	GLOBAL _zx_border
310   0000              	GLOBAL _zx_tape_verify_block_callee
311   0000              	GLOBAL _zx_tape_verify_block
312   0000              	GLOBAL _zx_tape_save_block_callee
313   0000              	GLOBAL _zx_tape_save_block
314   0000              	GLOBAL _zx_tape_load_block_callee
315   0000              	GLOBAL _zx_tape_load_block
316   0000              	GLOBAL _in_mouse_kempston_wheel_delta
317   0000              	GLOBAL _in_mouse_kempston_wheel
318   0000              	GLOBAL _in_mouse_kempston_callee
319   0000              	GLOBAL _in_mouse_kempston
320   0000              	GLOBAL _in_mouse_kempston_setpos_callee
321   0000              	GLOBAL _in_mouse_kempston_setpos
322   0000              	GLOBAL _in_mouse_kempston_reset
323   0000              	GLOBAL _in_mouse_kempston_init
324   0000              	GLOBAL _in_mouse_amx_wheel_delta
325   0000              	GLOBAL _in_mouse_amx_wheel
326   0000              	GLOBAL _in_mouse_amx_callee
327   0000              	GLOBAL _in_mouse_amx
328   0000              	GLOBAL _in_mouse_amx_setpos_callee
329   0000              	GLOBAL _in_mouse_amx_setpos
330   0000              	GLOBAL _in_mouse_amx_reset
331   0000              	GLOBAL _in_mouse_amx_init_callee
332   0000              	GLOBAL _in_mouse_amx_init
333   0000              	GLOBAL _in_stick_sinclair2
334   0000              	GLOBAL _in_stick_sinclair1
335   0000              	GLOBAL _in_stick_kempston
336   0000              	GLOBAL _in_stick_fuller
337   0000              	GLOBAL _in_stick_cursor
338   0000              	GLOBAL _in_stick_keyboard_fastcall
339   0000              	GLOBAL _in_stick_keyboard
340   0000              	GLOBAL _in_wait_nokey
341   0000              	GLOBAL _in_wait_key
342   0000              	GLOBAL _in_test_key
343   0000              	GLOBAL _in_pause_fastcall
344   0000              	GLOBAL _in_pause
345   0000              	GLOBAL _in_key_scancode_fastcall
346   0000              	GLOBAL _in_key_scancode
347   0000              	GLOBAL _in_key_pressed_fastcall
348   0000              	GLOBAL _in_key_pressed
349   0000              	GLOBAL _in_inkey
350   0000              	GLOBAL _GLOBAL_ZX_PORT_7FFD
351   0000              	GLOBAL _GLOBAL_ZX_PORT_1FFD
352   0000              	GLOBAL _GLOBAL_ZX_PORT_FE
353   0000              	GLOBAL _scan_map
354   0000              	GLOBAL _map_paper_last_a
355   0000              	GLOBAL _map_paper_last
356   0000              	GLOBAL _map_paper_clr
357   0000              	GLOBAL _map_paper
358   0000              	GLOBAL _anim_count
359   0000              	GLOBAL _anim_respanwn
360   0000              	GLOBAL _anim_loop
361   0000              	GLOBAL _anim_end
362   0000              	GLOBAL _anim_int
363   0000              	GLOBAL _anim_tile
364   0000              	GLOBAL _anim_col
365   0000              	GLOBAL _anim_lin
366   0000              	GLOBAL _map_heigth
367   0000              	GLOBAL _map_width
368   0000              	GLOBAL _scr_curr
369   0000              	GLOBAL _scr_map
370   0000              	GLOBAL _spr_kind
371   0000              	GLOBAL _spr_frames
372   0000              	GLOBAL _spr_speed
373   0000              	GLOBAL _spr_tile
374   0000              	GLOBAL _screen_ink
375   0000              	GLOBAL _screen_paper
376   0000              	GLOBAL _game_start_scr
377   0000              	GLOBAL _game_score_top
378   0000              	GLOBAL _player_coins
379   0000              	GLOBAL _player_lives
380   0000              	GLOBAL _game_over
381   0000              	GLOBAL _game_sound
382   0000              	GLOBAL _game_inf_lives
383   0000              	GLOBAL _game_inmune
384   0000              	GLOBAL _sprite_curr_index
385   0000              	GLOBAL _spr_count
386   0000              	GLOBAL _last_rotated
387   0000              	GLOBAL _anim_time
388   0000              	GLOBAL _frame_time
389   0000              	GLOBAL _curr_time
390   0000              	GLOBAL _game_conveyor_flag
391   0000              	GLOBAL _game_conveyor_tile
392   0000              	GLOBAL _p_state_a
393   0000              	GLOBAL _p_state
394   0000              	GLOBAL _attrib_key
395   0000              	GLOBAL _attrib_red
396   0000              	GLOBAL _game_attrib_osd
397   0000              	GLOBAL _attrib_osd
398   0000              	GLOBAL _attrib_hl
399   0000              	GLOBAL _attrib
400   0000              	GLOBAL _zx_val_asm
401   0000              	GLOBAL _enemies
402   0000              	GLOBAL _tmp_ui
403   0000              	GLOBAL _tmp_sc
404   0000              	GLOBAL _tmp_uc
405   0000              	GLOBAL _tmp1
406   0000              	GLOBAL _tmp0
407   0000              	GLOBAL _tmp
408   0000              	GLOBAL _index1
409   0000              	GLOBAL _index0
410   0000              	GLOBAL _index_tmp
411   0000              	GLOBAL _loop_count
412   0000              	GLOBAL _s_class
413   0000              	GLOBAL _s_row1
414   0000              	GLOBAL _s_col1
415   0000              	GLOBAL _s_col0
416   0000              	GLOBAL _s_lin1
417   0000              	GLOBAL _s_lin0
418   0000              	GLOBAL _s_tile1
419   0000              	GLOBAL _s_tile0
420   0000              	GLOBAL _player_kill_index
421   0000              	GLOBAL _player_killed
422   0000              	GLOBAL _player_jump_top
423   0000              	GLOBAL _game_fps_show
424   0000              	GLOBAL _game_debug
425   0000              	GLOBAL _sprite
426   0000              	GLOBAL _fps
427   0000              	GLOBAL _game_tileset
428   0000              	GLOBAL _menu_curr_sel
429   0000              	GLOBAL _game_round_up
430   0000              	GLOBAL _game_conveyor_col1
431   0000              	GLOBAL _game_conveyor_col0
432   0000              	GLOBAL _game_conveyor_lin
433   0000              	GLOBAL _game_conveyor_dir
434   0000              	GLOBAL _game_song_play_start
435   0000              	GLOBAL _game_song_play
436   0000              	GLOBAL _game_world
437   0000              	GLOBAL _game_gravity
438   0000              	GLOBAL _player_jumpcount
439   0000              	GLOBAL _player_hit
440   0000              	GLOBAL _player_hit_time
441   0000              	GLOBAL _player_lin_scr
442   0000              	GLOBAL _player_col_scr
443   0000              	GLOBAL _player_vel_inc
444   0000              	GLOBAL _player_vel_y0
445   0000              	GLOBAL _player_vel_y
446   0000              	GLOBAL _player_score
447   0000              	GLOBAL _last_time
448   0000              	GLOBAL _obj_count
449   0000              	GLOBAL _obj_col
450   0000              	GLOBAL _obj_lin
451   0000              	GLOBAL _spr_timer
452   0000              	GLOBAL _jump_lin
453   0000              	GLOBAL _colint
454   0000              	GLOBAL _col
455   0000              	GLOBAL _tbuffer
456   0000              	GLOBAL _lin
457   0000              	GLOBAL _tile
458   0000              	GLOBAL _value_b
459   0000              	GLOBAL _value_a
460   0000              	GLOBAL _state_a
461   0000              	GLOBAL _state
462   0000              	GLOBAL _class
463   0000              	GLOBAL _dirs
464   0000              	GLOBAL _k1
465   0000              	GLOBAL _joyfunc2
466   0000              	GLOBAL _joyfunc1
467   0000              	GLOBAL _btiles
468   0000              	GLOBAL _v3
469   0000              	GLOBAL _v2
470   0000              	GLOBAL _v1
471   0000              	GLOBAL _v0
472   0000              	GLOBAL _i
473   0000              	GLOBAL _spec128
474   0000              ;--------------------------------------------------------
475   0000              ; special function registers
476   0000              ;--------------------------------------------------------
477   0000              defc _IO_FE	=	0x00fe
478   0000              defc _IO_1FFD	=	0x1ffd
479   0000              defc _IO_7FFD	=	0x7ffd
480   0000              ;--------------------------------------------------------
481   0000              ; ram data
482   0000              ;--------------------------------------------------------
483   0000              	SECTION bss_compiler
484   0000              ;--------------------------------------------------------
485   0000              ; ram data
486   0000              ;--------------------------------------------------------
487   0000              
488   0000              IF 0
489   0000              
490   0000              ; .area _INITIALIZED removed by z88dk
491   0000              
492   0000              
493   0000              ENDIF
494   0000              
495   0000              ;--------------------------------------------------------
496   0000              ; absolute external ram data
497   0000              ;--------------------------------------------------------
498   0000              	SECTION IGNORE
499   0000              ;--------------------------------------------------------
500   0000              ; global & static initialisations
501   0000              ;--------------------------------------------------------
502   0000              	SECTION code_crt_init
503   0000              ;--------------------------------------------------------
504   0000              ; Home
505   0000              ;--------------------------------------------------------
506   0000              	SECTION IGNORE
507   0000              ;--------------------------------------------------------
508   0000              ; code
509   0000              ;--------------------------------------------------------
510   0000              	SECTION BANK_6_MISC
511   0000              _world0_w:
512   0000  10          	DEFB +0x10
513   0001  04          	DEFB +0x04
514   0002  08          	DEFB +0x08
515   0003  01          	DEFB +0x01
516   0004              _world0_h:
517   0004  01          	DEFB +0x01
518   0005  04          	DEFB +0x04
519   0006  02          	DEFB +0x02
520   0007  10          	DEFB +0x10
521   0008              _start_scr0:
522   0008  00          	DEFB +0x00
523   0009  00          	DEFB +0x00
524   000A  00          	DEFB +0x00
525   000B  0F          	DEFB +0x0f
526   000C              _paper0:
527   000C  00          	DEFB +0x00
528   000D  08          	DEFB +0x08
529   000E  00          	DEFB +0x00
530   000F  00          	DEFB +0x00
531   0010  10          	DEFB +0x10
532   0011  08          	DEFB +0x08
533   0012  08          	DEFB +0x08
534   0013  08          	DEFB +0x08
535   0014  08          	DEFB +0x08
536   0015  08          	DEFB +0x08
537   0016  08          	DEFB +0x08
538   0017  08          	DEFB +0x08
539   0018  08          	DEFB +0x08
540   0019  00          	DEFB +0x00
541   001A  08          	DEFB +0x08
542   001B  08          	DEFB +0x08
543   001C  08          	DEFB +0x08
544   001D  00          	DEFB +0x00
545   001E  00          	DEFB +0x00
546   001F  08          	DEFB +0x08
547   0020  00          	DEFB +0x00
548   0021  00          	DEFB +0x00
549   0022  00          	DEFB +0x00
550   0023  00          	DEFB +0x00
551   0024  00          	DEFB +0x00
552   0025  00          	DEFB +0x00
553   0026  00          	DEFB +0x00
554   0027  00          	DEFB +0x00
555   0028  00          	DEFB +0x00
556   0029  00          	DEFB +0x00
557   002A  00          	DEFB +0x00
558   002B  00          	DEFB +0x00
559   002C  00          	DEFB +0x00
560   002D  00          	DEFB +0x00
561   002E  00          	DEFB +0x00
562   002F  00          	DEFB +0x00
563   0030  00          	DEFB +0x00
564   0031  00          	DEFB +0x00
565   0032  00          	DEFB +0x00
566   0033  00          	DEFB +0x00
567   0034  00          	DEFB +0x00
568   0035  00          	DEFB +0x00
569   0036  00          	DEFB +0x00
570   0037  00          	DEFB +0x00
571   0038  00          	DEFB +0x00
572   0039  00          	DEFB +0x00
573   003A  00          	DEFB +0x00
574   003B  00          	DEFB +0x00
575   003C  08          	DEFB +0x08
576   003D  00          	DEFB +0x00
577   003E  00          	DEFB +0x00
578   003F  00          	DEFB +0x00
579   0040  00          	DEFB +0x00
580   0041  00          	DEFB +0x00
581   0042  00          	DEFB +0x00
582   0043  00          	DEFB +0x00
583   0044  00          	DEFB +0x00
584   0045  00          	DEFB +0x00
585   0046  10          	DEFB +0x10
586   0047  10          	DEFB +0x10
587   0048  10          	DEFB +0x10
588   0049  10          	DEFB +0x10
589   004A  10          	DEFB +0x10
590   004B  10          	DEFB +0x10
591   004C              _lenght0:
592   004C  83          	DEFB +0x83
593   004D  AD          	DEFB +0xad
594   004E  8C          	DEFB +0x8c
595   004F  98          	DEFB +0x98
596   0050  A2          	DEFB +0xa2
597   0051  44          	DEFB +0x44
598   0052  44          	DEFB +0x44
599   0053  44          	DEFB +0x44
600   0054  44          	DEFB +0x44
601   0055  44          	DEFB +0x44
602   0056  44          	DEFB +0x44
603   0057  44          	DEFB +0x44
604   0058  44          	DEFB +0x44
605   0059  44          	DEFB +0x44
606   005A  44          	DEFB +0x44
607   005B  44          	DEFB +0x44
608   005C  44          	DEFB +0x44
609   005D  44          	DEFB +0x44
610   005E  44          	DEFB +0x44
611   005F  B7          	DEFB +0xb7
612   0060              _world0:
613   0060  03          	DEFB +0x03
614   0061  88          	DEFB +0x88
615   0062  00          	DEFB +0x00
616   0063  08          	DEFB +0x08
617   0064  00          	DEFB +0x00
618   0065  06          	DEFB +0x06
619   0066  84          	DEFB +0x84
620   0067  00          	DEFB +0x00
621   0068  06          	DEFB +0x06
622   0069  8C          	DEFB +0x8c
623   006A  00          	DEFB +0x00
624   006B  08          	DEFB +0x08
625   006C  00          	DEFB +0x00
626   006D  82          	DEFB +0x82
627   006E  03          	DEFB +0x03
628   006F  8F          	DEFB +0x8f
629   0070  00          	DEFB +0x00
630   0071  08          	DEFB +0x08
631   0072  8E          	DEFB +0x8e
632   0073  00          	DEFB +0x00
633   0074  82          	DEFB +0x82
634   0075  03          	DEFB +0x03
635   0076  9E          	DEFB +0x9e
636   0077  00          	DEFB +0x00
637   0078  82          	DEFB +0x82
638   0079  03          	DEFB +0x03
639   007A  9E          	DEFB +0x9e
640   007B  00          	DEFB +0x00
641   007C  82          	DEFB +0x82
642   007D  03          	DEFB +0x03
643   007E  96          	DEFB +0x96
644   007F  00          	DEFB +0x00
645   0080  05          	DEFB +0x05
646   0081  08          	DEFB +0x08
647   0082  82          	DEFB +0x82
648   0083  00          	DEFB +0x00
649   0084  05          	DEFB +0x05
650   0085  83          	DEFB +0x83
651   0086  00          	DEFB +0x00
652   0087  82          	DEFB +0x82
653   0088  03          	DEFB +0x03
654   0089  8D          	DEFB +0x8d
655   008A  01          	DEFB +0x01
656   008B  83          	DEFB +0x83
657   008C  02          	DEFB +0x02
658   008D  01          	DEFB +0x01
659   008E  83          	DEFB +0x83
660   008F  02          	DEFB +0x02
661   0090  8A          	DEFB +0x8a
662   0091  01          	DEFB +0x01
663   0092  82          	DEFB +0x82
664   0093  03          	DEFB +0x03
665   0094  9D          	DEFB +0x9d
666   0095  00          	DEFB +0x00
667   0096  08          	DEFB +0x08
668   0097  82          	DEFB +0x82
669   0098  03          	DEFB +0x03
670   0099  83          	DEFB +0x83
671   009A  01          	DEFB +0x01
672   009B  89          	DEFB +0x89
673   009C  00          	DEFB +0x00
674   009D  40          	DEFB +0x40
675   009E  91          	DEFB +0x91
676   009F  00          	DEFB +0x00
677   00A0  82          	DEFB +0x82
678   00A1  03          	DEFB +0x03
679   00A2  8C          	DEFB +0x8c
680   00A3  00          	DEFB +0x00
681   00A4  07          	DEFB +0x07
682   00A5  0E          	DEFB +0x0e
683   00A6  00          	DEFB +0x00
684   00A7  83          	DEFB +0x83
685   00A8  03          	DEFB +0x03
686   00A9  00          	DEFB +0x00
687   00AA  05          	DEFB +0x05
688   00AB  8A          	DEFB +0x8a
689   00AC  00          	DEFB +0x00
690   00AD  82          	DEFB +0x82
691   00AE  03          	DEFB +0x03
692   00AF  84          	DEFB +0x84
693   00B0  01          	DEFB +0x01
694   00B1  82          	DEFB +0x82
695   00B2  00          	DEFB +0x00
696   00B3  95          	DEFB +0x95
697   00B4  04          	DEFB +0x04
698   00B5  83          	DEFB +0x83
699   00B6  00          	DEFB +0x00
700   00B7  82          	DEFB +0x82
701   00B8  03          	DEFB +0x03
702   00B9  9C          	DEFB +0x9c
703   00BA  00          	DEFB +0x00
704   00BB  82          	DEFB +0x82
705   00BC  01          	DEFB +0x01
706   00BD  82          	DEFB +0x82
707   00BE  03          	DEFB +0x03
708   00BF  9E          	DEFB +0x9e
709   00C0  00          	DEFB +0x00
710   00C1  82          	DEFB +0x82
711   00C2  03          	DEFB +0x03
712   00C3  8B          	DEFB +0x8b
713   00C4  00          	DEFB +0x00
714   00C5  05          	DEFB +0x05
715   00C6  86          	DEFB +0x86
716   00C7  00          	DEFB +0x00
717   00C8  83          	DEFB +0x83
718   00C9  03          	DEFB +0x03
719   00CA  85          	DEFB +0x85
720   00CB  02          	DEFB +0x02
721   00CC  84          	DEFB +0x84
722   00CD  01          	DEFB +0x01
723   00CE  82          	DEFB +0x82
724   00CF  03          	DEFB +0x03
725   00D0  00          	DEFB +0x00
726   00D1  7F          	DEFB +0x7f
727   00D2  82          	DEFB +0x82
728   00D3  00          	DEFB +0x00
729   00D4  8E          	DEFB +0x8e
730   00D5  01          	DEFB +0x01
731   00D6  8A          	DEFB +0x8a
732   00D7  00          	DEFB +0x00
733   00D8  7E          	DEFB +0x7e
734   00D9  00          	DEFB +0x00
735   00DA  82          	DEFB +0x82
736   00DB  03          	DEFB +0x03
737   00DC  9E          	DEFB +0x9e
738   00DD  00          	DEFB +0x00
739   00DE  82          	DEFB +0x82
740   00DF  03          	DEFB +0x03
741   00E0  9E          	DEFB +0x9e
742   00E1  01          	DEFB +0x01
743   00E2  03          	DEFB +0x03
744   00E3  03          	DEFB +0x03
745   00E4  92          	DEFB +0x92
746   00E5  00          	DEFB +0x00
747   00E6  8E          	DEFB +0x8e
748   00E7  03          	DEFB +0x03
749   00E8  86          	DEFB +0x86
750   00E9  00          	DEFB +0x00
751   00EA  08          	DEFB +0x08
752   00EB  90          	DEFB +0x90
753   00EC  00          	DEFB +0x00
754   00ED  08          	DEFB +0x08
755   00EE  85          	DEFB +0x85
756   00EF  00          	DEFB +0x00
757   00F0  06          	DEFB +0x06
758   00F1  82          	DEFB +0x82
759   00F2  03          	DEFB +0x03
760   00F3  9E          	DEFB +0x9e
761   00F4  00          	DEFB +0x00
762   00F5  82          	DEFB +0x82
763   00F6  03          	DEFB +0x03
764   00F7  8C          	DEFB +0x8c
765   00F8  00          	DEFB +0x00
766   00F9  42          	DEFB +0x42
767   00FA  87          	DEFB +0x87
768   00FB  00          	DEFB +0x00
769   00FC  83          	DEFB +0x83
770   00FD  02          	DEFB +0x02
771   00FE  01          	DEFB +0x01
772   00FF  86          	DEFB +0x86
773   0100  00          	DEFB +0x00
774   0101  82          	DEFB +0x82
775   0102  03          	DEFB +0x03
776   0103  8C          	DEFB +0x8c
777   0104  00          	DEFB +0x00
778   0105  01          	DEFB +0x01
779   0106  12          	DEFB +0x12
780   0107  90          	DEFB +0x90
781   0108  00          	DEFB +0x00
782   0109  82          	DEFB +0x82
783   010A  03          	DEFB +0x03
784   010B  93          	DEFB +0x93
785   010C  01          	DEFB +0x01
786   010D  88          	DEFB +0x88
787   010E  00          	DEFB +0x00
788   010F  03          	DEFB +0x03
789   0110  82          	DEFB +0x82
790   0111  00          	DEFB +0x00
791   0112  82          	DEFB +0x82
792   0113  03          	DEFB +0x03
793   0114  94          	DEFB +0x94
794   0115  00          	DEFB +0x00
795   0116  84          	DEFB +0x84
796   0117  01          	DEFB +0x01
797   0118  03          	DEFB +0x03
798   0119  82          	DEFB +0x82
799   011A  02          	DEFB +0x02
800   011B  03          	DEFB +0x03
801   011C  82          	DEFB +0x82
802   011D  00          	DEFB +0x00
803   011E  82          	DEFB +0x82
804   011F  03          	DEFB +0x03
805   0120  01          	DEFB +0x01
806   0121  85          	DEFB +0x85
807   0122  02          	DEFB +0x02
808   0123  92          	DEFB +0x92
809   0124  00          	DEFB +0x00
810   0125  03          	DEFB +0x03
811   0126  08          	DEFB +0x08
812   0127  00          	DEFB +0x00
813   0128  03          	DEFB +0x03
814   0129  82          	DEFB +0x82
815   012A  00          	DEFB +0x00
816   012B  82          	DEFB +0x82
817   012C  03          	DEFB +0x03
818   012D  98          	DEFB +0x98
819   012E  00          	DEFB +0x00
820   012F  03          	DEFB +0x03
821   0130  82          	DEFB +0x82
822   0131  02          	DEFB +0x02
823   0132  03          	DEFB +0x03
824   0133  82          	DEFB +0x82
825   0134  00          	DEFB +0x00
826   0135  82          	DEFB +0x82
827   0136  03          	DEFB +0x03
828   0137  82          	DEFB +0x82
829   0138  00          	DEFB +0x00
830   0139  08          	DEFB +0x08
831   013A  85          	DEFB +0x85
832   013B  00          	DEFB +0x00
833   013C  87          	DEFB +0x87
834   013D  01          	DEFB +0x01
835   013E  83          	DEFB +0x83
836   013F  00          	DEFB +0x00
837   0140  84          	DEFB +0x84
838   0141  02          	DEFB +0x02
839   0142  82          	DEFB +0x82
840   0143  00          	DEFB +0x00
841   0144  03          	DEFB +0x03
842   0145  82          	DEFB +0x82
843   0146  02          	DEFB +0x02
844   0147  03          	DEFB +0x03
845   0148  82          	DEFB +0x82
846   0149  00          	DEFB +0x00
847   014A  82          	DEFB +0x82
848   014B  03          	DEFB +0x03
849   014C  98          	DEFB +0x98
850   014D  00          	DEFB +0x00
851   014E  03          	DEFB +0x03
852   014F  82          	DEFB +0x82
853   0150  02          	DEFB +0x02
854   0151  03          	DEFB +0x03
855   0152  82          	DEFB +0x82
856   0153  00          	DEFB +0x00
857   0154  82          	DEFB +0x82
858   0155  03          	DEFB +0x03
859   0156  82          	DEFB +0x82
860   0157  00          	DEFB +0x00
861   0158  04          	DEFB +0x04
862   0159  00          	DEFB +0x00
863   015A  82          	DEFB +0x82
864   015B  04          	DEFB +0x04
865   015C  92          	DEFB +0x92
866   015D  00          	DEFB +0x00
867   015E  03          	DEFB +0x03
868   015F  82          	DEFB +0x82
869   0160  02          	DEFB +0x02
870   0161  03          	DEFB +0x03
871   0162  82          	DEFB +0x82
872   0163  00          	DEFB +0x00
873   0164  82          	DEFB +0x82
874   0165  03          	DEFB +0x03
875   0166  8D          	DEFB +0x8d
876   0167  00          	DEFB +0x00
877   0168  84          	DEFB +0x84
878   0169  01          	DEFB +0x01
879   016A  00          	DEFB +0x00
880   016B  08          	DEFB +0x08
881   016C  85          	DEFB +0x85
882   016D  00          	DEFB +0x00
883   016E  03          	DEFB +0x03
884   016F  82          	DEFB +0x82
885   0170  02          	DEFB +0x02
886   0171  03          	DEFB +0x03
887   0172  82          	DEFB +0x82
888   0173  00          	DEFB +0x00
889   0174  82          	DEFB +0x82
890   0175  03          	DEFB +0x03
891   0176  00          	DEFB +0x00
892   0177  7F          	DEFB +0x7f
893   0178  85          	DEFB +0x85
894   0179  00          	DEFB +0x00
895   017A  84          	DEFB +0x84
896   017B  02          	DEFB +0x02
897   017C  8C          	DEFB +0x8c
898   017D  00          	DEFB +0x00
899   017E  43          	DEFB +0x43
900   017F  84          	DEFB +0x84
901   0180  00          	DEFB +0x00
902   0181  7E          	DEFB +0x7e
903   0182  00          	DEFB +0x00
904   0183  82          	DEFB +0x82
905   0184  03          	DEFB +0x03
906   0185  97          	DEFB +0x97
907   0186  00          	DEFB +0x00
908   0187  0C          	DEFB +0x0c
909   0188  1D          	DEFB +0x1d
910   0189  85          	DEFB +0x85
911   018A  00          	DEFB +0x00
912   018B  82          	DEFB +0x82
913   018C  03          	DEFB +0x03
914   018D  9E          	DEFB +0x9e
915   018E  01          	DEFB +0x01
916   018F  03          	DEFB +0x03
917   0190  03          	DEFB +0x03
918   0191  85          	DEFB +0x85
919   0192  00          	DEFB +0x00
920   0193  08          	DEFB +0x08
921   0194  83          	DEFB +0x83
922   0195  00          	DEFB +0x00
923   0196  06          	DEFB +0x06
924   0197  84          	DEFB +0x84
925   0198  00          	DEFB +0x00
926   0199  08          	DEFB +0x08
927   019A  82          	DEFB +0x82
928   019B  00          	DEFB +0x00
929   019C  07          	DEFB +0x07
930   019D  84          	DEFB +0x84
931   019E  00          	DEFB +0x00
932   019F  08          	DEFB +0x08
933   01A0  83          	DEFB +0x83
934   01A1  00          	DEFB +0x00
935   01A2  06          	DEFB +0x06
936   01A3  83          	DEFB +0x83
937   01A4  00          	DEFB +0x00
938   01A5  82          	DEFB +0x82
939   01A6  03          	DEFB +0x03
940   01A7  91          	DEFB +0x91
941   01A8  00          	DEFB +0x00
942   01A9  06          	DEFB +0x06
943   01AA  8C          	DEFB +0x8c
944   01AB  00          	DEFB +0x00
945   01AC  82          	DEFB +0x82
946   01AD  03          	DEFB +0x03
947   01AE  9E          	DEFB +0x9e
948   01AF  00          	DEFB +0x00
949   01B0  82          	DEFB +0x82
950   01B1  03          	DEFB +0x03
951   01B2  8C          	DEFB +0x8c
952   01B3  00          	DEFB +0x00
953   01B4  44          	DEFB +0x44
954   01B5  87          	DEFB +0x87
955   01B6  00          	DEFB +0x00
956   01B7  45          	DEFB +0x45
957   01B8  89          	DEFB +0x89
958   01B9  00          	DEFB +0x00
959   01BA  82          	DEFB +0x82
960   01BB  03          	DEFB +0x03
961   01BC  8C          	DEFB +0x8c
962   01BD  00          	DEFB +0x00
963   01BE  01          	DEFB +0x01
964   01BF  11          	DEFB +0x11
965   01C0  86          	DEFB +0x86
966   01C1  00          	DEFB +0x00
967   01C2  12          	DEFB +0x12
968   01C3  1D          	DEFB +0x1d
969   01C4  88          	DEFB +0x88
970   01C5  00          	DEFB +0x00
971   01C6  82          	DEFB +0x82
972   01C7  03          	DEFB +0x03
973   01C8  84          	DEFB +0x84
974   01C9  01          	DEFB +0x01
975   01CA  9A          	DEFB +0x9a
976   01CB  02          	DEFB +0x02
977   01CC  82          	DEFB +0x82
978   01CD  03          	DEFB +0x03
979   01CE  94          	DEFB +0x94
980   01CF  00          	DEFB +0x00
981   01D0  08          	DEFB +0x08
982   01D1  88          	DEFB +0x88
983   01D2  00          	DEFB +0x00
984   01D3  08          	DEFB +0x08
985   01D4  82          	DEFB +0x82
986   01D5  03          	DEFB +0x03
987   01D6  86          	DEFB +0x86
988   01D7  01          	DEFB +0x01
989   01D8  94          	DEFB +0x94
990   01D9  00          	DEFB +0x00
991   01DA  84          	DEFB +0x84
992   01DB  01          	DEFB +0x01
993   01DC  82          	DEFB +0x82
994   01DD  03          	DEFB +0x03
995   01DE  07          	DEFB +0x07
996   01DF  9D          	DEFB +0x9d
997   01E0  00          	DEFB +0x00
998   01E1  82          	DEFB +0x82
999   01E2  03          	DEFB +0x03
1000  01E3  07          	DEFB +0x07
1001  01E4  84          	DEFB +0x84
1002  01E5  00          	DEFB +0x00
1003  01E6  86          	DEFB +0x86
1004  01E7  04          	DEFB +0x04
1005  01E8  93          	DEFB +0x93
1006  01E9  00          	DEFB +0x00
1007  01EA  82          	DEFB +0x82
1008  01EB  03          	DEFB +0x03
1009  01EC  07          	DEFB +0x07
1010  01ED  97          	DEFB +0x97
1011  01EE  00          	DEFB +0x00
1012  01EF  86          	DEFB +0x86
1013  01F0  01          	DEFB +0x01
1014  01F1  82          	DEFB +0x82
1015  01F2  03          	DEFB +0x03
1016  01F3  06          	DEFB +0x06
1017  01F4  8C          	DEFB +0x8c
1018  01F5  00          	DEFB +0x00
1019  01F6  85          	DEFB +0x85
1020  01F7  01          	DEFB +0x01
1021  01F8  8A          	DEFB +0x8a
1022  01F9  00          	DEFB +0x00
1023  01FA  7E          	DEFB +0x7e
1024  01FB  00          	DEFB +0x00
1025  01FC  82          	DEFB +0x82
1026  01FD  03          	DEFB +0x03
1027  01FE  84          	DEFB +0x84
1028  01FF  00          	DEFB +0x00
1029  0200  86          	DEFB +0x86
1030  0201  01          	DEFB +0x01
1031  0202  94          	DEFB +0x94
1032  0203  00          	DEFB +0x00
1033  0204  82          	DEFB +0x82
1034  0205  03          	DEFB +0x03
1035  0206  00          	DEFB +0x00
1036  0207  7F          	DEFB +0x7f
1037  0208  8D          	DEFB +0x8d
1038  0209  00          	DEFB +0x00
1039  020A  44          	DEFB +0x44
1040  020B  84          	DEFB +0x84
1041  020C  00          	DEFB +0x00
1042  020D  8A          	DEFB +0x8a
1043  020E  01          	DEFB +0x01
1044  020F  82          	DEFB +0x82
1045  0210  03          	DEFB +0x03
1046  0211  8F          	DEFB +0x8f
1047  0212  00          	DEFB +0x00
1048  0213  01          	DEFB +0x01
1049  0214  12          	DEFB +0x12
1050  0215  8D          	DEFB +0x8d
1051  0216  00          	DEFB +0x00
1052  0217  82          	DEFB +0x82
1053  0218  03          	DEFB +0x03
1054  0219  9E          	DEFB +0x9e
1055  021A  01          	DEFB +0x01
1056  021B  03          	DEFB +0x03
1057  021C  03          	DEFB +0x03
1058  021D  08          	DEFB +0x08
1059  021E  85          	DEFB +0x85
1060  021F  00          	DEFB +0x00
1061  0220  06          	DEFB +0x06
1062  0221  86          	DEFB +0x86
1063  0222  00          	DEFB +0x00
1064  0223  93          	DEFB +0x93
1065  0224  03          	DEFB +0x03
1066  0225  8B          	DEFB +0x8b
1067  0226  00          	DEFB +0x00
1068  0227  08          	DEFB +0x08
1069  0228  8C          	DEFB +0x8c
1070  0229  00          	DEFB +0x00
1071  022A  08          	DEFB +0x08
1072  022B  83          	DEFB +0x83
1073  022C  00          	DEFB +0x00
1074  022D  7E          	DEFB +0x7e
1075  022E  00          	DEFB +0x00
1076  022F  82          	DEFB +0x82
1077  0230  03          	DEFB +0x03
1078  0231  9E          	DEFB +0x9e
1079  0232  00          	DEFB +0x00
1080  0233  82          	DEFB +0x82
1081  0234  03          	DEFB +0x03
1082  0235  92          	DEFB +0x92
1083  0236  00          	DEFB +0x00
1084  0237  86          	DEFB +0x86
1085  0238  01          	DEFB +0x01
1086  0239  86          	DEFB +0x86
1087  023A  00          	DEFB +0x00
1088  023B  82          	DEFB +0x82
1089  023C  03          	DEFB +0x03
1090  023D  9A          	DEFB +0x9a
1091  023E  00          	DEFB +0x00
1092  023F  84          	DEFB +0x84
1093  0240  01          	DEFB +0x01
1094  0241  82          	DEFB +0x82
1095  0242  03          	DEFB +0x03
1096  0243  01          	DEFB +0x01
1097  0244  85          	DEFB +0x85
1098  0245  00          	DEFB +0x00
1099  0246  01          	DEFB +0x01
1100  0247  89          	DEFB +0x89
1101  0248  00          	DEFB +0x00
1102  0249  01          	DEFB +0x01
1103  024A  8D          	DEFB +0x8d
1104  024B  00          	DEFB +0x00
1105  024C  82          	DEFB +0x82
1106  024D  03          	DEFB +0x03
1107  024E  8B          	DEFB +0x8b
1108  024F  00          	DEFB +0x00
1109  0250  82          	DEFB +0x82
1110  0251  01          	DEFB +0x01
1111  0252  82          	DEFB +0x82
1112  0253  00          	DEFB +0x00
1113  0254  08          	DEFB +0x08
1114  0255  84          	DEFB +0x84
1115  0256  00          	DEFB +0x00
1116  0257  83          	DEFB +0x83
1117  0258  01          	DEFB +0x01
1118  0259  86          	DEFB +0x86
1119  025A  00          	DEFB +0x00
1120  025B  08          	DEFB +0x08
1121  025C  82          	DEFB +0x82
1122  025D  03          	DEFB +0x03
1123  025E  83          	DEFB +0x83
1124  025F  02          	DEFB +0x02
1125  0260  9B          	DEFB +0x9b
1126  0261  00          	DEFB +0x00
1127  0262  82          	DEFB +0x82
1128  0263  03          	DEFB +0x03
1129  0264  86          	DEFB +0x86
1130  0265  00          	DEFB +0x00
1131  0266  82          	DEFB +0x82
1132  0267  01          	DEFB +0x01
1133  0268  91          	DEFB +0x91
1134  0269  00          	DEFB +0x00
1135  026A  83          	DEFB +0x83
1136  026B  01          	DEFB +0x01
1137  026C  82          	DEFB +0x82
1138  026D  00          	DEFB +0x00
1139  026E  82          	DEFB +0x82
1140  026F  03          	DEFB +0x03
1141  0270  91          	DEFB +0x91
1142  0271  00          	DEFB +0x00
1143  0272  83          	DEFB +0x83
1144  0273  01          	DEFB +0x01
1145  0274  8A          	DEFB +0x8a
1146  0275  00          	DEFB +0x00
1147  0276  82          	DEFB +0x82
1148  0277  03          	DEFB +0x03
1149  0278  04          	DEFB +0x04
1150  0279  00          	DEFB +0x00
1151  027A  04          	DEFB +0x04
1152  027B  9A          	DEFB +0x9a
1153  027C  00          	DEFB +0x00
1154  027D  01          	DEFB +0x01
1155  027E  82          	DEFB +0x82
1156  027F  03          	DEFB +0x03
1157  0280  8B          	DEFB +0x8b
1158  0281  00          	DEFB +0x00
1159  0282  83          	DEFB +0x83
1160  0283  01          	DEFB +0x01
1161  0284  87          	DEFB +0x87
1162  0285  00          	DEFB +0x00
1163  0286  83          	DEFB +0x83
1164  0287  01          	DEFB +0x01
1165  0288  86          	DEFB +0x86
1166  0289  00          	DEFB +0x00
1167  028A  82          	DEFB +0x82
1168  028B  03          	DEFB +0x03
1169  028C  85          	DEFB +0x85
1170  028D  00          	DEFB +0x00
1171  028E  82          	DEFB +0x82
1172  028F  01          	DEFB +0x01
1173  0290  8F          	DEFB +0x8f
1174  0291  00          	DEFB +0x00
1175  0292  06          	DEFB +0x06
1176  0293  84          	DEFB +0x84
1177  0294  00          	DEFB +0x00
1178  0295  83          	DEFB +0x83
1179  0296  01          	DEFB +0x01
1180  0297  82          	DEFB +0x82
1181  0298  03          	DEFB +0x03
1182  0299  46          	DEFB +0x46
1183  029A  84          	DEFB +0x84
1184  029B  00          	DEFB +0x00
1185  029C  47          	DEFB +0x47
1186  029D  8B          	DEFB +0x8b
1187  029E  00          	DEFB +0x00
1188  029F  82          	DEFB +0x82
1189  02A0  01          	DEFB +0x01
1190  02A1  89          	DEFB +0x89
1191  02A2  00          	DEFB +0x00
1192  02A3  7F          	DEFB +0x7f
1193  02A4  00          	DEFB +0x00
1194  02A5  82          	DEFB +0x82
1195  02A6  03          	DEFB +0x03
1196  02A7  01          	DEFB +0x01
1197  02A8  0A          	DEFB +0x0a
1198  02A9  83          	DEFB +0x83
1199  02AA  00          	DEFB +0x00
1200  02AB  06          	DEFB +0x06
1201  02AC  10          	DEFB +0x10
1202  02AD  97          	DEFB +0x97
1203  02AE  00          	DEFB +0x00
1204  02AF  82          	DEFB +0x82
1205  02B0  03          	DEFB +0x03
1206  02B1  9E          	DEFB +0x9e
1207  02B2  01          	DEFB +0x01
1208  02B3  03          	DEFB +0x03
1209  02B4  03          	DEFB +0x03
1210  02B5  8E          	DEFB +0x8e
1211  02B6  00          	DEFB +0x00
1212  02B7  4A          	DEFB +0x4a
1213  02B8  8F          	DEFB +0x8f
1214  02B9  00          	DEFB +0x00
1215  02BA  82          	DEFB +0x82
1216  02BB  03          	DEFB +0x03
1217  02BC  8F          	DEFB +0x8f
1218  02BD  00          	DEFB +0x00
1219  02BE  0B          	DEFB +0x0b
1220  02BF  8D          	DEFB +0x8d
1221  02C0  00          	DEFB +0x00
1222  02C1  08          	DEFB +0x08
1223  02C2  82          	DEFB +0x82
1224  02C3  03          	DEFB +0x03
1225  02C4  9E          	DEFB +0x9e
1226  02C5  00          	DEFB +0x00
1227  02C6  82          	DEFB +0x82
1228  02C7  03          	DEFB +0x03
1229  02C8  7F          	DEFB +0x7f
1230  02C9  89          	DEFB +0x89
1231  02CA  00          	DEFB +0x00
1232  02CB  48          	DEFB +0x48
1233  02CC  93          	DEFB +0x93
1234  02CD  00          	DEFB +0x00
1235  02CE  82          	DEFB +0x82
1236  02CF  03          	DEFB +0x03
1237  02D0  8A          	DEFB +0x8a
1238  02D1  00          	DEFB +0x00
1239  02D2  01          	DEFB +0x01
1240  02D3  0C          	DEFB +0x0c
1241  02D4  8B          	DEFB +0x8b
1242  02D5  00          	DEFB +0x00
1243  02D6  05          	DEFB +0x05
1244  02D7  86          	DEFB +0x86
1245  02D8  00          	DEFB +0x00
1246  02D9  82          	DEFB +0x82
1247  02DA  03          	DEFB +0x03
1248  02DB  8D          	DEFB +0x8d
1249  02DC  01          	DEFB +0x01
1250  02DD  84          	DEFB +0x84
1251  02DE  00          	DEFB +0x00
1252  02DF  84          	DEFB +0x84
1253  02E0  02          	DEFB +0x02
1254  02E1  86          	DEFB +0x86
1255  02E2  01          	DEFB +0x01
1256  02E3  83          	DEFB +0x83
1257  02E4  00          	DEFB +0x00
1258  02E5  82          	DEFB +0x82
1259  02E6  03          	DEFB +0x03
1260  02E7  89          	DEFB +0x89
1261  02E8  00          	DEFB +0x00
1262  02E9  08          	DEFB +0x08
1263  02EA  92          	DEFB +0x92
1264  02EB  00          	DEFB +0x00
1265  02EC  82          	DEFB +0x82
1266  02ED  01          	DEFB +0x01
1267  02EE  82          	DEFB +0x82
1268  02EF  03          	DEFB +0x03
1269  02F0  83          	DEFB +0x83
1270  02F1  00          	DEFB +0x00
1271  02F2  49          	DEFB +0x49
1272  02F3  90          	DEFB +0x90
1273  02F4  00          	DEFB +0x00
1274  02F5  05          	DEFB +0x05
1275  02F6  87          	DEFB +0x87
1276  02F7  00          	DEFB +0x00
1277  02F8  08          	DEFB +0x08
1278  02F9  00          	DEFB +0x00
1279  02FA  82          	DEFB +0x82
1280  02FB  03          	DEFB +0x03
1281  02FC  83          	DEFB +0x83
1282  02FD  00          	DEFB +0x00
1283  02FE  04          	DEFB +0x04
1284  02FF  0C          	DEFB +0x0c
1285  0300  8C          	DEFB +0x8c
1286  0301  00          	DEFB +0x00
1287  0302  8A          	DEFB +0x8a
1288  0303  04          	DEFB +0x04
1289  0304  83          	DEFB +0x83
1290  0305  00          	DEFB +0x00
1291  0306  82          	DEFB +0x82
1292  0307  03          	DEFB +0x03
1293  0308  83          	DEFB +0x83
1294  0309  00          	DEFB +0x00
1295  030A  8A          	DEFB +0x8a
1296  030B  01          	DEFB +0x01
1297  030C  91          	DEFB +0x91
1298  030D  00          	DEFB +0x00
1299  030E  82          	DEFB +0x82
1300  030F  03          	DEFB +0x03
1301  0310  9E          	DEFB +0x9e
1302  0311  00          	DEFB +0x00
1303  0312  82          	DEFB +0x82
1304  0313  03          	DEFB +0x03
1305  0314  82          	DEFB +0x82
1306  0315  02          	DEFB +0x02
1307  0316  8B          	DEFB +0x8b
1308  0317  01          	DEFB +0x01
1309  0318  84          	DEFB +0x84
1310  0319  00          	DEFB +0x00
1311  031A  87          	DEFB +0x87
1312  031B  01          	DEFB +0x01
1313  031C  85          	DEFB +0x85
1314  031D  00          	DEFB +0x00
1315  031E  01          	DEFB +0x01
1316  031F  82          	DEFB +0x82
1317  0320  03          	DEFB +0x03
1318  0321  86          	DEFB +0x86
1319  0322  00          	DEFB +0x00
1320  0323  08          	DEFB +0x08
1321  0324  03          	DEFB +0x03
1322  0325  08          	DEFB +0x08
1323  0326  95          	DEFB +0x95
1324  0327  00          	DEFB +0x00
1325  0328  82          	DEFB +0x82
1326  0329  03          	DEFB +0x03
1327  032A  82          	DEFB +0x82
1328  032B  01          	DEFB +0x01
1329  032C  85          	DEFB +0x85
1330  032D  00          	DEFB +0x00
1331  032E  03          	DEFB +0x03
1332  032F  85          	DEFB +0x85
1333  0330  00          	DEFB +0x00
1334  0331  03          	DEFB +0x03
1335  0332  7E          	DEFB +0x7e
1336  0333  00          	DEFB +0x00
1337  0334  03          	DEFB +0x03
1338  0335  89          	DEFB +0x89
1339  0336  00          	DEFB +0x00
1340  0337  08          	DEFB +0x08
1341  0338  83          	DEFB +0x83
1342  0339  00          	DEFB +0x00
1343  033A  82          	DEFB +0x82
1344  033B  03          	DEFB +0x03
1345  033C  84          	DEFB +0x84
1346  033D  00          	DEFB +0x00
1347  033E  05          	DEFB +0x05
1348  033F  82          	DEFB +0x82
1349  0340  00          	DEFB +0x00
1350  0341  03          	DEFB +0x03
1351  0342  85          	DEFB +0x85
1352  0343  00          	DEFB +0x00
1353  0344  03          	DEFB +0x03
1354  0345  82          	DEFB +0x82
1355  0346  00          	DEFB +0x00
1356  0347  87          	DEFB +0x87
1357  0348  03          	DEFB +0x03
1358  0349  82          	DEFB +0x82
1359  034A  05          	DEFB +0x05
1360  034B  85          	DEFB +0x85
1361  034C  00          	DEFB +0x00
1362  034D  82          	DEFB +0x82
1363  034E  03          	DEFB +0x03
1364  034F  87          	DEFB +0x87
1365  0350  01          	DEFB +0x01
1366  0351  90          	DEFB +0x90
1367  0352  03          	DEFB +0x03
1368  0353  87          	DEFB +0x87
1369  0354  01          	DEFB +0x01
1370  0355  03          	DEFB +0x03
1371  0356  03          	DEFB +0x03
1372  0357  9E          	DEFB +0x9e
1373  0358  00          	DEFB +0x00
1374  0359  82          	DEFB +0x82
1375  035A  03          	DEFB +0x03
1376  035B  9E          	DEFB +0x9e
1377  035C  00          	DEFB +0x00
1378  035D  82          	DEFB +0x82
1379  035E  03          	DEFB +0x03
1380  035F  9E          	DEFB +0x9e
1381  0360  00          	DEFB +0x00
1382  0361  82          	DEFB +0x82
1383  0362  03          	DEFB +0x03
1384  0363  9E          	DEFB +0x9e
1385  0364  00          	DEFB +0x00
1386  0365  82          	DEFB +0x82
1387  0366  03          	DEFB +0x03
1388  0367  9E          	DEFB +0x9e
1389  0368  00          	DEFB +0x00
1390  0369  82          	DEFB +0x82
1391  036A  03          	DEFB +0x03
1392  036B  9E          	DEFB +0x9e
1393  036C  00          	DEFB +0x00
1394  036D  82          	DEFB +0x82
1395  036E  03          	DEFB +0x03
1396  036F  9E          	DEFB +0x9e
1397  0370  00          	DEFB +0x00
1398  0371  82          	DEFB +0x82
1399  0372  03          	DEFB +0x03
1400  0373  9E          	DEFB +0x9e
1401  0374  00          	DEFB +0x00
1402  0375  82          	DEFB +0x82
1403  0376  03          	DEFB +0x03
1404  0377  9E          	DEFB +0x9e
1405  0378  00          	DEFB +0x00
1406  0379  82          	DEFB +0x82
1407  037A  03          	DEFB +0x03
1408  037B  9E          	DEFB +0x9e
1409  037C  00          	DEFB +0x00
1410  037D  82          	DEFB +0x82
1411  037E  03          	DEFB +0x03
1412  037F  9E          	DEFB +0x9e
1413  0380  00          	DEFB +0x00
1414  0381  82          	DEFB +0x82
1415  0382  03          	DEFB +0x03
1416  0383  9E          	DEFB +0x9e
1417  0384  00          	DEFB +0x00
1418  0385  82          	DEFB +0x82
1419  0386  03          	DEFB +0x03
1420  0387  9E          	DEFB +0x9e
1421  0388  00          	DEFB +0x00
1422  0389  82          	DEFB +0x82
1423  038A  03          	DEFB +0x03
1424  038B  9A          	DEFB +0x9a
1425  038C  00          	DEFB +0x00
1426  038D  08          	DEFB +0x08
1427  038E  00          	DEFB +0x00
1428  038F  7F          	DEFB +0x7f
1429  0390  00          	DEFB +0x00
1430  0391  82          	DEFB +0x82
1431  0392  03          	DEFB +0x03
1432  0393  9E          	DEFB +0x9e
1433  0394  00          	DEFB +0x00
1434  0395  82          	DEFB +0x82
1435  0396  03          	DEFB +0x03
1436  0397  9E          	DEFB +0x9e
1437  0398  01          	DEFB +0x01
1438  0399  03          	DEFB +0x03
1439  039A  03          	DEFB +0x03
1440  039B  9E          	DEFB +0x9e
1441  039C  00          	DEFB +0x00
1442  039D  82          	DEFB +0x82
1443  039E  03          	DEFB +0x03
1444  039F  9E          	DEFB +0x9e
1445  03A0  00          	DEFB +0x00
1446  03A1  82          	DEFB +0x82
1447  03A2  03          	DEFB +0x03
1448  03A3  9E          	DEFB +0x9e
1449  03A4  00          	DEFB +0x00
1450  03A5  82          	DEFB +0x82
1451  03A6  03          	DEFB +0x03
1452  03A7  9E          	DEFB +0x9e
1453  03A8  00          	DEFB +0x00
1454  03A9  82          	DEFB +0x82
1455  03AA  03          	DEFB +0x03
1456  03AB  9E          	DEFB +0x9e
1457  03AC  00          	DEFB +0x00
1458  03AD  82          	DEFB +0x82
1459  03AE  03          	DEFB +0x03
1460  03AF  9E          	DEFB +0x9e
1461  03B0  00          	DEFB +0x00
1462  03B1  82          	DEFB +0x82
1463  03B2  03          	DEFB +0x03
1464  03B3  9E          	DEFB +0x9e
1465  03B4  00          	DEFB +0x00
1466  03B5  82          	DEFB +0x82
1467  03B6  03          	DEFB +0x03
1468  03B7  9E          	DEFB +0x9e
1469  03B8  00          	DEFB +0x00
1470  03B9  82          	DEFB +0x82
1471  03BA  03          	DEFB +0x03
1472  03BB  9E          	DEFB +0x9e
1473  03BC  00          	DEFB +0x00
1474  03BD  82          	DEFB +0x82
1475  03BE  03          	DEFB +0x03
1476  03BF  9E          	DEFB +0x9e
1477  03C0  00          	DEFB +0x00
1478  03C1  82          	DEFB +0x82
1479  03C2  03          	DEFB +0x03
1480  03C3  9E          	DEFB +0x9e
1481  03C4  00          	DEFB +0x00
1482  03C5  82          	DEFB +0x82
1483  03C6  03          	DEFB +0x03
1484  03C7  9E          	DEFB +0x9e
1485  03C8  00          	DEFB +0x00
1486  03C9  82          	DEFB +0x82
1487  03CA  03          	DEFB +0x03
1488  03CB  9E          	DEFB +0x9e
1489  03CC  00          	DEFB +0x00
1490  03CD  82          	DEFB +0x82
1491  03CE  03          	DEFB +0x03
1492  03CF  9A          	DEFB +0x9a
1493  03D0  00          	DEFB +0x00
1494  03D1  08          	DEFB +0x08
1495  03D2  00          	DEFB +0x00
1496  03D3  7F          	DEFB +0x7f
1497  03D4  00          	DEFB +0x00
1498  03D5  82          	DEFB +0x82
1499  03D6  03          	DEFB +0x03
1500  03D7  9E          	DEFB +0x9e
1501  03D8  00          	DEFB +0x00
1502  03D9  82          	DEFB +0x82
1503  03DA  03          	DEFB +0x03
1504  03DB  9E          	DEFB +0x9e
1505  03DC  01          	DEFB +0x01
1506  03DD  03          	DEFB +0x03
1507  03DE  03          	DEFB +0x03
1508  03DF  9E          	DEFB +0x9e
1509  03E0  00          	DEFB +0x00
1510  03E1  82          	DEFB +0x82
1511  03E2  03          	DEFB +0x03
1512  03E3  9E          	DEFB +0x9e
1513  03E4  00          	DEFB +0x00
1514  03E5  82          	DEFB +0x82
1515  03E6  03          	DEFB +0x03
1516  03E7  9E          	DEFB +0x9e
1517  03E8  00          	DEFB +0x00
1518  03E9  82          	DEFB +0x82
1519  03EA  03          	DEFB +0x03
1520  03EB  9E          	DEFB +0x9e
1521  03EC  00          	DEFB +0x00
1522  03ED  82          	DEFB +0x82
1523  03EE  03          	DEFB +0x03
1524  03EF  9E          	DEFB +0x9e
1525  03F0  00          	DEFB +0x00
1526  03F1  82          	DEFB +0x82
1527  03F2  03          	DEFB +0x03
1528  03F3  9E          	DEFB +0x9e
1529  03F4  00          	DEFB +0x00
1530  03F5  82          	DEFB +0x82
1531  03F6  03          	DEFB +0x03
1532  03F7  9E          	DEFB +0x9e
1533  03F8  00          	DEFB +0x00
1534  03F9  82          	DEFB +0x82
1535  03FA  03          	DEFB +0x03
1536  03FB  9E          	DEFB +0x9e
1537  03FC  00          	DEFB +0x00
1538  03FD  82          	DEFB +0x82
1539  03FE  03          	DEFB +0x03
1540  03FF  9E          	DEFB +0x9e
1541  0400  00          	DEFB +0x00
1542  0401  82          	DEFB +0x82
1543  0402  03          	DEFB +0x03
1544  0403  9E          	DEFB +0x9e
1545  0404  00          	DEFB +0x00
1546  0405  82          	DEFB +0x82
1547  0406  03          	DEFB +0x03
1548  0407  9E          	DEFB +0x9e
1549  0408  00          	DEFB +0x00
1550  0409  82          	DEFB +0x82
1551  040A  03          	DEFB +0x03
1552  040B  9E          	DEFB +0x9e
1553  040C  00          	DEFB +0x00
1554  040D  82          	DEFB +0x82
1555  040E  03          	DEFB +0x03
1556  040F  9E          	DEFB +0x9e
1557  0410  00          	DEFB +0x00
1558  0411  82          	DEFB +0x82
1559  0412  03          	DEFB +0x03
1560  0413  9A          	DEFB +0x9a
1561  0414  00          	DEFB +0x00
1562  0415  08          	DEFB +0x08
1563  0416  00          	DEFB +0x00
1564  0417  7F          	DEFB +0x7f
1565  0418  00          	DEFB +0x00
1566  0419  82          	DEFB +0x82
1567  041A  03          	DEFB +0x03
1568  041B  9E          	DEFB +0x9e
1569  041C  00          	DEFB +0x00
1570  041D  82          	DEFB +0x82
1571  041E  03          	DEFB +0x03
1572  041F  9E          	DEFB +0x9e
1573  0420  01          	DEFB +0x01
1574  0421  03          	DEFB +0x03
1575  0422  03          	DEFB +0x03
1576  0423  9E          	DEFB +0x9e
1577  0424  00          	DEFB +0x00
1578  0425  82          	DEFB +0x82
1579  0426  03          	DEFB +0x03
1580  0427  9E          	DEFB +0x9e
1581  0428  00          	DEFB +0x00
1582  0429  82          	DEFB +0x82
1583  042A  03          	DEFB +0x03
1584  042B  9E          	DEFB +0x9e
1585  042C  00          	DEFB +0x00
1586  042D  82          	DEFB +0x82
1587  042E  03          	DEFB +0x03
1588  042F  9E          	DEFB +0x9e
1589  0430  00          	DEFB +0x00
1590  0431  82          	DEFB +0x82
1591  0432  03          	DEFB +0x03
1592  0433  9E          	DEFB +0x9e
1593  0434  00          	DEFB +0x00
1594  0435  82          	DEFB +0x82
1595  0436  03          	DEFB +0x03
1596  0437  9E          	DEFB +0x9e
1597  0438  00          	DEFB +0x00
1598  0439  82          	DEFB +0x82
1599  043A  03          	DEFB +0x03
1600  043B  9E          	DEFB +0x9e
1601  043C  00          	DEFB +0x00
1602  043D  82          	DEFB +0x82
1603  043E  03          	DEFB +0x03
1604  043F  9E          	DEFB +0x9e
1605  0440  00          	DEFB +0x00
1606  0441  82          	DEFB +0x82
1607  0442  03          	DEFB +0x03
1608  0443  9E          	DEFB +0x9e
1609  0444  00          	DEFB +0x00
1610  0445  82          	DEFB +0x82
1611  0446  03          	DEFB +0x03
1612  0447  9E          	DEFB +0x9e
1613  0448  00          	DEFB +0x00
1614  0449  82          	DEFB +0x82
1615  044A  03          	DEFB +0x03
1616  044B  9E          	DEFB +0x9e
1617  044C  00          	DEFB +0x00
1618  044D  82          	DEFB +0x82
1619  044E  03          	DEFB +0x03
1620  044F  9E          	DEFB +0x9e
1621  0450  00          	DEFB +0x00
1622  0451  82          	DEFB +0x82
1623  0452  03          	DEFB +0x03
1624  0453  9E          	DEFB +0x9e
1625  0454  00          	DEFB +0x00
1626  0455  82          	DEFB +0x82
1627  0456  03          	DEFB +0x03
1628  0457  9A          	DEFB +0x9a
1629  0458  00          	DEFB +0x00
1630  0459  08          	DEFB +0x08
1631  045A  00          	DEFB +0x00
1632  045B  7F          	DEFB +0x7f
1633  045C  00          	DEFB +0x00
1634  045D  82          	DEFB +0x82
1635  045E  03          	DEFB +0x03
1636  045F  9E          	DEFB +0x9e
1637  0460  00          	DEFB +0x00
1638  0461  82          	DEFB +0x82
1639  0462  03          	DEFB +0x03
1640  0463  9E          	DEFB +0x9e
1641  0464  01          	DEFB +0x01
1642  0465  03          	DEFB +0x03
1643  0466  03          	DEFB +0x03
1644  0467  9E          	DEFB +0x9e
1645  0468  00          	DEFB +0x00
1646  0469  82          	DEFB +0x82
1647  046A  03          	DEFB +0x03
1648  046B  9E          	DEFB +0x9e
1649  046C  00          	DEFB +0x00
1650  046D  82          	DEFB +0x82
1651  046E  03          	DEFB +0x03
1652  046F  9E          	DEFB +0x9e
1653  0470  00          	DEFB +0x00
1654  0471  82          	DEFB +0x82
1655  0472  03          	DEFB +0x03
1656  0473  9E          	DEFB +0x9e
1657  0474  00          	DEFB +0x00
1658  0475  82          	DEFB +0x82
1659  0476  03          	DEFB +0x03
1660  0477  9E          	DEFB +0x9e
1661  0478  00          	DEFB +0x00
1662  0479  82          	DEFB +0x82
1663  047A  03          	DEFB +0x03
1664  047B  9E          	DEFB +0x9e
1665  047C  00          	DEFB +0x00
1666  047D  82          	DEFB +0x82
1667  047E  03          	DEFB +0x03
1668  047F  9E          	DEFB +0x9e
1669  0480  00          	DEFB +0x00
1670  0481  82          	DEFB +0x82
1671  0482  03          	DEFB +0x03
1672  0483  9E          	DEFB +0x9e
1673  0484  00          	DEFB +0x00
1674  0485  82          	DEFB +0x82
1675  0486  03          	DEFB +0x03
1676  0487  9E          	DEFB +0x9e
1677  0488  00          	DEFB +0x00
1678  0489  82          	DEFB +0x82
1679  048A  03          	DEFB +0x03
1680  048B  9E          	DEFB +0x9e
1681  048C  00          	DEFB +0x00
1682  048D  82          	DEFB +0x82
1683  048E  03          	DEFB +0x03
1684  048F  9E          	DEFB +0x9e
1685  0490  00          	DEFB +0x00
1686  0491  82          	DEFB +0x82
1687  0492  03          	DEFB +0x03
1688  0493  9E          	DEFB +0x9e
1689  0494  00          	DEFB +0x00
1690  0495  82          	DEFB +0x82
1691  0496  03          	DEFB +0x03
1692  0497  9E          	DEFB +0x9e
1693  0498  00          	DEFB +0x00
1694  0499  82          	DEFB +0x82
1695  049A  03          	DEFB +0x03
1696  049B  9A          	DEFB +0x9a
1697  049C  00          	DEFB +0x00
1698  049D  08          	DEFB +0x08
1699  049E  00          	DEFB +0x00
1700  049F  7F          	DEFB +0x7f
1701  04A0  00          	DEFB +0x00
1702  04A1  82          	DEFB +0x82
1703  04A2  03          	DEFB +0x03
1704  04A3  9E          	DEFB +0x9e
1705  04A4  00          	DEFB +0x00
1706  04A5  82          	DEFB +0x82
1707  04A6  03          	DEFB +0x03
1708  04A7  9E          	DEFB +0x9e
1709  04A8  01          	DEFB +0x01
1710  04A9  03          	DEFB +0x03
1711  04AA  03          	DEFB +0x03
1712  04AB  9E          	DEFB +0x9e
1713  04AC  00          	DEFB +0x00
1714  04AD  82          	DEFB +0x82
1715  04AE  03          	DEFB +0x03
1716  04AF  9E          	DEFB +0x9e
1717  04B0  00          	DEFB +0x00
1718  04B1  82          	DEFB +0x82
1719  04B2  03          	DEFB +0x03
1720  04B3  9E          	DEFB +0x9e
1721  04B4  00          	DEFB +0x00
1722  04B5  82          	DEFB +0x82
1723  04B6  03          	DEFB +0x03
1724  04B7  9E          	DEFB +0x9e
1725  04B8  00          	DEFB +0x00
1726  04B9  82          	DEFB +0x82
1727  04BA  03          	DEFB +0x03
1728  04BB  9E          	DEFB +0x9e
1729  04BC  00          	DEFB +0x00
1730  04BD  82          	DEFB +0x82
1731  04BE  03          	DEFB +0x03
1732  04BF  9E          	DEFB +0x9e
1733  04C0  00          	DEFB +0x00
1734  04C1  82          	DEFB +0x82
1735  04C2  03          	DEFB +0x03
1736  04C3  9E          	DEFB +0x9e
1737  04C4  00          	DEFB +0x00
1738  04C5  82          	DEFB +0x82
1739  04C6  03          	DEFB +0x03
1740  04C7  9E          	DEFB +0x9e
1741  04C8  00          	DEFB +0x00
1742  04C9  82          	DEFB +0x82
1743  04CA  03          	DEFB +0x03
1744  04CB  9E          	DEFB +0x9e
1745  04CC  00          	DEFB +0x00
1746  04CD  82          	DEFB +0x82
1747  04CE  03          	DEFB +0x03
1748  04CF  9E          	DEFB +0x9e
1749  04D0  00          	DEFB +0x00
1750  04D1  82          	DEFB +0x82
1751  04D2  03          	DEFB +0x03
1752  04D3  9E          	DEFB +0x9e
1753  04D4  00          	DEFB +0x00
1754  04D5  82          	DEFB +0x82
1755  04D6  03          	DEFB +0x03
1756  04D7  9E          	DEFB +0x9e
1757  04D8  00          	DEFB +0x00
1758  04D9  82          	DEFB +0x82
1759  04DA  03          	DEFB +0x03
1760  04DB  9E          	DEFB +0x9e
1761  04DC  00          	DEFB +0x00
1762  04DD  82          	DEFB +0x82
1763  04DE  03          	DEFB +0x03
1764  04DF  9A          	DEFB +0x9a
1765  04E0  00          	DEFB +0x00
1766  04E1  08          	DEFB +0x08
1767  04E2  00          	DEFB +0x00
1768  04E3  7F          	DEFB +0x7f
1769  04E4  00          	DEFB +0x00
1770  04E5  82          	DEFB +0x82
1771  04E6  03          	DEFB +0x03
1772  04E7  9E          	DEFB +0x9e
1773  04E8  00          	DEFB +0x00
1774  04E9  82          	DEFB +0x82
1775  04EA  03          	DEFB +0x03
1776  04EB  9E          	DEFB +0x9e
1777  04EC  01          	DEFB +0x01
1778  04ED  03          	DEFB +0x03
1779  04EE  03          	DEFB +0x03
1780  04EF  9E          	DEFB +0x9e
1781  04F0  00          	DEFB +0x00
1782  04F1  82          	DEFB +0x82
1783  04F2  03          	DEFB +0x03
1784  04F3  9E          	DEFB +0x9e
1785  04F4  00          	DEFB +0x00
1786  04F5  82          	DEFB +0x82
1787  04F6  03          	DEFB +0x03
1788  04F7  9E          	DEFB +0x9e
1789  04F8  00          	DEFB +0x00
1790  04F9  82          	DEFB +0x82
1791  04FA  03          	DEFB +0x03
1792  04FB  9E          	DEFB +0x9e
1793  04FC  00          	DEFB +0x00
1794  04FD  82          	DEFB +0x82
1795  04FE  03          	DEFB +0x03
1796  04FF  9E          	DEFB +0x9e
1797  0500  00          	DEFB +0x00
1798  0501  82          	DEFB +0x82
1799  0502  03          	DEFB +0x03
1800  0503  9E          	DEFB +0x9e
1801  0504  00          	DEFB +0x00
1802  0505  82          	DEFB +0x82
1803  0506  03          	DEFB +0x03
1804  0507  9E          	DEFB +0x9e
1805  0508  00          	DEFB +0x00
1806  0509  82          	DEFB +0x82
1807  050A  03          	DEFB +0x03
1808  050B  9E          	DEFB +0x9e
1809  050C  00          	DEFB +0x00
1810  050D  82          	DEFB +0x82
1811  050E  03          	DEFB +0x03
1812  050F  9E          	DEFB +0x9e
1813  0510  00          	DEFB +0x00
1814  0511  82          	DEFB +0x82
1815  0512  03          	DEFB +0x03
1816  0513  9E          	DEFB +0x9e
1817  0514  00          	DEFB +0x00
1818  0515  82          	DEFB +0x82
1819  0516  03          	DEFB +0x03
1820  0517  9E          	DEFB +0x9e
1821  0518  00          	DEFB +0x00
1822  0519  82          	DEFB +0x82
1823  051A  03          	DEFB +0x03
1824  051B  9E          	DEFB +0x9e
1825  051C  00          	DEFB +0x00
1826  051D  82          	DEFB +0x82
1827  051E  03          	DEFB +0x03
1828  051F  9E          	DEFB +0x9e
1829  0520  00          	DEFB +0x00
1830  0521  82          	DEFB +0x82
1831  0522  03          	DEFB +0x03
1832  0523  9A          	DEFB +0x9a
1833  0524  00          	DEFB +0x00
1834  0525  08          	DEFB +0x08
1835  0526  00          	DEFB +0x00
1836  0527  7F          	DEFB +0x7f
1837  0528  00          	DEFB +0x00
1838  0529  82          	DEFB +0x82
1839  052A  03          	DEFB +0x03
1840  052B  9E          	DEFB +0x9e
1841  052C  00          	DEFB +0x00
1842  052D  82          	DEFB +0x82
1843  052E  03          	DEFB +0x03
1844  052F  9E          	DEFB +0x9e
1845  0530  01          	DEFB +0x01
1846  0531  03          	DEFB +0x03
1847  0532  03          	DEFB +0x03
1848  0533  9E          	DEFB +0x9e
1849  0534  00          	DEFB +0x00
1850  0535  82          	DEFB +0x82
1851  0536  03          	DEFB +0x03
1852  0537  9E          	DEFB +0x9e
1853  0538  00          	DEFB +0x00
1854  0539  82          	DEFB +0x82
1855  053A  03          	DEFB +0x03
1856  053B  9E          	DEFB +0x9e
1857  053C  00          	DEFB +0x00
1858  053D  82          	DEFB +0x82
1859  053E  03          	DEFB +0x03
1860  053F  9E          	DEFB +0x9e
1861  0540  00          	DEFB +0x00
1862  0541  82          	DEFB +0x82
1863  0542  03          	DEFB +0x03
1864  0543  9E          	DEFB +0x9e
1865  0544  00          	DEFB +0x00
1866  0545  82          	DEFB +0x82
1867  0546  03          	DEFB +0x03
1868  0547  9E          	DEFB +0x9e
1869  0548  00          	DEFB +0x00
1870  0549  82          	DEFB +0x82
1871  054A  03          	DEFB +0x03
1872  054B  9E          	DEFB +0x9e
1873  054C  00          	DEFB +0x00
1874  054D  82          	DEFB +0x82
1875  054E  03          	DEFB +0x03
1876  054F  9E          	DEFB +0x9e
1877  0550  00          	DEFB +0x00
1878  0551  82          	DEFB +0x82
1879  0552  03          	DEFB +0x03
1880  0553  9E          	DEFB +0x9e
1881  0554  00          	DEFB +0x00
1882  0555  82          	DEFB +0x82
1883  0556  03          	DEFB +0x03
1884  0557  9E          	DEFB +0x9e
1885  0558  00          	DEFB +0x00
1886  0559  82          	DEFB +0x82
1887  055A  03          	DEFB +0x03
1888  055B  9E          	DEFB +0x9e
1889  055C  00          	DEFB +0x00
1890  055D  82          	DEFB +0x82
1891  055E  03          	DEFB +0x03
1892  055F  9E          	DEFB +0x9e
1893  0560  00          	DEFB +0x00
1894  0561  82          	DEFB +0x82
1895  0562  03          	DEFB +0x03
1896  0563  9E          	DEFB +0x9e
1897  0564  00          	DEFB +0x00
1898  0565  82          	DEFB +0x82
1899  0566  03          	DEFB +0x03
1900  0567  9A          	DEFB +0x9a
1901  0568  00          	DEFB +0x00
1902  0569  08          	DEFB +0x08
1903  056A  00          	DEFB +0x00
1904  056B  7F          	DEFB +0x7f
1905  056C  00          	DEFB +0x00
1906  056D  82          	DEFB +0x82
1907  056E  03          	DEFB +0x03
1908  056F  9E          	DEFB +0x9e
1909  0570  00          	DEFB +0x00
1910  0571  82          	DEFB +0x82
1911  0572  03          	DEFB +0x03
1912  0573  9E          	DEFB +0x9e
1913  0574  01          	DEFB +0x01
1914  0575  03          	DEFB +0x03
1915  0576  03          	DEFB +0x03
1916  0577  9E          	DEFB +0x9e
1917  0578  00          	DEFB +0x00
1918  0579  82          	DEFB +0x82
1919  057A  03          	DEFB +0x03
1920  057B  9E          	DEFB +0x9e
1921  057C  00          	DEFB +0x00
1922  057D  82          	DEFB +0x82
1923  057E  03          	DEFB +0x03
1924  057F  9E          	DEFB +0x9e
1925  0580  00          	DEFB +0x00
1926  0581  82          	DEFB +0x82
1927  0582  03          	DEFB +0x03
1928  0583  9E          	DEFB +0x9e
1929  0584  00          	DEFB +0x00
1930  0585  82          	DEFB +0x82
1931  0586  03          	DEFB +0x03
1932  0587  9E          	DEFB +0x9e
1933  0588  00          	DEFB +0x00
1934  0589  82          	DEFB +0x82
1935  058A  03          	DEFB +0x03
1936  058B  9E          	DEFB +0x9e
1937  058C  00          	DEFB +0x00
1938  058D  82          	DEFB +0x82
1939  058E  03          	DEFB +0x03
1940  058F  9E          	DEFB +0x9e
1941  0590  00          	DEFB +0x00
1942  0591  82          	DEFB +0x82
1943  0592  03          	DEFB +0x03
1944  0593  9E          	DEFB +0x9e
1945  0594  00          	DEFB +0x00
1946  0595  82          	DEFB +0x82
1947  0596  03          	DEFB +0x03
1948  0597  9E          	DEFB +0x9e
1949  0598  00          	DEFB +0x00
1950  0599  82          	DEFB +0x82
1951  059A  03          	DEFB +0x03
1952  059B  9E          	DEFB +0x9e
1953  059C  00          	DEFB +0x00
1954  059D  82          	DEFB +0x82
1955  059E  03          	DEFB +0x03
1956  059F  9E          	DEFB +0x9e
1957  05A0  00          	DEFB +0x00
1958  05A1  82          	DEFB +0x82
1959  05A2  03          	DEFB +0x03
1960  05A3  9E          	DEFB +0x9e
1961  05A4  00          	DEFB +0x00
1962  05A5  82          	DEFB +0x82
1963  05A6  03          	DEFB +0x03
1964  05A7  9E          	DEFB +0x9e
1965  05A8  00          	DEFB +0x00
1966  05A9  82          	DEFB +0x82
1967  05AA  03          	DEFB +0x03
1968  05AB  9A          	DEFB +0x9a
1969  05AC  00          	DEFB +0x00
1970  05AD  08          	DEFB +0x08
1971  05AE  00          	DEFB +0x00
1972  05AF  7F          	DEFB +0x7f
1973  05B0  00          	DEFB +0x00
1974  05B1  82          	DEFB +0x82
1975  05B2  03          	DEFB +0x03
1976  05B3  9E          	DEFB +0x9e
1977  05B4  00          	DEFB +0x00
1978  05B5  82          	DEFB +0x82
1979  05B6  03          	DEFB +0x03
1980  05B7  9E          	DEFB +0x9e
1981  05B8  01          	DEFB +0x01
1982  05B9  03          	DEFB +0x03
1983  05BA  03          	DEFB +0x03
1984  05BB  9E          	DEFB +0x9e
1985  05BC  00          	DEFB +0x00
1986  05BD  82          	DEFB +0x82
1987  05BE  03          	DEFB +0x03
1988  05BF  9E          	DEFB +0x9e
1989  05C0  00          	DEFB +0x00
1990  05C1  82          	DEFB +0x82
1991  05C2  03          	DEFB +0x03
1992  05C3  9E          	DEFB +0x9e
1993  05C4  00          	DEFB +0x00
1994  05C5  82          	DEFB +0x82
1995  05C6  03          	DEFB +0x03
1996  05C7  9E          	DEFB +0x9e
1997  05C8  00          	DEFB +0x00
1998  05C9  82          	DEFB +0x82
1999  05CA  03          	DEFB +0x03
2000  05CB  9E          	DEFB +0x9e
2001  05CC  00          	DEFB +0x00
2002  05CD  82          	DEFB +0x82
2003  05CE  03          	DEFB +0x03
2004  05CF  9E          	DEFB +0x9e
2005  05D0  00          	DEFB +0x00
2006  05D1  82          	DEFB +0x82
2007  05D2  03          	DEFB +0x03
2008  05D3  9E          	DEFB +0x9e
2009  05D4  00          	DEFB +0x00
2010  05D5  82          	DEFB +0x82
2011  05D6  03          	DEFB +0x03
2012  05D7  9E          	DEFB +0x9e
2013  05D8  00          	DEFB +0x00
2014  05D9  82          	DEFB +0x82
2015  05DA  03          	DEFB +0x03
2016  05DB  9E          	DEFB +0x9e
2017  05DC  00          	DEFB +0x00
2018  05DD  82          	DEFB +0x82
2019  05DE  03          	DEFB +0x03
2020  05DF  9E          	DEFB +0x9e
2021  05E0  00          	DEFB +0x00
2022  05E1  82          	DEFB +0x82
2023  05E2  03          	DEFB +0x03
2024  05E3  9E          	DEFB +0x9e
2025  05E4  00          	DEFB +0x00
2026  05E5  82          	DEFB +0x82
2027  05E6  03          	DEFB +0x03
2028  05E7  9E          	DEFB +0x9e
2029  05E8  00          	DEFB +0x00
2030  05E9  82          	DEFB +0x82
2031  05EA  03          	DEFB +0x03
2032  05EB  9E          	DEFB +0x9e
2033  05EC  00          	DEFB +0x00
2034  05ED  82          	DEFB +0x82
2035  05EE  03          	DEFB +0x03
2036  05EF  9A          	DEFB +0x9a
2037  05F0  00          	DEFB +0x00
2038  05F1  08          	DEFB +0x08
2039  05F2  00          	DEFB +0x00
2040  05F3  7F          	DEFB +0x7f
2041  05F4  00          	DEFB +0x00
2042  05F5  82          	DEFB +0x82
2043  05F6  03          	DEFB +0x03
2044  05F7  9E          	DEFB +0x9e
2045  05F8  00          	DEFB +0x00
2046  05F9  82          	DEFB +0x82
2047  05FA  03          	DEFB +0x03
2048  05FB  9E          	DEFB +0x9e
2049  05FC  01          	DEFB +0x01
2050  05FD  03          	DEFB +0x03
2051  05FE  03          	DEFB +0x03
2052  05FF  9E          	DEFB +0x9e
2053  0600  00          	DEFB +0x00
2054  0601  82          	DEFB +0x82
2055  0602  03          	DEFB +0x03
2056  0603  9E          	DEFB +0x9e
2057  0604  00          	DEFB +0x00
2058  0605  82          	DEFB +0x82
2059  0606  03          	DEFB +0x03
2060  0607  9E          	DEFB +0x9e
2061  0608  00          	DEFB +0x00
2062  0609  82          	DEFB +0x82
2063  060A  03          	DEFB +0x03
2064  060B  9E          	DEFB +0x9e
2065  060C  00          	DEFB +0x00
2066  060D  82          	DEFB +0x82
2067  060E  03          	DEFB +0x03
2068  060F  9E          	DEFB +0x9e
2069  0610  00          	DEFB +0x00
2070  0611  82          	DEFB +0x82
2071  0612  03          	DEFB +0x03
2072  0613  9E          	DEFB +0x9e
2073  0614  00          	DEFB +0x00
2074  0615  82          	DEFB +0x82
2075  0616  03          	DEFB +0x03
2076  0617  9E          	DEFB +0x9e
2077  0618  00          	DEFB +0x00
2078  0619  82          	DEFB +0x82
2079  061A  03          	DEFB +0x03
2080  061B  9E          	DEFB +0x9e
2081  061C  00          	DEFB +0x00
2082  061D  82          	DEFB +0x82
2083  061E  03          	DEFB +0x03
2084  061F  9E          	DEFB +0x9e
2085  0620  00          	DEFB +0x00
2086  0621  82          	DEFB +0x82
2087  0622  03          	DEFB +0x03
2088  0623  9E          	DEFB +0x9e
2089  0624  00          	DEFB +0x00
2090  0625  82          	DEFB +0x82
2091  0626  03          	DEFB +0x03
2092  0627  9E          	DEFB +0x9e
2093  0628  00          	DEFB +0x00
2094  0629  82          	DEFB +0x82
2095  062A  03          	DEFB +0x03
2096  062B  9E          	DEFB +0x9e
2097  062C  00          	DEFB +0x00
2098  062D  82          	DEFB +0x82
2099  062E  03          	DEFB +0x03
2100  062F  9E          	DEFB +0x9e
2101  0630  00          	DEFB +0x00
2102  0631  82          	DEFB +0x82
2103  0632  03          	DEFB +0x03
2104  0633  9A          	DEFB +0x9a
2105  0634  00          	DEFB +0x00
2106  0635  08          	DEFB +0x08
2107  0636  00          	DEFB +0x00
2108  0637  7F          	DEFB +0x7f
2109  0638  00          	DEFB +0x00
2110  0639  82          	DEFB +0x82
2111  063A  03          	DEFB +0x03
2112  063B  9E          	DEFB +0x9e
2113  063C  00          	DEFB +0x00
2114  063D  82          	DEFB +0x82
2115  063E  03          	DEFB +0x03
2116  063F  9E          	DEFB +0x9e
2117  0640  01          	DEFB +0x01
2118  0641  03          	DEFB +0x03
2119  0642  03          	DEFB +0x03
2120  0643  9E          	DEFB +0x9e
2121  0644  00          	DEFB +0x00
2122  0645  82          	DEFB +0x82
2123  0646  03          	DEFB +0x03
2124  0647  9E          	DEFB +0x9e
2125  0648  00          	DEFB +0x00
2126  0649  82          	DEFB +0x82
2127  064A  03          	DEFB +0x03
2128  064B  9E          	DEFB +0x9e
2129  064C  00          	DEFB +0x00
2130  064D  82          	DEFB +0x82
2131  064E  03          	DEFB +0x03
2132  064F  9E          	DEFB +0x9e
2133  0650  00          	DEFB +0x00
2134  0651  82          	DEFB +0x82
2135  0652  03          	DEFB +0x03
2136  0653  9E          	DEFB +0x9e
2137  0654  00          	DEFB +0x00
2138  0655  82          	DEFB +0x82
2139  0656  03          	DEFB +0x03
2140  0657  9E          	DEFB +0x9e
2141  0658  00          	DEFB +0x00
2142  0659  82          	DEFB +0x82
2143  065A  03          	DEFB +0x03
2144  065B  9E          	DEFB +0x9e
2145  065C  00          	DEFB +0x00
2146  065D  82          	DEFB +0x82
2147  065E  03          	DEFB +0x03
2148  065F  9E          	DEFB +0x9e
2149  0660  00          	DEFB +0x00
2150  0661  82          	DEFB +0x82
2151  0662  03          	DEFB +0x03
2152  0663  9E          	DEFB +0x9e
2153  0664  00          	DEFB +0x00
2154  0665  82          	DEFB +0x82
2155  0666  03          	DEFB +0x03
2156  0667  9E          	DEFB +0x9e
2157  0668  00          	DEFB +0x00
2158  0669  82          	DEFB +0x82
2159  066A  03          	DEFB +0x03
2160  066B  9E          	DEFB +0x9e
2161  066C  00          	DEFB +0x00
2162  066D  82          	DEFB +0x82
2163  066E  03          	DEFB +0x03
2164  066F  9E          	DEFB +0x9e
2165  0670  00          	DEFB +0x00
2166  0671  82          	DEFB +0x82
2167  0672  03          	DEFB +0x03
2168  0673  9E          	DEFB +0x9e
2169  0674  00          	DEFB +0x00
2170  0675  82          	DEFB +0x82
2171  0676  03          	DEFB +0x03
2172  0677  9A          	DEFB +0x9a
2173  0678  00          	DEFB +0x00
2174  0679  08          	DEFB +0x08
2175  067A  00          	DEFB +0x00
2176  067B  7F          	DEFB +0x7f
2177  067C  00          	DEFB +0x00
2178  067D  82          	DEFB +0x82
2179  067E  03          	DEFB +0x03
2180  067F  9E          	DEFB +0x9e
2181  0680  00          	DEFB +0x00
2182  0681  82          	DEFB +0x82
2183  0682  03          	DEFB +0x03
2184  0683  9E          	DEFB +0x9e
2185  0684  01          	DEFB +0x01
2186  0685  03          	DEFB +0x03
2187  0686  03          	DEFB +0x03
2188  0687  9E          	DEFB +0x9e
2189  0688  00          	DEFB +0x00
2190  0689  82          	DEFB +0x82
2191  068A  03          	DEFB +0x03
2192  068B  9E          	DEFB +0x9e
2193  068C  00          	DEFB +0x00
2194  068D  82          	DEFB +0x82
2195  068E  03          	DEFB +0x03
2196  068F  9E          	DEFB +0x9e
2197  0690  00          	DEFB +0x00
2198  0691  82          	DEFB +0x82
2199  0692  03          	DEFB +0x03
2200  0693  9E          	DEFB +0x9e
2201  0694  00          	DEFB +0x00
2202  0695  82          	DEFB +0x82
2203  0696  03          	DEFB +0x03
2204  0697  9E          	DEFB +0x9e
2205  0698  00          	DEFB +0x00
2206  0699  82          	DEFB +0x82
2207  069A  03          	DEFB +0x03
2208  069B  9E          	DEFB +0x9e
2209  069C  00          	DEFB +0x00
2210  069D  82          	DEFB +0x82
2211  069E  03          	DEFB +0x03
2212  069F  9E          	DEFB +0x9e
2213  06A0  00          	DEFB +0x00
2214  06A1  82          	DEFB +0x82
2215  06A2  03          	DEFB +0x03
2216  06A3  9E          	DEFB +0x9e
2217  06A4  00          	DEFB +0x00
2218  06A5  82          	DEFB +0x82
2219  06A6  03          	DEFB +0x03
2220  06A7  9E          	DEFB +0x9e
2221  06A8  00          	DEFB +0x00
2222  06A9  82          	DEFB +0x82
2223  06AA  03          	DEFB +0x03
2224  06AB  9E          	DEFB +0x9e
2225  06AC  00          	DEFB +0x00
2226  06AD  82          	DEFB +0x82
2227  06AE  03          	DEFB +0x03
2228  06AF  9E          	DEFB +0x9e
2229  06B0  00          	DEFB +0x00
2230  06B1  82          	DEFB +0x82
2231  06B2  03          	DEFB +0x03
2232  06B3  9E          	DEFB +0x9e
2233  06B4  00          	DEFB +0x00
2234  06B5  82          	DEFB +0x82
2235  06B6  03          	DEFB +0x03
2236  06B7  9E          	DEFB +0x9e
2237  06B8  00          	DEFB +0x00
2238  06B9  82          	DEFB +0x82
2239  06BA  03          	DEFB +0x03
2240  06BB  9A          	DEFB +0x9a
2241  06BC  00          	DEFB +0x00
2242  06BD  08          	DEFB +0x08
2243  06BE  00          	DEFB +0x00
2244  06BF  7F          	DEFB +0x7f
2245  06C0  00          	DEFB +0x00
2246  06C1  82          	DEFB +0x82
2247  06C2  03          	DEFB +0x03
2248  06C3  9E          	DEFB +0x9e
2249  06C4  00          	DEFB +0x00
2250  06C5  82          	DEFB +0x82
2251  06C6  03          	DEFB +0x03
2252  06C7  9E          	DEFB +0x9e
2253  06C8  01          	DEFB +0x01
2254  06C9  03          	DEFB +0x03
2255  06CA  03          	DEFB +0x03
2256  06CB  9E          	DEFB +0x9e
2257  06CC  00          	DEFB +0x00
2258  06CD  82          	DEFB +0x82
2259  06CE  03          	DEFB +0x03
2260  06CF  9E          	DEFB +0x9e
2261  06D0  00          	DEFB +0x00
2262  06D1  82          	DEFB +0x82
2263  06D2  03          	DEFB +0x03
2264  06D3  9E          	DEFB +0x9e
2265  06D4  00          	DEFB +0x00
2266  06D5  82          	DEFB +0x82
2267  06D6  03          	DEFB +0x03
2268  06D7  9E          	DEFB +0x9e
2269  06D8  00          	DEFB +0x00
2270  06D9  82          	DEFB +0x82
2271  06DA  03          	DEFB +0x03
2272  06DB  9E          	DEFB +0x9e
2273  06DC  00          	DEFB +0x00
2274  06DD  82          	DEFB +0x82
2275  06DE  03          	DEFB +0x03
2276  06DF  9E          	DEFB +0x9e
2277  06E0  00          	DEFB +0x00
2278  06E1  82          	DEFB +0x82
2279  06E2  03          	DEFB +0x03
2280  06E3  9E          	DEFB +0x9e
2281  06E4  00          	DEFB +0x00
2282  06E5  82          	DEFB +0x82
2283  06E6  03          	DEFB +0x03
2284  06E7  9E          	DEFB +0x9e
2285  06E8  00          	DEFB +0x00
2286  06E9  82          	DEFB +0x82
2287  06EA  03          	DEFB +0x03
2288  06EB  9E          	DEFB +0x9e
2289  06EC  00          	DEFB +0x00
2290  06ED  82          	DEFB +0x82
2291  06EE  03          	DEFB +0x03
2292  06EF  9E          	DEFB +0x9e
2293  06F0  00          	DEFB +0x00
2294  06F1  82          	DEFB +0x82
2295  06F2  03          	DEFB +0x03
2296  06F3  9E          	DEFB +0x9e
2297  06F4  00          	DEFB +0x00
2298  06F5  82          	DEFB +0x82
2299  06F6  03          	DEFB +0x03
2300  06F7  9E          	DEFB +0x9e
2301  06F8  00          	DEFB +0x00
2302  06F9  82          	DEFB +0x82
2303  06FA  03          	DEFB +0x03
2304  06FB  9E          	DEFB +0x9e
2305  06FC  00          	DEFB +0x00
2306  06FD  82          	DEFB +0x82
2307  06FE  03          	DEFB +0x03
2308  06FF  9A          	DEFB +0x9a
2309  0700  00          	DEFB +0x00
2310  0701  08          	DEFB +0x08
2311  0702  00          	DEFB +0x00
2312  0703  7F          	DEFB +0x7f
2313  0704  00          	DEFB +0x00
2314  0705  82          	DEFB +0x82
2315  0706  03          	DEFB +0x03
2316  0707  9E          	DEFB +0x9e
2317  0708  00          	DEFB +0x00
2318  0709  82          	DEFB +0x82
2319  070A  03          	DEFB +0x03
2320  070B  9E          	DEFB +0x9e
2321  070C  01          	DEFB +0x01
2322  070D  03          	DEFB +0x03
2323  070E  03          	DEFB +0x03
2324  070F  9E          	DEFB +0x9e
2325  0710  00          	DEFB +0x00
2326  0711  82          	DEFB +0x82
2327  0712  03          	DEFB +0x03
2328  0713  9E          	DEFB +0x9e
2329  0714  00          	DEFB +0x00
2330  0715  82          	DEFB +0x82
2331  0716  03          	DEFB +0x03
2332  0717  9E          	DEFB +0x9e
2333  0718  00          	DEFB +0x00
2334  0719  82          	DEFB +0x82
2335  071A  03          	DEFB +0x03
2336  071B  9E          	DEFB +0x9e
2337  071C  00          	DEFB +0x00
2338  071D  82          	DEFB +0x82
2339  071E  03          	DEFB +0x03
2340  071F  88          	DEFB +0x88
2341  0720  00          	DEFB +0x00
2342  0721  83          	DEFB +0x83
2343  0722  03          	DEFB +0x03
2344  0723  00          	DEFB +0x00
2345  0724  03          	DEFB +0x03
2346  0725  82          	DEFB +0x82
2347  0726  00          	DEFB +0x00
2348  0727  03          	DEFB +0x03
2349  0728  00          	DEFB +0x00
2350  0729  82          	DEFB +0x82
2351  072A  03          	DEFB +0x03
2352  072B  8B          	DEFB +0x8b
2353  072C  00          	DEFB +0x00
2354  072D  82          	DEFB +0x82
2355  072E  03          	DEFB +0x03
2356  072F  88          	DEFB +0x88
2357  0730  00          	DEFB +0x00
2358  0731  03          	DEFB +0x03
2359  0732  83          	DEFB +0x83
2360  0733  00          	DEFB +0x00
2361  0734  03          	DEFB +0x03
2362  0735  82          	DEFB +0x82
2363  0736  00          	DEFB +0x00
2364  0737  03          	DEFB +0x03
2365  0738  00          	DEFB +0x00
2366  0739  03          	DEFB +0x03
2367  073A  00          	DEFB +0x00
2368  073B  03          	DEFB +0x03
2369  073C  8A          	DEFB +0x8a
2370  073D  00          	DEFB +0x00
2371  073E  82          	DEFB +0x82
2372  073F  03          	DEFB +0x03
2373  0740  88          	DEFB +0x88
2374  0741  00          	DEFB +0x00
2375  0742  03          	DEFB +0x03
2376  0743  83          	DEFB +0x83
2377  0744  00          	DEFB +0x00
2378  0745  82          	DEFB +0x82
2379  0746  03          	DEFB +0x03
2380  0747  00          	DEFB +0x00
2381  0748  03          	DEFB +0x03
2382  0749  00          	DEFB +0x00
2383  074A  03          	DEFB +0x03
2384  074B  00          	DEFB +0x00
2385  074C  03          	DEFB +0x03
2386  074D  8A          	DEFB +0x8a
2387  074E  00          	DEFB +0x00
2388  074F  82          	DEFB +0x82
2389  0750  03          	DEFB +0x03
2390  0751  88          	DEFB +0x88
2391  0752  00          	DEFB +0x00
2392  0753  03          	DEFB +0x03
2393  0754  83          	DEFB +0x83
2394  0755  00          	DEFB +0x00
2395  0756  03          	DEFB +0x03
2396  0757  00          	DEFB +0x00
2397  0758  82          	DEFB +0x82
2398  0759  03          	DEFB +0x03
2399  075A  00          	DEFB +0x00
2400  075B  03          	DEFB +0x03
2401  075C  00          	DEFB +0x00
2402  075D  03          	DEFB +0x03
2403  075E  8A          	DEFB +0x8a
2404  075F  00          	DEFB +0x00
2405  0760  82          	DEFB +0x82
2406  0761  03          	DEFB +0x03
2407  0762  88          	DEFB +0x88
2408  0763  00          	DEFB +0x00
2409  0764  83          	DEFB +0x83
2410  0765  03          	DEFB +0x03
2411  0766  00          	DEFB +0x00
2412  0767  03          	DEFB +0x03
2413  0768  82          	DEFB +0x82
2414  0769  00          	DEFB +0x00
2415  076A  03          	DEFB +0x03
2416  076B  00          	DEFB +0x00
2417  076C  03          	DEFB +0x03
2418  076D  00          	DEFB +0x00
2419  076E  03          	DEFB +0x03
2420  076F  8A          	DEFB +0x8a
2421  0770  00          	DEFB +0x00
2422  0771  82          	DEFB +0x82
2423  0772  03          	DEFB +0x03
2424  0773  88          	DEFB +0x88
2425  0774  00          	DEFB +0x00
2426  0775  03          	DEFB +0x03
2427  0776  83          	DEFB +0x83
2428  0777  00          	DEFB +0x00
2429  0778  03          	DEFB +0x03
2430  0779  82          	DEFB +0x82
2431  077A  00          	DEFB +0x00
2432  077B  03          	DEFB +0x03
2433  077C  00          	DEFB +0x00
2434  077D  03          	DEFB +0x03
2435  077E  00          	DEFB +0x00
2436  077F  03          	DEFB +0x03
2437  0780  8A          	DEFB +0x8a
2438  0781  00          	DEFB +0x00
2439  0782  82          	DEFB +0x82
2440  0783  03          	DEFB +0x03
2441  0784  88          	DEFB +0x88
2442  0785  00          	DEFB +0x00
2443  0786  03          	DEFB +0x03
2444  0787  83          	DEFB +0x83
2445  0788  00          	DEFB +0x00
2446  0789  03          	DEFB +0x03
2447  078A  82          	DEFB +0x82
2448  078B  00          	DEFB +0x00
2449  078C  03          	DEFB +0x03
2450  078D  00          	DEFB +0x00
2451  078E  03          	DEFB +0x03
2452  078F  00          	DEFB +0x00
2453  0790  03          	DEFB +0x03
2454  0791  8A          	DEFB +0x8a
2455  0792  00          	DEFB +0x00
2456  0793  82          	DEFB +0x82
2457  0794  03          	DEFB +0x03
2458  0795  88          	DEFB +0x88
2459  0796  00          	DEFB +0x00
2460  0797  03          	DEFB +0x03
2461  0798  83          	DEFB +0x83
2462  0799  00          	DEFB +0x00
2463  079A  03          	DEFB +0x03
2464  079B  82          	DEFB +0x82
2465  079C  00          	DEFB +0x00
2466  079D  03          	DEFB +0x03
2467  079E  00          	DEFB +0x00
2468  079F  03          	DEFB +0x03
2469  07A0  00          	DEFB +0x00
2470  07A1  03          	DEFB +0x03
2471  07A2  8A          	DEFB +0x8a
2472  07A3  00          	DEFB +0x00
2473  07A4  82          	DEFB +0x82
2474  07A5  03          	DEFB +0x03
2475  07A6  88          	DEFB +0x88
2476  07A7  00          	DEFB +0x00
2477  07A8  83          	DEFB +0x83
2478  07A9  03          	DEFB +0x03
2479  07AA  00          	DEFB +0x00
2480  07AB  03          	DEFB +0x03
2481  07AC  82          	DEFB +0x82
2482  07AD  00          	DEFB +0x00
2483  07AE  03          	DEFB +0x03
2484  07AF  00          	DEFB +0x00
2485  07B0  82          	DEFB +0x82
2486  07B1  03          	DEFB +0x03
2487  07B2  8B          	DEFB +0x8b
2488  07B3  00          	DEFB +0x00
2489  07B4  82          	DEFB +0x82
2490  07B5  03          	DEFB +0x03
2491  07B6  9A          	DEFB +0x9a
2492  07B7  00          	DEFB +0x00
2493  07B8  08          	DEFB +0x08
2494  07B9  00          	DEFB +0x00
2495  07BA  7F          	DEFB +0x7f
2496  07BB  00          	DEFB +0x00
2497  07BC  82          	DEFB +0x82
2498  07BD  03          	DEFB +0x03
2499  07BE  9E          	DEFB +0x9e
2500  07BF  00          	DEFB +0x00
2501  07C0  82          	DEFB +0x82
2502  07C1  03          	DEFB +0x03
2503  07C2  9E          	DEFB +0x9e
2504  07C3  01          	DEFB +0x01
2505  07C4  03          	DEFB +0x03
2506  07C5              	SECTION IGNORE
2507  0000              
