1     0000              MODULE globals_c
2     0000              LINE 0, "globals.c"
0     0000              
1     0000              ;--------------------------------------------------------
2     0000              ; File Created by SDCC : free open source ANSI-C Compiler
3     0000              ; Version 3.6.9 #9958 (Mac OS X i386)
4     0000              ;--------------------------------------------------------
5     0000              ; Processed by Z88DK
6     0000              ;--------------------------------------------------------
7     0000              
8     0000              	EXTERN __divschar
9     0000              	EXTERN __divschar_callee
10    0000              	EXTERN __divsint
11    0000              	EXTERN __divsint_callee
12    0000              	EXTERN __divslong
13    0000              	EXTERN __divslong_callee
14    0000              	EXTERN __divslonglong
15    0000              	EXTERN __divslonglong_callee
16    0000              	EXTERN __divsuchar
17    0000              	EXTERN __divsuchar_callee
18    0000              	EXTERN __divuchar
19    0000              	EXTERN __divuchar_callee
20    0000              	EXTERN __divuint
21    0000              	EXTERN __divuint_callee
22    0000              	EXTERN __divulong
23    0000              	EXTERN __divulong_callee
24    0000              	EXTERN __divulonglong
25    0000              	EXTERN __divulonglong_callee
26    0000              	EXTERN __divuschar
27    0000              	EXTERN __divuschar_callee
28    0000              	EXTERN __modschar
29    0000              	EXTERN __modschar_callee
30    0000              	EXTERN __modsint
31    0000              	EXTERN __modsint_callee
32    0000              	EXTERN __modslong
33    0000              	EXTERN __modslong_callee
34    0000              	EXTERN __modslonglong
35    0000              	EXTERN __modslonglong_callee
36    0000              	EXTERN __modsuchar
37    0000              	EXTERN __modsuchar_callee
38    0000              	EXTERN __moduchar
39    0000              	EXTERN __moduchar_callee
40    0000              	EXTERN __moduint
41    0000              	EXTERN __moduint_callee
42    0000              	EXTERN __modulong
43    0000              	EXTERN __modulong_callee
44    0000              	EXTERN __modulonglong
45    0000              	EXTERN __modulonglong_callee
46    0000              	EXTERN __moduschar
47    0000              	EXTERN __moduschar_callee
48    0000              	EXTERN __mulint
49    0000              	EXTERN __mulint_callee
50    0000              	EXTERN __mullong
51    0000              	EXTERN __mullong_callee
52    0000              	EXTERN __mullonglong
53    0000              	EXTERN __mullonglong_callee
54    0000              	EXTERN __mulschar
55    0000              	EXTERN __mulschar_callee
56    0000              	EXTERN __mulsuchar
57    0000              	EXTERN __mulsuchar_callee
58    0000              	EXTERN __muluschar
59    0000              	EXTERN __muluschar_callee
60    0000              	EXTERN __rlslonglong
61    0000              	EXTERN __rlslonglong_callee
62    0000              	EXTERN __rlulonglong
63    0000              	EXTERN __rlulonglong_callee
64    0000              	EXTERN __rrslonglong
65    0000              	EXTERN __rrslonglong_callee
66    0000              	EXTERN __rrulonglong
67    0000              	EXTERN __rrulonglong_callee
68    0000              	EXTERN ___sdcc_call_hl
69    0000              	EXTERN ___sdcc_call_iy
70    0000              	EXTERN ___sdcc_enter_ix
71    0000              	EXTERN _banked_call
72    0000              	EXTERN _banked_ret
73    0000              	EXTERN ___fs2schar
74    0000              	EXTERN ___fs2schar_callee
75    0000              	EXTERN ___fs2sint
76    0000              	EXTERN ___fs2sint_callee
77    0000              	EXTERN ___fs2slong
78    0000              	EXTERN ___fs2slong_callee
79    0000              	EXTERN ___fs2slonglong
80    0000              	EXTERN ___fs2slonglong_callee
81    0000              	EXTERN ___fs2uchar
82    0000              	EXTERN ___fs2uchar_callee
83    0000              	EXTERN ___fs2uint
84    0000              	EXTERN ___fs2uint_callee
85    0000              	EXTERN ___fs2ulong
86    0000              	EXTERN ___fs2ulong_callee
87    0000              	EXTERN ___fs2ulonglong
88    0000              	EXTERN ___fs2ulonglong_callee
89    0000              	EXTERN ___fsadd
90    0000              	EXTERN ___fsadd_callee
91    0000              	EXTERN ___fsdiv
92    0000              	EXTERN ___fsdiv_callee
93    0000              	EXTERN ___fseq
94    0000              	EXTERN ___fseq_callee
95    0000              	EXTERN ___fsgt
96    0000              	EXTERN ___fsgt_callee
97    0000              	EXTERN ___fslt
98    0000              	EXTERN ___fslt_callee
99    0000              	EXTERN ___fsmul
100   0000              	EXTERN ___fsmul_callee
101   0000              	EXTERN ___fsneq
102   0000              	EXTERN ___fsneq_callee
103   0000              	EXTERN ___fssub
104   0000              	EXTERN ___fssub_callee
105   0000              	EXTERN ___schar2fs
106   0000              	EXTERN ___schar2fs_callee
107   0000              	EXTERN ___sint2fs
108   0000              	EXTERN ___sint2fs_callee
109   0000              	EXTERN ___slong2fs
110   0000              	EXTERN ___slong2fs_callee
111   0000              	EXTERN ___slonglong2fs
112   0000              	EXTERN ___slonglong2fs_callee
113   0000              	EXTERN ___uchar2fs
114   0000              	EXTERN ___uchar2fs_callee
115   0000              	EXTERN ___uint2fs
116   0000              	EXTERN ___uint2fs_callee
117   0000              	EXTERN ___ulong2fs
118   0000              	EXTERN ___ulong2fs_callee
119   0000              	EXTERN ___ulonglong2fs
120   0000              	EXTERN ___ulonglong2fs_callee
121   0000              	EXTERN ____sdcc_2_copy_src_mhl_dst_deix
122   0000              	EXTERN ____sdcc_2_copy_src_mhl_dst_bcix
123   0000              	EXTERN ____sdcc_4_copy_src_mhl_dst_deix
124   0000              	EXTERN ____sdcc_4_copy_src_mhl_dst_bcix
125   0000              	EXTERN ____sdcc_4_copy_src_mhl_dst_mbc
126   0000              	EXTERN ____sdcc_4_ldi_nosave_bc
127   0000              	EXTERN ____sdcc_4_ldi_save_bc
128   0000              	EXTERN ____sdcc_4_push_hlix
129   0000              	EXTERN ____sdcc_4_push_mhl
130   0000              	EXTERN ____sdcc_lib_setmem_hl
131   0000              	EXTERN ____sdcc_ll_add_de_bc_hl
132   0000              	EXTERN ____sdcc_ll_add_de_bc_hlix
133   0000              	EXTERN ____sdcc_ll_add_de_hlix_bc
134   0000              	EXTERN ____sdcc_ll_add_de_hlix_bcix
135   0000              	EXTERN ____sdcc_ll_add_deix_bc_hl
136   0000              	EXTERN ____sdcc_ll_add_deix_hlix
137   0000              	EXTERN ____sdcc_ll_add_hlix_bc_deix
138   0000              	EXTERN ____sdcc_ll_add_hlix_deix_bc
139   0000              	EXTERN ____sdcc_ll_add_hlix_deix_bcix
140   0000              	EXTERN ____sdcc_ll_asr_hlix_a
141   0000              	EXTERN ____sdcc_ll_asr_mbc_a
142   0000              	EXTERN ____sdcc_ll_copy_src_de_dst_hlix
143   0000              	EXTERN ____sdcc_ll_copy_src_de_dst_hlsp
144   0000              	EXTERN ____sdcc_ll_copy_src_deix_dst_hl
145   0000              	EXTERN ____sdcc_ll_copy_src_deix_dst_hlix
146   0000              	EXTERN ____sdcc_ll_copy_src_deixm_dst_hlsp
147   0000              	EXTERN ____sdcc_ll_copy_src_desp_dst_hlsp
148   0000              	EXTERN ____sdcc_ll_copy_src_hl_dst_de
149   0000              	EXTERN ____sdcc_ll_copy_src_hlsp_dst_de
150   0000              	EXTERN ____sdcc_ll_copy_src_hlsp_dst_deixm
151   0000              	EXTERN ____sdcc_ll_lsl_hlix_a
152   0000              	EXTERN ____sdcc_ll_lsl_mbc_a
153   0000              	EXTERN ____sdcc_ll_lsr_hlix_a
154   0000              	EXTERN ____sdcc_ll_lsr_mbc_a
155   0000              	EXTERN ____sdcc_ll_push_hlix
156   0000              	EXTERN ____sdcc_ll_push_mhl
157   0000              	EXTERN ____sdcc_ll_sub_de_bc_hl
158   0000              	EXTERN ____sdcc_ll_sub_de_bc_hlix
159   0000              	EXTERN ____sdcc_ll_sub_de_hlix_bc
160   0000              	EXTERN ____sdcc_ll_sub_de_hlix_bcix
161   0000              	EXTERN ____sdcc_ll_sub_deix_bc_hl
162   0000              	EXTERN ____sdcc_ll_sub_deix_hlix
163   0000              	EXTERN ____sdcc_ll_sub_hlix_bc_deix
164   0000              	EXTERN ____sdcc_ll_sub_hlix_deix_bc
165   0000              	EXTERN ____sdcc_ll_sub_hlix_deix_bcix
166   0000              	EXTERN ____sdcc_load_debc_deix
167   0000              	EXTERN ____sdcc_load_dehl_deix
168   0000              	EXTERN ____sdcc_load_debc_mhl
169   0000              	EXTERN ____sdcc_load_hlde_mhl
170   0000              	EXTERN ____sdcc_store_dehl_bcix
171   0000              	EXTERN ____sdcc_store_debc_hlix
172   0000              	EXTERN ____sdcc_store_debc_mhl
173   0000              	EXTERN ____sdcc_cpu_pop_ei
174   0000              	EXTERN ____sdcc_cpu_pop_ei_jp
175   0000              	EXTERN ____sdcc_cpu_push_di
176   0000              	EXTERN ____sdcc_outi
177   0000              	EXTERN ____sdcc_outi_128
178   0000              	EXTERN ____sdcc_outi_256
179   0000              	EXTERN ____sdcc_ldi
180   0000              	EXTERN ____sdcc_ldi_128
181   0000              	EXTERN ____sdcc_ldi_256
182   0000              	EXTERN ____sdcc_4_copy_srcd_hlix_dst_deix
183   0000              	EXTERN ____sdcc_4_and_src_mbc_mhl_dst_deix
184   0000              	EXTERN ____sdcc_4_or_src_mbc_mhl_dst_deix
185   0000              	EXTERN ____sdcc_4_xor_src_mbc_mhl_dst_deix
186   0000              	EXTERN ____sdcc_4_or_src_dehl_dst_bcix
187   0000              	EXTERN ____sdcc_4_xor_src_dehl_dst_bcix
188   0000              	EXTERN ____sdcc_4_and_src_dehl_dst_bcix
189   0000              	EXTERN ____sdcc_4_xor_src_mbc_mhl_dst_debc
190   0000              	EXTERN ____sdcc_4_or_src_mbc_mhl_dst_debc
191   0000              	EXTERN ____sdcc_4_and_src_mbc_mhl_dst_debc
192   0000              	EXTERN ____sdcc_4_cpl_src_mhl_dst_debc
193   0000              	EXTERN ____sdcc_4_xor_src_debc_mhl_dst_debc
194   0000              	EXTERN ____sdcc_4_or_src_debc_mhl_dst_debc
195   0000              	EXTERN ____sdcc_4_and_src_debc_mhl_dst_debc
196   0000              	EXTERN ____sdcc_4_and_src_debc_hlix_dst_debc
197   0000              	EXTERN ____sdcc_4_or_src_debc_hlix_dst_debc
198   0000              	EXTERN ____sdcc_4_xor_src_debc_hlix_dst_debc
199   0000              
200   0000              ;--------------------------------------------------------
201   0000              ; Public variables in this module
202   0000              ;--------------------------------------------------------
203   0000              	GLOBAL _game_encode
204   0000              	GLOBAL _player_jump_hor
205   0000              	GLOBAL _tile_class
206   0000              	GLOBAL _spr_init
207   0000              	GLOBAL _air_end_byte
208   0000              	GLOBAL _air_start_byte
209   0000              	GLOBAL _code1
210   0000              	GLOBAL _code0
211   0000              	GLOBAL _player_fall_start
212   0000              	GLOBAL _player_jump_top
213   0000              	GLOBAL _player_jump_lin
214   0000              	GLOBAL _player_jump_count
215   0000              	GLOBAL _deltas
216   0000              	GLOBAL _attribs
217   0000              	GLOBAL _spr_clr
218   0000              	GLOBAL _spr_init_bright
219   0000              	GLOBAL _spr_init_cout3
220   0000              	GLOBAL _spr_init_cin3
221   0000              	GLOBAL _spr_init_cout2
222   0000              	GLOBAL _spr_init_cin2
223   0000              	GLOBAL _spr_init_cout1
224   0000              	GLOBAL _spr_init_cin1
225   0000              	GLOBAL _spr_init_cout0
226   0000              	GLOBAL _spr_init_cin0
227   0000              	GLOBAL _air_curr_byte
228   0000              	GLOBAL _map_clear
229   0000              	GLOBAL _map_paper
230   0000              	GLOBAL _map_border
231   0000              	GLOBAL _screen_ink
232   0000              	GLOBAL _screen_paper
233   0000              	GLOBAL _game_start_scr
234   0000              	GLOBAL _player_next_extra
235   0000              	GLOBAL _game_score_top
236   0000              	GLOBAL _game_crumb_end
237   0000              	GLOBAL _game_crumb_start
238   0000              	GLOBAL _game_over
239   0000              	GLOBAL _game_tile_cnt
240   0000              	GLOBAL _game_inf_lives
241   0000              	GLOBAL _game_inmune
242   0000              	GLOBAL _spr_count
243   0000              	GLOBAL _key_ink
244   0000              	GLOBAL _key_last
245   0000              	GLOBAL _lapse_crumb
246   0000              	GLOBAL _time_key
247   0000              	GLOBAL _time_conv
248   0000              	GLOBAL _time_air
249   0000              	GLOBAL _frame_time
250   0000              	GLOBAL _curr_time
251   0000              	GLOBAL _gbyte
252   0000              	GLOBAL _key_attrib
253   0000              	GLOBAL _g_ray1
254   0000              	GLOBAL _attrib_osd
255   0000              	GLOBAL _attrib_hl
256   0000              	GLOBAL _attrib
257   0000              	GLOBAL _zx_val_asm
258   0000              	GLOBAL _index1
259   0000              	GLOBAL _index0
260   0000              	GLOBAL _loop_count
261   0000              	GLOBAL _s_row1
262   0000              	GLOBAL _s_col1
263   0000              	GLOBAL _s_col0
264   0000              	GLOBAL _s_lin1
265   0000              	GLOBAL _s_lin0
266   0000              	GLOBAL _game_debug
267   0000              	GLOBAL _sprite
268   0000              	GLOBAL _fps
269   0000              	GLOBAL _menu_curr_sel
270   0000              	GLOBAL _game_round_up
271   0000              	GLOBAL _game_tunes
272   0000              	GLOBAL _game_lives
273   0000              	GLOBAL _game_atrac
274   0000              	GLOBAL _game_mode
275   0000              	GLOBAL _game_tileset
276   0000              	GLOBAL _game_lang
277   0000              	GLOBAL _game_tune
278   0000              	GLOBAL _game_effect
279   0000              	GLOBAL _game_menu
280   0000              	GLOBAL _game_code
281   0000              	GLOBAL _game_exit_lin
282   0000              	GLOBAL _game_exit_col
283   0000              	GLOBAL _game_conveyor_col1
284   0000              	GLOBAL _game_conveyor_col0
285   0000              	GLOBAL _game_conveyor_lin
286   0000              	GLOBAL _game_conveyor_dir
287   0000              	GLOBAL _game_song_play
288   0000              	GLOBAL _game_gravity
289   0000              	GLOBAL _nirv_sprite_index
290   0000              	GLOBAL _player_kill_index
291   0000              	GLOBAL _player_lin_scr
292   0000              	GLOBAL _player_col_scr
293   0000              	GLOBAL _player_vel_inc
294   0000              	GLOBAL _player_vel_y0
295   0000              	GLOBAL _player_vel_y
296   0000              	GLOBAL _player_coins
297   0000              	GLOBAL _player_lives
298   0000              	GLOBAL _player_score
299   0000              	GLOBAL _obj_count
300   0000              	GLOBAL _obj_col
301   0000              	GLOBAL _obj_lin
302   0000              	GLOBAL _colint
303   0000              	GLOBAL _col
304   0000              	GLOBAL _lin
305   0000              	GLOBAL _tile
306   0000              	GLOBAL _spr_kind
307   0000              	GLOBAL _spr_altset
308   0000              	GLOBAL _spr_frames
309   0000              	GLOBAL _last_time_b
310   0000              	GLOBAL _last_time_a
311   0000              	GLOBAL _last_time
312   0000              	GLOBAL _spr_speed_a
313   0000              	GLOBAL _spr_speed_b
314   0000              	GLOBAL _spr_speed
315   0000              	GLOBAL _spr_tile
316   0000              	GLOBAL _value_c
317   0000              	GLOBAL _value_b
318   0000              	GLOBAL _value_a
319   0000              	GLOBAL _state_a
320   0000              	GLOBAL _state
321   0000              	GLOBAL _class
322   0000              	GLOBAL _dirs_last
323   0000              	GLOBAL _dirs
324   0000              	GLOBAL _k2
325   0000              	GLOBAL _k1
326   0000              	GLOBAL _joyfunc2
327   0000              	GLOBAL _joyfunc1
328   0000              	GLOBAL _scr_curr
329   0000              	GLOBAL _scr_map
330   0000              	GLOBAL _tbuffer
331   0000              	GLOBAL _color
332   0000              	GLOBAL _v3
333   0000              	GLOBAL _v2
334   0000              	GLOBAL _v1
335   0000              	GLOBAL _v0
336   0000              	GLOBAL _i
337   0000              	GLOBAL _spec128
338   0000              ;--------------------------------------------------------
339   0000              ; Externals used
340   0000              ;--------------------------------------------------------
341   0000              	GLOBAL _map_names0
342   0000              	GLOBAL _game_borders0
343   0000              	GLOBAL _spr_init2
344   0000              	GLOBAL _spr_init1
345   0000              	GLOBAL _tile_class2
346   0000              	GLOBAL _tile_class1
347   0000              	GLOBAL _paper0
348   0000              	GLOBAL _lenght0
349   0000              	GLOBAL _world0
350   0000              	GLOBAL _in_mouse_kempston_wheel_delta
351   0000              	GLOBAL _in_mouse_kempston_wheel
352   0000              	GLOBAL _in_mouse_kempston_callee
353   0000              	GLOBAL _in_mouse_kempston
354   0000              	GLOBAL _in_mouse_kempston_setpos_callee
355   0000              	GLOBAL _in_mouse_kempston_setpos
356   0000              	GLOBAL _in_mouse_kempston_reset
357   0000              	GLOBAL _in_mouse_kempston_init
358   0000              	GLOBAL _in_mouse_amx_wheel_delta
359   0000              	GLOBAL _in_mouse_amx_wheel
360   0000              	GLOBAL _in_mouse_amx_callee
361   0000              	GLOBAL _in_mouse_amx
362   0000              	GLOBAL _in_mouse_amx_setpos_callee
363   0000              	GLOBAL _in_mouse_amx_setpos
364   0000              	GLOBAL _in_mouse_amx_reset
365   0000              	GLOBAL _in_mouse_amx_init_callee
366   0000              	GLOBAL _in_mouse_amx_init
367   0000              	GLOBAL _in_stick_sinclair2
368   0000              	GLOBAL _in_stick_sinclair1
369   0000              	GLOBAL _in_stick_kempston
370   0000              	GLOBAL _in_stick_fuller
371   0000              	GLOBAL _in_stick_cursor
372   0000              	GLOBAL _in_stick_keyboard_fastcall
373   0000              	GLOBAL _in_stick_keyboard
374   0000              	GLOBAL _in_wait_nokey
375   0000              	GLOBAL _in_wait_key
376   0000              	GLOBAL _in_test_key
377   0000              	GLOBAL _in_pause_fastcall
378   0000              	GLOBAL _in_pause
379   0000              	GLOBAL _in_key_scancode_fastcall
380   0000              	GLOBAL _in_key_scancode
381   0000              	GLOBAL _in_key_pressed_fastcall
382   0000              	GLOBAL _in_key_pressed
383   0000              	GLOBAL _in_inkey
384   0000              	GLOBAL _player_jump_hack
385   0000              	GLOBAL _btiles
386   0000              ;--------------------------------------------------------
387   0000              ; special function registers
388   0000              ;--------------------------------------------------------
389   0000              ;--------------------------------------------------------
390   0000              ; ram data
391   0000              ;--------------------------------------------------------
392   0000              	SECTION bss_compiler
393   0000              _spec128:
394   0000  00          	DEFS 1
395   0001              _i:
396   0001  00          	DEFS 1
397   0002              _v0:
398   0002  00          	DEFS 1
399   0003              _v1:
400   0003  00          	DEFS 1
401   0004              _v2:
402   0004  00          	DEFS 1
403   0005              _v3:
404   0005  00          	DEFS 1
405   0006              _color:
406   0006  00          	DEFS 1
407   0007              _tbuffer:
408   0007  00 00 00 00 00 00 00 
                        	DEFS 7
409   000E              _scr_map:
410   000E  00 00 00 00 00 00 00 00 00 00 00 00 00 00 00 00 00 00 00 00 00 00 00 00 00 00 00 00 00 00 00 00 
      002E  00 00 00 00 00 00 00 00 00 00 00 00 00 00 00 00 00 00 00 00 00 00 00 00 00 00 00 00 00 00 00 00 
      004E  00 00 00 00 00 00 00 00 00 00 00 00 00 00 00 00 00 00 00 00 00 00 00 00 00 00 00 00 00 00 00 00 
      006E  00 00 00 00 00 00 00 00 00 00 00 00 00 00 00 00 00 00 00 00 00 00 00 00 00 00 00 00 00 00 00 00 
      008E  00 00 00 00 00 00 00 00 00 00 00 00 00 00 00 00 00 00 00 00 00 00 00 00 00 00 00 00 00 00 00 00 
      00AE  00 00 00 00 00 00 00 00 00 00 00 00 00 00 00 00 00 00 00 00 00 00 00 00 00 00 00 00 00 00 00 00 
      00CE  00 00 00 00 00 00 00 00 00 00 00 00 00 00 00 00 00 00 00 00 00 00 00 00 00 00 00 00 00 00 00 00 
      00EE  00 00 00 00 00 00 00 00 00 00 00 00 00 00 00 00 00 00 00 00 00 00 00 00 00 00 00 00 00 00 00 00 
      010E  00 00 00 00 00 00 00 00 00 00 00 00 00 00 00 00 00 00 00 00 00 00 00 00 00 00 00 00 00 00 00 00 
      012E  00 00 00 00 00 00 00 00 00 00 00 00 00 00 00 00 00 00 00 00 00 00 00 00 00 00 00 00 00 00 00 00 
      014E  00 00 00 00 00 00 00 00 00 00 00 00 00 00 00 00 00 00 00 00 00 00 00 00 00 00 00 00 00 00 00 00 
      016E  00 00 00 00 00 00 00 00 00 00 00 00 00 00 00 00 00 00 00 00 00 00 00 00 00 00 00 00 00 00 00 00 
      018E  00 00 00 00 00 00 00 00 00 00 00 00 00 00 00 00 00 00 00 00 00 00 00 00 00 00 00 00 00 00 00 00 
      01AE  00 00 00 00 00 00 00 00 00 00 00 00 00 00 00 00 00 00 00 00 00 00 00 00 00 00 00 00 00 00 00 00 
      01CE  00 00 00 00 00 00 00 00 00 00 00 00 00 00 00 00 00 00 00 00 00 00 00 00 00 00 00 00 00 00 00 00 
      01EE  00 00 00 00 00 00 00 00 00 00 00 00 00 00 00 00 00 00 00 00 00 00 00 00 00 00 00 00 00 00 00 00 
                        	DEFS 512
411   020E              _scr_curr:
412   020E  00          	DEFS 1
413   020F              _joyfunc1:
414   020F  00 00       	DEFS 2
415   0211              _joyfunc2:
416   0211  00 00       	DEFS 2
417   0213              _k1:
418   0213  00 00 00 00 00 00 00 00 00 00 
                        	DEFS 10
419   021D              _k2:
420   021D  00 00 00 00 00 00 00 00 00 00 
                        	DEFS 10
421   0227              _dirs:
422   0227  00          	DEFS 1
423   0228              _dirs_last:
424   0228  00          	DEFS 1
425   0229              _class:
426   0229  00 00 00 00 00 00 00 00 00 
                        	DEFS 9
427   0232              _state:
428   0232  00 00 00 00 00 00 00 00 00 
                        	DEFS 9
429   023B              _state_a:
430   023B  00 00 00 00 00 00 00 00 00 
                        	DEFS 9
431   0244              _value_a:
432   0244  00 00 00 00 00 00 00 00 00 
                        	DEFS 9
433   024D              _value_b:
434   024D  00 00 00 00 00 00 00 00 00 
                        	DEFS 9
435   0256              _value_c:
436   0256  00 00 00 00 00 00 00 00 00 
                        	DEFS 9
437   025F              _spr_tile:
438   025F  00 00 00 00 00 00 00 00 00 
                        	DEFS 9
439   0268              _spr_speed:
440   0268  00 00 00 00 00 00 00 00 00 
                        	DEFS 9
441   0271              _spr_speed_b:
442   0271  00 00 00 00 00 00 00 00 00 
                        	DEFS 9
443   027A              _spr_speed_a:
444   027A  00 00 00 00 00 00 00 00 00 
                        	DEFS 9
445   0283              _last_time:
446   0283  00 00 00 00 00 00 00 00 00 00 00 00 00 00 00 00 00 00 
                        	DEFS 18
447   0295              _last_time_a:
448   0295  00 00 00 00 00 00 00 00 00 00 00 00 00 00 00 00 00 00 
                        	DEFS 18
449   02A7              _last_time_b:
450   02A7  00 00 00 00 00 00 00 00 00 00 00 00 00 00 00 00 00 00 
                        	DEFS 18
451   02B9              _spr_frames:
452   02B9  00 00 00 00 00 00 00 00 00 
                        	DEFS 9
453   02C2              _spr_altset:
454   02C2  00 00 00 00 00 00 00 00 00 
                        	DEFS 9
455   02CB              _spr_kind:
456   02CB  00 00 00 00 00 00 00 00 00 
                        	DEFS 9
457   02D4              _tile:
458   02D4  00 00 00 00 00 00 00 00 00 
                        	DEFS 9
459   02DD              _lin:
460   02DD  00 00 00 00 00 00 00 00 00 
                        	DEFS 9
461   02E6              _col:
462   02E6  00 00 00 00 00 00 00 00 00 
                        	DEFS 9
463   02EF              _colint:
464   02EF  00 00 00 00 00 00 00 00 00 
                        	DEFS 9
465   02F8              _obj_lin:
466   02F8  00 00 00 00 00 
                        	DEFS 5
467   02FD              _obj_col:
468   02FD  00 00 00 00 00 
                        	DEFS 5
469   0302              _obj_count:
470   0302  00          	DEFS 1
471   0303              _player_score:
472   0303  00 00 00 00 00 00 00 00 
                        	DEFS 8
473   030B              _player_lives:
474   030B  00          	DEFS 1
475   030C              _player_coins:
476   030C  00          	DEFS 1
477   030D              _player_vel_y:
478   030D  00 00       	DEFS 2
479   030F              _player_vel_y0:
480   030F  00 00       	DEFS 2
481   0311              _player_vel_inc:
482   0311  00          	DEFS 1
483   0312              _player_col_scr:
484   0312  00          	DEFS 1
485   0313              _player_lin_scr:
486   0313  00          	DEFS 1
487   0314              _player_kill_index:
488   0314  00 00       	DEFS 2
489   0316              _nirv_sprite_index:
490   0316  00          	DEFS 1
491   0317              _game_gravity:
492   0317  00 00       	DEFS 2
493   0319              _game_song_play:
494   0319  00          	DEFS 1
495   031A              _game_conveyor_dir:
496   031A  00          	DEFS 1
497   031B              _game_conveyor_lin:
498   031B  00          	DEFS 1
499   031C              _game_conveyor_col0:
500   031C  00          	DEFS 1
501   031D              _game_conveyor_col1:
502   031D  00          	DEFS 1
503   031E              _game_exit_col:
504   031E  00          	DEFS 1
505   031F              _game_exit_lin:
506   031F  00          	DEFS 1
507   0320              _game_code:
508   0320  00          	DEFS 1
509   0321              _game_menu:
510   0321  00          	DEFS 1
511   0322              _game_effect:
512   0322  00          	DEFS 1
513   0323              _game_tune:
514   0323  00          	DEFS 1
515   0324              _game_lang:
516   0324  00          	DEFS 1
517   0325              _game_tileset:
518   0325  00          	DEFS 1
519   0326              _game_mode:
520   0326  00          	DEFS 1
521   0327              _game_atrac:
522   0327  00          	DEFS 1
523   0328              _game_lives:
524   0328  00          	DEFS 1
525   0329              _game_tunes:
526   0329  00          	DEFS 1
527   032A              _game_round_up:
528   032A  00          	DEFS 1
529   032B              _menu_curr_sel:
530   032B  00          	DEFS 1
531   032C              _fps:
532   032C  00 00       	DEFS 2
533   032E              _sprite:
534   032E  00          	DEFS 1
535   032F              _game_debug:
536   032F  00          	DEFS 1
537   0330              _s_lin0:
538   0330  00          	DEFS 1
539   0331              _s_lin1:
540   0331  00          	DEFS 1
541   0332              _s_col0:
542   0332  00          	DEFS 1
543   0333              _s_col1:
544   0333  00          	DEFS 1
545   0334              _s_row1:
546   0334  00          	DEFS 1
547   0335              _loop_count:
548   0335  00 00       	DEFS 2
549   0337              _index0:
550   0337  00 00       	DEFS 2
551   0339              _index1:
552   0339  00 00       	DEFS 2
553   033B              _zx_val_asm:
554   033B  00          	DEFS 1
555   033C              _attrib:
556   033C  00 00 00 00 	DEFS 4
557   0340              _attrib_hl:
558   0340  00 00 00 00 	DEFS 4
559   0344              _attrib_osd:
560   0344  00 00 00 00 	DEFS 4
561   0348              _g_ray1:
562   0348  00          	DEFS 1
563   0349              _key_attrib:
564   0349  00 00 00 00 	DEFS 4
565   034D              _gbyte:
566   034D  00 00       	DEFS 2
567   034F              _curr_time:
568   034F  00 00       	DEFS 2
569   0351              _frame_time:
570   0351  00 00       	DEFS 2
571   0353              _time_air:
572   0353  00 00       	DEFS 2
573   0355              _time_conv:
574   0355  00 00       	DEFS 2
575   0357              _time_key:
576   0357  00 00       	DEFS 2
577   0359              _lapse_crumb:
578   0359  00          	DEFS 1
579   035A              _key_last:
580   035A  00          	DEFS 1
581   035B              _key_ink:
582   035B  00          	DEFS 1
583   035C              _spr_count:
584   035C  00          	DEFS 1
585   035D              _game_inmune:
586   035D  00          	DEFS 1
587   035E              _game_inf_lives:
588   035E  00          	DEFS 1
589   035F              _game_tile_cnt:
590   035F  00          	DEFS 1
591   0360              _game_over:
592   0360  00          	DEFS 1
593   0361              _game_crumb_start:
594   0361  00          	DEFS 1
595   0362              _game_crumb_end:
596   0362  00          	DEFS 1
597   0363              _game_score_top:
598   0363  00 00 00 00 00 00 00 00 
                        	DEFS 8
599   036B              _player_next_extra:
600   036B  00 00 00 00 00 00 00 00 
                        	DEFS 8
601   0373              _game_start_scr:
602   0373  00          	DEFS 1
603   0374              _screen_paper:
604   0374  00          	DEFS 1
605   0375              _screen_ink:
606   0375  00          	DEFS 1
607   0376              _map_border:
608   0376  00          	DEFS 1
609   0377              _map_paper:
610   0377  00          	DEFS 1
611   0378              _map_clear:
612   0378  00          	DEFS 1
613   0379              _air_curr_byte:
614   0379  00 00       	DEFS 2
615   037B              _spr_init_cin0:
616   037B  00          	DEFS 1
617   037C              _spr_init_cout0:
618   037C  00          	DEFS 1
619   037D              _spr_init_cin1:
620   037D  00          	DEFS 1
621   037E              _spr_init_cout1:
622   037E  00          	DEFS 1
623   037F              _spr_init_cin2:
624   037F  00          	DEFS 1
625   0380              _spr_init_cout2:
626   0380  00          	DEFS 1
627   0381              _spr_init_cin3:
628   0381  00          	DEFS 1
629   0382              _spr_init_cout3:
630   0382  00          	DEFS 1
631   0383              _spr_init_bright:
632   0383  00          	DEFS 1
633   0384              _spr_clr:
634   0384  00          	DEFS 1
635   0385              _attribs:
636   0385  00 00       	DEFS 2
637   0387              _deltas:
638   0387  00 00       	DEFS 2
639   0389              _player_jump_count:
640   0389  00          	DEFS 1
641   038A              _player_jump_lin:
642   038A  00          	DEFS 1
643   038B              _player_jump_top:
644   038B  00          	DEFS 1
645   038C              _player_fall_start:
646   038C  00          	DEFS 1
647   038D              _code0:
648   038D  00 00 00 00 00 00 00 00 
                        	DEFS 8
649   0395              _code1:
650   0395  00 00 00 00 00 00 00 00 
                        	DEFS 8
651   039D              ;--------------------------------------------------------
652   039D              ; ram data
653   039D              ;--------------------------------------------------------
654   039D              
655   039D              IF 0
656   039D              
657   039D              ; .area _INITIALIZED removed by z88dk
658   039D              
659   039D              
660   039D              ENDIF
661   039D              
662   039D              ;--------------------------------------------------------
663   039D              ; absolute external ram data
664   039D              ;--------------------------------------------------------
665   039D              	SECTION IGNORE
666   0000              ;--------------------------------------------------------
667   0000              ; global & static initialisations
668   0000              ;--------------------------------------------------------
669   0000              	SECTION code_crt_init
670   0000              ;--------------------------------------------------------
671   0000              ; Home
672   0000              ;--------------------------------------------------------
673   0000              	SECTION IGNORE
674   0000              ;--------------------------------------------------------
675   0000              ; code
676   0000              ;--------------------------------------------------------
677   0000              	SECTION rodata_compiler
678   0000              _air_start_byte:
679   0000  5F 52       	DEFW +0x525f
680   0002              _air_end_byte:
681   0002  43 52       	DEFW +0x5243
682   0004              _spr_init:
683   0004  00 00 00 00 00 00 00 00 00 00 00 00 00 00 00 00 00 00 00 00 00 00 00 00 00 00 00 00 00 00 00 00 
      0024  00 00 00 00 00 00 00 00 00 00 00 00 00 00 00 00 00 00 00 00 00 00 00 00 00 00 00 00 00 00 00 00 
      0044  00 00 00 00 00 00 00 00 00 00 00 00 00 00 00 00 00 00 00 00 00 00 00 00 00 00 00 00 00 00 00 00 
      0064  00 00 00 00 00 00 00 00 00 00 00 00 00 00 00 00 00 00 00 00 00 00 00 00 00 00 00 00 00 00 00 00 
      0084  00 00 00 00 00 00 00 00 00 00 00 00 00 00 00 00 00 00 00 00 00 00 00 00 00 00 00 00 00 00 00 00 
      00A4  00 00 00 00 00 00 00 00 00 00 00 00 00 00 00 00 00 00 00 00 00 00 00 00 00 00 00 00 00 00 00 00 
      00C4  00 00 00 00 00 00 00 00 00 00 00 00 00 00 00 00 00 00 00 00 00 00 00 00 00 00 00 00 00 00 00 00 
      00E4  00 00 00 00 00 00 00 00 00 00 00 00 00 00 00 00 00 00 00 00 00 00 00 00 00 00 00 00 00 00 00 00 
      0104  00 00 00 00 00 00 00 00 00 00 00 00 00 00 
                        	DEFS 270
684   0112              _tile_class:
685   0112  00 00 00 00 00 00 00 00 00 00 00 00 00 00 00 00 00 00 00 00 00 00 00 00 00 00 00 00 00 00 00 00 
                        	DEFS 32
686   0132              _player_jump_hor:
687   0132  00          	DEFB +0x00
688   0133  00          	DEFB +0x00
689   0134  00          	DEFB +0x00
690   0135  00          	DEFB +0x00
691   0136  01          	DEFB +0x01
692   0137  00          	DEFB +0x00
693   0138  01          	DEFB +0x01
694   0139  01          	DEFB +0x01
695   013A  00          	DEFB +0x00
696   013B  01          	DEFB +0x01
697   013C  00          	DEFB +0x00
698   013D  00          	DEFB +0x00
699   013E  01          	DEFB +0x01
700   013F  00          	DEFB +0x00
701   0140  00          	DEFB +0x00
702   0141  01          	DEFB +0x01
703   0142  00          	DEFB +0x00
704   0143              _game_encode:
705   0143  5A          	DEFB +0x5a
706   0144  58          	DEFB +0x58
707   0145  53          	DEFB +0x53
708   0146  50          	DEFB +0x50
709   0147  45          	DEFB +0x45
710   0148  43          	DEFB +0x43
711   0149  54          	DEFB +0x54
712   014A  52          	DEFB +0x52
713   014B  55          	DEFB +0x55
714   014C  4D          	DEFB +0x4d
715   014D              	SECTION IGNORE
716   0000              
